<?xml version="1.0" encoding="UTF-8"?>
<testsuite xmlns:xsi="http://www.w3.org/2001/XMLSchema-instance" xsi:noNamespaceSchemaLocation="https://maven.apache.org/surefire/maven-failsafe-plugin/xsd/failsafe-test-report-3.0.xsd" version="3.0" name="com.example.acceptancetests.AcceptanceTestSuite" time="2,087.397" tests="42" errors="21" skipped="0" failures="0">
  <properties>
    <property name="sun.desktop" value="windows"/>
    <property name="awt.toolkit" value="sun.awt.windows.WToolkit"/>
    <property name="java.specification.version" value="11"/>
    <property name="sun.cpu.isalist" value="amd64"/>
    <property name="sun.jnu.encoding" value="Cp1252"/>
    <property name="java.class.path" value="D:\TIC\Kampus Merdeka\Batch 3\Studi Independen\Alterra\Capstone\AutoMobile\sample-mobile-automation\target\test-classes;C:\Users\user\.m2\repository\net\serenity-bdd\serenity-core\2.3.2\serenity-core-2.3.2.jar;C:\Users\user\.m2\repository\net\bytebuddy\byte-buddy\1.10.1\byte-buddy-1.10.1.jar;C:\Users\user\.m2\repository\net\bytebuddy\byte-buddy-agent\1.10.1\byte-buddy-agent-1.10.1.jar;C:\Users\user\.m2\repository\com\google\guava\guava\25.0-jre\guava-25.0-jre.jar;C:\Users\user\.m2\repository\com\google\code\findbugs\jsr305\1.3.9\jsr305-1.3.9.jar;C:\Users\user\.m2\repository\org\checkerframework\checker-compat-qual\2.0.0\checker-compat-qual-2.0.0.jar;C:\Users\user\.m2\repository\com\google\errorprone\error_prone_annotations\2.1.3\error_prone_annotations-2.1.3.jar;C:\Users\user\.m2\repository\com\google\j2objc\j2objc-annotations\1.1\j2objc-annotations-1.1.jar;C:\Users\user\.m2\repository\org\codehaus\mojo\animal-sniffer-annotations\1.14\animal-sniffer-annotations-1.14.jar;C:\Users\user\.m2\repository\com\google\inject\guice\4.2.2\guice-4.2.2.jar;C:\Users\user\.m2\repository\javax\inject\javax.inject\1\javax.inject-1.jar;C:\Users\user\.m2\repository\aopalliance\aopalliance\1.0\aopalliance-1.0.jar;C:\Users\user\.m2\repository\org\ow2\asm\asm\7.2\asm-7.2.jar;C:\Users\user\.m2\repository\commons-codec\commons-codec\1.10\commons-codec-1.10.jar;C:\Users\user\.m2\repository\org\objenesis\objenesis\3.0.1\objenesis-3.0.1.jar;C:\Users\user\.m2\repository\org\slf4j\slf4j-api\1.7.26\slf4j-api-1.7.26.jar;C:\Users\user\.m2\repository\xml-apis\xml-apis\1.4.01\xml-apis-1.4.01.jar;C:\Users\user\.m2\repository\io\cucumber\cucumber-core\6.6.0\cucumber-core-6.6.0.jar;C:\Users\user\.m2\repository\io\cucumber\cucumber-gherkin\6.6.0\cucumber-gherkin-6.6.0.jar;C:\Users\user\.m2\repository\io\cucumber\cucumber-gherkin-messages\6.6.0\cucumber-gherkin-messages-6.6.0.jar;C:\Users\user\.m2\repository\io\cucumber\messages\13.0.1\messages-13.0.1.jar;C:\Users\user\.m2\repository\io\cucumber\tag-expressions\3.0.0\tag-expressions-3.0.0.jar;C:\Users\user\.m2\repository\io\cucumber\cucumber-expressions\10.3.0\cucumber-expressions-10.3.0.jar;C:\Users\user\.m2\repository\io\cucumber\datatable\3.4.0\datatable-3.4.0.jar;C:\Users\user\.m2\repository\io\cucumber\cucumber-plugin\6.6.0\cucumber-plugin-6.6.0.jar;C:\Users\user\.m2\repository\io\cucumber\docstring\6.6.0\docstring-6.6.0.jar;C:\Users\user\.m2\repository\io\cucumber\html-formatter\9.0.0\html-formatter-9.0.0.jar;C:\Users\user\.m2\repository\io\cucumber\create-meta\2.0.1\create-meta-2.0.1.jar;C:\Users\user\.m2\repository\io\cucumber\cucumber-java\6.6.0\cucumber-java-6.6.0.jar;C:\Users\user\.m2\repository\commons-logging\commons-logging\1.2\commons-logging-1.2.jar;C:\Users\user\.m2\repository\io\vavr\vavr\0.9.0\vavr-0.9.0.jar;C:\Users\user\.m2\repository\io\vavr\vavr-match\0.9.0\vavr-match-0.9.0.jar;C:\Users\user\.m2\repository\javax\xml\bind\jaxb-api\2.2.12\jaxb-api-2.2.12.jar;C:\Users\user\.m2\repository\com\sun\xml\bind\jaxb-core\2.3.0.1\jaxb-core-2.3.0.1.jar;C:\Users\user\.m2\repository\com\sun\xml\bind\jaxb-impl\2.3.0.1\jaxb-impl-2.3.0.1.jar;C:\Users\user\.m2\repository\javax\activation\activation\1.1.1\activation-1.1.1.jar;C:\Users\user\.m2\repository\org\mockito\mockito-core\3.1.0\mockito-core-3.1.0.jar;C:\Users\user\.m2\repository\net\serenity-bdd\serenity-report-resources\2.3.2\serenity-report-resources-2.3.2.jar;C:\Users\user\.m2\repository\net\serenity-bdd\serenity-model\2.3.2\serenity-model-2.3.2.jar;C:\Users\user\.m2\repository\commons-net\commons-net\3.6\commons-net-3.6.jar;C:\Users\user\.m2\repository\org\apache\commons\commons-text\1.6\commons-text-1.6.jar;C:\Users\user\.m2\repository\org\reflections\reflections\0.9.11\reflections-0.9.11.jar;C:\Users\user\.m2\repository\org\javassist\javassist\3.21.0-GA\javassist-3.21.0-GA.jar;C:\Users\user\.m2\repository\es\nitaur\markdown\txtmark\0.16\txtmark-0.16.jar;C:\Users\user\.m2\repository\net\serenity-bdd\serenity-reports\2.3.2\serenity-reports-2.3.2.jar;C:\Users\user\.m2\repository\net\serenity-bdd\serenity-stats\2.3.2\serenity-stats-2.3.2.jar;C:\Users\user\.m2\repository\com\google\code\gson\gson\2.8.6\gson-2.8.6.jar;C:\Users\user\.m2\repository\commons-io\commons-io\2.6\commons-io-2.6.jar;C:\Users\user\.m2\repository\org\seleniumhq\selenium\selenium-server\3.141.59\selenium-server-3.141.59.jar;C:\Users\user\.m2\repository\org\seleniumhq\selenium\selenium-firefox-driver\3.141.59\selenium-firefox-driver-3.141.59.jar;C:\Users\user\.m2\repository\org\seleniumhq\selenium\selenium-ie-driver\3.141.59\selenium-ie-driver-3.141.59.jar;C:\Users\user\.m2\repository\com\beust\jcommander\1.72\jcommander-1.72.jar;C:\Users\user\.m2\repository\org\apache\commons\commons-exec\1.3\commons-exec-1.3.jar;C:\Users\user\.m2\repository\net\jcip\jcip-annotations\1.0\jcip-annotations-1.0.jar;C:\Users\user\.m2\repository\org\seleniumhq\selenium\jetty-repacked\9.4.12.v20180830\jetty-repacked-9.4.12.v20180830.jar;C:\Users\user\.m2\repository\com\squareup\okhttp3\okhttp\3.11.0\okhttp-3.11.0.jar;C:\Users\user\.m2\repository\com\squareup\okio\okio\1.14.0\okio-1.14.0.jar;C:\Users\user\.m2\repository\javax\servlet\javax.servlet-api\3.1.0\javax.servlet-api-3.1.0.jar;C:\Users\user\.m2\repository\org\yaml\snakeyaml\1.19\snakeyaml-1.19.jar;C:\Users\user\.m2\repository\org\seleniumhq\selenium\selenium-java\3.141.59\selenium-java-3.141.59.jar;C:\Users\user\.m2\repository\org\seleniumhq\selenium\selenium-api\3.141.59\selenium-api-3.141.59.jar;C:\Users\user\.m2\repository\org\seleniumhq\selenium\selenium-chrome-driver\3.141.59\selenium-chrome-driver-3.141.59.jar;C:\Users\user\.m2\repository\org\seleniumhq\selenium\selenium-edge-driver\3.141.59\selenium-edge-driver-3.141.59.jar;C:\Users\user\.m2\repository\org\seleniumhq\selenium\selenium-remote-driver\3.141.59\selenium-remote-driver-3.141.59.jar;C:\Users\user\.m2\repository\org\seleniumhq\selenium\selenium-safari-driver\3.141.59\selenium-safari-driver-3.141.59.jar;C:\Users\user\.m2\repository\org\seleniumhq\selenium\selenium-opera-driver\3.141.59\selenium-opera-driver-3.141.59.jar;C:\Users\user\.m2\repository\org\seleniumhq\selenium\selenium-support\3.141.59\selenium-support-3.141.59.jar;C:\Users\user\.m2\repository\com\paulhammant\ngwebdriver\1.1.5\ngwebdriver-1.1.5.jar;C:\Users\user\.m2\repository\com\assertthat\selenium-shutterbug\0.9.3\selenium-shutterbug-0.9.3.jar;C:\Users\user\.m2\repository\org\projectlombok\lombok\1.18.8\lombok-1.18.8.jar;C:\Users\user\.m2\repository\com\github\zafarkhaja\java-semver\0.9.0\java-semver-0.9.0.jar;C:\Users\user\.m2\repository\com\codeborne\phantomjsdriver\1.4.4\phantomjsdriver-1.4.4.jar;C:\Users\user\.m2\repository\org\seleniumhq\selenium\htmlunit-driver\2.37.0\htmlunit-driver-2.37.0.jar;C:\Users\user\.m2\repository\org\springframework\spring-context-support\5.1.2.RELEASE\spring-context-support-5.1.2.RELEASE.jar;C:\Users\user\.m2\repository\org\springframework\spring-beans\5.1.2.RELEASE\spring-beans-5.1.2.RELEASE.jar;C:\Users\user\.m2\repository\org\springframework\spring-core\5.1.2.RELEASE\spring-core-5.1.2.RELEASE.jar;C:\Users\user\.m2\repository\org\springframework\spring-jcl\5.1.2.RELEASE\spring-jcl-5.1.2.RELEASE.jar;C:\Users\user\.m2\repository\org\codehaus\groovy\groovy\2.5.5\groovy-2.5.5.jar;C:\Users\user\.m2\repository\net\sf\opencsv\opencsv\2.0\opencsv-2.0.jar;C:\Users\user\.m2\repository\commons-beanutils\commons-beanutils-core\1.8.3\commons-beanutils-core-1.8.3.jar;C:\Users\user\.m2\repository\joda-time\joda-time\2.7\joda-time-2.7.jar;C:\Users\user\.m2\repository\com\thoughtworks\xstream\xstream\1.4.9\xstream-1.4.9.jar;C:\Users\user\.m2\repository\xmlpull\xmlpull\1.1.3.1\xmlpull-1.1.3.1.jar;C:\Users\user\.m2\repository\xpp3\xpp3_min\1.1.4c\xpp3_min-1.1.4c.jar;C:\Users\user\.m2\repository\org\apache\commons\commons-lang3\3.8.1\commons-lang3-3.8.1.jar;C:\Users\user\.m2\repository\commons-collections\commons-collections\3.2.2\commons-collections-3.2.2.jar;C:\Users\user\.m2\repository\org\freemarker\freemarker\2.3.29\freemarker-2.3.29.jar;C:\Users\user\.m2\repository\net\sourceforge\jexcelapi\jxl\2.6.12\jxl-2.6.12.jar;C:\Users\user\.m2\repository\org\hamcrest\hamcrest-core\1.3\hamcrest-core-1.3.jar;C:\Users\user\.m2\repository\org\hamcrest\hamcrest-library\1.3\hamcrest-library-1.3.jar;C:\Users\user\.m2\repository\net\sourceforge\htmlunit\htmlunit\2.37.0\htmlunit-2.37.0.jar;C:\Users\user\.m2\repository\net\sourceforge\htmlunit\htmlunit-core-js\2.37.0\htmlunit-core-js-2.37.0.jar;C:\Users\user\.m2\repository\net\sourceforge\htmlunit\neko-htmlunit\2.37.0\neko-htmlunit-2.37.0.jar;C:\Users\user\.m2\repository\xerces\xercesImpl\2.12.0\xercesImpl-2.12.0.jar;C:\Users\user\.m2\repository\net\sourceforge\htmlunit\htmlunit-cssparser\1.5.0\htmlunit-cssparser-1.5.0.jar;C:\Users\user\.m2\repository\org\brotli\dec\0.1.2\dec-0.1.2.jar;C:\Users\user\.m2\repository\org\eclipse\jetty\websocket\websocket-client\9.4.26.v20200117\websocket-client-9.4.26.v20200117.jar;C:\Users\user\.m2\repository\org\eclipse\jetty\jetty-client\9.4.26.v20200117\jetty-client-9.4.26.v20200117.jar;C:\Users\user\.m2\repository\org\eclipse\jetty\jetty-http\9.4.26.v20200117\jetty-http-9.4.26.v20200117.jar;C:\Users\user\.m2\repository\org\eclipse\jetty\jetty-xml\9.4.26.v20200117\jetty-xml-9.4.26.v20200117.jar;C:\Users\user\.m2\repository\org\eclipse\jetty\jetty-util\9.4.26.v20200117\jetty-util-9.4.26.v20200117.jar;C:\Users\user\.m2\repository\org\eclipse\jetty\jetty-io\9.4.26.v20200117\jetty-io-9.4.26.v20200117.jar;C:\Users\user\.m2\repository\org\eclipse\jetty\websocket\websocket-common\9.4.26.v20200117\websocket-common-9.4.26.v20200117.jar;C:\Users\user\.m2\repository\org\eclipse\jetty\websocket\websocket-api\9.4.26.v20200117\websocket-api-9.4.26.v20200117.jar;C:\Users\user\.m2\repository\org\apache\httpcomponents\httpclient\4.5.5\httpclient-4.5.5.jar;C:\Users\user\.m2\repository\org\apache\httpcomponents\httpcore\4.4.9\httpcore-4.4.9.jar;C:\Users\user\.m2\repository\org\apache\httpcomponents\httpmime\4.5.5\httpmime-4.5.5.jar;C:\Users\user\.m2\repository\org\fluentlenium\fluentlenium-core\0.10.2\fluentlenium-core-0.10.2.jar;C:\Users\user\.m2\repository\com\jhlabs\filters\2.0.235\filters-2.0.235.jar;C:\Users\user\.m2\repository\org\asciidoctor\asciidoctorj\1.5.6\asciidoctorj-1.5.6.jar;C:\Users\user\.m2\repository\org\jruby\jruby-complete\1.7.26\jruby-complete-1.7.26.jar;C:\Users\user\.m2\repository\org\imgscalr\imgscalr-lib\4.2\imgscalr-lib-4.2.jar;C:\Users\user\.m2\repository\javax\el\javax.el-api\2.2.4\javax.el-api-2.2.4.jar;C:\Users\user\.m2\repository\org\glassfish\web\javax.el\2.2.4\javax.el-2.2.4.jar;C:\Users\user\.m2\repository\xalan\xalan\2.7.2\xalan-2.7.2.jar;C:\Users\user\.m2\repository\xalan\serializer\2.7.2\serializer-2.7.2.jar;C:\Users\user\.m2\repository\org\awaitility\awaitility\4.0.1\awaitility-4.0.1.jar;C:\Users\user\.m2\repository\org\hamcrest\hamcrest\2.1\hamcrest-2.1.jar;C:\Users\user\.m2\repository\com\typesafe\config\1.3.1\config-1.3.1.jar;C:\Users\user\.m2\repository\org\jsoup\jsoup\1.10.3\jsoup-1.10.3.jar;C:\Users\user\.m2\repository\com\google\jimfs\jimfs\1.1\jimfs-1.1.jar;C:\Users\user\.m2\repository\com\vladsch\flexmark\flexmark-all\0.34.30\flexmark-all-0.34.30.jar;C:\Users\user\.m2\repository\com\vladsch\flexmark\flexmark\0.34.30\flexmark-0.34.30.jar;C:\Users\user\.m2\repository\com\vladsch\flexmark\flexmark-ext-abbreviation\0.34.30\flexmark-ext-abbreviation-0.34.30.jar;C:\Users\user\.m2\repository\com\vladsch\flexmark\flexmark-ext-admonition\0.34.30\flexmark-ext-admonition-0.34.30.jar;C:\Users\user\.m2\repository\com\vladsch\flexmark\flexmark-ext-anchorlink\0.34.30\flexmark-ext-anchorlink-0.34.30.jar;C:\Users\user\.m2\repository\com\vladsch\flexmark\flexmark-ext-aside\0.34.30\flexmark-ext-aside-0.34.30.jar;C:\Users\user\.m2\repository\com\vladsch\flexmark\flexmark-ext-attributes\0.34.30\flexmark-ext-attributes-0.34.30.jar;C:\Users\user\.m2\repository\com\vladsch\flexmark\flexmark-ext-autolink\0.34.30\flexmark-ext-autolink-0.34.30.jar;C:\Users\user\.m2\repository\org\nibor\autolink\autolink\0.6.0\autolink-0.6.0.jar;C:\Users\user\.m2\repository\com\vladsch\flexmark\flexmark-ext-definition\0.34.30\flexmark-ext-definition-0.34.30.jar;C:\Users\user\.m2\repository\com\vladsch\flexmark\flexmark-ext-emoji\0.34.30\flexmark-ext-emoji-0.34.30.jar;C:\Users\user\.m2\repository\com\vladsch\flexmark\flexmark-ext-enumerated-reference\0.34.30\flexmark-ext-enumerated-reference-0.34.30.jar;C:\Users\user\.m2\repository\com\vladsch\flexmark\flexmark-ext-escaped-character\0.34.30\flexmark-ext-escaped-character-0.34.30.jar;C:\Users\user\.m2\repository\com\vladsch\flexmark\flexmark-ext-footnotes\0.34.30\flexmark-ext-footnotes-0.34.30.jar;C:\Users\user\.m2\repository\com\vladsch\flexmark\flexmark-ext-gfm-issues\0.34.30\flexmark-ext-gfm-issues-0.34.30.jar;C:\Users\user\.m2\repository\com\vladsch\flexmark\flexmark-ext-gfm-strikethrough\0.34.30\flexmark-ext-gfm-strikethrough-0.34.30.jar;C:\Users\user\.m2\repository\com\vladsch\flexmark\flexmark-ext-gfm-tables\0.34.30\flexmark-ext-gfm-tables-0.34.30.jar;C:\Users\user\.m2\repository\com\vladsch\flexmark\flexmark-ext-gfm-tasklist\0.34.30\flexmark-ext-gfm-tasklist-0.34.30.jar;C:\Users\user\.m2\repository\com\vladsch\flexmark\flexmark-ext-gfm-users\0.34.30\flexmark-ext-gfm-users-0.34.30.jar;C:\Users\user\.m2\repository\com\vladsch\flexmark\flexmark-ext-gitlab\0.34.30\flexmark-ext-gitlab-0.34.30.jar;C:\Users\user\.m2\repository\com\vladsch\flexmark\flexmark-ext-jekyll-front-matter\0.34.30\flexmark-ext-jekyll-front-matter-0.34.30.jar;C:\Users\user\.m2\repository\com\vladsch\flexmark\flexmark-ext-jekyll-tag\0.34.30\flexmark-ext-jekyll-tag-0.34.30.jar;C:\Users\user\.m2\repository\com\vladsch\flexmark\flexmark-ext-media-tags\0.34.30\flexmark-ext-media-tags-0.34.30.jar;C:\Users\user\.m2\repository\com\vladsch\flexmark\flexmark-test-util\0.34.30\flexmark-test-util-0.34.30.jar;C:\Users\user\.m2\repository\com\vladsch\flexmark\flexmark-ext-ins\0.34.30\flexmark-ext-ins-0.34.30.jar;C:\Users\user\.m2\repository\com\vladsch\flexmark\flexmark-ext-xwiki-macros\0.34.30\flexmark-ext-xwiki-macros-0.34.30.jar;C:\Users\user\.m2\repository\com\vladsch\flexmark\flexmark-ext-superscript\0.34.30\flexmark-ext-superscript-0.34.30.jar;C:\Users\user\.m2\repository\com\vladsch\flexmark\flexmark-ext-tables\0.34.30\flexmark-ext-tables-0.34.30.jar;C:\Users\user\.m2\repository\com\vladsch\flexmark\flexmark-ext-toc\0.34.30\flexmark-ext-toc-0.34.30.jar;C:\Users\user\.m2\repository\com\vladsch\flexmark\flexmark-ext-typographic\0.34.30\flexmark-ext-typographic-0.34.30.jar;C:\Users\user\.m2\repository\com\vladsch\flexmark\flexmark-ext-wikilink\0.34.30\flexmark-ext-wikilink-0.34.30.jar;C:\Users\user\.m2\repository\com\vladsch\flexmark\flexmark-ext-yaml-front-matter\0.34.30\flexmark-ext-yaml-front-matter-0.34.30.jar;C:\Users\user\.m2\repository\com\vladsch\flexmark\flexmark-ext-youtube-embedded\0.34.30\flexmark-ext-youtube-embedded-0.34.30.jar;C:\Users\user\.m2\repository\com\vladsch\flexmark\flexmark-formatter\0.34.30\flexmark-formatter-0.34.30.jar;C:\Users\user\.m2\repository\com\vladsch\flexmark\flexmark-html-parser\0.34.30\flexmark-html-parser-0.34.30.jar;C:\Users\user\.m2\repository\com\vladsch\flexmark\flexmark-jira-converter\0.34.30\flexmark-jira-converter-0.34.30.jar;C:\Users\user\.m2\repository\com\vladsch\flexmark\flexmark-pdf-converter\0.34.30\flexmark-pdf-converter-0.34.30.jar;C:\Users\user\.m2\repository\com\openhtmltopdf\openhtmltopdf-core\0.0.1-RC13\openhtmltopdf-core-0.0.1-RC13.jar;C:\Users\user\.m2\repository\com\openhtmltopdf\openhtmltopdf-pdfbox\0.0.1-RC13\openhtmltopdf-pdfbox-0.0.1-RC13.jar;C:\Users\user\.m2\repository\org\apache\pdfbox\pdfbox\2.0.8\pdfbox-2.0.8.jar;C:\Users\user\.m2\repository\org\apache\pdfbox\fontbox\2.0.8\fontbox-2.0.8.jar;C:\Users\user\.m2\repository\org\apache\pdfbox\xmpbox\2.0.8\xmpbox-2.0.8.jar;C:\Users\user\.m2\repository\de\rototor\pdfbox\graphics2d\0.12\graphics2d-0.12.jar;C:\Users\user\.m2\repository\com\openhtmltopdf\openhtmltopdf-rtl-support\0.0.1-RC13\openhtmltopdf-rtl-support-0.0.1-RC13.jar;C:\Users\user\.m2\repository\com\ibm\icu\icu4j\59.1\icu4j-59.1.jar;C:\Users\user\.m2\repository\com\openhtmltopdf\openhtmltopdf-jsoup-dom-converter\0.0.1-RC13\openhtmltopdf-jsoup-dom-converter-0.0.1-RC13.jar;C:\Users\user\.m2\repository\com\vladsch\flexmark\flexmark-profile-pegdown\0.34.30\flexmark-profile-pegdown-0.34.30.jar;C:\Users\user\.m2\repository\com\vladsch\flexmark\flexmark-util\0.34.30\flexmark-util-0.34.30.jar;C:\Users\user\.m2\repository\com\vladsch\flexmark\flexmark-youtrack-converter\0.34.30\flexmark-youtrack-converter-0.34.30.jar;C:\Users\user\.m2\repository\io\github\bonigarcia\webdrivermanager\4.1.0\webdrivermanager-4.1.0.jar;C:\Users\user\.m2\repository\org\apache\httpcomponents\client5\httpclient5\5.0.1\httpclient5-5.0.1.jar;C:\Users\user\.m2\repository\org\apache\httpcomponents\core5\httpcore5\5.0.1\httpcore5-5.0.1.jar;C:\Users\user\.m2\repository\org\apache\httpcomponents\core5\httpcore5-h2\5.0.1\httpcore5-h2-5.0.1.jar;C:\Users\user\.m2\repository\org\rauschig\jarchivelib\1.0.0\jarchivelib-1.0.0.jar;C:\Users\user\.m2\repository\org\apache\commons\commons-compress\1.18\commons-compress-1.18.jar;C:\Users\user\.m2\repository\net\serenity-bdd\serenity-screenplay\2.3.2\serenity-screenplay-2.3.2.jar;C:\Users\user\.m2\repository\net\serenity-bdd\serenity-screenplay-webdriver\2.3.2\serenity-screenplay-webdriver-2.3.2.jar;C:\Users\user\.m2\repository\net\serenity-bdd\serenity-ensure\2.3.2\serenity-ensure-2.3.2.jar;C:\Users\user\.m2\repository\net\serenity-bdd\serenity-junit\2.3.2\serenity-junit-2.3.2.jar;C:\Users\user\.m2\repository\org\jetbrains\kotlin\kotlin-stdlib\1.3.31\kotlin-stdlib-1.3.31.jar;C:\Users\user\.m2\repository\org\jetbrains\kotlin\kotlin-stdlib-common\1.3.31\kotlin-stdlib-common-1.3.31.jar;C:\Users\user\.m2\repository\org\jetbrains\annotations\13.0\annotations-13.0.jar;C:\Users\user\.m2\repository\net\serenity-bdd\serenity-assertions\2.3.2\serenity-assertions-2.3.2.jar;C:\Users\user\.m2\repository\net\serenity-bdd\serenity-screenplay-rest\2.3.2\serenity-screenplay-rest-2.3.2.jar;C:\Users\user\.m2\repository\net\serenity-bdd\serenity-rest-assured\2.3.2\serenity-rest-assured-2.3.2.jar;C:\Users\user\.m2\repository\io\rest-assured\rest-assured\3.3.0\rest-assured-3.3.0.jar;C:\Users\user\.m2\repository\org\ccil\cowan\tagsoup\tagsoup\1.2.1\tagsoup-1.2.1.jar;C:\Users\user\.m2\repository\io\rest-assured\json-path\3.3.0\json-path-3.3.0.jar;C:\Users\user\.m2\repository\io\rest-assured\rest-assured-common\3.3.0\rest-assured-common-3.3.0.jar;C:\Users\user\.m2\repository\io\rest-assured\xml-path\3.3.0\xml-path-3.3.0.jar;C:\Users\user\.m2\repository\com\sun\xml\bind\jaxb-osgi\2.2.10\jaxb-osgi-2.2.10.jar;C:\Users\user\.m2\repository\org\apache\sling\org.apache.sling.javax.activation\0.1.0\org.apache.sling.javax.activation-0.1.0.jar;C:\Users\user\.m2\repository\org\codehaus\groovy\groovy-xml\2.5.5\groovy-xml-2.5.5.jar;C:\Users\user\.m2\repository\org\codehaus\groovy\groovy-json\2.5.5\groovy-json-2.5.5.jar;C:\Users\user\.m2\repository\net\serenity-bdd\serenity-cucumber6\2.3.2\serenity-cucumber6-2.3.2.jar;C:\Users\user\.m2\repository\io\cucumber\cucumber-junit\6.6.0\cucumber-junit-6.6.0.jar;C:\Users\user\.m2\repository\io\cucumber\datatable-matchers\3.4.0\datatable-matchers-3.4.0.jar;C:\Users\user\.m2\repository\org\apache\commons\commons-csv\1.5\commons-csv-1.5.jar;C:\Users\user\.m2\repository\junit\junit\4.12\junit-4.12.jar;C:\Users\user\.m2\repository\org\slf4j\slf4j-simple\1.7.7\slf4j-simple-1.7.7.jar;C:\Users\user\.m2\repository\org\junit\platform\junit-platform-launcher\1.5.2\junit-platform-launcher-1.5.2.jar;C:\Users\user\.m2\repository\org\apiguardian\apiguardian-api\1.1.0\apiguardian-api-1.1.0.jar;C:\Users\user\.m2\repository\org\junit\platform\junit-platform-engine\1.5.2\junit-platform-engine-1.5.2.jar;C:\Users\user\.m2\repository\org\opentest4j\opentest4j\1.2.0\opentest4j-1.2.0.jar;C:\Users\user\.m2\repository\org\junit\platform\junit-platform-commons\1.5.2\junit-platform-commons-1.5.2.jar;C:\Users\user\.m2\repository\org\junit\jupiter\junit-jupiter-engine\5.5.2\junit-jupiter-engine-5.5.2.jar;C:\Users\user\.m2\repository\org\junit\jupiter\junit-jupiter-api\5.5.2\junit-jupiter-api-5.5.2.jar;C:\Users\user\.m2\repository\org\junit\vintage\junit-vintage-engine\5.5.2\junit-vintage-engine-5.5.2.jar;C:\Users\user\.m2\repository\org\assertj\assertj-core\3.13.2\assertj-core-3.13.2.jar;C:\Users\user\.m2\repository\io\appium\java-client\7.6.0\java-client-7.6.0.jar;C:\Users\user\.m2\repository\cglib\cglib\3.3.0\cglib-3.3.0.jar;C:\Users\user\.m2\repository\commons-validator\commons-validator\1.7\commons-validator-1.7.jar;C:\Users\user\.m2\repository\commons-beanutils\commons-beanutils\1.9.4\commons-beanutils-1.9.4.jar;C:\Users\user\.m2\repository\commons-digester\commons-digester\2.1\commons-digester-2.1.jar;C:\Users\user\.m2\repository\org\springframework\spring-context\5.3.10\spring-context-5.3.10.jar;C:\Users\user\.m2\repository\org\springframework\spring-aop\5.3.10\spring-aop-5.3.10.jar;C:\Users\user\.m2\repository\org\springframework\spring-expression\5.3.10\spring-expression-5.3.10.jar;C:\Users\user\.m2\repository\org\aspectj\aspectjweaver\1.9.7\aspectjweaver-1.9.7.jar;"/>
    <property name="java.vm.vendor" value="Oracle Corporation"/>
    <property name="sun.arch.data.model" value="64"/>
    <property name="user.variant" value=""/>
    <property name="java.vendor.url" value="https://openjdk.java.net/"/>
    <property name="user.timezone" value="Asia/Bangkok"/>
    <property name="java.vm.specification.version" value="11"/>
    <property name="os.name" value="Windows 11"/>
    <property name="sun.java.launcher" value="SUN_STANDARD"/>
    <property name="user.country" value="ID"/>
    <property name="sun.boot.library.path" value="C:\Program Files\Java\jdk-11.0.16\bin"/>
    <property name="sun.java.command" value="org.apache.maven.surefire.booter.ForkedBooter C:\Users\user\AppData\Local\Temp\surefire11772117225090100181 2022-12-23T19-03-44_783-jvmRun1 surefire14644590367136009257tmp surefire_017168115880040630958tmp"/>
    <property name="jdk.debug" value="release"/>
    <property name="surefire.test.class.path" value="D:\TIC\Kampus Merdeka\Batch 3\Studi Independen\Alterra\Capstone\AutoMobile\sample-mobile-automation\target\test-classes;C:\Users\user\.m2\repository\net\serenity-bdd\serenity-core\2.3.2\serenity-core-2.3.2.jar;C:\Users\user\.m2\repository\net\bytebuddy\byte-buddy\1.10.1\byte-buddy-1.10.1.jar;C:\Users\user\.m2\repository\net\bytebuddy\byte-buddy-agent\1.10.1\byte-buddy-agent-1.10.1.jar;C:\Users\user\.m2\repository\com\google\guava\guava\25.0-jre\guava-25.0-jre.jar;C:\Users\user\.m2\repository\com\google\code\findbugs\jsr305\1.3.9\jsr305-1.3.9.jar;C:\Users\user\.m2\repository\org\checkerframework\checker-compat-qual\2.0.0\checker-compat-qual-2.0.0.jar;C:\Users\user\.m2\repository\com\google\errorprone\error_prone_annotations\2.1.3\error_prone_annotations-2.1.3.jar;C:\Users\user\.m2\repository\com\google\j2objc\j2objc-annotations\1.1\j2objc-annotations-1.1.jar;C:\Users\user\.m2\repository\org\codehaus\mojo\animal-sniffer-annotations\1.14\animal-sniffer-annotations-1.14.jar;C:\Users\user\.m2\repository\com\google\inject\guice\4.2.2\guice-4.2.2.jar;C:\Users\user\.m2\repository\javax\inject\javax.inject\1\javax.inject-1.jar;C:\Users\user\.m2\repository\aopalliance\aopalliance\1.0\aopalliance-1.0.jar;C:\Users\user\.m2\repository\org\ow2\asm\asm\7.2\asm-7.2.jar;C:\Users\user\.m2\repository\commons-codec\commons-codec\1.10\commons-codec-1.10.jar;C:\Users\user\.m2\repository\org\objenesis\objenesis\3.0.1\objenesis-3.0.1.jar;C:\Users\user\.m2\repository\org\slf4j\slf4j-api\1.7.26\slf4j-api-1.7.26.jar;C:\Users\user\.m2\repository\xml-apis\xml-apis\1.4.01\xml-apis-1.4.01.jar;C:\Users\user\.m2\repository\io\cucumber\cucumber-core\6.6.0\cucumber-core-6.6.0.jar;C:\Users\user\.m2\repository\io\cucumber\cucumber-gherkin\6.6.0\cucumber-gherkin-6.6.0.jar;C:\Users\user\.m2\repository\io\cucumber\cucumber-gherkin-messages\6.6.0\cucumber-gherkin-messages-6.6.0.jar;C:\Users\user\.m2\repository\io\cucumber\messages\13.0.1\messages-13.0.1.jar;C:\Users\user\.m2\repository\io\cucumber\tag-expressions\3.0.0\tag-expressions-3.0.0.jar;C:\Users\user\.m2\repository\io\cucumber\cucumber-expressions\10.3.0\cucumber-expressions-10.3.0.jar;C:\Users\user\.m2\repository\io\cucumber\datatable\3.4.0\datatable-3.4.0.jar;C:\Users\user\.m2\repository\io\cucumber\cucumber-plugin\6.6.0\cucumber-plugin-6.6.0.jar;C:\Users\user\.m2\repository\io\cucumber\docstring\6.6.0\docstring-6.6.0.jar;C:\Users\user\.m2\repository\io\cucumber\html-formatter\9.0.0\html-formatter-9.0.0.jar;C:\Users\user\.m2\repository\io\cucumber\create-meta\2.0.1\create-meta-2.0.1.jar;C:\Users\user\.m2\repository\io\cucumber\cucumber-java\6.6.0\cucumber-java-6.6.0.jar;C:\Users\user\.m2\repository\commons-logging\commons-logging\1.2\commons-logging-1.2.jar;C:\Users\user\.m2\repository\io\vavr\vavr\0.9.0\vavr-0.9.0.jar;C:\Users\user\.m2\repository\io\vavr\vavr-match\0.9.0\vavr-match-0.9.0.jar;C:\Users\user\.m2\repository\javax\xml\bind\jaxb-api\2.2.12\jaxb-api-2.2.12.jar;C:\Users\user\.m2\repository\com\sun\xml\bind\jaxb-core\2.3.0.1\jaxb-core-2.3.0.1.jar;C:\Users\user\.m2\repository\com\sun\xml\bind\jaxb-impl\2.3.0.1\jaxb-impl-2.3.0.1.jar;C:\Users\user\.m2\repository\javax\activation\activation\1.1.1\activation-1.1.1.jar;C:\Users\user\.m2\repository\org\mockito\mockito-core\3.1.0\mockito-core-3.1.0.jar;C:\Users\user\.m2\repository\net\serenity-bdd\serenity-report-resources\2.3.2\serenity-report-resources-2.3.2.jar;C:\Users\user\.m2\repository\net\serenity-bdd\serenity-model\2.3.2\serenity-model-2.3.2.jar;C:\Users\user\.m2\repository\commons-net\commons-net\3.6\commons-net-3.6.jar;C:\Users\user\.m2\repository\org\apache\commons\commons-text\1.6\commons-text-1.6.jar;C:\Users\user\.m2\repository\org\reflections\reflections\0.9.11\reflections-0.9.11.jar;C:\Users\user\.m2\repository\org\javassist\javassist\3.21.0-GA\javassist-3.21.0-GA.jar;C:\Users\user\.m2\repository\es\nitaur\markdown\txtmark\0.16\txtmark-0.16.jar;C:\Users\user\.m2\repository\net\serenity-bdd\serenity-reports\2.3.2\serenity-reports-2.3.2.jar;C:\Users\user\.m2\repository\net\serenity-bdd\serenity-stats\2.3.2\serenity-stats-2.3.2.jar;C:\Users\user\.m2\repository\com\google\code\gson\gson\2.8.6\gson-2.8.6.jar;C:\Users\user\.m2\repository\commons-io\commons-io\2.6\commons-io-2.6.jar;C:\Users\user\.m2\repository\org\seleniumhq\selenium\selenium-server\3.141.59\selenium-server-3.141.59.jar;C:\Users\user\.m2\repository\org\seleniumhq\selenium\selenium-firefox-driver\3.141.59\selenium-firefox-driver-3.141.59.jar;C:\Users\user\.m2\repository\org\seleniumhq\selenium\selenium-ie-driver\3.141.59\selenium-ie-driver-3.141.59.jar;C:\Users\user\.m2\repository\com\beust\jcommander\1.72\jcommander-1.72.jar;C:\Users\user\.m2\repository\org\apache\commons\commons-exec\1.3\commons-exec-1.3.jar;C:\Users\user\.m2\repository\net\jcip\jcip-annotations\1.0\jcip-annotations-1.0.jar;C:\Users\user\.m2\repository\org\seleniumhq\selenium\jetty-repacked\9.4.12.v20180830\jetty-repacked-9.4.12.v20180830.jar;C:\Users\user\.m2\repository\com\squareup\okhttp3\okhttp\3.11.0\okhttp-3.11.0.jar;C:\Users\user\.m2\repository\com\squareup\okio\okio\1.14.0\okio-1.14.0.jar;C:\Users\user\.m2\repository\javax\servlet\javax.servlet-api\3.1.0\javax.servlet-api-3.1.0.jar;C:\Users\user\.m2\repository\org\yaml\snakeyaml\1.19\snakeyaml-1.19.jar;C:\Users\user\.m2\repository\org\seleniumhq\selenium\selenium-java\3.141.59\selenium-java-3.141.59.jar;C:\Users\user\.m2\repository\org\seleniumhq\selenium\selenium-api\3.141.59\selenium-api-3.141.59.jar;C:\Users\user\.m2\repository\org\seleniumhq\selenium\selenium-chrome-driver\3.141.59\selenium-chrome-driver-3.141.59.jar;C:\Users\user\.m2\repository\org\seleniumhq\selenium\selenium-edge-driver\3.141.59\selenium-edge-driver-3.141.59.jar;C:\Users\user\.m2\repository\org\seleniumhq\selenium\selenium-remote-driver\3.141.59\selenium-remote-driver-3.141.59.jar;C:\Users\user\.m2\repository\org\seleniumhq\selenium\selenium-safari-driver\3.141.59\selenium-safari-driver-3.141.59.jar;C:\Users\user\.m2\repository\org\seleniumhq\selenium\selenium-opera-driver\3.141.59\selenium-opera-driver-3.141.59.jar;C:\Users\user\.m2\repository\org\seleniumhq\selenium\selenium-support\3.141.59\selenium-support-3.141.59.jar;C:\Users\user\.m2\repository\com\paulhammant\ngwebdriver\1.1.5\ngwebdriver-1.1.5.jar;C:\Users\user\.m2\repository\com\assertthat\selenium-shutterbug\0.9.3\selenium-shutterbug-0.9.3.jar;C:\Users\user\.m2\repository\org\projectlombok\lombok\1.18.8\lombok-1.18.8.jar;C:\Users\user\.m2\repository\com\github\zafarkhaja\java-semver\0.9.0\java-semver-0.9.0.jar;C:\Users\user\.m2\repository\com\codeborne\phantomjsdriver\1.4.4\phantomjsdriver-1.4.4.jar;C:\Users\user\.m2\repository\org\seleniumhq\selenium\htmlunit-driver\2.37.0\htmlunit-driver-2.37.0.jar;C:\Users\user\.m2\repository\org\springframework\spring-context-support\5.1.2.RELEASE\spring-context-support-5.1.2.RELEASE.jar;C:\Users\user\.m2\repository\org\springframework\spring-beans\5.1.2.RELEASE\spring-beans-5.1.2.RELEASE.jar;C:\Users\user\.m2\repository\org\springframework\spring-core\5.1.2.RELEASE\spring-core-5.1.2.RELEASE.jar;C:\Users\user\.m2\repository\org\springframework\spring-jcl\5.1.2.RELEASE\spring-jcl-5.1.2.RELEASE.jar;C:\Users\user\.m2\repository\org\codehaus\groovy\groovy\2.5.5\groovy-2.5.5.jar;C:\Users\user\.m2\repository\net\sf\opencsv\opencsv\2.0\opencsv-2.0.jar;C:\Users\user\.m2\repository\commons-beanutils\commons-beanutils-core\1.8.3\commons-beanutils-core-1.8.3.jar;C:\Users\user\.m2\repository\joda-time\joda-time\2.7\joda-time-2.7.jar;C:\Users\user\.m2\repository\com\thoughtworks\xstream\xstream\1.4.9\xstream-1.4.9.jar;C:\Users\user\.m2\repository\xmlpull\xmlpull\1.1.3.1\xmlpull-1.1.3.1.jar;C:\Users\user\.m2\repository\xpp3\xpp3_min\1.1.4c\xpp3_min-1.1.4c.jar;C:\Users\user\.m2\repository\org\apache\commons\commons-lang3\3.8.1\commons-lang3-3.8.1.jar;C:\Users\user\.m2\repository\commons-collections\commons-collections\3.2.2\commons-collections-3.2.2.jar;C:\Users\user\.m2\repository\org\freemarker\freemarker\2.3.29\freemarker-2.3.29.jar;C:\Users\user\.m2\repository\net\sourceforge\jexcelapi\jxl\2.6.12\jxl-2.6.12.jar;C:\Users\user\.m2\repository\org\hamcrest\hamcrest-core\1.3\hamcrest-core-1.3.jar;C:\Users\user\.m2\repository\org\hamcrest\hamcrest-library\1.3\hamcrest-library-1.3.jar;C:\Users\user\.m2\repository\net\sourceforge\htmlunit\htmlunit\2.37.0\htmlunit-2.37.0.jar;C:\Users\user\.m2\repository\net\sourceforge\htmlunit\htmlunit-core-js\2.37.0\htmlunit-core-js-2.37.0.jar;C:\Users\user\.m2\repository\net\sourceforge\htmlunit\neko-htmlunit\2.37.0\neko-htmlunit-2.37.0.jar;C:\Users\user\.m2\repository\xerces\xercesImpl\2.12.0\xercesImpl-2.12.0.jar;C:\Users\user\.m2\repository\net\sourceforge\htmlunit\htmlunit-cssparser\1.5.0\htmlunit-cssparser-1.5.0.jar;C:\Users\user\.m2\repository\org\brotli\dec\0.1.2\dec-0.1.2.jar;C:\Users\user\.m2\repository\org\eclipse\jetty\websocket\websocket-client\9.4.26.v20200117\websocket-client-9.4.26.v20200117.jar;C:\Users\user\.m2\repository\org\eclipse\jetty\jetty-client\9.4.26.v20200117\jetty-client-9.4.26.v20200117.jar;C:\Users\user\.m2\repository\org\eclipse\jetty\jetty-http\9.4.26.v20200117\jetty-http-9.4.26.v20200117.jar;C:\Users\user\.m2\repository\org\eclipse\jetty\jetty-xml\9.4.26.v20200117\jetty-xml-9.4.26.v20200117.jar;C:\Users\user\.m2\repository\org\eclipse\jetty\jetty-util\9.4.26.v20200117\jetty-util-9.4.26.v20200117.jar;C:\Users\user\.m2\repository\org\eclipse\jetty\jetty-io\9.4.26.v20200117\jetty-io-9.4.26.v20200117.jar;C:\Users\user\.m2\repository\org\eclipse\jetty\websocket\websocket-common\9.4.26.v20200117\websocket-common-9.4.26.v20200117.jar;C:\Users\user\.m2\repository\org\eclipse\jetty\websocket\websocket-api\9.4.26.v20200117\websocket-api-9.4.26.v20200117.jar;C:\Users\user\.m2\repository\org\apache\httpcomponents\httpclient\4.5.5\httpclient-4.5.5.jar;C:\Users\user\.m2\repository\org\apache\httpcomponents\httpcore\4.4.9\httpcore-4.4.9.jar;C:\Users\user\.m2\repository\org\apache\httpcomponents\httpmime\4.5.5\httpmime-4.5.5.jar;C:\Users\user\.m2\repository\org\fluentlenium\fluentlenium-core\0.10.2\fluentlenium-core-0.10.2.jar;C:\Users\user\.m2\repository\com\jhlabs\filters\2.0.235\filters-2.0.235.jar;C:\Users\user\.m2\repository\org\asciidoctor\asciidoctorj\1.5.6\asciidoctorj-1.5.6.jar;C:\Users\user\.m2\repository\org\jruby\jruby-complete\1.7.26\jruby-complete-1.7.26.jar;C:\Users\user\.m2\repository\org\imgscalr\imgscalr-lib\4.2\imgscalr-lib-4.2.jar;C:\Users\user\.m2\repository\javax\el\javax.el-api\2.2.4\javax.el-api-2.2.4.jar;C:\Users\user\.m2\repository\org\glassfish\web\javax.el\2.2.4\javax.el-2.2.4.jar;C:\Users\user\.m2\repository\xalan\xalan\2.7.2\xalan-2.7.2.jar;C:\Users\user\.m2\repository\xalan\serializer\2.7.2\serializer-2.7.2.jar;C:\Users\user\.m2\repository\org\awaitility\awaitility\4.0.1\awaitility-4.0.1.jar;C:\Users\user\.m2\repository\org\hamcrest\hamcrest\2.1\hamcrest-2.1.jar;C:\Users\user\.m2\repository\com\typesafe\config\1.3.1\config-1.3.1.jar;C:\Users\user\.m2\repository\org\jsoup\jsoup\1.10.3\jsoup-1.10.3.jar;C:\Users\user\.m2\repository\com\google\jimfs\jimfs\1.1\jimfs-1.1.jar;C:\Users\user\.m2\repository\com\vladsch\flexmark\flexmark-all\0.34.30\flexmark-all-0.34.30.jar;C:\Users\user\.m2\repository\com\vladsch\flexmark\flexmark\0.34.30\flexmark-0.34.30.jar;C:\Users\user\.m2\repository\com\vladsch\flexmark\flexmark-ext-abbreviation\0.34.30\flexmark-ext-abbreviation-0.34.30.jar;C:\Users\user\.m2\repository\com\vladsch\flexmark\flexmark-ext-admonition\0.34.30\flexmark-ext-admonition-0.34.30.jar;C:\Users\user\.m2\repository\com\vladsch\flexmark\flexmark-ext-anchorlink\0.34.30\flexmark-ext-anchorlink-0.34.30.jar;C:\Users\user\.m2\repository\com\vladsch\flexmark\flexmark-ext-aside\0.34.30\flexmark-ext-aside-0.34.30.jar;C:\Users\user\.m2\repository\com\vladsch\flexmark\flexmark-ext-attributes\0.34.30\flexmark-ext-attributes-0.34.30.jar;C:\Users\user\.m2\repository\com\vladsch\flexmark\flexmark-ext-autolink\0.34.30\flexmark-ext-autolink-0.34.30.jar;C:\Users\user\.m2\repository\org\nibor\autolink\autolink\0.6.0\autolink-0.6.0.jar;C:\Users\user\.m2\repository\com\vladsch\flexmark\flexmark-ext-definition\0.34.30\flexmark-ext-definition-0.34.30.jar;C:\Users\user\.m2\repository\com\vladsch\flexmark\flexmark-ext-emoji\0.34.30\flexmark-ext-emoji-0.34.30.jar;C:\Users\user\.m2\repository\com\vladsch\flexmark\flexmark-ext-enumerated-reference\0.34.30\flexmark-ext-enumerated-reference-0.34.30.jar;C:\Users\user\.m2\repository\com\vladsch\flexmark\flexmark-ext-escaped-character\0.34.30\flexmark-ext-escaped-character-0.34.30.jar;C:\Users\user\.m2\repository\com\vladsch\flexmark\flexmark-ext-footnotes\0.34.30\flexmark-ext-footnotes-0.34.30.jar;C:\Users\user\.m2\repository\com\vladsch\flexmark\flexmark-ext-gfm-issues\0.34.30\flexmark-ext-gfm-issues-0.34.30.jar;C:\Users\user\.m2\repository\com\vladsch\flexmark\flexmark-ext-gfm-strikethrough\0.34.30\flexmark-ext-gfm-strikethrough-0.34.30.jar;C:\Users\user\.m2\repository\com\vladsch\flexmark\flexmark-ext-gfm-tables\0.34.30\flexmark-ext-gfm-tables-0.34.30.jar;C:\Users\user\.m2\repository\com\vladsch\flexmark\flexmark-ext-gfm-tasklist\0.34.30\flexmark-ext-gfm-tasklist-0.34.30.jar;C:\Users\user\.m2\repository\com\vladsch\flexmark\flexmark-ext-gfm-users\0.34.30\flexmark-ext-gfm-users-0.34.30.jar;C:\Users\user\.m2\repository\com\vladsch\flexmark\flexmark-ext-gitlab\0.34.30\flexmark-ext-gitlab-0.34.30.jar;C:\Users\user\.m2\repository\com\vladsch\flexmark\flexmark-ext-jekyll-front-matter\0.34.30\flexmark-ext-jekyll-front-matter-0.34.30.jar;C:\Users\user\.m2\repository\com\vladsch\flexmark\flexmark-ext-jekyll-tag\0.34.30\flexmark-ext-jekyll-tag-0.34.30.jar;C:\Users\user\.m2\repository\com\vladsch\flexmark\flexmark-ext-media-tags\0.34.30\flexmark-ext-media-tags-0.34.30.jar;C:\Users\user\.m2\repository\com\vladsch\flexmark\flexmark-test-util\0.34.30\flexmark-test-util-0.34.30.jar;C:\Users\user\.m2\repository\com\vladsch\flexmark\flexmark-ext-ins\0.34.30\flexmark-ext-ins-0.34.30.jar;C:\Users\user\.m2\repository\com\vladsch\flexmark\flexmark-ext-xwiki-macros\0.34.30\flexmark-ext-xwiki-macros-0.34.30.jar;C:\Users\user\.m2\repository\com\vladsch\flexmark\flexmark-ext-superscript\0.34.30\flexmark-ext-superscript-0.34.30.jar;C:\Users\user\.m2\repository\com\vladsch\flexmark\flexmark-ext-tables\0.34.30\flexmark-ext-tables-0.34.30.jar;C:\Users\user\.m2\repository\com\vladsch\flexmark\flexmark-ext-toc\0.34.30\flexmark-ext-toc-0.34.30.jar;C:\Users\user\.m2\repository\com\vladsch\flexmark\flexmark-ext-typographic\0.34.30\flexmark-ext-typographic-0.34.30.jar;C:\Users\user\.m2\repository\com\vladsch\flexmark\flexmark-ext-wikilink\0.34.30\flexmark-ext-wikilink-0.34.30.jar;C:\Users\user\.m2\repository\com\vladsch\flexmark\flexmark-ext-yaml-front-matter\0.34.30\flexmark-ext-yaml-front-matter-0.34.30.jar;C:\Users\user\.m2\repository\com\vladsch\flexmark\flexmark-ext-youtube-embedded\0.34.30\flexmark-ext-youtube-embedded-0.34.30.jar;C:\Users\user\.m2\repository\com\vladsch\flexmark\flexmark-formatter\0.34.30\flexmark-formatter-0.34.30.jar;C:\Users\user\.m2\repository\com\vladsch\flexmark\flexmark-html-parser\0.34.30\flexmark-html-parser-0.34.30.jar;C:\Users\user\.m2\repository\com\vladsch\flexmark\flexmark-jira-converter\0.34.30\flexmark-jira-converter-0.34.30.jar;C:\Users\user\.m2\repository\com\vladsch\flexmark\flexmark-pdf-converter\0.34.30\flexmark-pdf-converter-0.34.30.jar;C:\Users\user\.m2\repository\com\openhtmltopdf\openhtmltopdf-core\0.0.1-RC13\openhtmltopdf-core-0.0.1-RC13.jar;C:\Users\user\.m2\repository\com\openhtmltopdf\openhtmltopdf-pdfbox\0.0.1-RC13\openhtmltopdf-pdfbox-0.0.1-RC13.jar;C:\Users\user\.m2\repository\org\apache\pdfbox\pdfbox\2.0.8\pdfbox-2.0.8.jar;C:\Users\user\.m2\repository\org\apache\pdfbox\fontbox\2.0.8\fontbox-2.0.8.jar;C:\Users\user\.m2\repository\org\apache\pdfbox\xmpbox\2.0.8\xmpbox-2.0.8.jar;C:\Users\user\.m2\repository\de\rototor\pdfbox\graphics2d\0.12\graphics2d-0.12.jar;C:\Users\user\.m2\repository\com\openhtmltopdf\openhtmltopdf-rtl-support\0.0.1-RC13\openhtmltopdf-rtl-support-0.0.1-RC13.jar;C:\Users\user\.m2\repository\com\ibm\icu\icu4j\59.1\icu4j-59.1.jar;C:\Users\user\.m2\repository\com\openhtmltopdf\openhtmltopdf-jsoup-dom-converter\0.0.1-RC13\openhtmltopdf-jsoup-dom-converter-0.0.1-RC13.jar;C:\Users\user\.m2\repository\com\vladsch\flexmark\flexmark-profile-pegdown\0.34.30\flexmark-profile-pegdown-0.34.30.jar;C:\Users\user\.m2\repository\com\vladsch\flexmark\flexmark-util\0.34.30\flexmark-util-0.34.30.jar;C:\Users\user\.m2\repository\com\vladsch\flexmark\flexmark-youtrack-converter\0.34.30\flexmark-youtrack-converter-0.34.30.jar;C:\Users\user\.m2\repository\io\github\bonigarcia\webdrivermanager\4.1.0\webdrivermanager-4.1.0.jar;C:\Users\user\.m2\repository\org\apache\httpcomponents\client5\httpclient5\5.0.1\httpclient5-5.0.1.jar;C:\Users\user\.m2\repository\org\apache\httpcomponents\core5\httpcore5\5.0.1\httpcore5-5.0.1.jar;C:\Users\user\.m2\repository\org\apache\httpcomponents\core5\httpcore5-h2\5.0.1\httpcore5-h2-5.0.1.jar;C:\Users\user\.m2\repository\org\rauschig\jarchivelib\1.0.0\jarchivelib-1.0.0.jar;C:\Users\user\.m2\repository\org\apache\commons\commons-compress\1.18\commons-compress-1.18.jar;C:\Users\user\.m2\repository\net\serenity-bdd\serenity-screenplay\2.3.2\serenity-screenplay-2.3.2.jar;C:\Users\user\.m2\repository\net\serenity-bdd\serenity-screenplay-webdriver\2.3.2\serenity-screenplay-webdriver-2.3.2.jar;C:\Users\user\.m2\repository\net\serenity-bdd\serenity-ensure\2.3.2\serenity-ensure-2.3.2.jar;C:\Users\user\.m2\repository\net\serenity-bdd\serenity-junit\2.3.2\serenity-junit-2.3.2.jar;C:\Users\user\.m2\repository\org\jetbrains\kotlin\kotlin-stdlib\1.3.31\kotlin-stdlib-1.3.31.jar;C:\Users\user\.m2\repository\org\jetbrains\kotlin\kotlin-stdlib-common\1.3.31\kotlin-stdlib-common-1.3.31.jar;C:\Users\user\.m2\repository\org\jetbrains\annotations\13.0\annotations-13.0.jar;C:\Users\user\.m2\repository\net\serenity-bdd\serenity-assertions\2.3.2\serenity-assertions-2.3.2.jar;C:\Users\user\.m2\repository\net\serenity-bdd\serenity-screenplay-rest\2.3.2\serenity-screenplay-rest-2.3.2.jar;C:\Users\user\.m2\repository\net\serenity-bdd\serenity-rest-assured\2.3.2\serenity-rest-assured-2.3.2.jar;C:\Users\user\.m2\repository\io\rest-assured\rest-assured\3.3.0\rest-assured-3.3.0.jar;C:\Users\user\.m2\repository\org\ccil\cowan\tagsoup\tagsoup\1.2.1\tagsoup-1.2.1.jar;C:\Users\user\.m2\repository\io\rest-assured\json-path\3.3.0\json-path-3.3.0.jar;C:\Users\user\.m2\repository\io\rest-assured\rest-assured-common\3.3.0\rest-assured-common-3.3.0.jar;C:\Users\user\.m2\repository\io\rest-assured\xml-path\3.3.0\xml-path-3.3.0.jar;C:\Users\user\.m2\repository\com\sun\xml\bind\jaxb-osgi\2.2.10\jaxb-osgi-2.2.10.jar;C:\Users\user\.m2\repository\org\apache\sling\org.apache.sling.javax.activation\0.1.0\org.apache.sling.javax.activation-0.1.0.jar;C:\Users\user\.m2\repository\org\codehaus\groovy\groovy-xml\2.5.5\groovy-xml-2.5.5.jar;C:\Users\user\.m2\repository\org\codehaus\groovy\groovy-json\2.5.5\groovy-json-2.5.5.jar;C:\Users\user\.m2\repository\net\serenity-bdd\serenity-cucumber6\2.3.2\serenity-cucumber6-2.3.2.jar;C:\Users\user\.m2\repository\io\cucumber\cucumber-junit\6.6.0\cucumber-junit-6.6.0.jar;C:\Users\user\.m2\repository\io\cucumber\datatable-matchers\3.4.0\datatable-matchers-3.4.0.jar;C:\Users\user\.m2\repository\org\apache\commons\commons-csv\1.5\commons-csv-1.5.jar;C:\Users\user\.m2\repository\junit\junit\4.12\junit-4.12.jar;C:\Users\user\.m2\repository\org\slf4j\slf4j-simple\1.7.7\slf4j-simple-1.7.7.jar;C:\Users\user\.m2\repository\org\junit\platform\junit-platform-launcher\1.5.2\junit-platform-launcher-1.5.2.jar;C:\Users\user\.m2\repository\org\apiguardian\apiguardian-api\1.1.0\apiguardian-api-1.1.0.jar;C:\Users\user\.m2\repository\org\junit\platform\junit-platform-engine\1.5.2\junit-platform-engine-1.5.2.jar;C:\Users\user\.m2\repository\org\opentest4j\opentest4j\1.2.0\opentest4j-1.2.0.jar;C:\Users\user\.m2\repository\org\junit\platform\junit-platform-commons\1.5.2\junit-platform-commons-1.5.2.jar;C:\Users\user\.m2\repository\org\junit\jupiter\junit-jupiter-engine\5.5.2\junit-jupiter-engine-5.5.2.jar;C:\Users\user\.m2\repository\org\junit\jupiter\junit-jupiter-api\5.5.2\junit-jupiter-api-5.5.2.jar;C:\Users\user\.m2\repository\org\junit\vintage\junit-vintage-engine\5.5.2\junit-vintage-engine-5.5.2.jar;C:\Users\user\.m2\repository\org\assertj\assertj-core\3.13.2\assertj-core-3.13.2.jar;C:\Users\user\.m2\repository\io\appium\java-client\7.6.0\java-client-7.6.0.jar;C:\Users\user\.m2\repository\cglib\cglib\3.3.0\cglib-3.3.0.jar;C:\Users\user\.m2\repository\commons-validator\commons-validator\1.7\commons-validator-1.7.jar;C:\Users\user\.m2\repository\commons-beanutils\commons-beanutils\1.9.4\commons-beanutils-1.9.4.jar;C:\Users\user\.m2\repository\commons-digester\commons-digester\2.1\commons-digester-2.1.jar;C:\Users\user\.m2\repository\org\springframework\spring-context\5.3.10\spring-context-5.3.10.jar;C:\Users\user\.m2\repository\org\springframework\spring-aop\5.3.10\spring-aop-5.3.10.jar;C:\Users\user\.m2\repository\org\springframework\spring-expression\5.3.10\spring-expression-5.3.10.jar;C:\Users\user\.m2\repository\org\aspectj\aspectjweaver\1.9.7\aspectjweaver-1.9.7.jar;"/>
    <property name="sun.cpu.endian" value="little"/>
    <property name="user.home" value="C:\Users\user"/>
    <property name="user.language" value="en"/>
    <property name="java.specification.vendor" value="Oracle Corporation"/>
    <property name="jdk.module.path" value="D:\TIC\Kampus Merdeka\Batch 3\Studi Independen\Alterra\Capstone\AutoMobile\sample-mobile-automation\target\sample-mobile-automation-1.0-SNAPSHOT.jar"/>
    <property name="java.version.date" value="2022-07-19"/>
    <property name="java.home" value="C:\Program Files\Java\jdk-11.0.16"/>
    <property name="file.separator" value="\"/>
    <property name="basedir" value="D:\TIC\Kampus Merdeka\Batch 3\Studi Independen\Alterra\Capstone\AutoMobile\sample-mobile-automation"/>
    <property name="java.vm.compressedOopsMode" value="32-bit"/>
    <property name="line.separator" value="&#10;"/>
    <property name="java.specification.name" value="Java Platform API Specification"/>
    <property name="java.vm.specification.vendor" value="Oracle Corporation"/>
    <property name="java.awt.graphicsenv" value="sun.awt.Win32GraphicsEnvironment"/>
    <property name="surefire.real.class.path" value="C:\Users\user\.m2\repository\org\apache\maven\surefire\surefire-booter\3.0.0-M5\surefire-booter-3.0.0-M5.jar;C:\Users\user\.m2\repository\org\apache\maven\surefire\surefire-api\3.0.0-M5\surefire-api-3.0.0-M5.jar;C:\Users\user\.m2\repository\org\apache\maven\surefire\surefire-logger-api\3.0.0-M5\surefire-logger-api-3.0.0-M5.jar;C:\Users\user\.m2\repository\org\apache\maven\surefire\surefire-shared-utils\3.0.0-M4\surefire-shared-utils-3.0.0-M4.jar;C:\Users\user\.m2\repository\org\apache\maven\surefire\surefire-extensions-spi\3.0.0-M5\surefire-extensions-spi-3.0.0-M5.jar;D:\TIC\Kampus Merdeka\Batch 3\Studi Independen\Alterra\Capstone\AutoMobile\sample-mobile-automation\target\test-classes;C:\Users\user\.m2\repository\net\serenity-bdd\serenity-core\2.3.2\serenity-core-2.3.2.jar;C:\Users\user\.m2\repository\net\bytebuddy\byte-buddy\1.10.1\byte-buddy-1.10.1.jar;C:\Users\user\.m2\repository\net\bytebuddy\byte-buddy-agent\1.10.1\byte-buddy-agent-1.10.1.jar;C:\Users\user\.m2\repository\com\google\guava\guava\25.0-jre\guava-25.0-jre.jar;C:\Users\user\.m2\repository\com\google\code\findbugs\jsr305\1.3.9\jsr305-1.3.9.jar;C:\Users\user\.m2\repository\org\checkerframework\checker-compat-qual\2.0.0\checker-compat-qual-2.0.0.jar;C:\Users\user\.m2\repository\com\google\errorprone\error_prone_annotations\2.1.3\error_prone_annotations-2.1.3.jar;C:\Users\user\.m2\repository\com\google\j2objc\j2objc-annotations\1.1\j2objc-annotations-1.1.jar;C:\Users\user\.m2\repository\org\codehaus\mojo\animal-sniffer-annotations\1.14\animal-sniffer-annotations-1.14.jar;C:\Users\user\.m2\repository\com\google\inject\guice\4.2.2\guice-4.2.2.jar;C:\Users\user\.m2\repository\javax\inject\javax.inject\1\javax.inject-1.jar;C:\Users\user\.m2\repository\aopalliance\aopalliance\1.0\aopalliance-1.0.jar;C:\Users\user\.m2\repository\org\ow2\asm\asm\7.2\asm-7.2.jar;C:\Users\user\.m2\repository\commons-codec\commons-codec\1.10\commons-codec-1.10.jar;C:\Users\user\.m2\repository\org\objenesis\objenesis\3.0.1\objenesis-3.0.1.jar;C:\Users\user\.m2\repository\org\slf4j\slf4j-api\1.7.26\slf4j-api-1.7.26.jar;C:\Users\user\.m2\repository\xml-apis\xml-apis\1.4.01\xml-apis-1.4.01.jar;C:\Users\user\.m2\repository\io\cucumber\cucumber-core\6.6.0\cucumber-core-6.6.0.jar;C:\Users\user\.m2\repository\io\cucumber\cucumber-gherkin\6.6.0\cucumber-gherkin-6.6.0.jar;C:\Users\user\.m2\repository\io\cucumber\cucumber-gherkin-messages\6.6.0\cucumber-gherkin-messages-6.6.0.jar;C:\Users\user\.m2\repository\io\cucumber\messages\13.0.1\messages-13.0.1.jar;C:\Users\user\.m2\repository\io\cucumber\tag-expressions\3.0.0\tag-expressions-3.0.0.jar;C:\Users\user\.m2\repository\io\cucumber\cucumber-expressions\10.3.0\cucumber-expressions-10.3.0.jar;C:\Users\user\.m2\repository\io\cucumber\datatable\3.4.0\datatable-3.4.0.jar;C:\Users\user\.m2\repository\io\cucumber\cucumber-plugin\6.6.0\cucumber-plugin-6.6.0.jar;C:\Users\user\.m2\repository\io\cucumber\docstring\6.6.0\docstring-6.6.0.jar;C:\Users\user\.m2\repository\io\cucumber\html-formatter\9.0.0\html-formatter-9.0.0.jar;C:\Users\user\.m2\repository\io\cucumber\create-meta\2.0.1\create-meta-2.0.1.jar;C:\Users\user\.m2\repository\io\cucumber\cucumber-java\6.6.0\cucumber-java-6.6.0.jar;C:\Users\user\.m2\repository\commons-logging\commons-logging\1.2\commons-logging-1.2.jar;C:\Users\user\.m2\repository\io\vavr\vavr\0.9.0\vavr-0.9.0.jar;C:\Users\user\.m2\repository\io\vavr\vavr-match\0.9.0\vavr-match-0.9.0.jar;C:\Users\user\.m2\repository\javax\xml\bind\jaxb-api\2.2.12\jaxb-api-2.2.12.jar;C:\Users\user\.m2\repository\com\sun\xml\bind\jaxb-core\2.3.0.1\jaxb-core-2.3.0.1.jar;C:\Users\user\.m2\repository\com\sun\xml\bind\jaxb-impl\2.3.0.1\jaxb-impl-2.3.0.1.jar;C:\Users\user\.m2\repository\javax\activation\activation\1.1.1\activation-1.1.1.jar;C:\Users\user\.m2\repository\org\mockito\mockito-core\3.1.0\mockito-core-3.1.0.jar;C:\Users\user\.m2\repository\net\serenity-bdd\serenity-report-resources\2.3.2\serenity-report-resources-2.3.2.jar;C:\Users\user\.m2\repository\net\serenity-bdd\serenity-model\2.3.2\serenity-model-2.3.2.jar;C:\Users\user\.m2\repository\commons-net\commons-net\3.6\commons-net-3.6.jar;C:\Users\user\.m2\repository\org\apache\commons\commons-text\1.6\commons-text-1.6.jar;C:\Users\user\.m2\repository\org\reflections\reflections\0.9.11\reflections-0.9.11.jar;C:\Users\user\.m2\repository\org\javassist\javassist\3.21.0-GA\javassist-3.21.0-GA.jar;C:\Users\user\.m2\repository\es\nitaur\markdown\txtmark\0.16\txtmark-0.16.jar;C:\Users\user\.m2\repository\net\serenity-bdd\serenity-reports\2.3.2\serenity-reports-2.3.2.jar;C:\Users\user\.m2\repository\net\serenity-bdd\serenity-stats\2.3.2\serenity-stats-2.3.2.jar;C:\Users\user\.m2\repository\com\google\code\gson\gson\2.8.6\gson-2.8.6.jar;C:\Users\user\.m2\repository\commons-io\commons-io\2.6\commons-io-2.6.jar;C:\Users\user\.m2\repository\org\seleniumhq\selenium\selenium-server\3.141.59\selenium-server-3.141.59.jar;C:\Users\user\.m2\repository\org\seleniumhq\selenium\selenium-firefox-driver\3.141.59\selenium-firefox-driver-3.141.59.jar;C:\Users\user\.m2\repository\org\seleniumhq\selenium\selenium-ie-driver\3.141.59\selenium-ie-driver-3.141.59.jar;C:\Users\user\.m2\repository\com\beust\jcommander\1.72\jcommander-1.72.jar;C:\Users\user\.m2\repository\org\apache\commons\commons-exec\1.3\commons-exec-1.3.jar;C:\Users\user\.m2\repository\net\jcip\jcip-annotations\1.0\jcip-annotations-1.0.jar;C:\Users\user\.m2\repository\org\seleniumhq\selenium\jetty-repacked\9.4.12.v20180830\jetty-repacked-9.4.12.v20180830.jar;C:\Users\user\.m2\repository\com\squareup\okhttp3\okhttp\3.11.0\okhttp-3.11.0.jar;C:\Users\user\.m2\repository\com\squareup\okio\okio\1.14.0\okio-1.14.0.jar;C:\Users\user\.m2\repository\javax\servlet\javax.servlet-api\3.1.0\javax.servlet-api-3.1.0.jar;C:\Users\user\.m2\repository\org\yaml\snakeyaml\1.19\snakeyaml-1.19.jar;C:\Users\user\.m2\repository\org\seleniumhq\selenium\selenium-java\3.141.59\selenium-java-3.141.59.jar;C:\Users\user\.m2\repository\org\seleniumhq\selenium\selenium-api\3.141.59\selenium-api-3.141.59.jar;C:\Users\user\.m2\repository\org\seleniumhq\selenium\selenium-chrome-driver\3.141.59\selenium-chrome-driver-3.141.59.jar;C:\Users\user\.m2\repository\org\seleniumhq\selenium\selenium-edge-driver\3.141.59\selenium-edge-driver-3.141.59.jar;C:\Users\user\.m2\repository\org\seleniumhq\selenium\selenium-remote-driver\3.141.59\selenium-remote-driver-3.141.59.jar;C:\Users\user\.m2\repository\org\seleniumhq\selenium\selenium-safari-driver\3.141.59\selenium-safari-driver-3.141.59.jar;C:\Users\user\.m2\repository\org\seleniumhq\selenium\selenium-opera-driver\3.141.59\selenium-opera-driver-3.141.59.jar;C:\Users\user\.m2\repository\org\seleniumhq\selenium\selenium-support\3.141.59\selenium-support-3.141.59.jar;C:\Users\user\.m2\repository\com\paulhammant\ngwebdriver\1.1.5\ngwebdriver-1.1.5.jar;C:\Users\user\.m2\repository\com\assertthat\selenium-shutterbug\0.9.3\selenium-shutterbug-0.9.3.jar;C:\Users\user\.m2\repository\org\projectlombok\lombok\1.18.8\lombok-1.18.8.jar;C:\Users\user\.m2\repository\com\github\zafarkhaja\java-semver\0.9.0\java-semver-0.9.0.jar;C:\Users\user\.m2\repository\com\codeborne\phantomjsdriver\1.4.4\phantomjsdriver-1.4.4.jar;C:\Users\user\.m2\repository\org\seleniumhq\selenium\htmlunit-driver\2.37.0\htmlunit-driver-2.37.0.jar;C:\Users\user\.m2\repository\org\springframework\spring-context-support\5.1.2.RELEASE\spring-context-support-5.1.2.RELEASE.jar;C:\Users\user\.m2\repository\org\springframework\spring-beans\5.1.2.RELEASE\spring-beans-5.1.2.RELEASE.jar;C:\Users\user\.m2\repository\org\springframework\spring-core\5.1.2.RELEASE\spring-core-5.1.2.RELEASE.jar;C:\Users\user\.m2\repository\org\springframework\spring-jcl\5.1.2.RELEASE\spring-jcl-5.1.2.RELEASE.jar;C:\Users\user\.m2\repository\org\codehaus\groovy\groovy\2.5.5\groovy-2.5.5.jar;C:\Users\user\.m2\repository\net\sf\opencsv\opencsv\2.0\opencsv-2.0.jar;C:\Users\user\.m2\repository\commons-beanutils\commons-beanutils-core\1.8.3\commons-beanutils-core-1.8.3.jar;C:\Users\user\.m2\repository\joda-time\joda-time\2.7\joda-time-2.7.jar;C:\Users\user\.m2\repository\com\thoughtworks\xstream\xstream\1.4.9\xstream-1.4.9.jar;C:\Users\user\.m2\repository\xmlpull\xmlpull\1.1.3.1\xmlpull-1.1.3.1.jar;C:\Users\user\.m2\repository\xpp3\xpp3_min\1.1.4c\xpp3_min-1.1.4c.jar;C:\Users\user\.m2\repository\org\apache\commons\commons-lang3\3.8.1\commons-lang3-3.8.1.jar;C:\Users\user\.m2\repository\commons-collections\commons-collections\3.2.2\commons-collections-3.2.2.jar;C:\Users\user\.m2\repository\org\freemarker\freemarker\2.3.29\freemarker-2.3.29.jar;C:\Users\user\.m2\repository\net\sourceforge\jexcelapi\jxl\2.6.12\jxl-2.6.12.jar;C:\Users\user\.m2\repository\org\hamcrest\hamcrest-core\1.3\hamcrest-core-1.3.jar;C:\Users\user\.m2\repository\org\hamcrest\hamcrest-library\1.3\hamcrest-library-1.3.jar;C:\Users\user\.m2\repository\net\sourceforge\htmlunit\htmlunit\2.37.0\htmlunit-2.37.0.jar;C:\Users\user\.m2\repository\net\sourceforge\htmlunit\htmlunit-core-js\2.37.0\htmlunit-core-js-2.37.0.jar;C:\Users\user\.m2\repository\net\sourceforge\htmlunit\neko-htmlunit\2.37.0\neko-htmlunit-2.37.0.jar;C:\Users\user\.m2\repository\xerces\xercesImpl\2.12.0\xercesImpl-2.12.0.jar;C:\Users\user\.m2\repository\net\sourceforge\htmlunit\htmlunit-cssparser\1.5.0\htmlunit-cssparser-1.5.0.jar;C:\Users\user\.m2\repository\org\brotli\dec\0.1.2\dec-0.1.2.jar;C:\Users\user\.m2\repository\org\eclipse\jetty\websocket\websocket-client\9.4.26.v20200117\websocket-client-9.4.26.v20200117.jar;C:\Users\user\.m2\repository\org\eclipse\jetty\jetty-client\9.4.26.v20200117\jetty-client-9.4.26.v20200117.jar;C:\Users\user\.m2\repository\org\eclipse\jetty\jetty-http\9.4.26.v20200117\jetty-http-9.4.26.v20200117.jar;C:\Users\user\.m2\repository\org\eclipse\jetty\jetty-xml\9.4.26.v20200117\jetty-xml-9.4.26.v20200117.jar;C:\Users\user\.m2\repository\org\eclipse\jetty\jetty-util\9.4.26.v20200117\jetty-util-9.4.26.v20200117.jar;C:\Users\user\.m2\repository\org\eclipse\jetty\jetty-io\9.4.26.v20200117\jetty-io-9.4.26.v20200117.jar;C:\Users\user\.m2\repository\org\eclipse\jetty\websocket\websocket-common\9.4.26.v20200117\websocket-common-9.4.26.v20200117.jar;C:\Users\user\.m2\repository\org\eclipse\jetty\websocket\websocket-api\9.4.26.v20200117\websocket-api-9.4.26.v20200117.jar;C:\Users\user\.m2\repository\org\apache\httpcomponents\httpclient\4.5.5\httpclient-4.5.5.jar;C:\Users\user\.m2\repository\org\apache\httpcomponents\httpcore\4.4.9\httpcore-4.4.9.jar;C:\Users\user\.m2\repository\org\apache\httpcomponents\httpmime\4.5.5\httpmime-4.5.5.jar;C:\Users\user\.m2\repository\org\fluentlenium\fluentlenium-core\0.10.2\fluentlenium-core-0.10.2.jar;C:\Users\user\.m2\repository\com\jhlabs\filters\2.0.235\filters-2.0.235.jar;C:\Users\user\.m2\repository\org\asciidoctor\asciidoctorj\1.5.6\asciidoctorj-1.5.6.jar;C:\Users\user\.m2\repository\org\jruby\jruby-complete\1.7.26\jruby-complete-1.7.26.jar;C:\Users\user\.m2\repository\org\imgscalr\imgscalr-lib\4.2\imgscalr-lib-4.2.jar;C:\Users\user\.m2\repository\javax\el\javax.el-api\2.2.4\javax.el-api-2.2.4.jar;C:\Users\user\.m2\repository\org\glassfish\web\javax.el\2.2.4\javax.el-2.2.4.jar;C:\Users\user\.m2\repository\xalan\xalan\2.7.2\xalan-2.7.2.jar;C:\Users\user\.m2\repository\xalan\serializer\2.7.2\serializer-2.7.2.jar;C:\Users\user\.m2\repository\org\awaitility\awaitility\4.0.1\awaitility-4.0.1.jar;C:\Users\user\.m2\repository\org\hamcrest\hamcrest\2.1\hamcrest-2.1.jar;C:\Users\user\.m2\repository\com\typesafe\config\1.3.1\config-1.3.1.jar;C:\Users\user\.m2\repository\org\jsoup\jsoup\1.10.3\jsoup-1.10.3.jar;C:\Users\user\.m2\repository\com\google\jimfs\jimfs\1.1\jimfs-1.1.jar;C:\Users\user\.m2\repository\com\vladsch\flexmark\flexmark-all\0.34.30\flexmark-all-0.34.30.jar;C:\Users\user\.m2\repository\com\vladsch\flexmark\flexmark\0.34.30\flexmark-0.34.30.jar;C:\Users\user\.m2\repository\com\vladsch\flexmark\flexmark-ext-abbreviation\0.34.30\flexmark-ext-abbreviation-0.34.30.jar;C:\Users\user\.m2\repository\com\vladsch\flexmark\flexmark-ext-admonition\0.34.30\flexmark-ext-admonition-0.34.30.jar;C:\Users\user\.m2\repository\com\vladsch\flexmark\flexmark-ext-anchorlink\0.34.30\flexmark-ext-anchorlink-0.34.30.jar;C:\Users\user\.m2\repository\com\vladsch\flexmark\flexmark-ext-aside\0.34.30\flexmark-ext-aside-0.34.30.jar;C:\Users\user\.m2\repository\com\vladsch\flexmark\flexmark-ext-attributes\0.34.30\flexmark-ext-attributes-0.34.30.jar;C:\Users\user\.m2\repository\com\vladsch\flexmark\flexmark-ext-autolink\0.34.30\flexmark-ext-autolink-0.34.30.jar;C:\Users\user\.m2\repository\org\nibor\autolink\autolink\0.6.0\autolink-0.6.0.jar;C:\Users\user\.m2\repository\com\vladsch\flexmark\flexmark-ext-definition\0.34.30\flexmark-ext-definition-0.34.30.jar;C:\Users\user\.m2\repository\com\vladsch\flexmark\flexmark-ext-emoji\0.34.30\flexmark-ext-emoji-0.34.30.jar;C:\Users\user\.m2\repository\com\vladsch\flexmark\flexmark-ext-enumerated-reference\0.34.30\flexmark-ext-enumerated-reference-0.34.30.jar;C:\Users\user\.m2\repository\com\vladsch\flexmark\flexmark-ext-escaped-character\0.34.30\flexmark-ext-escaped-character-0.34.30.jar;C:\Users\user\.m2\repository\com\vladsch\flexmark\flexmark-ext-footnotes\0.34.30\flexmark-ext-footnotes-0.34.30.jar;C:\Users\user\.m2\repository\com\vladsch\flexmark\flexmark-ext-gfm-issues\0.34.30\flexmark-ext-gfm-issues-0.34.30.jar;C:\Users\user\.m2\repository\com\vladsch\flexmark\flexmark-ext-gfm-strikethrough\0.34.30\flexmark-ext-gfm-strikethrough-0.34.30.jar;C:\Users\user\.m2\repository\com\vladsch\flexmark\flexmark-ext-gfm-tables\0.34.30\flexmark-ext-gfm-tables-0.34.30.jar;C:\Users\user\.m2\repository\com\vladsch\flexmark\flexmark-ext-gfm-tasklist\0.34.30\flexmark-ext-gfm-tasklist-0.34.30.jar;C:\Users\user\.m2\repository\com\vladsch\flexmark\flexmark-ext-gfm-users\0.34.30\flexmark-ext-gfm-users-0.34.30.jar;C:\Users\user\.m2\repository\com\vladsch\flexmark\flexmark-ext-gitlab\0.34.30\flexmark-ext-gitlab-0.34.30.jar;C:\Users\user\.m2\repository\com\vladsch\flexmark\flexmark-ext-jekyll-front-matter\0.34.30\flexmark-ext-jekyll-front-matter-0.34.30.jar;C:\Users\user\.m2\repository\com\vladsch\flexmark\flexmark-ext-jekyll-tag\0.34.30\flexmark-ext-jekyll-tag-0.34.30.jar;C:\Users\user\.m2\repository\com\vladsch\flexmark\flexmark-ext-media-tags\0.34.30\flexmark-ext-media-tags-0.34.30.jar;C:\Users\user\.m2\repository\com\vladsch\flexmark\flexmark-test-util\0.34.30\flexmark-test-util-0.34.30.jar;C:\Users\user\.m2\repository\com\vladsch\flexmark\flexmark-ext-ins\0.34.30\flexmark-ext-ins-0.34.30.jar;C:\Users\user\.m2\repository\com\vladsch\flexmark\flexmark-ext-xwiki-macros\0.34.30\flexmark-ext-xwiki-macros-0.34.30.jar;C:\Users\user\.m2\repository\com\vladsch\flexmark\flexmark-ext-superscript\0.34.30\flexmark-ext-superscript-0.34.30.jar;C:\Users\user\.m2\repository\com\vladsch\flexmark\flexmark-ext-tables\0.34.30\flexmark-ext-tables-0.34.30.jar;C:\Users\user\.m2\repository\com\vladsch\flexmark\flexmark-ext-toc\0.34.30\flexmark-ext-toc-0.34.30.jar;C:\Users\user\.m2\repository\com\vladsch\flexmark\flexmark-ext-typographic\0.34.30\flexmark-ext-typographic-0.34.30.jar;C:\Users\user\.m2\repository\com\vladsch\flexmark\flexmark-ext-wikilink\0.34.30\flexmark-ext-wikilink-0.34.30.jar;C:\Users\user\.m2\repository\com\vladsch\flexmark\flexmark-ext-yaml-front-matter\0.34.30\flexmark-ext-yaml-front-matter-0.34.30.jar;C:\Users\user\.m2\repository\com\vladsch\flexmark\flexmark-ext-youtube-embedded\0.34.30\flexmark-ext-youtube-embedded-0.34.30.jar;C:\Users\user\.m2\repository\com\vladsch\flexmark\flexmark-formatter\0.34.30\flexmark-formatter-0.34.30.jar;C:\Users\user\.m2\repository\com\vladsch\flexmark\flexmark-html-parser\0.34.30\flexmark-html-parser-0.34.30.jar;C:\Users\user\.m2\repository\com\vladsch\flexmark\flexmark-jira-converter\0.34.30\flexmark-jira-converter-0.34.30.jar;C:\Users\user\.m2\repository\com\vladsch\flexmark\flexmark-pdf-converter\0.34.30\flexmark-pdf-converter-0.34.30.jar;C:\Users\user\.m2\repository\com\openhtmltopdf\openhtmltopdf-core\0.0.1-RC13\openhtmltopdf-core-0.0.1-RC13.jar;C:\Users\user\.m2\repository\com\openhtmltopdf\openhtmltopdf-pdfbox\0.0.1-RC13\openhtmltopdf-pdfbox-0.0.1-RC13.jar;C:\Users\user\.m2\repository\org\apache\pdfbox\pdfbox\2.0.8\pdfbox-2.0.8.jar;C:\Users\user\.m2\repository\org\apache\pdfbox\fontbox\2.0.8\fontbox-2.0.8.jar;C:\Users\user\.m2\repository\org\apache\pdfbox\xmpbox\2.0.8\xmpbox-2.0.8.jar;C:\Users\user\.m2\repository\de\rototor\pdfbox\graphics2d\0.12\graphics2d-0.12.jar;C:\Users\user\.m2\repository\com\openhtmltopdf\openhtmltopdf-rtl-support\0.0.1-RC13\openhtmltopdf-rtl-support-0.0.1-RC13.jar;C:\Users\user\.m2\repository\com\ibm\icu\icu4j\59.1\icu4j-59.1.jar;C:\Users\user\.m2\repository\com\openhtmltopdf\openhtmltopdf-jsoup-dom-converter\0.0.1-RC13\openhtmltopdf-jsoup-dom-converter-0.0.1-RC13.jar;C:\Users\user\.m2\repository\com\vladsch\flexmark\flexmark-profile-pegdown\0.34.30\flexmark-profile-pegdown-0.34.30.jar;C:\Users\user\.m2\repository\com\vladsch\flexmark\flexmark-util\0.34.30\flexmark-util-0.34.30.jar;C:\Users\user\.m2\repository\com\vladsch\flexmark\flexmark-youtrack-converter\0.34.30\flexmark-youtrack-converter-0.34.30.jar;C:\Users\user\.m2\repository\io\github\bonigarcia\webdrivermanager\4.1.0\webdrivermanager-4.1.0.jar;C:\Users\user\.m2\repository\org\apache\httpcomponents\client5\httpclient5\5.0.1\httpclient5-5.0.1.jar;C:\Users\user\.m2\repository\org\apache\httpcomponents\core5\httpcore5\5.0.1\httpcore5-5.0.1.jar;C:\Users\user\.m2\repository\org\apache\httpcomponents\core5\httpcore5-h2\5.0.1\httpcore5-h2-5.0.1.jar;C:\Users\user\.m2\repository\org\rauschig\jarchivelib\1.0.0\jarchivelib-1.0.0.jar;C:\Users\user\.m2\repository\org\apache\commons\commons-compress\1.18\commons-compress-1.18.jar;C:\Users\user\.m2\repository\net\serenity-bdd\serenity-screenplay\2.3.2\serenity-screenplay-2.3.2.jar;C:\Users\user\.m2\repository\net\serenity-bdd\serenity-screenplay-webdriver\2.3.2\serenity-screenplay-webdriver-2.3.2.jar;C:\Users\user\.m2\repository\net\serenity-bdd\serenity-ensure\2.3.2\serenity-ensure-2.3.2.jar;C:\Users\user\.m2\repository\net\serenity-bdd\serenity-junit\2.3.2\serenity-junit-2.3.2.jar;C:\Users\user\.m2\repository\org\jetbrains\kotlin\kotlin-stdlib\1.3.31\kotlin-stdlib-1.3.31.jar;C:\Users\user\.m2\repository\org\jetbrains\kotlin\kotlin-stdlib-common\1.3.31\kotlin-stdlib-common-1.3.31.jar;C:\Users\user\.m2\repository\org\jetbrains\annotations\13.0\annotations-13.0.jar;C:\Users\user\.m2\repository\net\serenity-bdd\serenity-assertions\2.3.2\serenity-assertions-2.3.2.jar;C:\Users\user\.m2\repository\net\serenity-bdd\serenity-screenplay-rest\2.3.2\serenity-screenplay-rest-2.3.2.jar;C:\Users\user\.m2\repository\net\serenity-bdd\serenity-rest-assured\2.3.2\serenity-rest-assured-2.3.2.jar;C:\Users\user\.m2\repository\io\rest-assured\rest-assured\3.3.0\rest-assured-3.3.0.jar;C:\Users\user\.m2\repository\org\ccil\cowan\tagsoup\tagsoup\1.2.1\tagsoup-1.2.1.jar;C:\Users\user\.m2\repository\io\rest-assured\json-path\3.3.0\json-path-3.3.0.jar;C:\Users\user\.m2\repository\io\rest-assured\rest-assured-common\3.3.0\rest-assured-common-3.3.0.jar;C:\Users\user\.m2\repository\io\rest-assured\xml-path\3.3.0\xml-path-3.3.0.jar;C:\Users\user\.m2\repository\com\sun\xml\bind\jaxb-osgi\2.2.10\jaxb-osgi-2.2.10.jar;C:\Users\user\.m2\repository\org\apache\sling\org.apache.sling.javax.activation\0.1.0\org.apache.sling.javax.activation-0.1.0.jar;C:\Users\user\.m2\repository\org\codehaus\groovy\groovy-xml\2.5.5\groovy-xml-2.5.5.jar;C:\Users\user\.m2\repository\org\codehaus\groovy\groovy-json\2.5.5\groovy-json-2.5.5.jar;C:\Users\user\.m2\repository\net\serenity-bdd\serenity-cucumber6\2.3.2\serenity-cucumber6-2.3.2.jar;C:\Users\user\.m2\repository\io\cucumber\cucumber-junit\6.6.0\cucumber-junit-6.6.0.jar;C:\Users\user\.m2\repository\io\cucumber\datatable-matchers\3.4.0\datatable-matchers-3.4.0.jar;C:\Users\user\.m2\repository\org\apache\commons\commons-csv\1.5\commons-csv-1.5.jar;C:\Users\user\.m2\repository\junit\junit\4.12\junit-4.12.jar;C:\Users\user\.m2\repository\org\slf4j\slf4j-simple\1.7.7\slf4j-simple-1.7.7.jar;C:\Users\user\.m2\repository\org\junit\platform\junit-platform-launcher\1.5.2\junit-platform-launcher-1.5.2.jar;C:\Users\user\.m2\repository\org\apiguardian\apiguardian-api\1.1.0\apiguardian-api-1.1.0.jar;C:\Users\user\.m2\repository\org\junit\platform\junit-platform-engine\1.5.2\junit-platform-engine-1.5.2.jar;C:\Users\user\.m2\repository\org\opentest4j\opentest4j\1.2.0\opentest4j-1.2.0.jar;C:\Users\user\.m2\repository\org\junit\platform\junit-platform-commons\1.5.2\junit-platform-commons-1.5.2.jar;C:\Users\user\.m2\repository\org\junit\jupiter\junit-jupiter-engine\5.5.2\junit-jupiter-engine-5.5.2.jar;C:\Users\user\.m2\repository\org\junit\jupiter\junit-jupiter-api\5.5.2\junit-jupiter-api-5.5.2.jar;C:\Users\user\.m2\repository\org\junit\vintage\junit-vintage-engine\5.5.2\junit-vintage-engine-5.5.2.jar;C:\Users\user\.m2\repository\org\assertj\assertj-core\3.13.2\assertj-core-3.13.2.jar;C:\Users\user\.m2\repository\io\appium\java-client\7.6.0\java-client-7.6.0.jar;C:\Users\user\.m2\repository\cglib\cglib\3.3.0\cglib-3.3.0.jar;C:\Users\user\.m2\repository\commons-validator\commons-validator\1.7\commons-validator-1.7.jar;C:\Users\user\.m2\repository\commons-beanutils\commons-beanutils\1.9.4\commons-beanutils-1.9.4.jar;C:\Users\user\.m2\repository\commons-digester\commons-digester\2.1\commons-digester-2.1.jar;C:\Users\user\.m2\repository\org\springframework\spring-context\5.3.10\spring-context-5.3.10.jar;C:\Users\user\.m2\repository\org\springframework\spring-aop\5.3.10\spring-aop-5.3.10.jar;C:\Users\user\.m2\repository\org\springframework\spring-expression\5.3.10\spring-expression-5.3.10.jar;C:\Users\user\.m2\repository\org\aspectj\aspectjweaver\1.9.7\aspectjweaver-1.9.7.jar;C:\Users\user\.m2\repository\org\apache\maven\surefire\surefire-junit-platform\3.0.0-M5\surefire-junit-platform-3.0.0-M5.jar;C:\Users\user\.m2\repository\org\apache\maven\surefire\common-java5\3.0.0-M5\common-java5-3.0.0-M5.jar"/>
    <property name="user.script" value=""/>
    <property name="sun.management.compiler" value="HotSpot 64-Bit Tiered Compilers"/>
    <property name="java.runtime.version" value="11.0.16+11-LTS-199"/>
    <property name="user.name" value="user"/>
    <property name="path.separator" value=";"/>
    <property name="os.version" value="10.0"/>
    <property name="java.runtime.name" value="Java(TM) SE Runtime Environment"/>
    <property name="file.encoding" value="Cp1252"/>
    <property name="java.vm.name" value="Java HotSpot(TM) 64-Bit Server VM"/>
    <property name="java.vendor.version" value="18.9"/>
    <property name="localRepository" value="C:\Users\user\.m2\repository"/>
    <property name="java.vendor.url.bug" value="https://bugreport.java.com/bugreport/"/>
    <property name="java.io.tmpdir" value="C:\Users\user\AppData\Local\Temp\"/>
    <property name="java.version" value="11.0.16"/>
    <property name="user.dir" value="D:\TIC\Kampus Merdeka\Batch 3\Studi Independen\Alterra\Capstone\AutoMobile\sample-mobile-automation"/>
    <property name="os.arch" value="amd64"/>
    <property name="java.vm.specification.name" value="Java Virtual Machine Specification"/>
    <property name="java.awt.printerjob" value="sun.awt.windows.WPrinterJob"/>
    <property name="sun.os.patch.level" value=""/>
    <property name="java.library.path" value="C:\Program Files\Java\jdk-11.0.16\bin;C:\WINDOWS\Sun\Java\bin;C:\WINDOWS\system32;C:\WINDOWS;C:\Program Files\Common Files\Oracle\Java\javapath;C:\WINDOWS\system32;C:\WINDOWS;C:\WINDOWS\System32\Wbem;C:\WINDOWS\System32\WindowsPowerShell\v1.0\;C:\WINDOWS\System32\OpenSSH\;C:\Program Files\PuTTY\;C:\Program Files\Java\jdk-11.0.16\bin;C:\Program Files\Git\cmd;D:\Program Files\apache-maven-3.8.6\bin;C:\Program Files\Java\jdk-11.0.16\bin;D:\Program Files\apache-maven-3.8.6;C:\Users\user\AppData\Local\Android\Sdk\platform-tools;C:\Users\user\Mobile\nodejs;D:\user\Mobile\nodejs\;C:\Users\user\AppData\Local\Microsoft\WindowsApps;;D:\Microsoft VS Code\bin;C:\Users\user\AppData\Roaming\npm;."/>
    <property name="java.vendor" value="Oracle Corporation"/>
    <property name="java.vm.info" value="mixed mode"/>
    <property name="java.vm.version" value="11.0.16+11-LTS-199"/>
    <property name="sun.io.unicode.encoding" value="UnicodeLittle"/>
    <property name="java.class.version" value="55.0"/>
  </properties>
  <testcase name="Authentication Register #1" classname="Authentication" time="78.05">
    <system-out><![CDATA[
@Auth @Register
Scenario Outline: Authentication Register                                                            &amp#27;[90m# src/test/resources/features/math/atuhentication.feature:19&amp#27;[0m
  &amp#27;[32mGiven &amp#27;[0m&amp#27;[32mi open app&amp#27;[0m                                                                                   &amp#27;[90m# com.example.steps.AuthRegisSteps.iOpenApp()&amp#27;[0m
  &amp#27;[32mAnd &amp#27;[0m&amp#27;[32mi am on the login page&amp#27;[0m                                                                         &amp#27;[90m# com.example.steps.AuthRegisSteps.iAmOnTheLoginPage()&amp#27;[0m
  &amp#27;[32mAnd &amp#27;[0m&amp#27;[32mi click link buat sekarang&amp#27;[0m                                                                     &amp#27;[90m# com.example.steps.AuthRegisSteps.iClickLinkBuatSekarang()&amp#27;[0m
  &amp#27;[32mWhen &amp#27;[0m&amp#27;[32mI input &amp#27;[0m&amp#27;[32m&amp#27;[1m"testing"&amp#27;[0m&amp#27;[32m fullname, &amp#27;[0m&amp#27;[32m&amp#27;[1m"12345678"&amp#27;[0m&amp#27;[32m telp, &amp#27;[0m&amp#27;[32m&amp#27;[1m"testing20@gmail.com"&amp#27;[0m&amp#27;[32m email, dan &amp#27;[0m&amp#27;[32m&amp#27;[1m"password"&amp#27;[0m&amp#27;[32m pass&amp#27;[0m &amp#27;[90m# com.example.steps.AuthRegisSteps.iInputFullnameTelpEmailDanPass(java.lang.String,java.lang.String,java.lang.String,java.lang.String)&amp#27;[0m
  &amp#27;[32mAnd &amp#27;[0m&amp#27;[32mclick &amp#27;[0m&amp#27;[32m&amp#27;[1m"see"&amp#27;[0m&amp#27;[32m see pass register&amp#27;[0m                                                                  &amp#27;[90m# com.example.steps.AuthRegisSteps.clickSeePassRegister(java.lang.String)&amp#27;[0m
  &amp#27;[32mAnd &amp#27;[0m&amp#27;[32mclick &amp#27;[0m&amp#27;[32m&amp#27;[1m"ckls"&amp#27;[0m&amp#27;[32m ckls syarat&amp#27;[0m                                                                       &amp#27;[90m# com.example.steps.AuthRegisSteps.clickCklsSyarat(java.lang.String)&amp#27;[0m
  &amp#27;[32mAnd &amp#27;[0m&amp#27;[32mclick buat akun&amp#27;[0m                                                                                &amp#27;[90m# com.example.steps.AuthRegisSteps.clickBuatAkun()&amp#27;[0m
  &amp#27;[32mThen &amp#27;[0m&amp#27;[32mI get &amp#27;[0m&amp#27;[32m&amp#27;[1m"can regis"&amp#27;[0m&amp#27;[32m result register&amp#27;[0m                                                             &amp#27;[90m# com.example.steps.AuthRegisSteps.iGetResultRegister(java.lang.String)&amp#27;[0m
]]></system-out>
    <system-err><![CDATA[[main] INFO io.cucumber.core.plugin.SerenityReporter - Running feature from file:///D:/TIC/Kampus%20Merdeka/Batch%203/Studi%20Independen/Alterra/Capstone/AutoMobile/sample-mobile-automation/src/test/resources/features/math/atuhentication.feature
[main] WARN io.cucumber.core.plugin.SerenityReporter - Feature from file:///D:/TIC/Kampus%20Merdeka/Batch%203/Studi%20Independen/Alterra/Capstone/AutoMobile/sample-mobile-automation/src/test/resources/features/math/atuhentication.feature is not under the 'features' directory. Requirements report will not be correctly generated!
[main] INFO  - 

-------------------------------------------------------------------------------------
     _______. _______ .______       _______ .__   __.  __  .___________.____    ____ 
    /       ||   ____||   _  \     |   ____||  \ |  | |  | |           |\   \  /   / 
   |   (----`|  |__   |  |_)  |    |  |__   |   \|  | |  | `---|  |----` \   \/   /  
    \   \    |   __|  |      /     |   __|  |  . `  | |  |     |  |       \_    _/   
.----)   |   |  |____ |  |\  \----.|  |____ |  |\   | |  |     |  |         |  |     
|_______/    |_______|| _| `._____||_______||__| \__| |__|     |__|         |__|    
                                                                                     
 News and tutorials at http://www.serenity-bdd.info                                  
 Documentation at https://wakaleo.gitbooks.io/the-serenity-book/content/             
 Join the Serenity Community on Gitter: https://gitter.im/serenity-bdd/serenity-core 
 Serenity BDD Support and Training at http://serenity-bdd.info/#/trainingandsupport  
-------------------------------------------------------------------------------------

[main] INFO  - Test Suite Started: Authentication
[main] INFO io.cucumber.core.plugin.SerenityReporter - Running feature from file:///D:/TIC/Kampus%20Merdeka/Batch%203/Studi%20Independen/Alterra/Capstone/AutoMobile/sample-mobile-automation/src/test/resources/features/math/payInvoiceBank.feature
[main] WARN io.cucumber.core.plugin.SerenityReporter - Feature from file:///D:/TIC/Kampus%20Merdeka/Batch%203/Studi%20Independen/Alterra/Capstone/AutoMobile/sample-mobile-automation/src/test/resources/features/math/payInvoiceBank.feature is not under the 'features' directory. Requirements report will not be correctly generated!
[main] INFO  - Test Suite Started: Pay Transaksi with Rek Bank
[main] INFO io.cucumber.core.plugin.SerenityReporter - Running feature from file:///D:/TIC/Kampus%20Merdeka/Batch%203/Studi%20Independen/Alterra/Capstone/AutoMobile/sample-mobile-automation/src/test/resources/features/math/payInvoiceVA.feature
[main] WARN io.cucumber.core.plugin.SerenityReporter - Feature from file:///D:/TIC/Kampus%20Merdeka/Batch%203/Studi%20Independen/Alterra/Capstone/AutoMobile/sample-mobile-automation/src/test/resources/features/math/payInvoiceVA.feature is not under the 'features' directory. Requirements report will not be correctly generated!
[main] INFO  - Test Suite Started: Pay Transaksi with Virtual Akun
[main] INFO io.cucumber.core.plugin.SerenityReporter - Running feature from file:///D:/TIC/Kampus%20Merdeka/Batch%203/Studi%20Independen/Alterra/Capstone/AutoMobile/sample-mobile-automation/src/test/resources/features/math/statusPay.feature
[main] WARN io.cucumber.core.plugin.SerenityReporter - Feature from file:///D:/TIC/Kampus%20Merdeka/Batch%203/Studi%20Independen/Alterra/Capstone/AutoMobile/sample-mobile-automation/src/test/resources/features/math/statusPay.feature is not under the 'features' directory. Requirements report will not be correctly generated!
[main] INFO  - Test Suite Started: Bill page
[main] INFO io.cucumber.core.plugin.SerenityReporter - Running feature from file:///D:/TIC/Kampus%20Merdeka/Batch%203/Studi%20Independen/Alterra/Capstone/AutoMobile/sample-mobile-automation/src/test/resources/features/math/atuhentication.feature
[main] WARN io.cucumber.core.plugin.SerenityReporter - Feature from file:///D:/TIC/Kampus%20Merdeka/Batch%203/Studi%20Independen/Alterra/Capstone/AutoMobile/sample-mobile-automation/src/test/resources/features/math/atuhentication.feature is not under the 'features' directory. Requirements report will not be correctly generated!
[main] INFO  - 
 _____ _____ ____ _____   ____ _____  _    ____ _____ _____ ____  
|_   _| ____/ ___|_   _| / ___|_   _|/ \  |  _ \_   _| ____|  _ \ 
  | | |  _| \___ \ | |   \___ \ | | / _ \ | |_) || | |  _| | | | |
  | | | |___ ___) || |    ___) || |/ ___ \|  _ < | | | |___| |_| |
  |_| |_____|____/ |_|   |____/ |_/_/   \_\_| \_\|_| |_____|____/ 

Authentication Register(authentication;authentication-register)
-------------------------------------------------------------------
Dec 23, 2022 7:05:00 PM io.appium.java_client.remote.AppiumCommandExecutor$1 lambda$0
INFO: Detected dialect: W3C
[main] INFO  - 
        __    _____ _____ ____ _____   ____   _    ____  ____  _____ ____  
  _     \ \  |_   _| ____/ ___|_   _| |  _ \ / \  / ___|/ ___|| ____|  _ \ 
 (_)_____| |   | | |  _| \___ \ | |   | |_) / _ \ \___ \\___ \|  _| | | | |
  _|_____| |   | | | |___ ___) || |   |  __/ ___ \ ___) |___) | |___| |_| |
 (_)     | |   |_| |_____|____/ |_|   |_| /_/   \_\____/|____/|_____|____/ 
        /_/                                                                

Authentication Register
----------------------------------------------------------------------------
]]></system-err>
  </testcase>
  <testcase name="Authentication Register #2" classname="Authentication" time="53.934">
    <system-out><![CDATA[
@Auth @Register
Scenario Outline: Authentication Register                                                            &amp#27;[90m# src/test/resources/features/math/atuhentication.feature:20&amp#27;[0m
  &amp#27;[32mGiven &amp#27;[0m&amp#27;[32mi open app&amp#27;[0m                                                                                   &amp#27;[90m# com.example.steps.AuthRegisSteps.iOpenApp()&amp#27;[0m
  &amp#27;[32mAnd &amp#27;[0m&amp#27;[32mi am on the login page&amp#27;[0m                                                                         &amp#27;[90m# com.example.steps.AuthRegisSteps.iAmOnTheLoginPage()&amp#27;[0m
  &amp#27;[32mAnd &amp#27;[0m&amp#27;[32mi click link buat sekarang&amp#27;[0m                                                                     &amp#27;[90m# com.example.steps.AuthRegisSteps.iClickLinkBuatSekarang()&amp#27;[0m
  &amp#27;[32mWhen &amp#27;[0m&amp#27;[32mI input &amp#27;[0m&amp#27;[32m&amp#27;[1m"testing"&amp#27;[0m&amp#27;[32m fullname, &amp#27;[0m&amp#27;[32m&amp#27;[1m"12345678"&amp#27;[0m&amp#27;[32m telp, &amp#27;[0m&amp#27;[32m&amp#27;[1m"testing20@gmail.com"&amp#27;[0m&amp#27;[32m email, dan &amp#27;[0m&amp#27;[32m&amp#27;[1m"password"&amp#27;[0m&amp#27;[32m pass&amp#27;[0m &amp#27;[90m# com.example.steps.AuthRegisSteps.iInputFullnameTelpEmailDanPass(java.lang.String,java.lang.String,java.lang.String,java.lang.String)&amp#27;[0m
  &amp#27;[32mAnd &amp#27;[0m&amp#27;[32mclick &amp#27;[0m&amp#27;[32m&amp#27;[1m"see"&amp#27;[0m&amp#27;[32m see pass register&amp#27;[0m                                                                  &amp#27;[90m# com.example.steps.AuthRegisSteps.clickSeePassRegister(java.lang.String)&amp#27;[0m
  &amp#27;[32mAnd &amp#27;[0m&amp#27;[32mclick &amp#27;[0m&amp#27;[32m&amp#27;[1m"ckls"&amp#27;[0m&amp#27;[32m ckls syarat&amp#27;[0m                                                                       &amp#27;[90m# com.example.steps.AuthRegisSteps.clickCklsSyarat(java.lang.String)&amp#27;[0m
  &amp#27;[32mAnd &amp#27;[0m&amp#27;[32mclick buat akun&amp#27;[0m                                                                                &amp#27;[90m# com.example.steps.AuthRegisSteps.clickBuatAkun()&amp#27;[0m
  &amp#27;[32mThen &amp#27;[0m&amp#27;[32mI get &amp#27;[0m&amp#27;[32m&amp#27;[1m"error regis"&amp#27;[0m&amp#27;[32m result register&amp#27;[0m                                                           &amp#27;[90m# com.example.steps.AuthRegisSteps.iGetResultRegister(java.lang.String)&amp#27;[0m
]]></system-out>
    <system-err><![CDATA[[main] INFO io.cucumber.core.plugin.SerenityReporter - Running feature from file:///D:/TIC/Kampus%20Merdeka/Batch%203/Studi%20Independen/Alterra/Capstone/AutoMobile/sample-mobile-automation/src/test/resources/features/math/atuhentication.feature
[main] WARN io.cucumber.core.plugin.SerenityReporter - Feature from file:///D:/TIC/Kampus%20Merdeka/Batch%203/Studi%20Independen/Alterra/Capstone/AutoMobile/sample-mobile-automation/src/test/resources/features/math/atuhentication.feature is not under the 'features' directory. Requirements report will not be correctly generated!
Dec 23, 2022 7:05:58 PM io.appium.java_client.remote.AppiumCommandExecutor$1 lambda$0
INFO: Detected dialect: W3C
[main] INFO  - 
        __    _____ _____ ____ _____   ____   _    ____  ____  _____ ____  
  _     \ \  |_   _| ____/ ___|_   _| |  _ \ / \  / ___|/ ___|| ____|  _ \ 
 (_)_____| |   | | |  _| \___ \ | |   | |_) / _ \ \___ \\___ \|  _| | | | |
  _|_____| |   | | | |___ ___) || |   |  __/ ___ \ ___) |___) | |___| |_| |
 (_)     | |   |_| |_____|____/ |_|   |_| /_/   \_\____/|____/|_____|____/ 
        /_/                                                                

Authentication Register
----------------------------------------------------------------------------
]]></system-err>
  </testcase>
  <testcase name="Authentication Register #3" classname="Authentication" time="53.641">
    <system-out><![CDATA[
@Auth @Register
Scenario Outline: Authentication Register                  &amp#27;[90m# src/test/resources/features/math/atuhentication.feature:21&amp#27;[0m
  &amp#27;[32mGiven &amp#27;[0m&amp#27;[32mi open app&amp#27;[0m                                         &amp#27;[90m# com.example.steps.AuthRegisSteps.iOpenApp()&amp#27;[0m
  &amp#27;[32mAnd &amp#27;[0m&amp#27;[32mi am on the login page&amp#27;[0m                               &amp#27;[90m# com.example.steps.AuthRegisSteps.iAmOnTheLoginPage()&amp#27;[0m
  &amp#27;[32mAnd &amp#27;[0m&amp#27;[32mi click link buat sekarang&amp#27;[0m                           &amp#27;[90m# com.example.steps.AuthRegisSteps.iClickLinkBuatSekarang()&amp#27;[0m
  &amp#27;[32mWhen &amp#27;[0m&amp#27;[32mI input &amp#27;[0m&amp#27;[32m&amp#27;[1m""&amp#27;[0m&amp#27;[32m fullname, &amp#27;[0m&amp#27;[32m&amp#27;[1m""&amp#27;[0m&amp#27;[32m telp, &amp#27;[0m&amp#27;[32m&amp#27;[1m""&amp#27;[0m&amp#27;[32m email, dan &amp#27;[0m&amp#27;[32m&amp#27;[1m""&amp#27;[0m&amp#27;[32m pass&amp#27;[0m &amp#27;[90m# com.example.steps.AuthRegisSteps.iInputFullnameTelpEmailDanPass(java.lang.String,java.lang.String,java.lang.String,java.lang.String)&amp#27;[0m
  &amp#27;[32mAnd &amp#27;[0m&amp#27;[32mclick &amp#27;[0m&amp#27;[32m&amp#27;[1m"no see"&amp#27;[0m&amp#27;[32m see pass register&amp#27;[0m                     &amp#27;[90m# com.example.steps.AuthRegisSteps.clickSeePassRegister(java.lang.String)&amp#27;[0m
  &amp#27;[32mAnd &amp#27;[0m&amp#27;[32mclick &amp#27;[0m&amp#27;[32m&amp#27;[1m"no ckls"&amp#27;[0m&amp#27;[32m ckls syarat&amp#27;[0m                          &amp#27;[90m# com.example.steps.AuthRegisSteps.clickCklsSyarat(java.lang.String)&amp#27;[0m
  &amp#27;[32mAnd &amp#27;[0m&amp#27;[32mclick buat akun&amp#27;[0m                                      &amp#27;[90m# com.example.steps.AuthRegisSteps.clickBuatAkun()&amp#27;[0m
  &amp#27;[32mThen &amp#27;[0m&amp#27;[32mI get &amp#27;[0m&amp#27;[32m&amp#27;[1m"cant regis"&amp#27;[0m&amp#27;[32m result register&amp#27;[0m                  &amp#27;[90m# com.example.steps.AuthRegisSteps.iGetResultRegister(java.lang.String)&amp#27;[0m
]]></system-out>
    <system-err><![CDATA[[main] INFO io.cucumber.core.plugin.SerenityReporter - Running feature from file:///D:/TIC/Kampus%20Merdeka/Batch%203/Studi%20Independen/Alterra/Capstone/AutoMobile/sample-mobile-automation/src/test/resources/features/math/atuhentication.feature
[main] WARN io.cucumber.core.plugin.SerenityReporter - Feature from file:///D:/TIC/Kampus%20Merdeka/Batch%203/Studi%20Independen/Alterra/Capstone/AutoMobile/sample-mobile-automation/src/test/resources/features/math/atuhentication.feature is not under the 'features' directory. Requirements report will not be correctly generated!
Dec 23, 2022 7:06:53 PM io.appium.java_client.remote.AppiumCommandExecutor$1 lambda$0
INFO: Detected dialect: W3C
]]></system-err>
  </testcase>
  <testcase name="Authentication Register #4" classname="Authentication" time="51.705">
    <system-out><![CDATA[
@Auth @Register
Scenario Outline: Authentication Register                                                     &amp#27;[90m# src/test/resources/features/math/atuhentication.feature:22&amp#27;[0m
  &amp#27;[32mGiven &amp#27;[0m&amp#27;[32mi open app&amp#27;[0m                                                                            &amp#27;[90m# com.example.steps.AuthRegisSteps.iOpenApp()&amp#27;[0m
  &amp#27;[32mAnd &amp#27;[0m&amp#27;[32mi am on the login page&amp#27;[0m                                                                  &amp#27;[90m# com.example.steps.AuthRegisSteps.iAmOnTheLoginPage()&amp#27;[0m
  &amp#27;[32mAnd &amp#27;[0m&amp#27;[32mi click link buat sekarang&amp#27;[0m                                                              &amp#27;[90m# com.example.steps.AuthRegisSteps.iClickLinkBuatSekarang()&amp#27;[0m
  &amp#27;[32mWhen &amp#27;[0m&amp#27;[32mI input &amp#27;[0m&amp#27;[32m&amp#27;[1m""&amp#27;[0m&amp#27;[32m fullname, &amp#27;[0m&amp#27;[32m&amp#27;[1m"12345678"&amp#27;[0m&amp#27;[32m telp, &amp#27;[0m&amp#27;[32m&amp#27;[1m"testing20@gmail.com"&amp#27;[0m&amp#27;[32m email, dan &amp#27;[0m&amp#27;[32m&amp#27;[1m"password"&amp#27;[0m&amp#27;[32m pass&amp#27;[0m &amp#27;[90m# com.example.steps.AuthRegisSteps.iInputFullnameTelpEmailDanPass(java.lang.String,java.lang.String,java.lang.String,java.lang.String)&amp#27;[0m
  &amp#27;[32mAnd &amp#27;[0m&amp#27;[32mclick &amp#27;[0m&amp#27;[32m&amp#27;[1m"see"&amp#27;[0m&amp#27;[32m see pass register&amp#27;[0m                                                           &amp#27;[90m# com.example.steps.AuthRegisSteps.clickSeePassRegister(java.lang.String)&amp#27;[0m
  &amp#27;[32mAnd &amp#27;[0m&amp#27;[32mclick &amp#27;[0m&amp#27;[32m&amp#27;[1m"ckls"&amp#27;[0m&amp#27;[32m ckls syarat&amp#27;[0m                                                                &amp#27;[90m# com.example.steps.AuthRegisSteps.clickCklsSyarat(java.lang.String)&amp#27;[0m
  &amp#27;[32mAnd &amp#27;[0m&amp#27;[32mclick buat akun&amp#27;[0m                                                                         &amp#27;[90m# com.example.steps.AuthRegisSteps.clickBuatAkun()&amp#27;[0m
  &amp#27;[32mThen &amp#27;[0m&amp#27;[32mI get &amp#27;[0m&amp#27;[32m&amp#27;[1m"error fullname"&amp#27;[0m&amp#27;[32m result register&amp#27;[0m                                                 &amp#27;[90m# com.example.steps.AuthRegisSteps.iGetResultRegister(java.lang.String)&amp#27;[0m
]]></system-out>
    <system-err><![CDATA[[main] INFO io.cucumber.core.plugin.SerenityReporter - Running feature from file:///D:/TIC/Kampus%20Merdeka/Batch%203/Studi%20Independen/Alterra/Capstone/AutoMobile/sample-mobile-automation/src/test/resources/features/math/atuhentication.feature
[main] WARN io.cucumber.core.plugin.SerenityReporter - Feature from file:///D:/TIC/Kampus%20Merdeka/Batch%203/Studi%20Independen/Alterra/Capstone/AutoMobile/sample-mobile-automation/src/test/resources/features/math/atuhentication.feature is not under the 'features' directory. Requirements report will not be correctly generated!
Dec 23, 2022 7:07:45 PM io.appium.java_client.remote.AppiumCommandExecutor$1 lambda$0
INFO: Detected dialect: W3C
]]></system-err>
  </testcase>
  <testcase name="Authentication Register #5" classname="Authentication" time="63.859">
    <system-out><![CDATA[
@Auth @Register
Scenario Outline: Authentication Register                                             &amp#27;[90m# src/test/resources/features/math/atuhentication.feature:23&amp#27;[0m
  &amp#27;[32mGiven &amp#27;[0m&amp#27;[32mi open app&amp#27;[0m                                                                    &amp#27;[90m# com.example.steps.AuthRegisSteps.iOpenApp()&amp#27;[0m
  &amp#27;[32mAnd &amp#27;[0m&amp#27;[32mi am on the login page&amp#27;[0m                                                          &amp#27;[90m# com.example.steps.AuthRegisSteps.iAmOnTheLoginPage()&amp#27;[0m
  &amp#27;[32mAnd &amp#27;[0m&amp#27;[32mi click link buat sekarang&amp#27;[0m                                                      &amp#27;[90m# com.example.steps.AuthRegisSteps.iClickLinkBuatSekarang()&amp#27;[0m
  &amp#27;[32mWhen &amp#27;[0m&amp#27;[32mI input &amp#27;[0m&amp#27;[32m&amp#27;[1m""&amp#27;[0m&amp#27;[32m fullname, &amp#27;[0m&amp#27;[32m&amp#27;[1m""&amp#27;[0m&amp#27;[32m telp, &amp#27;[0m&amp#27;[32m&amp#27;[1m"testing20@gmail.com"&amp#27;[0m&amp#27;[32m email, dan &amp#27;[0m&amp#27;[32m&amp#27;[1m"password"&amp#27;[0m&amp#27;[32m pass&amp#27;[0m &amp#27;[90m# com.example.steps.AuthRegisSteps.iInputFullnameTelpEmailDanPass(java.lang.String,java.lang.String,java.lang.String,java.lang.String)&amp#27;[0m
  &amp#27;[32mAnd &amp#27;[0m&amp#27;[32mclick &amp#27;[0m&amp#27;[32m&amp#27;[1m"see"&amp#27;[0m&amp#27;[32m see pass register&amp#27;[0m                                                   &amp#27;[90m# com.example.steps.AuthRegisSteps.clickSeePassRegister(java.lang.String)&amp#27;[0m
  &amp#27;[32mAnd &amp#27;[0m&amp#27;[32mclick &amp#27;[0m&amp#27;[32m&amp#27;[1m"ckls"&amp#27;[0m&amp#27;[32m ckls syarat&amp#27;[0m                                                        &amp#27;[90m# com.example.steps.AuthRegisSteps.clickCklsSyarat(java.lang.String)&amp#27;[0m
  &amp#27;[32mAnd &amp#27;[0m&amp#27;[32mclick buat akun&amp#27;[0m                                                                 &amp#27;[90m# com.example.steps.AuthRegisSteps.clickBuatAkun()&amp#27;[0m
  &amp#27;[32mThen &amp#27;[0m&amp#27;[32mI get &amp#27;[0m&amp#27;[32m&amp#27;[1m"error notelp"&amp#27;[0m&amp#27;[32m result register&amp#27;[0m                                           &amp#27;[90m# com.example.steps.AuthRegisSteps.iGetResultRegister(java.lang.String)&amp#27;[0m
]]></system-out>
    <system-err><![CDATA[[main] INFO io.cucumber.core.plugin.SerenityReporter - Running feature from file:///D:/TIC/Kampus%20Merdeka/Batch%203/Studi%20Independen/Alterra/Capstone/AutoMobile/sample-mobile-automation/src/test/resources/features/math/atuhentication.feature
[main] WARN io.cucumber.core.plugin.SerenityReporter - Feature from file:///D:/TIC/Kampus%20Merdeka/Batch%203/Studi%20Independen/Alterra/Capstone/AutoMobile/sample-mobile-automation/src/test/resources/features/math/atuhentication.feature is not under the 'features' directory. Requirements report will not be correctly generated!
Dec 23, 2022 7:08:40 PM io.appium.java_client.remote.AppiumCommandExecutor$1 lambda$0
INFO: Detected dialect: W3C
]]></system-err>
  </testcase>
  <testcase name="Authentication Register #6" classname="Authentication" time="52.298">
    <system-out><![CDATA[
@Auth @Register
Scenario Outline: Authentication Register                          &amp#27;[90m# src/test/resources/features/math/atuhentication.feature:24&amp#27;[0m
  &amp#27;[32mGiven &amp#27;[0m&amp#27;[32mi open app&amp#27;[0m                                                 &amp#27;[90m# com.example.steps.AuthRegisSteps.iOpenApp()&amp#27;[0m
  &amp#27;[32mAnd &amp#27;[0m&amp#27;[32mi am on the login page&amp#27;[0m                                       &amp#27;[90m# com.example.steps.AuthRegisSteps.iAmOnTheLoginPage()&amp#27;[0m
  &amp#27;[32mAnd &amp#27;[0m&amp#27;[32mi click link buat sekarang&amp#27;[0m                                   &amp#27;[90m# com.example.steps.AuthRegisSteps.iClickLinkBuatSekarang()&amp#27;[0m
  &amp#27;[32mWhen &amp#27;[0m&amp#27;[32mI input &amp#27;[0m&amp#27;[32m&amp#27;[1m""&amp#27;[0m&amp#27;[32m fullname, &amp#27;[0m&amp#27;[32m&amp#27;[1m""&amp#27;[0m&amp#27;[32m telp, &amp#27;[0m&amp#27;[32m&amp#27;[1m""&amp#27;[0m&amp#27;[32m email, dan &amp#27;[0m&amp#27;[32m&amp#27;[1m"password"&amp#27;[0m&amp#27;[32m pass&amp#27;[0m &amp#27;[90m# com.example.steps.AuthRegisSteps.iInputFullnameTelpEmailDanPass(java.lang.String,java.lang.String,java.lang.String,java.lang.String)&amp#27;[0m
  &amp#27;[32mAnd &amp#27;[0m&amp#27;[32mclick &amp#27;[0m&amp#27;[32m&amp#27;[1m"see"&amp#27;[0m&amp#27;[32m see pass register&amp#27;[0m                                &amp#27;[90m# com.example.steps.AuthRegisSteps.clickSeePassRegister(java.lang.String)&amp#27;[0m
  &amp#27;[32mAnd &amp#27;[0m&amp#27;[32mclick &amp#27;[0m&amp#27;[32m&amp#27;[1m"no ckls"&amp#27;[0m&amp#27;[32m ckls syarat&amp#27;[0m                                  &amp#27;[90m# com.example.steps.AuthRegisSteps.clickCklsSyarat(java.lang.String)&amp#27;[0m
  &amp#27;[32mAnd &amp#27;[0m&amp#27;[32mclick buat akun&amp#27;[0m                                              &amp#27;[90m# com.example.steps.AuthRegisSteps.clickBuatAkun()&amp#27;[0m
  &amp#27;[32mThen &amp#27;[0m&amp#27;[32mI get &amp#27;[0m&amp#27;[32m&amp#27;[1m"error email"&amp#27;[0m&amp#27;[32m result register&amp#27;[0m                         &amp#27;[90m# com.example.steps.AuthRegisSteps.iGetResultRegister(java.lang.String)&amp#27;[0m
]]></system-out>
    <system-err><![CDATA[[main] INFO io.cucumber.core.plugin.SerenityReporter - Running feature from file:///D:/TIC/Kampus%20Merdeka/Batch%203/Studi%20Independen/Alterra/Capstone/AutoMobile/sample-mobile-automation/src/test/resources/features/math/atuhentication.feature
[main] WARN io.cucumber.core.plugin.SerenityReporter - Feature from file:///D:/TIC/Kampus%20Merdeka/Batch%203/Studi%20Independen/Alterra/Capstone/AutoMobile/sample-mobile-automation/src/test/resources/features/math/atuhentication.feature is not under the 'features' directory. Requirements report will not be correctly generated!
Dec 23, 2022 7:09:38 PM io.appium.java_client.remote.AppiumCommandExecutor$1 lambda$0
INFO: Detected dialect: W3C
]]></system-err>
  </testcase>
  <testcase name="Authentication Register #7" classname="Authentication" time="55.95">
    <system-out><![CDATA[
@Auth @Register
Scenario Outline: Authentication Register                                                    &amp#27;[90m# src/test/resources/features/math/atuhentication.feature:25&amp#27;[0m
  &amp#27;[32mGiven &amp#27;[0m&amp#27;[32mi open app&amp#27;[0m                                                                           &amp#27;[90m# com.example.steps.AuthRegisSteps.iOpenApp()&amp#27;[0m
  &amp#27;[32mAnd &amp#27;[0m&amp#27;[32mi am on the login page&amp#27;[0m                                                                 &amp#27;[90m# com.example.steps.AuthRegisSteps.iAmOnTheLoginPage()&amp#27;[0m
  &amp#27;[32mAnd &amp#27;[0m&amp#27;[32mi click link buat sekarang&amp#27;[0m                                                             &amp#27;[90m# com.example.steps.AuthRegisSteps.iClickLinkBuatSekarang()&amp#27;[0m
  &amp#27;[32mWhen &amp#27;[0m&amp#27;[32mI input &amp#27;[0m&amp#27;[32m&amp#27;[1m"testing"&amp#27;[0m&amp#27;[32m fullname, &amp#27;[0m&amp#27;[32m&amp#27;[1m""&amp#27;[0m&amp#27;[32m telp, &amp#27;[0m&amp#27;[32m&amp#27;[1m"testing20@gmail.com"&amp#27;[0m&amp#27;[32m email, dan &amp#27;[0m&amp#27;[32m&amp#27;[1m"password"&amp#27;[0m&amp#27;[32m pass&amp#27;[0m &amp#27;[90m# com.example.steps.AuthRegisSteps.iInputFullnameTelpEmailDanPass(java.lang.String,java.lang.String,java.lang.String,java.lang.String)&amp#27;[0m
  &amp#27;[32mAnd &amp#27;[0m&amp#27;[32mclick &amp#27;[0m&amp#27;[32m&amp#27;[1m"see"&amp#27;[0m&amp#27;[32m see pass register&amp#27;[0m                                                          &amp#27;[90m# com.example.steps.AuthRegisSteps.clickSeePassRegister(java.lang.String)&amp#27;[0m
  &amp#27;[32mAnd &amp#27;[0m&amp#27;[32mclick &amp#27;[0m&amp#27;[32m&amp#27;[1m"no ckls"&amp#27;[0m&amp#27;[32m ckls syarat&amp#27;[0m                                                            &amp#27;[90m# com.example.steps.AuthRegisSteps.clickCklsSyarat(java.lang.String)&amp#27;[0m
  &amp#27;[32mAnd &amp#27;[0m&amp#27;[32mclick buat akun&amp#27;[0m                                                                        &amp#27;[90m# com.example.steps.AuthRegisSteps.clickBuatAkun()&amp#27;[0m
  &amp#27;[32mThen &amp#27;[0m&amp#27;[32mI get &amp#27;[0m&amp#27;[32m&amp#27;[1m"error notelp"&amp#27;[0m&amp#27;[32m result register&amp#27;[0m                                                  &amp#27;[90m# com.example.steps.AuthRegisSteps.iGetResultRegister(java.lang.String)&amp#27;[0m
]]></system-out>
    <system-err><![CDATA[[main] INFO io.cucumber.core.plugin.SerenityReporter - Running feature from file:///D:/TIC/Kampus%20Merdeka/Batch%203/Studi%20Independen/Alterra/Capstone/AutoMobile/sample-mobile-automation/src/test/resources/features/math/atuhentication.feature
[main] WARN io.cucumber.core.plugin.SerenityReporter - Feature from file:///D:/TIC/Kampus%20Merdeka/Batch%203/Studi%20Independen/Alterra/Capstone/AutoMobile/sample-mobile-automation/src/test/resources/features/math/atuhentication.feature is not under the 'features' directory. Requirements report will not be correctly generated!
Dec 23, 2022 7:10:33 PM io.appium.java_client.remote.AppiumCommandExecutor$1 lambda$0
INFO: Detected dialect: W3C
]]></system-err>
  </testcase>
  <testcase name="Authentication Register #8" classname="Authentication" time="54.144">
    <system-out><![CDATA[
@Auth @Register
Scenario Outline: Authentication Register                                 &amp#27;[90m# src/test/resources/features/math/atuhentication.feature:26&amp#27;[0m
  &amp#27;[32mGiven &amp#27;[0m&amp#27;[32mi open app&amp#27;[0m                                                        &amp#27;[90m# com.example.steps.AuthRegisSteps.iOpenApp()&amp#27;[0m
  &amp#27;[32mAnd &amp#27;[0m&amp#27;[32mi am on the login page&amp#27;[0m                                              &amp#27;[90m# com.example.steps.AuthRegisSteps.iAmOnTheLoginPage()&amp#27;[0m
  &amp#27;[32mAnd &amp#27;[0m&amp#27;[32mi click link buat sekarang&amp#27;[0m                                          &amp#27;[90m# com.example.steps.AuthRegisSteps.iClickLinkBuatSekarang()&amp#27;[0m
  &amp#27;[32mWhen &amp#27;[0m&amp#27;[32mI input &amp#27;[0m&amp#27;[32m&amp#27;[1m"testing"&amp#27;[0m&amp#27;[32m fullname, &amp#27;[0m&amp#27;[32m&amp#27;[1m""&amp#27;[0m&amp#27;[32m telp, &amp#27;[0m&amp#27;[32m&amp#27;[1m""&amp#27;[0m&amp#27;[32m email, dan &amp#27;[0m&amp#27;[32m&amp#27;[1m"password"&amp#27;[0m&amp#27;[32m pass&amp#27;[0m &amp#27;[90m# com.example.steps.AuthRegisSteps.iInputFullnameTelpEmailDanPass(java.lang.String,java.lang.String,java.lang.String,java.lang.String)&amp#27;[0m
  &amp#27;[32mAnd &amp#27;[0m&amp#27;[32mclick &amp#27;[0m&amp#27;[32m&amp#27;[1m"see"&amp#27;[0m&amp#27;[32m see pass register&amp#27;[0m                                       &amp#27;[90m# com.example.steps.AuthRegisSteps.clickSeePassRegister(java.lang.String)&amp#27;[0m
  &amp#27;[32mAnd &amp#27;[0m&amp#27;[32mclick &amp#27;[0m&amp#27;[32m&amp#27;[1m"ckls"&amp#27;[0m&amp#27;[32m ckls syarat&amp#27;[0m                                            &amp#27;[90m# com.example.steps.AuthRegisSteps.clickCklsSyarat(java.lang.String)&amp#27;[0m
  &amp#27;[32mAnd &amp#27;[0m&amp#27;[32mclick buat akun&amp#27;[0m                                                     &amp#27;[90m# com.example.steps.AuthRegisSteps.clickBuatAkun()&amp#27;[0m
  &amp#27;[32mThen &amp#27;[0m&amp#27;[32mI get &amp#27;[0m&amp#27;[32m&amp#27;[1m"error notelp"&amp#27;[0m&amp#27;[32m result register&amp#27;[0m                               &amp#27;[90m# com.example.steps.AuthRegisSteps.iGetResultRegister(java.lang.String)&amp#27;[0m
]]></system-out>
    <system-err><![CDATA[[main] INFO io.cucumber.core.plugin.SerenityReporter - Running feature from file:///D:/TIC/Kampus%20Merdeka/Batch%203/Studi%20Independen/Alterra/Capstone/AutoMobile/sample-mobile-automation/src/test/resources/features/math/atuhentication.feature
[main] WARN io.cucumber.core.plugin.SerenityReporter - Feature from file:///D:/TIC/Kampus%20Merdeka/Batch%203/Studi%20Independen/Alterra/Capstone/AutoMobile/sample-mobile-automation/src/test/resources/features/math/atuhentication.feature is not under the 'features' directory. Requirements report will not be correctly generated!
Dec 23, 2022 7:11:29 PM io.appium.java_client.remote.AppiumCommandExecutor$1 lambda$0
INFO: Detected dialect: W3C
]]></system-err>
  </testcase>
  <testcase name="Authentication Register #9" classname="Authentication" time="57.259">
    <system-out><![CDATA[
@Auth @Register
Scenario Outline: Authentication Register                         &amp#27;[90m# src/test/resources/features/math/atuhentication.feature:27&amp#27;[0m
  &amp#27;[32mGiven &amp#27;[0m&amp#27;[32mi open app&amp#27;[0m                                                &amp#27;[90m# com.example.steps.AuthRegisSteps.iOpenApp()&amp#27;[0m
  &amp#27;[32mAnd &amp#27;[0m&amp#27;[32mi am on the login page&amp#27;[0m                                      &amp#27;[90m# com.example.steps.AuthRegisSteps.iAmOnTheLoginPage()&amp#27;[0m
  &amp#27;[32mAnd &amp#27;[0m&amp#27;[32mi click link buat sekarang&amp#27;[0m                                  &amp#27;[90m# com.example.steps.AuthRegisSteps.iClickLinkBuatSekarang()&amp#27;[0m
  &amp#27;[32mWhen &amp#27;[0m&amp#27;[32mI input &amp#27;[0m&amp#27;[32m&amp#27;[1m"testing"&amp#27;[0m&amp#27;[32m fullname, &amp#27;[0m&amp#27;[32m&amp#27;[1m""&amp#27;[0m&amp#27;[32m telp, &amp#27;[0m&amp#27;[32m&amp#27;[1m""&amp#27;[0m&amp#27;[32m email, dan &amp#27;[0m&amp#27;[32m&amp#27;[1m""&amp#27;[0m&amp#27;[32m pass&amp#27;[0m &amp#27;[90m# com.example.steps.AuthRegisSteps.iInputFullnameTelpEmailDanPass(java.lang.String,java.lang.String,java.lang.String,java.lang.String)&amp#27;[0m
  &amp#27;[32mAnd &amp#27;[0m&amp#27;[32mclick &amp#27;[0m&amp#27;[32m&amp#27;[1m"no see"&amp#27;[0m&amp#27;[32m see pass register&amp#27;[0m                            &amp#27;[90m# com.example.steps.AuthRegisSteps.clickSeePassRegister(java.lang.String)&amp#27;[0m
  &amp#27;[32mAnd &amp#27;[0m&amp#27;[32mclick &amp#27;[0m&amp#27;[32m&amp#27;[1m"no ckls"&amp#27;[0m&amp#27;[32m ckls syarat&amp#27;[0m                                 &amp#27;[90m# com.example.steps.AuthRegisSteps.clickCklsSyarat(java.lang.String)&amp#27;[0m
  &amp#27;[32mAnd &amp#27;[0m&amp#27;[32mclick buat akun&amp#27;[0m                                             &amp#27;[90m# com.example.steps.AuthRegisSteps.clickBuatAkun()&amp#27;[0m
  &amp#27;[32mThen &amp#27;[0m&amp#27;[32mI get &amp#27;[0m&amp#27;[32m&amp#27;[1m"error email"&amp#27;[0m&amp#27;[32m result register&amp#27;[0m                        &amp#27;[90m# com.example.steps.AuthRegisSteps.iGetResultRegister(java.lang.String)&amp#27;[0m
]]></system-out>
    <system-err><![CDATA[[main] INFO io.cucumber.core.plugin.SerenityReporter - Running feature from file:///D:/TIC/Kampus%20Merdeka/Batch%203/Studi%20Independen/Alterra/Capstone/AutoMobile/sample-mobile-automation/src/test/resources/features/math/atuhentication.feature
[main] WARN io.cucumber.core.plugin.SerenityReporter - Feature from file:///D:/TIC/Kampus%20Merdeka/Batch%203/Studi%20Independen/Alterra/Capstone/AutoMobile/sample-mobile-automation/src/test/resources/features/math/atuhentication.feature is not under the 'features' directory. Requirements report will not be correctly generated!
Dec 23, 2022 7:12:23 PM io.appium.java_client.remote.AppiumCommandExecutor$1 lambda$0
INFO: Detected dialect: W3C
]]></system-err>
  </testcase>
  <testcase name="Authentication Register #10" classname="Authentication" time="50.188">
    <system-out><![CDATA[
@Auth @Register
Scenario Outline: Authentication Register                                         &amp#27;[90m# src/test/resources/features/math/atuhentication.feature:28&amp#27;[0m
  &amp#27;[32mGiven &amp#27;[0m&amp#27;[32mi open app&amp#27;[0m                                                                &amp#27;[90m# com.example.steps.AuthRegisSteps.iOpenApp()&amp#27;[0m
  &amp#27;[32mAnd &amp#27;[0m&amp#27;[32mi am on the login page&amp#27;[0m                                                      &amp#27;[90m# com.example.steps.AuthRegisSteps.iAmOnTheLoginPage()&amp#27;[0m
  &amp#27;[32mAnd &amp#27;[0m&amp#27;[32mi click link buat sekarang&amp#27;[0m                                                  &amp#27;[90m# com.example.steps.AuthRegisSteps.iClickLinkBuatSekarang()&amp#27;[0m
  &amp#27;[32mWhen &amp#27;[0m&amp#27;[32mI input &amp#27;[0m&amp#27;[32m&amp#27;[1m"testing"&amp#27;[0m&amp#27;[32m fullname, &amp#27;[0m&amp#27;[32m&amp#27;[1m"12345678"&amp#27;[0m&amp#27;[32m telp, &amp#27;[0m&amp#27;[32m&amp#27;[1m""&amp#27;[0m&amp#27;[32m email, dan &amp#27;[0m&amp#27;[32m&amp#27;[1m"password"&amp#27;[0m&amp#27;[32m pass&amp#27;[0m &amp#27;[90m# com.example.steps.AuthRegisSteps.iInputFullnameTelpEmailDanPass(java.lang.String,java.lang.String,java.lang.String,java.lang.String)&amp#27;[0m
  &amp#27;[32mAnd &amp#27;[0m&amp#27;[32mclick &amp#27;[0m&amp#27;[32m&amp#27;[1m"see"&amp#27;[0m&amp#27;[32m see pass register&amp#27;[0m                                               &amp#27;[90m# com.example.steps.AuthRegisSteps.clickSeePassRegister(java.lang.String)&amp#27;[0m
  &amp#27;[32mAnd &amp#27;[0m&amp#27;[32mclick &amp#27;[0m&amp#27;[32m&amp#27;[1m"ckls"&amp#27;[0m&amp#27;[32m ckls syarat&amp#27;[0m                                                    &amp#27;[90m# com.example.steps.AuthRegisSteps.clickCklsSyarat(java.lang.String)&amp#27;[0m
  &amp#27;[32mAnd &amp#27;[0m&amp#27;[32mclick buat akun&amp#27;[0m                                                             &amp#27;[90m# com.example.steps.AuthRegisSteps.clickBuatAkun()&amp#27;[0m
  &amp#27;[32mThen &amp#27;[0m&amp#27;[32mI get &amp#27;[0m&amp#27;[32m&amp#27;[1m"error email"&amp#27;[0m&amp#27;[32m result register&amp#27;[0m                                        &amp#27;[90m# com.example.steps.AuthRegisSteps.iGetResultRegister(java.lang.String)&amp#27;[0m
]]></system-out>
    <system-err><![CDATA[[main] INFO io.cucumber.core.plugin.SerenityReporter - Running feature from file:///D:/TIC/Kampus%20Merdeka/Batch%203/Studi%20Independen/Alterra/Capstone/AutoMobile/sample-mobile-automation/src/test/resources/features/math/atuhentication.feature
[main] WARN io.cucumber.core.plugin.SerenityReporter - Feature from file:///D:/TIC/Kampus%20Merdeka/Batch%203/Studi%20Independen/Alterra/Capstone/AutoMobile/sample-mobile-automation/src/test/resources/features/math/atuhentication.feature is not under the 'features' directory. Requirements report will not be correctly generated!
Dec 23, 2022 7:13:17 PM io.appium.java_client.remote.AppiumCommandExecutor$1 lambda$0
INFO: Detected dialect: W3C
]]></system-err>
  </testcase>
  <testcase name="Authentication Register #11" classname="Authentication" time="67.355">
    <system-out><![CDATA[
@Auth @Register
Scenario Outline: Authentication Register                                 &amp#27;[90m# src/test/resources/features/math/atuhentication.feature:29&amp#27;[0m
  &amp#27;[32mGiven &amp#27;[0m&amp#27;[32mi open app&amp#27;[0m                                                        &amp#27;[90m# com.example.steps.AuthRegisSteps.iOpenApp()&amp#27;[0m
  &amp#27;[32mAnd &amp#27;[0m&amp#27;[32mi am on the login page&amp#27;[0m                                              &amp#27;[90m# com.example.steps.AuthRegisSteps.iAmOnTheLoginPage()&amp#27;[0m
  &amp#27;[32mAnd &amp#27;[0m&amp#27;[32mi click link buat sekarang&amp#27;[0m                                          &amp#27;[90m# com.example.steps.AuthRegisSteps.iClickLinkBuatSekarang()&amp#27;[0m
  &amp#27;[32mWhen &amp#27;[0m&amp#27;[32mI input &amp#27;[0m&amp#27;[32m&amp#27;[1m"testing"&amp#27;[0m&amp#27;[32m fullname, &amp#27;[0m&amp#27;[32m&amp#27;[1m"12345678"&amp#27;[0m&amp#27;[32m telp, &amp#27;[0m&amp#27;[32m&amp#27;[1m""&amp#27;[0m&amp#27;[32m email, dan &amp#27;[0m&amp#27;[32m&amp#27;[1m""&amp#27;[0m&amp#27;[32m pass&amp#27;[0m &amp#27;[90m# com.example.steps.AuthRegisSteps.iInputFullnameTelpEmailDanPass(java.lang.String,java.lang.String,java.lang.String,java.lang.String)&amp#27;[0m
  &amp#27;[32mAnd &amp#27;[0m&amp#27;[32mclick &amp#27;[0m&amp#27;[32m&amp#27;[1m"no see"&amp#27;[0m&amp#27;[32m see pass register&amp#27;[0m                                    &amp#27;[90m# com.example.steps.AuthRegisSteps.clickSeePassRegister(java.lang.String)&amp#27;[0m
  &amp#27;[32mAnd &amp#27;[0m&amp#27;[32mclick &amp#27;[0m&amp#27;[32m&amp#27;[1m"no ckls"&amp#27;[0m&amp#27;[32m ckls syarat&amp#27;[0m                                         &amp#27;[90m# com.example.steps.AuthRegisSteps.clickCklsSyarat(java.lang.String)&amp#27;[0m
  &amp#27;[32mAnd &amp#27;[0m&amp#27;[32mclick buat akun&amp#27;[0m                                                     &amp#27;[90m# com.example.steps.AuthRegisSteps.clickBuatAkun()&amp#27;[0m
  &amp#27;[32mThen &amp#27;[0m&amp#27;[32mI get &amp#27;[0m&amp#27;[32m&amp#27;[1m"error pass"&amp#27;[0m&amp#27;[32m result register&amp#27;[0m                                 &amp#27;[90m# com.example.steps.AuthRegisSteps.iGetResultRegister(java.lang.String)&amp#27;[0m
]]></system-out>
    <system-err><![CDATA[[main] INFO io.cucumber.core.plugin.SerenityReporter - Running feature from file:///D:/TIC/Kampus%20Merdeka/Batch%203/Studi%20Independen/Alterra/Capstone/AutoMobile/sample-mobile-automation/src/test/resources/features/math/atuhentication.feature
[main] WARN io.cucumber.core.plugin.SerenityReporter - Feature from file:///D:/TIC/Kampus%20Merdeka/Batch%203/Studi%20Independen/Alterra/Capstone/AutoMobile/sample-mobile-automation/src/test/resources/features/math/atuhentication.feature is not under the 'features' directory. Requirements report will not be correctly generated!
Dec 23, 2022 7:14:12 PM io.appium.java_client.remote.AppiumCommandExecutor$1 lambda$0
INFO: Detected dialect: W3C
]]></system-err>
  </testcase>
  <testcase name="Authentication Register #12" classname="Authentication" time="55.761">
    <system-out><![CDATA[
@Auth @Register
Scenario Outline: Authentication Register                          &amp#27;[90m# src/test/resources/features/math/atuhentication.feature:30&amp#27;[0m
  &amp#27;[32mGiven &amp#27;[0m&amp#27;[32mi open app&amp#27;[0m                                                 &amp#27;[90m# com.example.steps.AuthRegisSteps.iOpenApp()&amp#27;[0m
  &amp#27;[32mAnd &amp#27;[0m&amp#27;[32mi am on the login page&amp#27;[0m                                       &amp#27;[90m# com.example.steps.AuthRegisSteps.iAmOnTheLoginPage()&amp#27;[0m
  &amp#27;[32mAnd &amp#27;[0m&amp#27;[32mi click link buat sekarang&amp#27;[0m                                   &amp#27;[90m# com.example.steps.AuthRegisSteps.iClickLinkBuatSekarang()&amp#27;[0m
  &amp#27;[32mWhen &amp#27;[0m&amp#27;[32mI input &amp#27;[0m&amp#27;[32m&amp#27;[1m""&amp#27;[0m&amp#27;[32m fullname, &amp#27;[0m&amp#27;[32m&amp#27;[1m"12345678"&amp#27;[0m&amp#27;[32m telp, &amp#27;[0m&amp#27;[32m&amp#27;[1m""&amp#27;[0m&amp#27;[32m email, dan &amp#27;[0m&amp#27;[32m&amp#27;[1m""&amp#27;[0m&amp#27;[32m pass&amp#27;[0m &amp#27;[90m# com.example.steps.AuthRegisSteps.iInputFullnameTelpEmailDanPass(java.lang.String,java.lang.String,java.lang.String,java.lang.String)&amp#27;[0m
  &amp#27;[32mAnd &amp#27;[0m&amp#27;[32mclick &amp#27;[0m&amp#27;[32m&amp#27;[1m"no see"&amp#27;[0m&amp#27;[32m see pass register&amp#27;[0m                             &amp#27;[90m# com.example.steps.AuthRegisSteps.clickSeePassRegister(java.lang.String)&amp#27;[0m
  &amp#27;[32mAnd &amp#27;[0m&amp#27;[32mclick &amp#27;[0m&amp#27;[32m&amp#27;[1m"no ckls"&amp#27;[0m&amp#27;[32m ckls syarat&amp#27;[0m                                  &amp#27;[90m# com.example.steps.AuthRegisSteps.clickCklsSyarat(java.lang.String)&amp#27;[0m
  &amp#27;[32mAnd &amp#27;[0m&amp#27;[32mclick buat akun&amp#27;[0m                                              &amp#27;[90m# com.example.steps.AuthRegisSteps.clickBuatAkun()&amp#27;[0m
  &amp#27;[32mThen &amp#27;[0m&amp#27;[32mI get &amp#27;[0m&amp#27;[32m&amp#27;[1m"error fullname"&amp#27;[0m&amp#27;[32m result register&amp#27;[0m                      &amp#27;[90m# com.example.steps.AuthRegisSteps.iGetResultRegister(java.lang.String)&amp#27;[0m
]]></system-out>
    <system-err><![CDATA[[main] INFO io.cucumber.core.plugin.SerenityReporter - Running feature from file:///D:/TIC/Kampus%20Merdeka/Batch%203/Studi%20Independen/Alterra/Capstone/AutoMobile/sample-mobile-automation/src/test/resources/features/math/atuhentication.feature
[main] WARN io.cucumber.core.plugin.SerenityReporter - Feature from file:///D:/TIC/Kampus%20Merdeka/Batch%203/Studi%20Independen/Alterra/Capstone/AutoMobile/sample-mobile-automation/src/test/resources/features/math/atuhentication.feature is not under the 'features' directory. Requirements report will not be correctly generated!
Dec 23, 2022 7:15:19 PM io.appium.java_client.remote.AppiumCommandExecutor$1 lambda$0
INFO: Detected dialect: W3C
]]></system-err>
  </testcase>
  <testcase name="Authentication Register #13" classname="Authentication" time="52.149">
    <system-out><![CDATA[
@Auth @Register
Scenario Outline: Authentication Register                                                    &amp#27;[90m# src/test/resources/features/math/atuhentication.feature:31&amp#27;[0m
  &amp#27;[32mGiven &amp#27;[0m&amp#27;[32mi open app&amp#27;[0m                                                                           &amp#27;[90m# com.example.steps.AuthRegisSteps.iOpenApp()&amp#27;[0m
  &amp#27;[32mAnd &amp#27;[0m&amp#27;[32mi am on the login page&amp#27;[0m                                                                 &amp#27;[90m# com.example.steps.AuthRegisSteps.iAmOnTheLoginPage()&amp#27;[0m
  &amp#27;[32mAnd &amp#27;[0m&amp#27;[32mi click link buat sekarang&amp#27;[0m                                                             &amp#27;[90m# com.example.steps.AuthRegisSteps.iClickLinkBuatSekarang()&amp#27;[0m
  &amp#27;[32mWhen &amp#27;[0m&amp#27;[32mI input &amp#27;[0m&amp#27;[32m&amp#27;[1m"testing"&amp#27;[0m&amp#27;[32m fullname, &amp#27;[0m&amp#27;[32m&amp#27;[1m"12345678"&amp#27;[0m&amp#27;[32m telp, &amp#27;[0m&amp#27;[32m&amp#27;[1m"testing20@gmail.com"&amp#27;[0m&amp#27;[32m email, dan &amp#27;[0m&amp#27;[32m&amp#27;[1m""&amp#27;[0m&amp#27;[32m pass&amp#27;[0m &amp#27;[90m# com.example.steps.AuthRegisSteps.iInputFullnameTelpEmailDanPass(java.lang.String,java.lang.String,java.lang.String,java.lang.String)&amp#27;[0m
  &amp#27;[32mAnd &amp#27;[0m&amp#27;[32mclick &amp#27;[0m&amp#27;[32m&amp#27;[1m"no see"&amp#27;[0m&amp#27;[32m see pass register&amp#27;[0m                                                       &amp#27;[90m# com.example.steps.AuthRegisSteps.clickSeePassRegister(java.lang.String)&amp#27;[0m
  &amp#27;[32mAnd &amp#27;[0m&amp#27;[32mclick &amp#27;[0m&amp#27;[32m&amp#27;[1m"ckls"&amp#27;[0m&amp#27;[32m ckls syarat&amp#27;[0m                                                               &amp#27;[90m# com.example.steps.AuthRegisSteps.clickCklsSyarat(java.lang.String)&amp#27;[0m
  &amp#27;[32mAnd &amp#27;[0m&amp#27;[32mclick buat akun&amp#27;[0m                                                                        &amp#27;[90m# com.example.steps.AuthRegisSteps.clickBuatAkun()&amp#27;[0m
  &amp#27;[32mThen &amp#27;[0m&amp#27;[32mI get &amp#27;[0m&amp#27;[32m&amp#27;[1m"error pass"&amp#27;[0m&amp#27;[32m result register&amp#27;[0m                                                    &amp#27;[90m# com.example.steps.AuthRegisSteps.iGetResultRegister(java.lang.String)&amp#27;[0m
]]></system-out>
    <system-err><![CDATA[[main] INFO io.cucumber.core.plugin.SerenityReporter - Running feature from file:///D:/TIC/Kampus%20Merdeka/Batch%203/Studi%20Independen/Alterra/Capstone/AutoMobile/sample-mobile-automation/src/test/resources/features/math/atuhentication.feature
[main] WARN io.cucumber.core.plugin.SerenityReporter - Feature from file:///D:/TIC/Kampus%20Merdeka/Batch%203/Studi%20Independen/Alterra/Capstone/AutoMobile/sample-mobile-automation/src/test/resources/features/math/atuhentication.feature is not under the 'features' directory. Requirements report will not be correctly generated!
Dec 23, 2022 7:16:14 PM io.appium.java_client.remote.AppiumCommandExecutor$1 lambda$0
INFO: Detected dialect: W3C
]]></system-err>
  </testcase>
  <testcase name="Authentication Register #14" classname="Authentication" time="96.592">
    <error type="org.openqa.selenium.TimeoutException"><![CDATA[org.openqa.selenium.TimeoutException: Expected condition failed: waiting for visibility of element located by By.AccessibilityId: Enter min. 8 digit (tried for 30 second(s) with 1000 milliseconds interval)
Caused by: org.openqa.selenium.NoSuchElementException: 
An element could not be located on the page using the given search parameters.
For documentation on this error, please visit: https://www.seleniumhq.org/exceptions/no_such_element.html
Build info: version: '3.141.59', revision: 'e82be7d358', time: '2018-11-14T08:17:03'
System info: host: 'MYLNAP', ip: '192.168.130.45', os.name: 'Windows 11', os.arch: 'amd64', os.version: '10.0', java.version: '11.0.16'
Driver info: io.appium.java_client.android.AndroidDriver
Capabilities {app: D:\TIC\Kampus Merdeka\Batch..., appPackage: com.example.geinterra_apps, automationName: UIAutomator2, databaseEnabled: false, desired: {app: D:\TIC\Kampus Merdeka\Batch..., automationName: UIAutomator2, platformName: android, platformVersion: 12, unicodeKeyboard: true}, deviceApiLevel: 31, deviceManufacturer: vivo, deviceModel: V2027, deviceName: 5c4a3aa1, deviceScreenDensity: 320, deviceScreenSize: 720x1600, deviceUDID: 5c4a3aa1, javascriptEnabled: true, locationContextEnabled: false, networkConnectionEnabled: true, pixelRatio: 2, platform: LINUX, platformName: Android, platformVersion: 12, statBarHeight: 56, takesScreenshot: true, unicodeKeyboard: true, viewportRect: {height: 1414, left: 0, top: 56, width: 720}, warnings: {}, webStorageEnabled: false}
Session ID: 6e11a5a1-eec7-4f19-899f-88181663cb69
*** Element info: {Using=accessibility id, value=Enter min. 8 digit}
]]></error>
    <system-out><![CDATA[
@Auth @Register
Scenario Outline: Authentication Register                                                             &amp#27;[90m# src/test/resources/features/math/atuhentication.feature:32&amp#27;[0m
  &amp#27;[32mGiven &amp#27;[0m&amp#27;[32mi open app&amp#27;[0m                                                                                    &amp#27;[90m# com.example.steps.AuthRegisSteps.iOpenApp()&amp#27;[0m
  &amp#27;[32mAnd &amp#27;[0m&amp#27;[32mi am on the login page&amp#27;[0m                                                                          &amp#27;[90m# com.example.steps.AuthRegisSteps.iAmOnTheLoginPage()&amp#27;[0m
  &amp#27;[32mAnd &amp#27;[0m&amp#27;[32mi click link buat sekarang&amp#27;[0m                                                                      &amp#27;[90m# com.example.steps.AuthRegisSteps.iClickLinkBuatSekarang()&amp#27;[0m
  &amp#27;[32mWhen &amp#27;[0m&amp#27;[32mI input &amp#27;[0m&amp#27;[32m&amp#27;[1m"testing"&amp#27;[0m&amp#27;[32m fullname, &amp#27;[0m&amp#27;[32m&amp#27;[1m"123456abc"&amp#27;[0m&amp#27;[32m telp, &amp#27;[0m&amp#27;[32m&amp#27;[1m"testing20@gmail.com"&amp#27;[0m&amp#27;[32m email, dan &amp#27;[0m&amp#27;[32m&amp#27;[1m"password"&amp#27;[0m&amp#27;[32m pass&amp#27;[0m &amp#27;[90m# com.example.steps.AuthRegisSteps.iInputFullnameTelpEmailDanPass(java.lang.String,java.lang.String,java.lang.String,java.lang.String)&amp#27;[0m
  &amp#27;[32mAnd &amp#27;[0m&amp#27;[32mclick &amp#27;[0m&amp#27;[32m&amp#27;[1m"see"&amp#27;[0m&amp#27;[32m see pass register&amp#27;[0m                                                                   &amp#27;[90m# com.example.steps.AuthRegisSteps.clickSeePassRegister(java.lang.String)&amp#27;[0m
  &amp#27;[32mAnd &amp#27;[0m&amp#27;[32mclick &amp#27;[0m&amp#27;[32m&amp#27;[1m"ckls"&amp#27;[0m&amp#27;[32m ckls syarat&amp#27;[0m                                                                        &amp#27;[90m# com.example.steps.AuthRegisSteps.clickCklsSyarat(java.lang.String)&amp#27;[0m
  &amp#27;[32mAnd &amp#27;[0m&amp#27;[32mclick buat akun&amp#27;[0m                                                                                 &amp#27;[90m# com.example.steps.AuthRegisSteps.clickBuatAkun()&amp#27;[0m
  &amp#27;[31mThen &amp#27;[0m&amp#27;[31mI get &amp#27;[0m&amp#27;[31m&amp#27;[1m"error notelp"&amp#27;[0m&amp#27;[31m result register&amp#27;[0m                                                           &amp#27;[90m# com.example.steps.AuthRegisSteps.iGetResultRegister(java.lang.String)&amp#27;[0m
      &amp#27;[31morg.openqa.selenium.TimeoutException: Expected condition failed: waiting for visibility of element located by By.AccessibilityId: Enter min. 8 digit (tried for 30 second(s) with 1000 milliseconds interval)
	at org.openqa.selenium.support.ui.WebDriverWait.timeoutException(WebDriverWait.java:95)
	at org.openqa.selenium.support.ui.FluentWait.until(FluentWait.java:272)
	at sample.mobile.automation@1.0-SNAPSHOT/com.example.app.base.BasePageObject.find(BasePageObject.java:29)
	at sample.mobile.automation@1.0-SNAPSHOT/com.example.app.base.BasePageObject.isDisplayed(BasePageObject.java:46)
	at sample.mobile.automation@1.0-SNAPSHOT/com.example.app.page.AuthRegisterPage.setErrNoTelp(AuthRegisterPage.java:67)
	at sample.mobile.automation@1.0-SNAPSHOT/com.example.steps.AuthRegisSteps.iGetResultRegister(AuthRegisSteps.java:79)
	at âœ½.I get "error notelp" result register(file:///D:/TIC/Kampus%20Merdeka/Batch%203/Studi%20Independen/Alterra/Capstone/AutoMobile/sample-mobile-automation/src/test/resources/features/math/atuhentication.feature:16)
Caused by: org.openqa.selenium.NoSuchElementException: An element could not be located on the page using the given search parameters.
For documentation on this error, please visit: https://www.seleniumhq.org/exceptions/no_such_element.html
Build info: version: '3.141.59', revision: 'e82be7d358', time: '2018-11-14T08:17:03'
System info: host: 'MYLNAP', ip: '192.168.130.45', os.name: 'Windows 11', os.arch: 'amd64', os.version: '10.0', java.version: '11.0.16'
Driver info: io.appium.java_client.android.AndroidDriver
Capabilities {app: D:\TIC\Kampus Merdeka\Batch..., appPackage: com.example.geinterra_apps, automationName: UIAutomator2, databaseEnabled: false, desired: {app: D:\TIC\Kampus Merdeka\Batch..., automationName: UIAutomator2, platformName: android, platformVersion: 12, unicodeKeyboard: true}, deviceApiLevel: 31, deviceManufacturer: vivo, deviceModel: V2027, deviceName: 5c4a3aa1, deviceScreenDensity: 320, deviceScreenSize: 720x1600, deviceUDID: 5c4a3aa1, javascriptEnabled: true, locationContextEnabled: false, networkConnectionEnabled: true, pixelRatio: 2, platform: LINUX, platformName: Android, platformVersion: 12, statBarHeight: 56, takesScreenshot: true, unicodeKeyboard: true, viewportRect: {height: 1414, left: 0, top: 56, width: 720}, warnings: {}, webStorageEnabled: false}
Session ID: 6e11a5a1-eec7-4f19-899f-88181663cb69
*** Element info: {Using=accessibility id, value=Enter min. 8 digit}
	at jdk.internal.reflect.GeneratedConstructorAccessor11.newInstance(Unknown Source)
	at java.base/jdk.internal.reflect.DelegatingConstructorAccessorImpl.newInstance(DelegatingConstructorAccessorImpl.java:45)
	at java.base/java.lang.reflect.Constructor.newInstance(Constructor.java:490)
	at org.openqa.selenium.remote.http.W3CHttpResponseCodec.createException(W3CHttpResponseCodec.java:187)
	at org.openqa.selenium.remote.http.W3CHttpResponseCodec.decode(W3CHttpResponseCodec.java:122)
	at org.openqa.selenium.remote.http.W3CHttpResponseCodec.decode(W3CHttpResponseCodec.java:49)
	at org.openqa.selenium.remote.HttpCommandExecutor.execute(HttpCommandExecutor.java:158)
	at io.appium.java_client.remote.AppiumCommandExecutor.execute(AppiumCommandExecutor.java:250)
	at org.openqa.selenium.remote.RemoteWebDriver.execute(RemoteWebDriver.java:552)
	at io.appium.java_client.DefaultGenericMobileDriver.execute(DefaultGenericMobileDriver.java:41)
	at io.appium.java_client.AppiumDriver.execute(AppiumDriver.java:1)
	at io.appium.java_client.android.AndroidDriver.execute(AndroidDriver.java:1)
	at org.openqa.selenium.remote.RemoteWebDriver.findElement(RemoteWebDriver.java:323)
	at io.appium.java_client.DefaultGenericMobileDriver.findElement(DefaultGenericMobileDriver.java:61)
	at io.appium.java_client.AppiumDriver.findElement(AppiumDriver.java:1)
	at io.appium.java_client.android.AndroidDriver.findElement(AndroidDriver.java:1)
	at io.appium.java_client.FindsByAccessibilityId.findElementByAccessibilityId(FindsByAccessibilityId.java:37)
	at io.appium.java_client.MobileBy$ByAccessibilityId.findElement(MobileBy.java:284)
	at org.openqa.selenium.remote.RemoteWebDriver.findElement(RemoteWebDriver.java:315)
	at io.appium.java_client.DefaultGenericMobileDriver.findElement(DefaultGenericMobileDriver.java:57)
	at io.appium.java_client.AppiumDriver.findElement(AppiumDriver.java:1)
	at io.appium.java_client.android.AndroidDriver.findElement(AndroidDriver.java:1)
	at org.openqa.selenium.support.ui.ExpectedConditions$7.apply(ExpectedConditions.java:205)
	at org.openqa.selenium.support.ui.ExpectedConditions$7.apply(ExpectedConditions.java:201)
	at org.openqa.selenium.support.ui.FluentWait.until(FluentWait.java:249)
	at sample.mobile.automation@1.0-SNAPSHOT/com.example.app.base.BasePageObject.find(BasePageObject.java:29)
	at sample.mobile.automation@1.0-SNAPSHOT/com.example.app.base.BasePageObject.isDisplayed(BasePageObject.java:46)
	at sample.mobile.automation@1.0-SNAPSHOT/com.example.app.page.AuthRegisterPage.setErrNoTelp(AuthRegisterPage.java:67)
	at sample.mobile.automation@1.0-SNAPSHOT/com.example.steps.AuthRegisSteps.iGetResultRegister(AuthRegisSteps.java:79)
	at java.base/jdk.internal.reflect.NativeMethodAccessorImpl.invoke0(Native Method)
	at java.base/jdk.internal.reflect.NativeMethodAccessorImpl.invoke(NativeMethodAccessorImpl.java:62)
	at java.base/jdk.internal.reflect.DelegatingMethodAccessorImpl.invoke(DelegatingMethodAccessorImpl.java:43)
	at java.base/java.lang.reflect.Method.invoke(Method.java:566)
	at io.cucumber.java.Invoker.doInvoke(Invoker.java:66)
	at io.cucumber.java.Invoker.invoke(Invoker.java:24)
	at io.cucumber.java.AbstractGlueDefinition.invokeMethod(AbstractGlueDefinition.java:47)
	at io.cucumber.java.JavaStepDefinition.execute(JavaStepDefinition.java:29)
	at io.cucumber.core.runner.CoreStepDefinition.execute(CoreStepDefinition.java:66)
	at io.cucumber.core.runner.PickleStepDefinitionMatch.runStep(PickleStepDefinitionMatch.java:63)
	at io.cucumber.core.runner.TestStep.executeStep(TestStep.java:92)
	at io.cucumber.core.runner.TestStep.run(TestStep.java:63)
	at io.cucumber.core.runner.PickleStepTestStep.run(PickleStepTestStep.java:49)
	at io.cucumber.core.runner.TestCase.run(TestCase.java:99)
	at io.cucumber.core.runner.Runner.runPickle(Runner.java:71)
	at io.cucumber.junit.PickleRunners$NoStepDescriptions.run(PickleRunners.java:151)
	at io.cucumber.junit.FeatureRunner.runChild(FeatureRunner.java:135)
	at io.cucumber.junit.FeatureRunner.runChild(FeatureRunner.java:27)
	at org.junit.runners.ParentRunner$3.run(ParentRunner.java:290)
	at org.junit.runners.ParentRunner$1.schedule(ParentRunner.java:71)
	at org.junit.runners.ParentRunner.runChildren(ParentRunner.java:288)
	at org.junit.runners.ParentRunner.access$000(ParentRunner.java:58)
	at org.junit.runners.ParentRunner$2.evaluate(ParentRunner.java:268)
	at org.junit.runners.ParentRunner.run(ParentRunner.java:363)
	at io.cucumber.junit.CucumberSerenityRunner.runChild(CucumberSerenityRunner.java:234)
	at io.cucumber.junit.CucumberSerenityRunner.runChild(CucumberSerenityRunner.java:57)
	at org.junit.runners.ParentRunner$3.run(ParentRunner.java:290)
	at org.junit.runners.ParentRunner$1.schedule(ParentRunner.java:71)
	at org.junit.runners.ParentRunner.runChildren(ParentRunner.java:288)
	at org.junit.runners.ParentRunner.access$000(ParentRunner.java:58)
	at org.junit.runners.ParentRunner$2.evaluate(ParentRunner.java:268)
	at io.cucumber.junit.CucumberSerenityRunner$RunCucumber.evaluate(CucumberSerenityRunner.java:262)
	at org.junit.runners.ParentRunner.run(ParentRunner.java:363)
	at org.junit.runner.JUnitCore.run(JUnitCore.java:137)
	at org.junit.runner.JUnitCore.run(JUnitCore.java:115)
	at org.junit.vintage.engine.execution.RunnerExecutor.execute(RunnerExecutor.java:40)
	at java.base/java.util.stream.ForEachOps$ForEachOp$OfRef.accept(ForEachOps.java:183)
	at java.base/java.util.stream.ReferencePipeline$3$1.accept(ReferencePipeline.java:195)
	at java.base/java.util.Iterator.forEachRemaining(Iterator.java:133)
	at java.base/java.util.Spliterators$IteratorSpliterator.forEachRemaining(Spliterators.java:1801)
	at java.base/java.util.stream.AbstractPipeline.copyInto(AbstractPipeline.java:484)
	at java.base/java.util.stream.AbstractPipeline.wrapAndCopyInto(AbstractPipeline.java:474)
	at java.base/java.util.stream.ForEachOps$ForEachOp.evaluateSequential(ForEachOps.java:150)
	at java.base/java.util.stream.ForEachOps$ForEachOp$OfRef.evaluateSequential(ForEachOps.java:173)
	at java.base/java.util.stream.AbstractPipeline.evaluate(AbstractPipeline.java:234)
	at java.base/java.util.stream.ReferencePipeline.forEach(ReferencePipeline.java:497)
	at org.junit.vintage.engine.VintageTestEngine.executeAllChildren(VintageTestEngine.java:80)
	at org.junit.vintage.engine.VintageTestEngine.execute(VintageTestEngine.java:71)
	at org.junit.platform.launcher.core.DefaultLauncher.execute(DefaultLauncher.java:229)
	at org.junit.platform.launcher.core.DefaultLauncher.lambda$execute$6(DefaultLauncher.java:197)
	at org.junit.platform.launcher.core.DefaultLauncher.withInterceptedStreams(DefaultLauncher.java:211)
	at org.junit.platform.launcher.core.DefaultLauncher.execute(DefaultLauncher.java:191)
	at org.junit.platform.launcher.core.DefaultLauncher.execute(DefaultLauncher.java:128)
	at org.apache.maven.surefire.junitplatform.JUnitPlatformProvider.execute(JUnitPlatformProvider.java:188)
	at org.apache.maven.surefire.junitplatform.JUnitPlatformProvider.invokeAllTests(JUnitPlatformProvider.java:154)
	at org.apache.maven.surefire.junitplatform.JUnitPlatformProvider.invoke(JUnitPlatformProvider.java:128)
	at org.apache.maven.surefire.booter.ForkedBooter.runSuitesInProcess(ForkedBooter.java:428)
	at org.apache.maven.surefire.booter.ForkedBooter.execute(ForkedBooter.java:162)
	at org.apache.maven.surefire.booter.ForkedBooter.run(ForkedBooter.java:562)
	at org.apache.maven.surefire.booter.ForkedBooter.main(ForkedBooter.java:548)
&amp#27;[0m
]]></system-out>
    <system-err><![CDATA[[main] INFO io.cucumber.core.plugin.SerenityReporter - Running feature from file:///D:/TIC/Kampus%20Merdeka/Batch%203/Studi%20Independen/Alterra/Capstone/AutoMobile/sample-mobile-automation/src/test/resources/features/math/atuhentication.feature
[main] WARN io.cucumber.core.plugin.SerenityReporter - Feature from file:///D:/TIC/Kampus%20Merdeka/Batch%203/Studi%20Independen/Alterra/Capstone/AutoMobile/sample-mobile-automation/src/test/resources/features/math/atuhentication.feature is not under the 'features' directory. Requirements report will not be correctly generated!
Dec 23, 2022 7:17:15 PM io.appium.java_client.remote.AppiumCommandExecutor$1 lambda$0
INFO: Detected dialect: W3C
]]></system-err>
  </testcase>
  <testcase name="Authentication Login #1" classname="Authentication" time="77.18">
    <error type="org.openqa.selenium.WebDriverException"><![CDATA[org.openqa.selenium.WebDriverException: 
An unknown server-side error occurred while processing the command. Original error: Could not proxy command to the remote server. Original error: socket hang up
Build info: version: '3.141.59', revision: 'e82be7d358', time: '2018-11-14T08:17:03'
System info: host: 'MYLNAP', ip: '192.168.130.45', os.name: 'Windows 11', os.arch: 'amd64', os.version: '10.0', java.version: '11.0.16'
Driver info: io.appium.java_client.android.AndroidDriver
Capabilities {app: D:\TIC\Kampus Merdeka\Batch..., appPackage: com.example.geinterra_apps, automationName: UIAutomator2, databaseEnabled: false, desired: {app: D:\TIC\Kampus Merdeka\Batch..., automationName: UIAutomator2, platformName: android, platformVersion: 12, unicodeKeyboard: true}, deviceApiLevel: 31, deviceManufacturer: vivo, deviceModel: V2027, deviceName: 5c4a3aa1, deviceScreenDensity: 320, deviceScreenSize: 720x1600, deviceUDID: 5c4a3aa1, javascriptEnabled: true, locationContextEnabled: false, networkConnectionEnabled: true, pixelRatio: 2, platform: LINUX, platformName: Android, platformVersion: 12, statBarHeight: 56, takesScreenshot: true, unicodeKeyboard: true, viewportRect: {height: 1414, left: 0, top: 56, width: 720}, warnings: {}, webStorageEnabled: false}
Session ID: d0023170-79d3-415b-a055-ef26ff3b7484
*** Element info: {Using=accessibility id, value=Artikel}
]]></error>
    <system-out><![CDATA[
@Auth @Login
Scenario Outline: Authentication Login                          &amp#27;[90m# src/test/resources/features/math/atuhentication.feature:44&amp#27;[0m
  &amp#27;[32mGiven &amp#27;[0m&amp#27;[32mi open app&amp#27;[0m                                              &amp#27;[90m# com.example.steps.AuthRegisSteps.iOpenApp()&amp#27;[0m
  &amp#27;[32mAnd &amp#27;[0m&amp#27;[32mi am on the login page&amp#27;[0m                                    &amp#27;[90m# com.example.steps.AuthRegisSteps.iAmOnTheLoginPage()&amp#27;[0m
  &amp#27;[32mWhen &amp#27;[0m&amp#27;[32minput &amp#27;[0m&amp#27;[32m&amp#27;[1m"maylananggi@gmail.com"&amp#27;[0m&amp#27;[32m email, &amp#27;[0m&amp#27;[32m&amp#27;[1m"password"&amp#27;[0m&amp#27;[32m password&amp#27;[0m &amp#27;[90m# com.example.steps.AuthLoginSteps.inputEmailPassword(java.lang.String,java.lang.String)&amp#27;[0m
  &amp#27;[32mAnd &amp#27;[0m&amp#27;[32mclick &amp#27;[0m&amp#27;[32m&amp#27;[1m"see"&amp#27;[0m&amp#27;[32m see pass login&amp#27;[0m                                &amp#27;[90m# com.example.steps.AuthLoginSteps.clickSeePassLogin(java.lang.String)&amp#27;[0m
  &amp#27;[32mAnd &amp#27;[0m&amp#27;[32mclick button masuk&amp#27;[0m                                        &amp#27;[90m# com.example.steps.AuthLoginSteps.clickButtonMasuk()&amp#27;[0m
  &amp#27;[31mThen &amp#27;[0m&amp#27;[31mI get &amp#27;[0m&amp#27;[31m&amp#27;[1m"can login"&amp#27;[0m&amp#27;[31m result login&amp#27;[0m                           &amp#27;[90m# com.example.steps.AuthLoginSteps.iGetResultLogin(java.lang.String)&amp#27;[0m
      &amp#27;[31morg.openqa.selenium.WebDriverException: An unknown server-side error occurred while processing the command. Original error: Could not proxy command to the remote server. Original error: socket hang up
Build info: version: '3.141.59', revision: 'e82be7d358', time: '2018-11-14T08:17:03'
System info: host: 'MYLNAP', ip: '192.168.130.45', os.name: 'Windows 11', os.arch: 'amd64', os.version: '10.0', java.version: '11.0.16'
Driver info: io.appium.java_client.android.AndroidDriver
Capabilities {app: D:\TIC\Kampus Merdeka\Batch..., appPackage: com.example.geinterra_apps, automationName: UIAutomator2, databaseEnabled: false, desired: {app: D:\TIC\Kampus Merdeka\Batch..., automationName: UIAutomator2, platformName: android, platformVersion: 12, unicodeKeyboard: true}, deviceApiLevel: 31, deviceManufacturer: vivo, deviceModel: V2027, deviceName: 5c4a3aa1, deviceScreenDensity: 320, deviceScreenSize: 720x1600, deviceUDID: 5c4a3aa1, javascriptEnabled: true, locationContextEnabled: false, networkConnectionEnabled: true, pixelRatio: 2, platform: LINUX, platformName: Android, platformVersion: 12, statBarHeight: 56, takesScreenshot: true, unicodeKeyboard: true, viewportRect: {height: 1414, left: 0, top: 56, width: 720}, warnings: {}, webStorageEnabled: false}
Session ID: d0023170-79d3-415b-a055-ef26ff3b7484
*** Element info: {Using=accessibility id, value=Artikel}
	at java.base/jdk.internal.reflect.NativeConstructorAccessorImpl.newInstance0(Native Method)
	at java.base/jdk.internal.reflect.NativeConstructorAccessorImpl.newInstance(NativeConstructorAccessorImpl.java:62)
	at java.base/jdk.internal.reflect.DelegatingConstructorAccessorImpl.newInstance(DelegatingConstructorAccessorImpl.java:45)
	at java.base/java.lang.reflect.Constructor.newInstance(Constructor.java:490)
	at org.openqa.selenium.remote.http.W3CHttpResponseCodec.createException(W3CHttpResponseCodec.java:187)
	at org.openqa.selenium.remote.http.W3CHttpResponseCodec.decode(W3CHttpResponseCodec.java:122)
	at org.openqa.selenium.remote.http.W3CHttpResponseCodec.decode(W3CHttpResponseCodec.java:49)
	at org.openqa.selenium.remote.HttpCommandExecutor.execute(HttpCommandExecutor.java:158)
	at io.appium.java_client.remote.AppiumCommandExecutor.execute(AppiumCommandExecutor.java:250)
	at org.openqa.selenium.remote.RemoteWebDriver.execute(RemoteWebDriver.java:552)
	at io.appium.java_client.DefaultGenericMobileDriver.execute(DefaultGenericMobileDriver.java:41)
	at io.appium.java_client.AppiumDriver.execute(AppiumDriver.java:1)
	at io.appium.java_client.android.AndroidDriver.execute(AndroidDriver.java:1)
	at org.openqa.selenium.remote.RemoteWebDriver.findElement(RemoteWebDriver.java:323)
	at io.appium.java_client.DefaultGenericMobileDriver.findElement(DefaultGenericMobileDriver.java:61)
	at io.appium.java_client.AppiumDriver.findElement(AppiumDriver.java:1)
	at io.appium.java_client.android.AndroidDriver.findElement(AndroidDriver.java:1)
	at io.appium.java_client.FindsByAccessibilityId.findElementByAccessibilityId(FindsByAccessibilityId.java:37)
	at io.appium.java_client.MobileBy$ByAccessibilityId.findElement(MobileBy.java:284)
	at org.openqa.selenium.remote.RemoteWebDriver.findElement(RemoteWebDriver.java:315)
	at io.appium.java_client.DefaultGenericMobileDriver.findElement(DefaultGenericMobileDriver.java:57)
	at io.appium.java_client.AppiumDriver.findElement(AppiumDriver.java:1)
	at io.appium.java_client.android.AndroidDriver.findElement(AndroidDriver.java:1)
	at org.openqa.selenium.support.ui.ExpectedConditions$7.apply(ExpectedConditions.java:205)
	at org.openqa.selenium.support.ui.ExpectedConditions$7.apply(ExpectedConditions.java:201)
	at org.openqa.selenium.support.ui.FluentWait.until(FluentWait.java:249)
	at sample.mobile.automation@1.0-SNAPSHOT/com.example.app.base.BasePageObject.find(BasePageObject.java:29)
	at sample.mobile.automation@1.0-SNAPSHOT/com.example.app.base.BasePageObject.isDisplayed(BasePageObject.java:46)
	at sample.mobile.automation@1.0-SNAPSHOT/com.example.app.page.AuthLoginPage.setHome(AuthLoginPage.java:32)
	at sample.mobile.automation@1.0-SNAPSHOT/com.example.steps.AuthLoginSteps.iGetResultLogin(AuthLoginSteps.java:37)
	at âœ½.I get "can login" result login(file:///D:/TIC/Kampus%20Merdeka/Batch%203/Studi%20Independen/Alterra/Capstone/AutoMobile/sample-mobile-automation/src/test/resources/features/math/atuhentication.feature:41)
&amp#27;[0m
]]></system-out>
    <system-err><![CDATA[[main] INFO io.cucumber.core.plugin.SerenityReporter - Running feature from file:///D:/TIC/Kampus%20Merdeka/Batch%203/Studi%20Independen/Alterra/Capstone/AutoMobile/sample-mobile-automation/src/test/resources/features/math/atuhentication.feature
[main] WARN io.cucumber.core.plugin.SerenityReporter - Feature from file:///D:/TIC/Kampus%20Merdeka/Batch%203/Studi%20Independen/Alterra/Capstone/AutoMobile/sample-mobile-automation/src/test/resources/features/math/atuhentication.feature is not under the 'features' directory. Requirements report will not be correctly generated!
[main] INFO  - 
 _____ _____ ____ _____   ____ _____  _    ____ _____ _____ ____  
|_   _| ____/ ___|_   _| / ___|_   _|/ \  |  _ \_   _| ____|  _ \ 
  | | |  _| \___ \ | |   \___ \ | | / _ \ | |_) || | |  _| | | | |
  | | | |___ ___) || |    ___) || |/ ___ \|  _ < | | | |___| |_| |
  |_| |_____|____/ |_|   |____/ |_/_/   \_\_| \_\|_| |_____|____/ 

Authentication Login(authentication;authentication-login)
-------------------------------------------------------------------
Dec 23, 2022 7:18:45 PM io.appium.java_client.remote.AppiumCommandExecutor$1 lambda$0
INFO: Detected dialect: W3C
[main] ERROR  - 
         __  _____ _____ ____ _____   _____ ____  ____   ___  ____  
 _      / / |_   _| ____/ ___|_   _| | ____|  _ \|  _ \ / _ \|  _ \ 
(_)____| |    | | |  _| \___ \ | |   |  _| | |_) | |_) | | | | |_) |
 |_____| |    | | | |___ ___) || |   | |___|  _ <|  _ <| |_| |  _ < 
(_)    | |    |_| |_____|____/ |_|   |_____|_| \_\_| \_\\___/|_| \_\
        \_\                                                         

Authentication Login
---------------------------------------------------------------------
[main] ERROR  -     Test failed at step: Then I get "can login" result login
[main] ERROR  -     An unknown server-side error occurred while processing the command. Original error: Could not proxy command to the remote server. Original error: socket hang up
]]></system-err>
  </testcase>
  <testcase name="Authentication Login #2" classname="Authentication" time="46.119">
    <system-out><![CDATA[
@Auth @Login
Scenario Outline: Authentication Login                  &amp#27;[90m# src/test/resources/features/math/atuhentication.feature:45&amp#27;[0m
  &amp#27;[32mGiven &amp#27;[0m&amp#27;[32mi open app&amp#27;[0m                                      &amp#27;[90m# com.example.steps.AuthRegisSteps.iOpenApp()&amp#27;[0m
  &amp#27;[32mAnd &amp#27;[0m&amp#27;[32mi am on the login page&amp#27;[0m                            &amp#27;[90m# com.example.steps.AuthRegisSteps.iAmOnTheLoginPage()&amp#27;[0m
  &amp#27;[32mWhen &amp#27;[0m&amp#27;[32minput &amp#27;[0m&amp#27;[32m&amp#27;[1m"maylananggi@gmail.com"&amp#27;[0m&amp#27;[32m email, &amp#27;[0m&amp#27;[32m&amp#27;[1m""&amp#27;[0m&amp#27;[32m password&amp#27;[0m &amp#27;[90m# com.example.steps.AuthLoginSteps.inputEmailPassword(java.lang.String,java.lang.String)&amp#27;[0m
  &amp#27;[32mAnd &amp#27;[0m&amp#27;[32mclick &amp#27;[0m&amp#27;[32m&amp#27;[1m"no see"&amp#27;[0m&amp#27;[32m see pass login&amp#27;[0m                     &amp#27;[90m# com.example.steps.AuthLoginSteps.clickSeePassLogin(java.lang.String)&amp#27;[0m
  &amp#27;[32mAnd &amp#27;[0m&amp#27;[32mclick button masuk&amp#27;[0m                                &amp#27;[90m# com.example.steps.AuthLoginSteps.clickButtonMasuk()&amp#27;[0m
  &amp#27;[32mThen &amp#27;[0m&amp#27;[32mI get &amp#27;[0m&amp#27;[32m&amp#27;[1m"error pass"&amp#27;[0m&amp#27;[32m result login&amp#27;[0m                  &amp#27;[90m# com.example.steps.AuthLoginSteps.iGetResultLogin(java.lang.String)&amp#27;[0m
]]></system-out>
    <system-err><![CDATA[[main] INFO io.cucumber.core.plugin.SerenityReporter - Running feature from file:///D:/TIC/Kampus%20Merdeka/Batch%203/Studi%20Independen/Alterra/Capstone/AutoMobile/sample-mobile-automation/src/test/resources/features/math/atuhentication.feature
[main] WARN io.cucumber.core.plugin.SerenityReporter - Feature from file:///D:/TIC/Kampus%20Merdeka/Batch%203/Studi%20Independen/Alterra/Capstone/AutoMobile/sample-mobile-automation/src/test/resources/features/math/atuhentication.feature is not under the 'features' directory. Requirements report will not be correctly generated!
Dec 23, 2022 7:20:00 PM io.appium.java_client.remote.AppiumCommandExecutor$1 lambda$0
INFO: Detected dialect: W3C
[main] ERROR  - 
         __  _____ _____ ____ _____   _____ ____  ____   ___  ____  
 _      / / |_   _| ____/ ___|_   _| | ____|  _ \|  _ \ / _ \|  _ \ 
(_)____| |    | | |  _| \___ \ | |   |  _| | |_) | |_) | | | | |_) |
 |_____| |    | | | |___ ___) || |   | |___|  _ <|  _ <| |_| |  _ < 
(_)    | |    |_| |_____|____/ |_|   |_____|_| \_\_| \_\\___/|_| \_\
        \_\                                                         

Authentication Login
---------------------------------------------------------------------
[main] ERROR  -     Test failed at step: Then I get "can login" result login
[main] ERROR  -     An unknown server-side error occurred while processing the command. Original error: Could not proxy command to the remote server. Original error: socket hang up
]]></system-err>
  </testcase>
  <testcase name="Authentication Login #3" classname="Authentication" time="49.599">
    <system-out><![CDATA[
@Auth @Login
Scenario Outline: Authentication Login     &amp#27;[90m# src/test/resources/features/math/atuhentication.feature:46&amp#27;[0m
  &amp#27;[32mGiven &amp#27;[0m&amp#27;[32mi open app&amp#27;[0m                         &amp#27;[90m# com.example.steps.AuthRegisSteps.iOpenApp()&amp#27;[0m
  &amp#27;[32mAnd &amp#27;[0m&amp#27;[32mi am on the login page&amp#27;[0m               &amp#27;[90m# com.example.steps.AuthRegisSteps.iAmOnTheLoginPage()&amp#27;[0m
  &amp#27;[32mWhen &amp#27;[0m&amp#27;[32minput &amp#27;[0m&amp#27;[32m&amp#27;[1m""&amp#27;[0m&amp#27;[32m email, &amp#27;[0m&amp#27;[32m&amp#27;[1m"password"&amp#27;[0m&amp#27;[32m password&amp#27;[0m &amp#27;[90m# com.example.steps.AuthLoginSteps.inputEmailPassword(java.lang.String,java.lang.String)&amp#27;[0m
  &amp#27;[32mAnd &amp#27;[0m&amp#27;[32mclick &amp#27;[0m&amp#27;[32m&amp#27;[1m"see"&amp#27;[0m&amp#27;[32m see pass login&amp#27;[0m           &amp#27;[90m# com.example.steps.AuthLoginSteps.clickSeePassLogin(java.lang.String)&amp#27;[0m
  &amp#27;[32mAnd &amp#27;[0m&amp#27;[32mclick button masuk&amp#27;[0m                   &amp#27;[90m# com.example.steps.AuthLoginSteps.clickButtonMasuk()&amp#27;[0m
  &amp#27;[32mThen &amp#27;[0m&amp#27;[32mI get &amp#27;[0m&amp#27;[32m&amp#27;[1m"error email"&amp#27;[0m&amp#27;[32m result login&amp#27;[0m    &amp#27;[90m# com.example.steps.AuthLoginSteps.iGetResultLogin(java.lang.String)&amp#27;[0m
]]></system-out>
    <system-err><![CDATA[[main] INFO io.cucumber.core.plugin.SerenityReporter - Running feature from file:///D:/TIC/Kampus%20Merdeka/Batch%203/Studi%20Independen/Alterra/Capstone/AutoMobile/sample-mobile-automation/src/test/resources/features/math/atuhentication.feature
[main] WARN io.cucumber.core.plugin.SerenityReporter - Feature from file:///D:/TIC/Kampus%20Merdeka/Batch%203/Studi%20Independen/Alterra/Capstone/AutoMobile/sample-mobile-automation/src/test/resources/features/math/atuhentication.feature is not under the 'features' directory. Requirements report will not be correctly generated!
Dec 23, 2022 7:20:43 PM io.appium.java_client.remote.AppiumCommandExecutor$1 lambda$0
INFO: Detected dialect: W3C
]]></system-err>
  </testcase>
  <testcase name="Authentication Login #4" classname="Authentication" time="60.772">
    <system-out><![CDATA[
@Auth @Login
Scenario Outline: Authentication Login    &amp#27;[90m# src/test/resources/features/math/atuhentication.feature:47&amp#27;[0m
  &amp#27;[32mGiven &amp#27;[0m&amp#27;[32mi open app&amp#27;[0m                        &amp#27;[90m# com.example.steps.AuthRegisSteps.iOpenApp()&amp#27;[0m
  &amp#27;[32mAnd &amp#27;[0m&amp#27;[32mi am on the login page&amp#27;[0m              &amp#27;[90m# com.example.steps.AuthRegisSteps.iAmOnTheLoginPage()&amp#27;[0m
  &amp#27;[32mWhen &amp#27;[0m&amp#27;[32minput &amp#27;[0m&amp#27;[32m&amp#27;[1m""&amp#27;[0m&amp#27;[32m email, &amp#27;[0m&amp#27;[32m&amp#27;[1m"akun201"&amp#27;[0m&amp#27;[32m password&amp#27;[0m &amp#27;[90m# com.example.steps.AuthLoginSteps.inputEmailPassword(java.lang.String,java.lang.String)&amp#27;[0m
  &amp#27;[32mAnd &amp#27;[0m&amp#27;[32mclick &amp#27;[0m&amp#27;[32m&amp#27;[1m"see"&amp#27;[0m&amp#27;[32m see pass login&amp#27;[0m          &amp#27;[90m# com.example.steps.AuthLoginSteps.clickSeePassLogin(java.lang.String)&amp#27;[0m
  &amp#27;[32mAnd &amp#27;[0m&amp#27;[32mclick button masuk&amp#27;[0m                  &amp#27;[90m# com.example.steps.AuthLoginSteps.clickButtonMasuk()&amp#27;[0m
  &amp#27;[32mThen &amp#27;[0m&amp#27;[32mI get &amp#27;[0m&amp#27;[32m&amp#27;[1m"error email"&amp#27;[0m&amp#27;[32m result login&amp#27;[0m   &amp#27;[90m# com.example.steps.AuthLoginSteps.iGetResultLogin(java.lang.String)&amp#27;[0m
]]></system-out>
    <system-err><![CDATA[[main] INFO io.cucumber.core.plugin.SerenityReporter - Running feature from file:///D:/TIC/Kampus%20Merdeka/Batch%203/Studi%20Independen/Alterra/Capstone/AutoMobile/sample-mobile-automation/src/test/resources/features/math/atuhentication.feature
[main] WARN io.cucumber.core.plugin.SerenityReporter - Feature from file:///D:/TIC/Kampus%20Merdeka/Batch%203/Studi%20Independen/Alterra/Capstone/AutoMobile/sample-mobile-automation/src/test/resources/features/math/atuhentication.feature is not under the 'features' directory. Requirements report will not be correctly generated!
Dec 23, 2022 7:21:39 PM io.appium.java_client.remote.AppiumCommandExecutor$1 lambda$0
INFO: Detected dialect: W3C
]]></system-err>
  </testcase>
  <testcase name="Authentication Login #5" classname="Authentication" time="78.075">
    <error type="org.openqa.selenium.TimeoutException"><![CDATA[org.openqa.selenium.TimeoutException: Expected condition failed: waiting for visibility of element located by By.AccessibilityId: email tidak boleh kosong (tried for 30 second(s) with 1000 milliseconds interval)
Caused by: org.openqa.selenium.NoSuchElementException: 
An element could not be located on the page using the given search parameters.
For documentation on this error, please visit: https://www.seleniumhq.org/exceptions/no_such_element.html
Build info: version: '3.141.59', revision: 'e82be7d358', time: '2018-11-14T08:17:03'
System info: host: 'MYLNAP', ip: '192.168.130.45', os.name: 'Windows 11', os.arch: 'amd64', os.version: '10.0', java.version: '11.0.16'
Driver info: io.appium.java_client.android.AndroidDriver
Capabilities {app: D:\TIC\Kampus Merdeka\Batch..., appPackage: com.example.geinterra_apps, automationName: UIAutomator2, databaseEnabled: false, desired: {app: D:\TIC\Kampus Merdeka\Batch..., automationName: UIAutomator2, platformName: android, platformVersion: 12, unicodeKeyboard: true}, deviceApiLevel: 31, deviceManufacturer: vivo, deviceModel: V2027, deviceName: 5c4a3aa1, deviceScreenDensity: 320, deviceScreenSize: 720x1600, deviceUDID: 5c4a3aa1, javascriptEnabled: true, locationContextEnabled: false, networkConnectionEnabled: true, pixelRatio: 2, platform: LINUX, platformName: Android, platformVersion: 12, statBarHeight: 56, takesScreenshot: true, unicodeKeyboard: true, viewportRect: {height: 1414, left: 0, top: 56, width: 720}, warnings: {}, webStorageEnabled: false}
Session ID: b3b0a73a-8b82-4c2b-a1cf-95fb35bc1744
*** Element info: {Using=accessibility id, value=email tidak boleh kosong}
]]></error>
    <system-out><![CDATA[
@Auth @Login
Scenario Outline: Authentication Login             &amp#27;[90m# src/test/resources/features/math/atuhentication.feature:48&amp#27;[0m
  &amp#27;[32mGiven &amp#27;[0m&amp#27;[32mi open app&amp#27;[0m                                 &amp#27;[90m# com.example.steps.AuthRegisSteps.iOpenApp()&amp#27;[0m
  &amp#27;[32mAnd &amp#27;[0m&amp#27;[32mi am on the login page&amp#27;[0m                       &amp#27;[90m# com.example.steps.AuthRegisSteps.iAmOnTheLoginPage()&amp#27;[0m
  &amp#27;[32mWhen &amp#27;[0m&amp#27;[32minput &amp#27;[0m&amp#27;[32m&amp#27;[1m"maylan@gmail.com"&amp#27;[0m&amp#27;[32m email, &amp#27;[0m&amp#27;[32m&amp#27;[1m""&amp#27;[0m&amp#27;[32m password&amp#27;[0m &amp#27;[90m# com.example.steps.AuthLoginSteps.inputEmailPassword(java.lang.String,java.lang.String)&amp#27;[0m
  &amp#27;[32mAnd &amp#27;[0m&amp#27;[32mclick &amp#27;[0m&amp#27;[32m&amp#27;[1m"see"&amp#27;[0m&amp#27;[32m see pass login&amp#27;[0m                   &amp#27;[90m# com.example.steps.AuthLoginSteps.clickSeePassLogin(java.lang.String)&amp#27;[0m
  &amp#27;[32mAnd &amp#27;[0m&amp#27;[32mclick button masuk&amp#27;[0m                           &amp#27;[90m# com.example.steps.AuthLoginSteps.clickButtonMasuk()&amp#27;[0m
  &amp#27;[31mThen &amp#27;[0m&amp#27;[31mI get &amp#27;[0m&amp#27;[31m&amp#27;[1m"error email"&amp#27;[0m&amp#27;[31m result login&amp#27;[0m            &amp#27;[90m# com.example.steps.AuthLoginSteps.iGetResultLogin(java.lang.String)&amp#27;[0m
      &amp#27;[31morg.openqa.selenium.TimeoutException: Expected condition failed: waiting for visibility of element located by By.AccessibilityId: email tidak boleh kosong (tried for 30 second(s) with 1000 milliseconds interval)
	at org.openqa.selenium.support.ui.WebDriverWait.timeoutException(WebDriverWait.java:95)
	at org.openqa.selenium.support.ui.FluentWait.until(FluentWait.java:272)
	at sample.mobile.automation@1.0-SNAPSHOT/com.example.app.base.BasePageObject.find(BasePageObject.java:29)
	at sample.mobile.automation@1.0-SNAPSHOT/com.example.app.base.BasePageObject.isDisplayed(BasePageObject.java:46)
	at sample.mobile.automation@1.0-SNAPSHOT/com.example.app.page.AuthLoginPage.setErrEmail(AuthLoginPage.java:30)
	at sample.mobile.automation@1.0-SNAPSHOT/com.example.steps.AuthLoginSteps.iGetResultLogin(AuthLoginSteps.java:40)
	at âœ½.I get "error email" result login(file:///D:/TIC/Kampus%20Merdeka/Batch%203/Studi%20Independen/Alterra/Capstone/AutoMobile/sample-mobile-automation/src/test/resources/features/math/atuhentication.feature:41)
Caused by: org.openqa.selenium.NoSuchElementException: An element could not be located on the page using the given search parameters.
For documentation on this error, please visit: https://www.seleniumhq.org/exceptions/no_such_element.html
Build info: version: '3.141.59', revision: 'e82be7d358', time: '2018-11-14T08:17:03'
System info: host: 'MYLNAP', ip: '192.168.130.45', os.name: 'Windows 11', os.arch: 'amd64', os.version: '10.0', java.version: '11.0.16'
Driver info: io.appium.java_client.android.AndroidDriver
Capabilities {app: D:\TIC\Kampus Merdeka\Batch..., appPackage: com.example.geinterra_apps, automationName: UIAutomator2, databaseEnabled: false, desired: {app: D:\TIC\Kampus Merdeka\Batch..., automationName: UIAutomator2, platformName: android, platformVersion: 12, unicodeKeyboard: true}, deviceApiLevel: 31, deviceManufacturer: vivo, deviceModel: V2027, deviceName: 5c4a3aa1, deviceScreenDensity: 320, deviceScreenSize: 720x1600, deviceUDID: 5c4a3aa1, javascriptEnabled: true, locationContextEnabled: false, networkConnectionEnabled: true, pixelRatio: 2, platform: LINUX, platformName: Android, platformVersion: 12, statBarHeight: 56, takesScreenshot: true, unicodeKeyboard: true, viewportRect: {height: 1414, left: 0, top: 56, width: 720}, warnings: {}, webStorageEnabled: false}
Session ID: b3b0a73a-8b82-4c2b-a1cf-95fb35bc1744
*** Element info: {Using=accessibility id, value=email tidak boleh kosong}
	at jdk.internal.reflect.GeneratedConstructorAccessor11.newInstance(Unknown Source)
	at java.base/jdk.internal.reflect.DelegatingConstructorAccessorImpl.newInstance(DelegatingConstructorAccessorImpl.java:45)
	at java.base/java.lang.reflect.Constructor.newInstance(Constructor.java:490)
	at org.openqa.selenium.remote.http.W3CHttpResponseCodec.createException(W3CHttpResponseCodec.java:187)
	at org.openqa.selenium.remote.http.W3CHttpResponseCodec.decode(W3CHttpResponseCodec.java:122)
	at org.openqa.selenium.remote.http.W3CHttpResponseCodec.decode(W3CHttpResponseCodec.java:49)
	at org.openqa.selenium.remote.HttpCommandExecutor.execute(HttpCommandExecutor.java:158)
	at io.appium.java_client.remote.AppiumCommandExecutor.execute(AppiumCommandExecutor.java:250)
	at org.openqa.selenium.remote.RemoteWebDriver.execute(RemoteWebDriver.java:552)
	at io.appium.java_client.DefaultGenericMobileDriver.execute(DefaultGenericMobileDriver.java:41)
	at io.appium.java_client.AppiumDriver.execute(AppiumDriver.java:1)
	at io.appium.java_client.android.AndroidDriver.execute(AndroidDriver.java:1)
	at org.openqa.selenium.remote.RemoteWebDriver.findElement(RemoteWebDriver.java:323)
	at io.appium.java_client.DefaultGenericMobileDriver.findElement(DefaultGenericMobileDriver.java:61)
	at io.appium.java_client.AppiumDriver.findElement(AppiumDriver.java:1)
	at io.appium.java_client.android.AndroidDriver.findElement(AndroidDriver.java:1)
	at io.appium.java_client.FindsByAccessibilityId.findElementByAccessibilityId(FindsByAccessibilityId.java:37)
	at io.appium.java_client.MobileBy$ByAccessibilityId.findElement(MobileBy.java:284)
	at org.openqa.selenium.remote.RemoteWebDriver.findElement(RemoteWebDriver.java:315)
	at io.appium.java_client.DefaultGenericMobileDriver.findElement(DefaultGenericMobileDriver.java:57)
	at io.appium.java_client.AppiumDriver.findElement(AppiumDriver.java:1)
	at io.appium.java_client.android.AndroidDriver.findElement(AndroidDriver.java:1)
	at org.openqa.selenium.support.ui.ExpectedConditions$7.apply(ExpectedConditions.java:205)
	at org.openqa.selenium.support.ui.ExpectedConditions$7.apply(ExpectedConditions.java:201)
	at org.openqa.selenium.support.ui.FluentWait.until(FluentWait.java:249)
	at sample.mobile.automation@1.0-SNAPSHOT/com.example.app.base.BasePageObject.find(BasePageObject.java:29)
	at sample.mobile.automation@1.0-SNAPSHOT/com.example.app.base.BasePageObject.isDisplayed(BasePageObject.java:46)
	at sample.mobile.automation@1.0-SNAPSHOT/com.example.app.page.AuthLoginPage.setErrEmail(AuthLoginPage.java:30)
	at sample.mobile.automation@1.0-SNAPSHOT/com.example.steps.AuthLoginSteps.iGetResultLogin(AuthLoginSteps.java:40)
	at java.base/jdk.internal.reflect.NativeMethodAccessorImpl.invoke0(Native Method)
	at java.base/jdk.internal.reflect.NativeMethodAccessorImpl.invoke(NativeMethodAccessorImpl.java:62)
	at java.base/jdk.internal.reflect.DelegatingMethodAccessorImpl.invoke(DelegatingMethodAccessorImpl.java:43)
	at java.base/java.lang.reflect.Method.invoke(Method.java:566)
	at io.cucumber.java.Invoker.doInvoke(Invoker.java:66)
	at io.cucumber.java.Invoker.invoke(Invoker.java:24)
	at io.cucumber.java.AbstractGlueDefinition.invokeMethod(AbstractGlueDefinition.java:47)
	at io.cucumber.java.JavaStepDefinition.execute(JavaStepDefinition.java:29)
	at io.cucumber.core.runner.CoreStepDefinition.execute(CoreStepDefinition.java:66)
	at io.cucumber.core.runner.PickleStepDefinitionMatch.runStep(PickleStepDefinitionMatch.java:63)
	at io.cucumber.core.runner.TestStep.executeStep(TestStep.java:92)
	at io.cucumber.core.runner.TestStep.run(TestStep.java:63)
	at io.cucumber.core.runner.PickleStepTestStep.run(PickleStepTestStep.java:49)
	at io.cucumber.core.runner.TestCase.run(TestCase.java:99)
	at io.cucumber.core.runner.Runner.runPickle(Runner.java:71)
	at io.cucumber.junit.PickleRunners$NoStepDescriptions.run(PickleRunners.java:151)
	at io.cucumber.junit.FeatureRunner.runChild(FeatureRunner.java:135)
	at io.cucumber.junit.FeatureRunner.runChild(FeatureRunner.java:27)
	at org.junit.runners.ParentRunner$3.run(ParentRunner.java:290)
	at org.junit.runners.ParentRunner$1.schedule(ParentRunner.java:71)
	at org.junit.runners.ParentRunner.runChildren(ParentRunner.java:288)
	at org.junit.runners.ParentRunner.access$000(ParentRunner.java:58)
	at org.junit.runners.ParentRunner$2.evaluate(ParentRunner.java:268)
	at org.junit.runners.ParentRunner.run(ParentRunner.java:363)
	at io.cucumber.junit.CucumberSerenityRunner.runChild(CucumberSerenityRunner.java:234)
	at io.cucumber.junit.CucumberSerenityRunner.runChild(CucumberSerenityRunner.java:57)
	at org.junit.runners.ParentRunner$3.run(ParentRunner.java:290)
	at org.junit.runners.ParentRunner$1.schedule(ParentRunner.java:71)
	at org.junit.runners.ParentRunner.runChildren(ParentRunner.java:288)
	at org.junit.runners.ParentRunner.access$000(ParentRunner.java:58)
	at org.junit.runners.ParentRunner$2.evaluate(ParentRunner.java:268)
	at io.cucumber.junit.CucumberSerenityRunner$RunCucumber.evaluate(CucumberSerenityRunner.java:262)
	at org.junit.runners.ParentRunner.run(ParentRunner.java:363)
	at org.junit.runner.JUnitCore.run(JUnitCore.java:137)
	at org.junit.runner.JUnitCore.run(JUnitCore.java:115)
	at org.junit.vintage.engine.execution.RunnerExecutor.execute(RunnerExecutor.java:40)
	at java.base/java.util.stream.ForEachOps$ForEachOp$OfRef.accept(ForEachOps.java:183)
	at java.base/java.util.stream.ReferencePipeline$3$1.accept(ReferencePipeline.java:195)
	at java.base/java.util.Iterator.forEachRemaining(Iterator.java:133)
	at java.base/java.util.Spliterators$IteratorSpliterator.forEachRemaining(Spliterators.java:1801)
	at java.base/java.util.stream.AbstractPipeline.copyInto(AbstractPipeline.java:484)
	at java.base/java.util.stream.AbstractPipeline.wrapAndCopyInto(AbstractPipeline.java:474)
	at java.base/java.util.stream.ForEachOps$ForEachOp.evaluateSequential(ForEachOps.java:150)
	at java.base/java.util.stream.ForEachOps$ForEachOp$OfRef.evaluateSequential(ForEachOps.java:173)
	at java.base/java.util.stream.AbstractPipeline.evaluate(AbstractPipeline.java:234)
	at java.base/java.util.stream.ReferencePipeline.forEach(ReferencePipeline.java:497)
	at org.junit.vintage.engine.VintageTestEngine.executeAllChildren(VintageTestEngine.java:80)
	at org.junit.vintage.engine.VintageTestEngine.execute(VintageTestEngine.java:71)
	at org.junit.platform.launcher.core.DefaultLauncher.execute(DefaultLauncher.java:229)
	at org.junit.platform.launcher.core.DefaultLauncher.lambda$execute$6(DefaultLauncher.java:197)
	at org.junit.platform.launcher.core.DefaultLauncher.withInterceptedStreams(DefaultLauncher.java:211)
	at org.junit.platform.launcher.core.DefaultLauncher.execute(DefaultLauncher.java:191)
	at org.junit.platform.launcher.core.DefaultLauncher.execute(DefaultLauncher.java:128)
	at org.apache.maven.surefire.junitplatform.JUnitPlatformProvider.execute(JUnitPlatformProvider.java:188)
	at org.apache.maven.surefire.junitplatform.JUnitPlatformProvider.invokeAllTests(JUnitPlatformProvider.java:154)
	at org.apache.maven.surefire.junitplatform.JUnitPlatformProvider.invoke(JUnitPlatformProvider.java:128)
	at org.apache.maven.surefire.booter.ForkedBooter.runSuitesInProcess(ForkedBooter.java:428)
	at org.apache.maven.surefire.booter.ForkedBooter.execute(ForkedBooter.java:162)
	at org.apache.maven.surefire.booter.ForkedBooter.run(ForkedBooter.java:562)
	at org.apache.maven.surefire.booter.ForkedBooter.main(ForkedBooter.java:548)
&amp#27;[0m
]]></system-out>
    <system-err><![CDATA[[main] INFO io.cucumber.core.plugin.SerenityReporter - Running feature from file:///D:/TIC/Kampus%20Merdeka/Batch%203/Studi%20Independen/Alterra/Capstone/AutoMobile/sample-mobile-automation/src/test/resources/features/math/atuhentication.feature
[main] WARN io.cucumber.core.plugin.SerenityReporter - Feature from file:///D:/TIC/Kampus%20Merdeka/Batch%203/Studi%20Independen/Alterra/Capstone/AutoMobile/sample-mobile-automation/src/test/resources/features/math/atuhentication.feature is not under the 'features' directory. Requirements report will not be correctly generated!
Dec 23, 2022 7:22:36 PM io.appium.java_client.remote.AppiumCommandExecutor$1 lambda$0
INFO: Detected dialect: W3C
]]></system-err>
  </testcase>
  <testcase name="Authentication Login #6" classname="Authentication" time="46.639">
    <system-out><![CDATA[
@Auth @Login
Scenario Outline: Authentication Login  &amp#27;[90m# src/test/resources/features/math/atuhentication.feature:49&amp#27;[0m
  &amp#27;[32mGiven &amp#27;[0m&amp#27;[32mi open app&amp#27;[0m                      &amp#27;[90m# com.example.steps.AuthRegisSteps.iOpenApp()&amp#27;[0m
  &amp#27;[32mAnd &amp#27;[0m&amp#27;[32mi am on the login page&amp#27;[0m            &amp#27;[90m# com.example.steps.AuthRegisSteps.iAmOnTheLoginPage()&amp#27;[0m
  &amp#27;[32mWhen &amp#27;[0m&amp#27;[32minput &amp#27;[0m&amp#27;[32m&amp#27;[1m""&amp#27;[0m&amp#27;[32m email, &amp#27;[0m&amp#27;[32m&amp#27;[1m""&amp#27;[0m&amp#27;[32m password&amp#27;[0m      &amp#27;[90m# com.example.steps.AuthLoginSteps.inputEmailPassword(java.lang.String,java.lang.String)&amp#27;[0m
  &amp#27;[32mAnd &amp#27;[0m&amp#27;[32mclick &amp#27;[0m&amp#27;[32m&amp#27;[1m"no see"&amp#27;[0m&amp#27;[32m see pass login&amp#27;[0m     &amp#27;[90m# com.example.steps.AuthLoginSteps.clickSeePassLogin(java.lang.String)&amp#27;[0m
  &amp#27;[32mAnd &amp#27;[0m&amp#27;[32mclick button masuk&amp#27;[0m                &amp#27;[90m# com.example.steps.AuthLoginSteps.clickButtonMasuk()&amp#27;[0m
  &amp#27;[32mThen &amp#27;[0m&amp#27;[32mI get &amp#27;[0m&amp#27;[32m&amp#27;[1m"error email"&amp#27;[0m&amp#27;[32m result login&amp#27;[0m &amp#27;[90m# com.example.steps.AuthLoginSteps.iGetResultLogin(java.lang.String)&amp#27;[0m
]]></system-out>
    <system-err><![CDATA[[main] INFO io.cucumber.core.plugin.SerenityReporter - Running feature from file:///D:/TIC/Kampus%20Merdeka/Batch%203/Studi%20Independen/Alterra/Capstone/AutoMobile/sample-mobile-automation/src/test/resources/features/math/atuhentication.feature
[main] WARN io.cucumber.core.plugin.SerenityReporter - Feature from file:///D:/TIC/Kampus%20Merdeka/Batch%203/Studi%20Independen/Alterra/Capstone/AutoMobile/sample-mobile-automation/src/test/resources/features/math/atuhentication.feature is not under the 'features' directory. Requirements report will not be correctly generated!
Dec 23, 2022 7:23:55 PM io.appium.java_client.remote.AppiumCommandExecutor$1 lambda$0
INFO: Detected dialect: W3C
]]></system-err>
  </testcase>
  <testcase name="Authentication Login Lupa Kata Sandi #1" classname="Authentication" time="62.342">
    <system-out><![CDATA[
@Auth @LupaPass
Scenario Outline: Authentication Login Lupa Kata Sandi &amp#27;[90m# src/test/resources/features/math/atuhentication.feature:62&amp#27;[0m
  &amp#27;[32mGiven &amp#27;[0m&amp#27;[32mi open app&amp#27;[0m                                     &amp#27;[90m# com.example.steps.AuthRegisSteps.iOpenApp()&amp#27;[0m
  &amp#27;[32mAnd &amp#27;[0m&amp#27;[32mi am on the login page&amp#27;[0m                           &amp#27;[90m# com.example.steps.AuthRegisSteps.iAmOnTheLoginPage()&amp#27;[0m
  &amp#27;[32mWhen &amp#27;[0m&amp#27;[32minput &amp#27;[0m&amp#27;[32m&amp#27;[1m"maylananggi@gmail.com"&amp#27;[0m&amp#27;[32m email&amp#27;[0m             &amp#27;[90m# com.example.steps.AuthLupaSandiSteps.inputEmail(java.lang.String)&amp#27;[0m
  &amp#27;[32mAnd &amp#27;[0m&amp#27;[32mclick lupa pass&amp#27;[0m                                  &amp#27;[90m# com.example.steps.AuthLupaSandiSteps.clickLupaPass()&amp#27;[0m
  &amp#27;[32mAnd &amp#27;[0m&amp#27;[32mI get pop up lupa pass&amp#27;[0m                           &amp#27;[90m# com.example.steps.AuthLupaSandiSteps.iGetPopUpLupaPass()&amp#27;[0m
  &amp#27;[32mThen &amp#27;[0m&amp#27;[32minput &amp#27;[0m&amp#27;[32m&amp#27;[1m"maylananggi@gmail.com"&amp#27;[0m&amp#27;[32m email lupa&amp#27;[0m        &amp#27;[90m# com.example.steps.AuthLupaSandiSteps.inputEmailLupa(java.lang.String)&amp#27;[0m
  &amp#27;[32mAnd &amp#27;[0m&amp#27;[32mclick &amp#27;[0m&amp#27;[32m&amp#27;[1m"kirim"&amp#27;[0m&amp#27;[32m action lupa sandi&amp#27;[0m                  &amp#27;[90m# com.example.steps.AuthLupaSandiSteps.clickActionLupaSandi(java.lang.String)&amp#27;[0m
]]></system-out>
    <system-err><![CDATA[[main] INFO io.cucumber.core.plugin.SerenityReporter - Running feature from file:///D:/TIC/Kampus%20Merdeka/Batch%203/Studi%20Independen/Alterra/Capstone/AutoMobile/sample-mobile-automation/src/test/resources/features/math/atuhentication.feature
[main] WARN io.cucumber.core.plugin.SerenityReporter - Feature from file:///D:/TIC/Kampus%20Merdeka/Batch%203/Studi%20Independen/Alterra/Capstone/AutoMobile/sample-mobile-automation/src/test/resources/features/math/atuhentication.feature is not under the 'features' directory. Requirements report will not be correctly generated!
[main] INFO  - 
 _____ _____ ____ _____   ____ _____  _    ____ _____ _____ ____  
|_   _| ____/ ___|_   _| / ___|_   _|/ \  |  _ \_   _| ____|  _ \ 
  | | |  _| \___ \ | |   \___ \ | | / _ \ | |_) || | |  _| | | | |
  | | | |___ ___) || |    ___) || |/ ___ \|  _ < | | | |___| |_| |
  |_| |_____|____/ |_|   |____/ |_/_/   \_\_| \_\|_| |_____|____/ 

Authentication Login Lupa Kata Sandi(authentication;authentication-login-lupa-kata-sandi)
-------------------------------------------------------------------
Dec 23, 2022 7:24:40 PM io.appium.java_client.remote.AppiumCommandExecutor$1 lambda$0
INFO: Detected dialect: W3C
[main] INFO  - 
        __    _____ _____ ____ _____   ____   _    ____  ____  _____ ____  
  _     \ \  |_   _| ____/ ___|_   _| |  _ \ / \  / ___|/ ___|| ____|  _ \ 
 (_)_____| |   | | |  _| \___ \ | |   | |_) / _ \ \___ \\___ \|  _| | | | |
  _|_____| |   | | | |___ ___) || |   |  __/ ___ \ ___) |___) | |___| |_| |
 (_)     | |   |_| |_____|____/ |_|   |_| /_/   \_\____/|____/|_____|____/ 
        /_/                                                                

Authentication Login Lupa Kata Sandi
----------------------------------------------------------------------------
]]></system-err>
  </testcase>
  <testcase name="Authentication Login Lupa Kata Sandi #2" classname="Authentication" time="52.985">
    <system-out><![CDATA[
@Auth @LupaPass
Scenario Outline: Authentication Login Lupa Kata Sandi &amp#27;[90m# src/test/resources/features/math/atuhentication.feature:63&amp#27;[0m
  &amp#27;[32mGiven &amp#27;[0m&amp#27;[32mi open app&amp#27;[0m                                     &amp#27;[90m# com.example.steps.AuthRegisSteps.iOpenApp()&amp#27;[0m
  &amp#27;[32mAnd &amp#27;[0m&amp#27;[32mi am on the login page&amp#27;[0m                           &amp#27;[90m# com.example.steps.AuthRegisSteps.iAmOnTheLoginPage()&amp#27;[0m
  &amp#27;[32mWhen &amp#27;[0m&amp#27;[32minput &amp#27;[0m&amp#27;[32m&amp#27;[1m"maylananggi@gmail.com"&amp#27;[0m&amp#27;[32m email&amp#27;[0m             &amp#27;[90m# com.example.steps.AuthLupaSandiSteps.inputEmail(java.lang.String)&amp#27;[0m
  &amp#27;[32mAnd &amp#27;[0m&amp#27;[32mclick lupa pass&amp#27;[0m                                  &amp#27;[90m# com.example.steps.AuthLupaSandiSteps.clickLupaPass()&amp#27;[0m
  &amp#27;[32mAnd &amp#27;[0m&amp#27;[32mI get pop up lupa pass&amp#27;[0m                           &amp#27;[90m# com.example.steps.AuthLupaSandiSteps.iGetPopUpLupaPass()&amp#27;[0m
  &amp#27;[32mThen &amp#27;[0m&amp#27;[32minput &amp#27;[0m&amp#27;[32m&amp#27;[1m"maylananggi@gmail.com"&amp#27;[0m&amp#27;[32m email lupa&amp#27;[0m        &amp#27;[90m# com.example.steps.AuthLupaSandiSteps.inputEmailLupa(java.lang.String)&amp#27;[0m
  &amp#27;[32mAnd &amp#27;[0m&amp#27;[32mclick &amp#27;[0m&amp#27;[32m&amp#27;[1m"batal"&amp#27;[0m&amp#27;[32m action lupa sandi&amp#27;[0m                  &amp#27;[90m# com.example.steps.AuthLupaSandiSteps.clickActionLupaSandi(java.lang.String)&amp#27;[0m
]]></system-out>
    <system-err><![CDATA[[main] INFO io.cucumber.core.plugin.SerenityReporter - Running feature from file:///D:/TIC/Kampus%20Merdeka/Batch%203/Studi%20Independen/Alterra/Capstone/AutoMobile/sample-mobile-automation/src/test/resources/features/math/atuhentication.feature
[main] WARN io.cucumber.core.plugin.SerenityReporter - Feature from file:///D:/TIC/Kampus%20Merdeka/Batch%203/Studi%20Independen/Alterra/Capstone/AutoMobile/sample-mobile-automation/src/test/resources/features/math/atuhentication.feature is not under the 'features' directory. Requirements report will not be correctly generated!
Dec 23, 2022 7:25:43 PM io.appium.java_client.remote.AppiumCommandExecutor$1 lambda$0
INFO: Detected dialect: W3C
[main] INFO  - 
        __    _____ _____ ____ _____   ____   _    ____  ____  _____ ____  
  _     \ \  |_   _| ____/ ___|_   _| |  _ \ / \  / ___|/ ___|| ____|  _ \ 
 (_)_____| |   | | |  _| \___ \ | |   | |_) / _ \ \___ \\___ \|  _| | | | |
  _|_____| |   | | | |___ ___) || |   |  __/ ___ \ ___) |___) | |___| |_| |
 (_)     | |   |_| |_____|____/ |_|   |_| /_/   \_\____/|____/|_____|____/ 
        /_/                                                                

Authentication Login Lupa Kata Sandi
----------------------------------------------------------------------------
]]></system-err>
  </testcase>
  <testcase name="Authentication Login Lupa Kata Sandi #3" classname="Authentication" time="52.479">
    <error type="org.openqa.selenium.WebDriverException"><![CDATA[org.openqa.selenium.WebDriverException: 
An unknown server-side error occurred while processing the command. Original error: Could not proxy command to the remote server. Original error: socket hang up
Build info: version: '3.141.59', revision: 'e82be7d358', time: '2018-11-14T08:17:03'
System info: host: 'MYLNAP', ip: '192.168.130.45', os.name: 'Windows 11', os.arch: 'amd64', os.version: '10.0', java.version: '11.0.16'
Driver info: io.appium.java_client.android.AndroidDriver
Capabilities {app: D:\TIC\Kampus Merdeka\Batch..., appPackage: com.example.geinterra_apps, automationName: UIAutomator2, databaseEnabled: false, desired: {app: D:\TIC\Kampus Merdeka\Batch..., automationName: UIAutomator2, platformName: android, platformVersion: 12, unicodeKeyboard: true}, deviceApiLevel: 31, deviceManufacturer: vivo, deviceModel: V2027, deviceName: 5c4a3aa1, deviceScreenDensity: 320, deviceScreenSize: 720x1600, deviceUDID: 5c4a3aa1, javascriptEnabled: true, locationContextEnabled: false, networkConnectionEnabled: true, pixelRatio: 2, platform: LINUX, platformName: Android, platformVersion: 12, statBarHeight: 56, takesScreenshot: true, unicodeKeyboard: true, viewportRect: {height: 1414, left: 0, top: 56, width: 720}, warnings: {}, webStorageEnabled: false}
Session ID: 97313a32-bc67-453a-bfb9-42e553590e46
*** Element info: {Using=xpath, value=//android.widget.Button[@content-desc="Kirim"]}
]]></error>
    <system-out><![CDATA[
@Auth @LupaPass
Scenario Outline: Authentication Login Lupa Kata Sandi &amp#27;[90m# src/test/resources/features/math/atuhentication.feature:64&amp#27;[0m
  &amp#27;[32mGiven &amp#27;[0m&amp#27;[32mi open app&amp#27;[0m                                     &amp#27;[90m# com.example.steps.AuthRegisSteps.iOpenApp()&amp#27;[0m
  &amp#27;[32mAnd &amp#27;[0m&amp#27;[32mi am on the login page&amp#27;[0m                           &amp#27;[90m# com.example.steps.AuthRegisSteps.iAmOnTheLoginPage()&amp#27;[0m
  &amp#27;[32mWhen &amp#27;[0m&amp#27;[32minput &amp#27;[0m&amp#27;[32m&amp#27;[1m""&amp#27;[0m&amp#27;[32m email&amp#27;[0m                                  &amp#27;[90m# com.example.steps.AuthLupaSandiSteps.inputEmail(java.lang.String)&amp#27;[0m
  &amp#27;[32mAnd &amp#27;[0m&amp#27;[32mclick lupa pass&amp#27;[0m                                  &amp#27;[90m# com.example.steps.AuthLupaSandiSteps.clickLupaPass()&amp#27;[0m
  &amp#27;[32mAnd &amp#27;[0m&amp#27;[32mI get pop up lupa pass&amp#27;[0m                           &amp#27;[90m# com.example.steps.AuthLupaSandiSteps.iGetPopUpLupaPass()&amp#27;[0m
  &amp#27;[32mThen &amp#27;[0m&amp#27;[32minput &amp#27;[0m&amp#27;[32m&amp#27;[1m""&amp#27;[0m&amp#27;[32m email lupa&amp#27;[0m                             &amp#27;[90m# com.example.steps.AuthLupaSandiSteps.inputEmailLupa(java.lang.String)&amp#27;[0m
  &amp#27;[31mAnd &amp#27;[0m&amp#27;[31mclick &amp#27;[0m&amp#27;[31m&amp#27;[1m"kirim"&amp#27;[0m&amp#27;[31m action lupa sandi&amp#27;[0m                  &amp#27;[90m# com.example.steps.AuthLupaSandiSteps.clickActionLupaSandi(java.lang.String)&amp#27;[0m
      &amp#27;[31morg.openqa.selenium.WebDriverException: An unknown server-side error occurred while processing the command. Original error: Could not proxy command to the remote server. Original error: socket hang up
Build info: version: '3.141.59', revision: 'e82be7d358', time: '2018-11-14T08:17:03'
System info: host: 'MYLNAP', ip: '192.168.130.45', os.name: 'Windows 11', os.arch: 'amd64', os.version: '10.0', java.version: '11.0.16'
Driver info: io.appium.java_client.android.AndroidDriver
Capabilities {app: D:\TIC\Kampus Merdeka\Batch..., appPackage: com.example.geinterra_apps, automationName: UIAutomator2, databaseEnabled: false, desired: {app: D:\TIC\Kampus Merdeka\Batch..., automationName: UIAutomator2, platformName: android, platformVersion: 12, unicodeKeyboard: true}, deviceApiLevel: 31, deviceManufacturer: vivo, deviceModel: V2027, deviceName: 5c4a3aa1, deviceScreenDensity: 320, deviceScreenSize: 720x1600, deviceUDID: 5c4a3aa1, javascriptEnabled: true, locationContextEnabled: false, networkConnectionEnabled: true, pixelRatio: 2, platform: LINUX, platformName: Android, platformVersion: 12, statBarHeight: 56, takesScreenshot: true, unicodeKeyboard: true, viewportRect: {height: 1414, left: 0, top: 56, width: 720}, warnings: {}, webStorageEnabled: false}
Session ID: 97313a32-bc67-453a-bfb9-42e553590e46
*** Element info: {Using=xpath, value=//android.widget.Button[@content-desc="Kirim"]}
	at java.base/jdk.internal.reflect.NativeConstructorAccessorImpl.newInstance0(Native Method)
	at java.base/jdk.internal.reflect.NativeConstructorAccessorImpl.newInstance(NativeConstructorAccessorImpl.java:62)
	at java.base/jdk.internal.reflect.DelegatingConstructorAccessorImpl.newInstance(DelegatingConstructorAccessorImpl.java:45)
	at java.base/java.lang.reflect.Constructor.newInstance(Constructor.java:490)
	at org.openqa.selenium.remote.http.W3CHttpResponseCodec.createException(W3CHttpResponseCodec.java:187)
	at org.openqa.selenium.remote.http.W3CHttpResponseCodec.decode(W3CHttpResponseCodec.java:122)
	at org.openqa.selenium.remote.http.W3CHttpResponseCodec.decode(W3CHttpResponseCodec.java:49)
	at org.openqa.selenium.remote.HttpCommandExecutor.execute(HttpCommandExecutor.java:158)
	at io.appium.java_client.remote.AppiumCommandExecutor.execute(AppiumCommandExecutor.java:250)
	at org.openqa.selenium.remote.RemoteWebDriver.execute(RemoteWebDriver.java:552)
	at io.appium.java_client.DefaultGenericMobileDriver.execute(DefaultGenericMobileDriver.java:41)
	at io.appium.java_client.AppiumDriver.execute(AppiumDriver.java:1)
	at io.appium.java_client.android.AndroidDriver.execute(AndroidDriver.java:1)
	at org.openqa.selenium.remote.RemoteWebDriver.findElement(RemoteWebDriver.java:323)
	at io.appium.java_client.DefaultGenericMobileDriver.findElement(DefaultGenericMobileDriver.java:61)
	at io.appium.java_client.AppiumDriver.findElement(AppiumDriver.java:1)
	at io.appium.java_client.android.AndroidDriver.findElement(AndroidDriver.java:1)
	at org.openqa.selenium.remote.RemoteWebDriver.findElementByXPath(RemoteWebDriver.java:428)
	at io.appium.java_client.DefaultGenericMobileDriver.findElementByXPath(DefaultGenericMobileDriver.java:151)
	at io.appium.java_client.AppiumDriver.findElementByXPath(AppiumDriver.java:1)
	at io.appium.java_client.android.AndroidDriver.findElementByXPath(AndroidDriver.java:1)
	at org.openqa.selenium.By$ByXPath.findElement(By.java:353)
	at org.openqa.selenium.remote.RemoteWebDriver.findElement(RemoteWebDriver.java:315)
	at io.appium.java_client.DefaultGenericMobileDriver.findElement(DefaultGenericMobileDriver.java:57)
	at io.appium.java_client.AppiumDriver.findElement(AppiumDriver.java:1)
	at io.appium.java_client.android.AndroidDriver.findElement(AndroidDriver.java:1)
	at org.openqa.selenium.support.ui.ExpectedConditions$7.apply(ExpectedConditions.java:205)
	at org.openqa.selenium.support.ui.ExpectedConditions$7.apply(ExpectedConditions.java:201)
	at org.openqa.selenium.support.ui.FluentWait.until(FluentWait.java:249)
	at sample.mobile.automation@1.0-SNAPSHOT/com.example.app.base.BasePageObject.find(BasePageObject.java:29)
	at sample.mobile.automation@1.0-SNAPSHOT/com.example.app.base.BasePageObject.click(BasePageObject.java:33)
	at sample.mobile.automation@1.0-SNAPSHOT/com.example.app.page.AuthLupaSandiPage.setFieldKirim(AuthLupaSandiPage.java:18)
	at sample.mobile.automation@1.0-SNAPSHOT/com.example.steps.AuthLupaSandiSteps.clickActionLupaSandi(AuthLupaSandiSteps.java:37)
	at âœ½.click "kirim" action lupa sandi(file:///D:/TIC/Kampus%20Merdeka/Batch%203/Studi%20Independen/Alterra/Capstone/AutoMobile/sample-mobile-automation/src/test/resources/features/math/atuhentication.feature:59)
&amp#27;[0m
]]></system-out>
    <system-err><![CDATA[[main] INFO io.cucumber.core.plugin.SerenityReporter - Running feature from file:///D:/TIC/Kampus%20Merdeka/Batch%203/Studi%20Independen/Alterra/Capstone/AutoMobile/sample-mobile-automation/src/test/resources/features/math/atuhentication.feature
[main] WARN io.cucumber.core.plugin.SerenityReporter - Feature from file:///D:/TIC/Kampus%20Merdeka/Batch%203/Studi%20Independen/Alterra/Capstone/AutoMobile/sample-mobile-automation/src/test/resources/features/math/atuhentication.feature is not under the 'features' directory. Requirements report will not be correctly generated!
Dec 23, 2022 7:26:36 PM io.appium.java_client.remote.AppiumCommandExecutor$1 lambda$0
INFO: Detected dialect: W3C
]]></system-err>
  </testcase>
  <testcase name="Authentication Login Lupa Kata Sandi #4" classname="Authentication" time="51.179">
    <system-out><![CDATA[
@Auth @LupaPass
Scenario Outline: Authentication Login Lupa Kata Sandi &amp#27;[90m# src/test/resources/features/math/atuhentication.feature:65&amp#27;[0m
  &amp#27;[32mGiven &amp#27;[0m&amp#27;[32mi open app&amp#27;[0m                                     &amp#27;[90m# com.example.steps.AuthRegisSteps.iOpenApp()&amp#27;[0m
  &amp#27;[32mAnd &amp#27;[0m&amp#27;[32mi am on the login page&amp#27;[0m                           &amp#27;[90m# com.example.steps.AuthRegisSteps.iAmOnTheLoginPage()&amp#27;[0m
  &amp#27;[32mWhen &amp#27;[0m&amp#27;[32minput &amp#27;[0m&amp#27;[32m&amp#27;[1m""&amp#27;[0m&amp#27;[32m email&amp#27;[0m                                  &amp#27;[90m# com.example.steps.AuthLupaSandiSteps.inputEmail(java.lang.String)&amp#27;[0m
  &amp#27;[32mAnd &amp#27;[0m&amp#27;[32mclick lupa pass&amp#27;[0m                                  &amp#27;[90m# com.example.steps.AuthLupaSandiSteps.clickLupaPass()&amp#27;[0m
  &amp#27;[32mAnd &amp#27;[0m&amp#27;[32mI get pop up lupa pass&amp#27;[0m                           &amp#27;[90m# com.example.steps.AuthLupaSandiSteps.iGetPopUpLupaPass()&amp#27;[0m
  &amp#27;[32mThen &amp#27;[0m&amp#27;[32minput &amp#27;[0m&amp#27;[32m&amp#27;[1m""&amp#27;[0m&amp#27;[32m email lupa&amp#27;[0m                             &amp#27;[90m# com.example.steps.AuthLupaSandiSteps.inputEmailLupa(java.lang.String)&amp#27;[0m
  &amp#27;[32mAnd &amp#27;[0m&amp#27;[32mclick &amp#27;[0m&amp#27;[32m&amp#27;[1m"batal"&amp#27;[0m&amp#27;[32m action lupa sandi&amp#27;[0m                  &amp#27;[90m# com.example.steps.AuthLupaSandiSteps.clickActionLupaSandi(java.lang.String)&amp#27;[0m
]]></system-out>
    <system-err><![CDATA[[main] INFO io.cucumber.core.plugin.SerenityReporter - Running feature from file:///D:/TIC/Kampus%20Merdeka/Batch%203/Studi%20Independen/Alterra/Capstone/AutoMobile/sample-mobile-automation/src/test/resources/features/math/atuhentication.feature
[main] WARN io.cucumber.core.plugin.SerenityReporter - Feature from file:///D:/TIC/Kampus%20Merdeka/Batch%203/Studi%20Independen/Alterra/Capstone/AutoMobile/sample-mobile-automation/src/test/resources/features/math/atuhentication.feature is not under the 'features' directory. Requirements report will not be correctly generated!
Dec 23, 2022 7:27:27 PM io.appium.java_client.remote.AppiumCommandExecutor$1 lambda$0
INFO: Detected dialect: W3C
]]></system-err>
  </testcase>
  <testcase name="Authentication Login Lupa Kata Sandi #5" classname="Authentication" time="47.114">
    <system-out><![CDATA[
@Auth @LupaPass
Scenario Outline: Authentication Login Lupa Kata Sandi &amp#27;[90m# src/test/resources/features/math/atuhentication.feature:66&amp#27;[0m
  &amp#27;[32mGiven &amp#27;[0m&amp#27;[32mi open app&amp#27;[0m                                     &amp#27;[90m# com.example.steps.AuthRegisSteps.iOpenApp()&amp#27;[0m
  &amp#27;[32mAnd &amp#27;[0m&amp#27;[32mi am on the login page&amp#27;[0m                           &amp#27;[90m# com.example.steps.AuthRegisSteps.iAmOnTheLoginPage()&amp#27;[0m
  &amp#27;[32mWhen &amp#27;[0m&amp#27;[32minput &amp#27;[0m&amp#27;[32m&amp#27;[1m"abcdefghijk"&amp#27;[0m&amp#27;[32m email&amp#27;[0m                       &amp#27;[90m# com.example.steps.AuthLupaSandiSteps.inputEmail(java.lang.String)&amp#27;[0m
  &amp#27;[32mAnd &amp#27;[0m&amp#27;[32mclick lupa pass&amp#27;[0m                                  &amp#27;[90m# com.example.steps.AuthLupaSandiSteps.clickLupaPass()&amp#27;[0m
  &amp#27;[32mAnd &amp#27;[0m&amp#27;[32mI get pop up lupa pass&amp#27;[0m                           &amp#27;[90m# com.example.steps.AuthLupaSandiSteps.iGetPopUpLupaPass()&amp#27;[0m
  &amp#27;[32mThen &amp#27;[0m&amp#27;[32minput &amp#27;[0m&amp#27;[32m&amp#27;[1m"abcdefghijk"&amp#27;[0m&amp#27;[32m email lupa&amp#27;[0m                  &amp#27;[90m# com.example.steps.AuthLupaSandiSteps.inputEmailLupa(java.lang.String)&amp#27;[0m
  &amp#27;[32mAnd &amp#27;[0m&amp#27;[32mclick &amp#27;[0m&amp#27;[32m&amp#27;[1m"kirim"&amp#27;[0m&amp#27;[32m action lupa sandi&amp#27;[0m                  &amp#27;[90m# com.example.steps.AuthLupaSandiSteps.clickActionLupaSandi(java.lang.String)&amp#27;[0m
]]></system-out>
    <system-err><![CDATA[[main] INFO io.cucumber.core.plugin.SerenityReporter - Running feature from file:///D:/TIC/Kampus%20Merdeka/Batch%203/Studi%20Independen/Alterra/Capstone/AutoMobile/sample-mobile-automation/src/test/resources/features/math/atuhentication.feature
[main] WARN io.cucumber.core.plugin.SerenityReporter - Feature from file:///D:/TIC/Kampus%20Merdeka/Batch%203/Studi%20Independen/Alterra/Capstone/AutoMobile/sample-mobile-automation/src/test/resources/features/math/atuhentication.feature is not under the 'features' directory. Requirements report will not be correctly generated!
Dec 23, 2022 7:28:17 PM io.appium.java_client.remote.AppiumCommandExecutor$1 lambda$0
INFO: Detected dialect: W3C
]]></system-err>
  </testcase>
  <testcase name="Pay transaksi status Menunggu Konfirmasi with Rek BNI" classname="Pay Transaksi with Rek Bank" time="33.057">
    <error type="io.cucumber.core.exception.CucumberException"><![CDATA[io.cucumber.core.exception.CucumberException: Failed to instantiate class com.example.steps.StatusPaySteps - this class doesn't have an empty or a page enabled constructor"
Caused by: java.lang.reflect.InvocationTargetException
Caused by: java.lang.IllegalArgumentException: Must supply a not empty locator value.
]]></error>
    <system-out><![CDATA[
Scenario: Pay transaksi status Menunggu Konfirmasi with Rek BNI &amp#27;[90m# src/test/resources/features/math/payInvoiceBank.feature:6&amp#27;[0m
  &amp#27;[31mGiven &amp#27;[0m&amp#27;[31mi haved login&amp#27;[0m                                           &amp#27;[90m# com.example.steps.StatusPaySteps.iHavedLogin()&amp#27;[0m
      &amp#27;[31mio.cucumber.core.exception.CucumberException: Failed to instantiate class com.example.steps.StatusPaySteps - this class doesn't have an empty or a page enabled constructor"
	at cucumber.runtime.SerenityObjectFactory.newInstance(SerenityObjectFactory.java:73)
	at cucumber.runtime.SerenityObjectFactory.cacheNewInstance(SerenityObjectFactory.java:58)
	at cucumber.runtime.SerenityObjectFactory.getInstance(SerenityObjectFactory.java:48)
	at io.cucumber.java.AbstractGlueDefinition.invokeMethod(AbstractGlueDefinition.java:47)
	at io.cucumber.java.JavaStepDefinition.execute(JavaStepDefinition.java:29)
	at io.cucumber.core.runner.CoreStepDefinition.execute(CoreStepDefinition.java:66)
	at io.cucumber.core.runner.PickleStepDefinitionMatch.runStep(PickleStepDefinitionMatch.java:63)
	at io.cucumber.core.runner.TestStep.executeStep(TestStep.java:92)
	at io.cucumber.core.runner.TestStep.run(TestStep.java:63)
	at io.cucumber.core.runner.PickleStepTestStep.run(PickleStepTestStep.java:49)
	at io.cucumber.core.runner.TestCase.run(TestCase.java:99)
	at io.cucumber.core.runner.Runner.runPickle(Runner.java:71)
	at io.cucumber.junit.PickleRunners$NoStepDescriptions.run(PickleRunners.java:151)
	at io.cucumber.junit.FeatureRunner.runChild(FeatureRunner.java:135)
	at io.cucumber.junit.FeatureRunner.runChild(FeatureRunner.java:27)
	at org.junit.runners.ParentRunner$3.run(ParentRunner.java:290)
	at org.junit.runners.ParentRunner$1.schedule(ParentRunner.java:71)
	at org.junit.runners.ParentRunner.runChildren(ParentRunner.java:288)
	at org.junit.runners.ParentRunner.access$000(ParentRunner.java:58)
	at org.junit.runners.ParentRunner$2.evaluate(ParentRunner.java:268)
	at org.junit.runners.ParentRunner.run(ParentRunner.java:363)
	at io.cucumber.junit.CucumberSerenityRunner.runChild(CucumberSerenityRunner.java:234)
	at io.cucumber.junit.CucumberSerenityRunner.runChild(CucumberSerenityRunner.java:57)
	at org.junit.runners.ParentRunner$3.run(ParentRunner.java:290)
	at org.junit.runners.ParentRunner$1.schedule(ParentRunner.java:71)
	at org.junit.runners.ParentRunner.runChildren(ParentRunner.java:288)
	at org.junit.runners.ParentRunner.access$000(ParentRunner.java:58)
	at org.junit.runners.ParentRunner$2.evaluate(ParentRunner.java:268)
	at io.cucumber.junit.CucumberSerenityRunner$RunCucumber.evaluate(CucumberSerenityRunner.java:262)
	at org.junit.runners.ParentRunner.run(ParentRunner.java:363)
	at org.junit.runner.JUnitCore.run(JUnitCore.java:137)
	at org.junit.runner.JUnitCore.run(JUnitCore.java:115)
	at org.junit.vintage.engine.execution.RunnerExecutor.execute(RunnerExecutor.java:40)
	at java.base/java.util.stream.ForEachOps$ForEachOp$OfRef.accept(ForEachOps.java:183)
	at java.base/java.util.stream.ReferencePipeline$3$1.accept(ReferencePipeline.java:195)
	at java.base/java.util.Iterator.forEachRemaining(Iterator.java:133)
	at java.base/java.util.Spliterators$IteratorSpliterator.forEachRemaining(Spliterators.java:1801)
	at java.base/java.util.stream.AbstractPipeline.copyInto(AbstractPipeline.java:484)
	at java.base/java.util.stream.AbstractPipeline.wrapAndCopyInto(AbstractPipeline.java:474)
	at java.base/java.util.stream.ForEachOps$ForEachOp.evaluateSequential(ForEachOps.java:150)
	at java.base/java.util.stream.ForEachOps$ForEachOp$OfRef.evaluateSequential(ForEachOps.java:173)
	at java.base/java.util.stream.AbstractPipeline.evaluate(AbstractPipeline.java:234)
	at java.base/java.util.stream.ReferencePipeline.forEach(ReferencePipeline.java:497)
	at org.junit.vintage.engine.VintageTestEngine.executeAllChildren(VintageTestEngine.java:80)
	at org.junit.vintage.engine.VintageTestEngine.execute(VintageTestEngine.java:71)
	at org.junit.platform.launcher.core.DefaultLauncher.execute(DefaultLauncher.java:229)
	at org.junit.platform.launcher.core.DefaultLauncher.lambda$execute$6(DefaultLauncher.java:197)
	at org.junit.platform.launcher.core.DefaultLauncher.withInterceptedStreams(DefaultLauncher.java:211)
	at org.junit.platform.launcher.core.DefaultLauncher.execute(DefaultLauncher.java:191)
	at org.junit.platform.launcher.core.DefaultLauncher.execute(DefaultLauncher.java:128)
	at org.apache.maven.surefire.junitplatform.JUnitPlatformProvider.execute(JUnitPlatformProvider.java:188)
	at org.apache.maven.surefire.junitplatform.JUnitPlatformProvider.invokeAllTests(JUnitPlatformProvider.java:154)
	at org.apache.maven.surefire.junitplatform.JUnitPlatformProvider.invoke(JUnitPlatformProvider.java:128)
	at org.apache.maven.surefire.booter.ForkedBooter.runSuitesInProcess(ForkedBooter.java:428)
	at org.apache.maven.surefire.booter.ForkedBooter.execute(ForkedBooter.java:162)
	at org.apache.maven.surefire.booter.ForkedBooter.run(ForkedBooter.java:562)
	at org.apache.maven.surefire.booter.ForkedBooter.main(ForkedBooter.java:548)
Caused by: java.lang.reflect.InvocationTargetException
	at java.base/jdk.internal.reflect.NativeConstructorAccessorImpl.newInstance0(Native Method)
	at java.base/jdk.internal.reflect.NativeConstructorAccessorImpl.newInstance(NativeConstructorAccessorImpl.java:62)
	at java.base/jdk.internal.reflect.DelegatingConstructorAccessorImpl.newInstance(DelegatingConstructorAccessorImpl.java:45)
	at java.base/java.lang.reflect.Constructor.newInstance(Constructor.java:490)
	at cucumber.runtime.SerenityObjectFactory.newInstance(SerenityObjectFactory.java:70)
	... 56 more
Caused by: java.lang.IllegalArgumentException: Must supply a not empty locator value.
	at io.appium.java_client.MobileBy.<init>(MobileBy.java:47)
	at io.appium.java_client.MobileBy$ByAccessibilityId.<init>(MobileBy.java:240)
	at io.appium.java_client.MobileBy.AccessibilityId(MobileBy.java:83)
	at sample.mobile.automation@1.0-SNAPSHOT/com.example.app.page.StatusPayPage.<init>(StatusPayPage.java:13)
	at sample.mobile.automation@1.0-SNAPSHOT/com.example.steps.StatusPaySteps.<init>(StatusPaySteps.java:14)
	... 61 more
&amp#27;[0m
  &amp#27;[36mAnd &amp#27;[0m&amp#27;[36mclick button bill&amp#27;[0m                                         &amp#27;[90m# com.example.steps.StatusPaySteps.clickButtonBill()&amp#27;[0m
  &amp#27;[36mAnd &amp#27;[0m&amp#27;[36mon the Transaksi page&amp#27;[0m                                     &amp#27;[90m# com.example.steps.StatusPaySteps.onTheTransaksiPage()&amp#27;[0m
  &amp#27;[36mAnd &amp#27;[0m&amp#27;[36msee status Menunggu Konfirmasi&amp#27;[0m                            &amp#27;[90m# com.example.steps.StatusPaySteps.seeStatusMenungguKonfirmasi()&amp#27;[0m
  &amp#27;[36mWhen &amp#27;[0m&amp#27;[36mfiltered status Menunggu Konfirmasi&amp#27;[0m                      &amp#27;[90m# com.example.steps.StatusPaySteps.filteredStatusMenungguKonfirmasi()&amp#27;[0m
  &amp#27;[36mAnd &amp#27;[0m&amp#27;[36mclick status Menunggu Konfirmasi&amp#27;[0m                          &amp#27;[90m# com.example.steps.PayInvoiceBankSteps.clickStatusMenungguKonfirmasi()&amp#27;[0m
  &amp#27;[36mAnd &amp#27;[0m&amp#27;[36mclick button pay now&amp#27;[0m                                      &amp#27;[90m# com.example.steps.PayInvoiceBankSteps.clickButtonPayNow()&amp#27;[0m
  &amp#27;[36mAnd &amp#27;[0m&amp#27;[36mclick button Yakin&amp#27;[0m                                        &amp#27;[90m# com.example.steps.PayInvoiceBankSteps.clickButtonYakin()&amp#27;[0m
  &amp#27;[36mAnd &amp#27;[0m&amp#27;[36mclick button Rekening Bank&amp#27;[0m                                &amp#27;[90m# com.example.steps.PayInvoiceBankSteps.clickButtonRekeningBank()&amp#27;[0m
  &amp#27;[36mAnd &amp#27;[0m&amp#27;[36mclick opsi BNI&amp#27;[0m                                            &amp#27;[90m# com.example.steps.PayInvoiceBankSteps.clickOpsiBNI()&amp#27;[0m
  &amp#27;[36mAnd &amp#27;[0m&amp#27;[36mclick button lanjutkan&amp#27;[0m                                    &amp#27;[90m# com.example.steps.PayInvoiceBankSteps.clickButtonLanjutkan()&amp#27;[0m
  &amp#27;[36mAnd &amp#27;[0m&amp#27;[36mclick kirim bukti bayar&amp#27;[0m                                   &amp#27;[90m# com.example.steps.PayInvoiceBankSteps.clickKirimBuktiBayar(java.lang.String)&amp#27;[0m
  &amp#27;[36mAnd &amp#27;[0m&amp#27;[36mclick button kirim&amp#27;[0m                                        &amp#27;[90m# com.example.steps.PayInvoiceBankSteps.clickButtonKirim()&amp#27;[0m
  &amp#27;[36mThen &amp#27;[0m&amp#27;[36msee Pembayaran Berhasil&amp#27;[0m                                  &amp#27;[90m# com.example.steps.PayInvoiceBankSteps.seePembayaranBerhasil()&amp#27;[0m
  &amp#27;[36mAnd &amp#27;[0m&amp#27;[36mclick download invoice&amp#27;[0m                                    &amp#27;[90m# com.example.steps.PayInvoiceBankSteps.clickDownloadInvoice()&amp#27;[0m
]]></system-out>
    <system-err><![CDATA[[main] INFO io.cucumber.core.plugin.SerenityReporter - Running feature from file:///D:/TIC/Kampus%20Merdeka/Batch%203/Studi%20Independen/Alterra/Capstone/AutoMobile/sample-mobile-automation/src/test/resources/features/math/payInvoiceBank.feature
[main] WARN io.cucumber.core.plugin.SerenityReporter - Feature from file:///D:/TIC/Kampus%20Merdeka/Batch%203/Studi%20Independen/Alterra/Capstone/AutoMobile/sample-mobile-automation/src/test/resources/features/math/payInvoiceBank.feature is not under the 'features' directory. Requirements report will not be correctly generated!
[main] INFO  - 
 _____ _____ ____ _____   ____ _____  _    ____ _____ _____ ____  
|_   _| ____/ ___|_   _| / ___|_   _|/ \  |  _ \_   _| ____|  _ \ 
  | | |  _| \___ \ | |   \___ \ | | / _ \ | |_) || | |  _| | | | |
  | | | |___ ___) || |    ___) || |/ ___ \|  _ < | | | |___| |_| |
  |_| |_____|____/ |_|   |____/ |_/_/   \_\_| \_\|_| |_____|____/ 

Pay transaksi status Menunggu Konfirmasi with Rek BNI(pay-transaksi-with-rek-bank;pay-transaksi-status-menunggu-konfirmasi-with-rek-bni)
-------------------------------------------------------------------
Dec 23, 2022 7:29:08 PM io.appium.java_client.remote.AppiumCommandExecutor$1 lambda$0
INFO: Detected dialect: W3C
[main] ERROR  - 
         __  _____ _____ ____ _____   _____ ____  ____   ___  ____  
 _      / / |_   _| ____/ ___|_   _| | ____|  _ \|  _ \ / _ \|  _ \ 
(_)____| |    | | |  _| \___ \ | |   |  _| | |_) | |_) | | | | |_) |
 |_____| |    | | | |___ ___) || |   | |___|  _ <|  _ <| |_| |  _ < 
(_)    | |    |_| |_____|____/ |_|   |_____|_| \_\_| \_\\___/|_| \_\
        \_\                                                         

Pay transaksi status Menunggu Konfirmasi with Rek BNI
---------------------------------------------------------------------
[main] ERROR  -     Test failed at step: Given i haved login
[main] ERROR  -     
]]></system-err>
  </testcase>
  <testcase name="Pay transaksi status Menunggu Konfirmasi with Rek BRI" classname="Pay Transaksi with Rek Bank" time="33.885">
    <error type="io.cucumber.core.exception.CucumberException"><![CDATA[io.cucumber.core.exception.CucumberException: Failed to instantiate class com.example.steps.StatusPaySteps - this class doesn't have an empty or a page enabled constructor"
Caused by: java.lang.reflect.InvocationTargetException
Caused by: java.lang.IllegalArgumentException: Must supply a not empty locator value.
]]></error>
    <system-out><![CDATA[
Scenario: Pay transaksi status Menunggu Konfirmasi with Rek BRI &amp#27;[90m# src/test/resources/features/math/payInvoiceBank.feature:23&amp#27;[0m
  &amp#27;[31mGiven &amp#27;[0m&amp#27;[31mi haved login&amp#27;[0m                                           &amp#27;[90m# com.example.steps.StatusPaySteps.iHavedLogin()&amp#27;[0m
      &amp#27;[31mio.cucumber.core.exception.CucumberException: Failed to instantiate class com.example.steps.StatusPaySteps - this class doesn't have an empty or a page enabled constructor"
	at cucumber.runtime.SerenityObjectFactory.newInstance(SerenityObjectFactory.java:73)
	at cucumber.runtime.SerenityObjectFactory.cacheNewInstance(SerenityObjectFactory.java:58)
	at cucumber.runtime.SerenityObjectFactory.getInstance(SerenityObjectFactory.java:48)
	at io.cucumber.java.AbstractGlueDefinition.invokeMethod(AbstractGlueDefinition.java:47)
	at io.cucumber.java.JavaStepDefinition.execute(JavaStepDefinition.java:29)
	at io.cucumber.core.runner.CoreStepDefinition.execute(CoreStepDefinition.java:66)
	at io.cucumber.core.runner.PickleStepDefinitionMatch.runStep(PickleStepDefinitionMatch.java:63)
	at io.cucumber.core.runner.TestStep.executeStep(TestStep.java:92)
	at io.cucumber.core.runner.TestStep.run(TestStep.java:63)
	at io.cucumber.core.runner.PickleStepTestStep.run(PickleStepTestStep.java:49)
	at io.cucumber.core.runner.TestCase.run(TestCase.java:99)
	at io.cucumber.core.runner.Runner.runPickle(Runner.java:71)
	at io.cucumber.junit.PickleRunners$NoStepDescriptions.run(PickleRunners.java:151)
	at io.cucumber.junit.FeatureRunner.runChild(FeatureRunner.java:135)
	at io.cucumber.junit.FeatureRunner.runChild(FeatureRunner.java:27)
	at org.junit.runners.ParentRunner$3.run(ParentRunner.java:290)
	at org.junit.runners.ParentRunner$1.schedule(ParentRunner.java:71)
	at org.junit.runners.ParentRunner.runChildren(ParentRunner.java:288)
	at org.junit.runners.ParentRunner.access$000(ParentRunner.java:58)
	at org.junit.runners.ParentRunner$2.evaluate(ParentRunner.java:268)
	at org.junit.runners.ParentRunner.run(ParentRunner.java:363)
	at io.cucumber.junit.CucumberSerenityRunner.runChild(CucumberSerenityRunner.java:234)
	at io.cucumber.junit.CucumberSerenityRunner.runChild(CucumberSerenityRunner.java:57)
	at org.junit.runners.ParentRunner$3.run(ParentRunner.java:290)
	at org.junit.runners.ParentRunner$1.schedule(ParentRunner.java:71)
	at org.junit.runners.ParentRunner.runChildren(ParentRunner.java:288)
	at org.junit.runners.ParentRunner.access$000(ParentRunner.java:58)
	at org.junit.runners.ParentRunner$2.evaluate(ParentRunner.java:268)
	at io.cucumber.junit.CucumberSerenityRunner$RunCucumber.evaluate(CucumberSerenityRunner.java:262)
	at org.junit.runners.ParentRunner.run(ParentRunner.java:363)
	at org.junit.runner.JUnitCore.run(JUnitCore.java:137)
	at org.junit.runner.JUnitCore.run(JUnitCore.java:115)
	at org.junit.vintage.engine.execution.RunnerExecutor.execute(RunnerExecutor.java:40)
	at java.base/java.util.stream.ForEachOps$ForEachOp$OfRef.accept(ForEachOps.java:183)
	at java.base/java.util.stream.ReferencePipeline$3$1.accept(ReferencePipeline.java:195)
	at java.base/java.util.Iterator.forEachRemaining(Iterator.java:133)
	at java.base/java.util.Spliterators$IteratorSpliterator.forEachRemaining(Spliterators.java:1801)
	at java.base/java.util.stream.AbstractPipeline.copyInto(AbstractPipeline.java:484)
	at java.base/java.util.stream.AbstractPipeline.wrapAndCopyInto(AbstractPipeline.java:474)
	at java.base/java.util.stream.ForEachOps$ForEachOp.evaluateSequential(ForEachOps.java:150)
	at java.base/java.util.stream.ForEachOps$ForEachOp$OfRef.evaluateSequential(ForEachOps.java:173)
	at java.base/java.util.stream.AbstractPipeline.evaluate(AbstractPipeline.java:234)
	at java.base/java.util.stream.ReferencePipeline.forEach(ReferencePipeline.java:497)
	at org.junit.vintage.engine.VintageTestEngine.executeAllChildren(VintageTestEngine.java:80)
	at org.junit.vintage.engine.VintageTestEngine.execute(VintageTestEngine.java:71)
	at org.junit.platform.launcher.core.DefaultLauncher.execute(DefaultLauncher.java:229)
	at org.junit.platform.launcher.core.DefaultLauncher.lambda$execute$6(DefaultLauncher.java:197)
	at org.junit.platform.launcher.core.DefaultLauncher.withInterceptedStreams(DefaultLauncher.java:211)
	at org.junit.platform.launcher.core.DefaultLauncher.execute(DefaultLauncher.java:191)
	at org.junit.platform.launcher.core.DefaultLauncher.execute(DefaultLauncher.java:128)
	at org.apache.maven.surefire.junitplatform.JUnitPlatformProvider.execute(JUnitPlatformProvider.java:188)
	at org.apache.maven.surefire.junitplatform.JUnitPlatformProvider.invokeAllTests(JUnitPlatformProvider.java:154)
	at org.apache.maven.surefire.junitplatform.JUnitPlatformProvider.invoke(JUnitPlatformProvider.java:128)
	at org.apache.maven.surefire.booter.ForkedBooter.runSuitesInProcess(ForkedBooter.java:428)
	at org.apache.maven.surefire.booter.ForkedBooter.execute(ForkedBooter.java:162)
	at org.apache.maven.surefire.booter.ForkedBooter.run(ForkedBooter.java:562)
	at org.apache.maven.surefire.booter.ForkedBooter.main(ForkedBooter.java:548)
Caused by: java.lang.reflect.InvocationTargetException
	at java.base/jdk.internal.reflect.NativeConstructorAccessorImpl.newInstance0(Native Method)
	at java.base/jdk.internal.reflect.NativeConstructorAccessorImpl.newInstance(NativeConstructorAccessorImpl.java:62)
	at java.base/jdk.internal.reflect.DelegatingConstructorAccessorImpl.newInstance(DelegatingConstructorAccessorImpl.java:45)
	at java.base/java.lang.reflect.Constructor.newInstance(Constructor.java:490)
	at cucumber.runtime.SerenityObjectFactory.newInstance(SerenityObjectFactory.java:70)
	... 56 more
Caused by: java.lang.IllegalArgumentException: Must supply a not empty locator value.
	at io.appium.java_client.MobileBy.<init>(MobileBy.java:47)
	at io.appium.java_client.MobileBy$ByAccessibilityId.<init>(MobileBy.java:240)
	at io.appium.java_client.MobileBy.AccessibilityId(MobileBy.java:83)
	at sample.mobile.automation@1.0-SNAPSHOT/com.example.app.page.StatusPayPage.<init>(StatusPayPage.java:13)
	at sample.mobile.automation@1.0-SNAPSHOT/com.example.steps.StatusPaySteps.<init>(StatusPaySteps.java:14)
	... 61 more
&amp#27;[0m
  &amp#27;[36mAnd &amp#27;[0m&amp#27;[36mclick button bill&amp#27;[0m                                         &amp#27;[90m# com.example.steps.StatusPaySteps.clickButtonBill()&amp#27;[0m
  &amp#27;[36mAnd &amp#27;[0m&amp#27;[36mon the Transaksi page&amp#27;[0m                                     &amp#27;[90m# com.example.steps.StatusPaySteps.onTheTransaksiPage()&amp#27;[0m
  &amp#27;[36mAnd &amp#27;[0m&amp#27;[36msee status Menunggu Konfirmasi&amp#27;[0m                            &amp#27;[90m# com.example.steps.StatusPaySteps.seeStatusMenungguKonfirmasi()&amp#27;[0m
  &amp#27;[36mWhen &amp#27;[0m&amp#27;[36mfiltered status Menunggu Konfirmasi&amp#27;[0m                      &amp#27;[90m# com.example.steps.StatusPaySteps.filteredStatusMenungguKonfirmasi()&amp#27;[0m
  &amp#27;[36mAnd &amp#27;[0m&amp#27;[36mclick status Menunggu Konfirmasi&amp#27;[0m                          &amp#27;[90m# com.example.steps.PayInvoiceBankSteps.clickStatusMenungguKonfirmasi()&amp#27;[0m
  &amp#27;[36mAnd &amp#27;[0m&amp#27;[36mclick button pay now&amp#27;[0m                                      &amp#27;[90m# com.example.steps.PayInvoiceBankSteps.clickButtonPayNow()&amp#27;[0m
  &amp#27;[36mAnd &amp#27;[0m&amp#27;[36mclick button Yakin&amp#27;[0m                                        &amp#27;[90m# com.example.steps.PayInvoiceBankSteps.clickButtonYakin()&amp#27;[0m
  &amp#27;[36mAnd &amp#27;[0m&amp#27;[36mclick button Rekening Bank&amp#27;[0m                                &amp#27;[90m# com.example.steps.PayInvoiceBankSteps.clickButtonRekeningBank()&amp#27;[0m
  &amp#27;[36mAnd &amp#27;[0m&amp#27;[36mclick opsi BRI&amp#27;[0m                                            &amp#27;[90m# com.example.steps.PayInvoiceBankSteps.clickOpsiBRI()&amp#27;[0m
  &amp#27;[36mAnd &amp#27;[0m&amp#27;[36mclick button lanjutkan&amp#27;[0m                                    &amp#27;[90m# com.example.steps.PayInvoiceBankSteps.clickButtonLanjutkan()&amp#27;[0m
  &amp#27;[36mAnd &amp#27;[0m&amp#27;[36mclick kirim bukti bayar&amp#27;[0m                                   &amp#27;[90m# com.example.steps.PayInvoiceBankSteps.clickKirimBuktiBayar(java.lang.String)&amp#27;[0m
  &amp#27;[36mAnd &amp#27;[0m&amp#27;[36mclick button kirim&amp#27;[0m                                        &amp#27;[90m# com.example.steps.PayInvoiceBankSteps.clickButtonKirim()&amp#27;[0m
  &amp#27;[36mThen &amp#27;[0m&amp#27;[36msee Pembayaran Berhasil&amp#27;[0m                                  &amp#27;[90m# com.example.steps.PayInvoiceBankSteps.seePembayaranBerhasil()&amp#27;[0m
  &amp#27;[36mAnd &amp#27;[0m&amp#27;[36mclick download invoice&amp#27;[0m                                    &amp#27;[90m# com.example.steps.PayInvoiceBankSteps.clickDownloadInvoice()&amp#27;[0m
]]></system-out>
    <system-err><![CDATA[[main] INFO io.cucumber.core.plugin.SerenityReporter - Running feature from file:///D:/TIC/Kampus%20Merdeka/Batch%203/Studi%20Independen/Alterra/Capstone/AutoMobile/sample-mobile-automation/src/test/resources/features/math/payInvoiceBank.feature
[main] WARN io.cucumber.core.plugin.SerenityReporter - Feature from file:///D:/TIC/Kampus%20Merdeka/Batch%203/Studi%20Independen/Alterra/Capstone/AutoMobile/sample-mobile-automation/src/test/resources/features/math/payInvoiceBank.feature is not under the 'features' directory. Requirements report will not be correctly generated!
[main] INFO  - 
 _____ _____ ____ _____   ____ _____  _    ____ _____ _____ ____  
|_   _| ____/ ___|_   _| / ___|_   _|/ \  |  _ \_   _| ____|  _ \ 
  | | |  _| \___ \ | |   \___ \ | | / _ \ | |_) || | |  _| | | | |
  | | | |___ ___) || |    ___) || |/ ___ \|  _ < | | | |___| |_| |
  |_| |_____|____/ |_|   |____/ |_/_/   \_\_| \_\|_| |_____|____/ 

Pay transaksi status Menunggu Konfirmasi with Rek BRI(pay-transaksi-with-rek-bank;pay-transaksi-status-menunggu-konfirmasi-with-rek-bri)
-------------------------------------------------------------------
Dec 23, 2022 7:29:42 PM io.appium.java_client.remote.AppiumCommandExecutor$1 lambda$0
INFO: Detected dialect: W3C
[main] ERROR  - 
         __  _____ _____ ____ _____   _____ ____  ____   ___  ____  
 _      / / |_   _| ____/ ___|_   _| | ____|  _ \|  _ \ / _ \|  _ \ 
(_)____| |    | | |  _| \___ \ | |   |  _| | |_) | |_) | | | | |_) |
 |_____| |    | | | |___ ___) || |   | |___|  _ <|  _ <| |_| |  _ < 
(_)    | |    |_| |_____|____/ |_|   |_____|_| \_\_| \_\\___/|_| \_\
        \_\                                                         

Pay transaksi status Menunggu Konfirmasi with Rek BRI
---------------------------------------------------------------------
[main] ERROR  -     Test failed at step: Given i haved login
[main] ERROR  -     
]]></system-err>
  </testcase>
  <testcase name="Pay transaksi status Menunggu Konfirmasi with Rek BCA" classname="Pay Transaksi with Rek Bank" time="41.361">
    <error type="io.cucumber.core.exception.CucumberException"><![CDATA[io.cucumber.core.exception.CucumberException: Failed to instantiate class com.example.steps.StatusPaySteps - this class doesn't have an empty or a page enabled constructor"
Caused by: java.lang.reflect.InvocationTargetException
Caused by: java.lang.IllegalArgumentException: Must supply a not empty locator value.
]]></error>
    <system-out><![CDATA[
Scenario: Pay transaksi status Menunggu Konfirmasi with Rek BCA &amp#27;[90m# src/test/resources/features/math/payInvoiceBank.feature:40&amp#27;[0m
  &amp#27;[31mGiven &amp#27;[0m&amp#27;[31mi haved login&amp#27;[0m                                           &amp#27;[90m# com.example.steps.StatusPaySteps.iHavedLogin()&amp#27;[0m
      &amp#27;[31mio.cucumber.core.exception.CucumberException: Failed to instantiate class com.example.steps.StatusPaySteps - this class doesn't have an empty or a page enabled constructor"
	at cucumber.runtime.SerenityObjectFactory.newInstance(SerenityObjectFactory.java:73)
	at cucumber.runtime.SerenityObjectFactory.cacheNewInstance(SerenityObjectFactory.java:58)
	at cucumber.runtime.SerenityObjectFactory.getInstance(SerenityObjectFactory.java:48)
	at io.cucumber.java.AbstractGlueDefinition.invokeMethod(AbstractGlueDefinition.java:47)
	at io.cucumber.java.JavaStepDefinition.execute(JavaStepDefinition.java:29)
	at io.cucumber.core.runner.CoreStepDefinition.execute(CoreStepDefinition.java:66)
	at io.cucumber.core.runner.PickleStepDefinitionMatch.runStep(PickleStepDefinitionMatch.java:63)
	at io.cucumber.core.runner.TestStep.executeStep(TestStep.java:92)
	at io.cucumber.core.runner.TestStep.run(TestStep.java:63)
	at io.cucumber.core.runner.PickleStepTestStep.run(PickleStepTestStep.java:49)
	at io.cucumber.core.runner.TestCase.run(TestCase.java:99)
	at io.cucumber.core.runner.Runner.runPickle(Runner.java:71)
	at io.cucumber.junit.PickleRunners$NoStepDescriptions.run(PickleRunners.java:151)
	at io.cucumber.junit.FeatureRunner.runChild(FeatureRunner.java:135)
	at io.cucumber.junit.FeatureRunner.runChild(FeatureRunner.java:27)
	at org.junit.runners.ParentRunner$3.run(ParentRunner.java:290)
	at org.junit.runners.ParentRunner$1.schedule(ParentRunner.java:71)
	at org.junit.runners.ParentRunner.runChildren(ParentRunner.java:288)
	at org.junit.runners.ParentRunner.access$000(ParentRunner.java:58)
	at org.junit.runners.ParentRunner$2.evaluate(ParentRunner.java:268)
	at org.junit.runners.ParentRunner.run(ParentRunner.java:363)
	at io.cucumber.junit.CucumberSerenityRunner.runChild(CucumberSerenityRunner.java:234)
	at io.cucumber.junit.CucumberSerenityRunner.runChild(CucumberSerenityRunner.java:57)
	at org.junit.runners.ParentRunner$3.run(ParentRunner.java:290)
	at org.junit.runners.ParentRunner$1.schedule(ParentRunner.java:71)
	at org.junit.runners.ParentRunner.runChildren(ParentRunner.java:288)
	at org.junit.runners.ParentRunner.access$000(ParentRunner.java:58)
	at org.junit.runners.ParentRunner$2.evaluate(ParentRunner.java:268)
	at io.cucumber.junit.CucumberSerenityRunner$RunCucumber.evaluate(CucumberSerenityRunner.java:262)
	at org.junit.runners.ParentRunner.run(ParentRunner.java:363)
	at org.junit.runner.JUnitCore.run(JUnitCore.java:137)
	at org.junit.runner.JUnitCore.run(JUnitCore.java:115)
	at org.junit.vintage.engine.execution.RunnerExecutor.execute(RunnerExecutor.java:40)
	at java.base/java.util.stream.ForEachOps$ForEachOp$OfRef.accept(ForEachOps.java:183)
	at java.base/java.util.stream.ReferencePipeline$3$1.accept(ReferencePipeline.java:195)
	at java.base/java.util.Iterator.forEachRemaining(Iterator.java:133)
	at java.base/java.util.Spliterators$IteratorSpliterator.forEachRemaining(Spliterators.java:1801)
	at java.base/java.util.stream.AbstractPipeline.copyInto(AbstractPipeline.java:484)
	at java.base/java.util.stream.AbstractPipeline.wrapAndCopyInto(AbstractPipeline.java:474)
	at java.base/java.util.stream.ForEachOps$ForEachOp.evaluateSequential(ForEachOps.java:150)
	at java.base/java.util.stream.ForEachOps$ForEachOp$OfRef.evaluateSequential(ForEachOps.java:173)
	at java.base/java.util.stream.AbstractPipeline.evaluate(AbstractPipeline.java:234)
	at java.base/java.util.stream.ReferencePipeline.forEach(ReferencePipeline.java:497)
	at org.junit.vintage.engine.VintageTestEngine.executeAllChildren(VintageTestEngine.java:80)
	at org.junit.vintage.engine.VintageTestEngine.execute(VintageTestEngine.java:71)
	at org.junit.platform.launcher.core.DefaultLauncher.execute(DefaultLauncher.java:229)
	at org.junit.platform.launcher.core.DefaultLauncher.lambda$execute$6(DefaultLauncher.java:197)
	at org.junit.platform.launcher.core.DefaultLauncher.withInterceptedStreams(DefaultLauncher.java:211)
	at org.junit.platform.launcher.core.DefaultLauncher.execute(DefaultLauncher.java:191)
	at org.junit.platform.launcher.core.DefaultLauncher.execute(DefaultLauncher.java:128)
	at org.apache.maven.surefire.junitplatform.JUnitPlatformProvider.execute(JUnitPlatformProvider.java:188)
	at org.apache.maven.surefire.junitplatform.JUnitPlatformProvider.invokeAllTests(JUnitPlatformProvider.java:154)
	at org.apache.maven.surefire.junitplatform.JUnitPlatformProvider.invoke(JUnitPlatformProvider.java:128)
	at org.apache.maven.surefire.booter.ForkedBooter.runSuitesInProcess(ForkedBooter.java:428)
	at org.apache.maven.surefire.booter.ForkedBooter.execute(ForkedBooter.java:162)
	at org.apache.maven.surefire.booter.ForkedBooter.run(ForkedBooter.java:562)
	at org.apache.maven.surefire.booter.ForkedBooter.main(ForkedBooter.java:548)
Caused by: java.lang.reflect.InvocationTargetException
	at java.base/jdk.internal.reflect.NativeConstructorAccessorImpl.newInstance0(Native Method)
	at java.base/jdk.internal.reflect.NativeConstructorAccessorImpl.newInstance(NativeConstructorAccessorImpl.java:62)
	at java.base/jdk.internal.reflect.DelegatingConstructorAccessorImpl.newInstance(DelegatingConstructorAccessorImpl.java:45)
	at java.base/java.lang.reflect.Constructor.newInstance(Constructor.java:490)
	at cucumber.runtime.SerenityObjectFactory.newInstance(SerenityObjectFactory.java:70)
	... 56 more
Caused by: java.lang.IllegalArgumentException: Must supply a not empty locator value.
	at io.appium.java_client.MobileBy.<init>(MobileBy.java:47)
	at io.appium.java_client.MobileBy$ByAccessibilityId.<init>(MobileBy.java:240)
	at io.appium.java_client.MobileBy.AccessibilityId(MobileBy.java:83)
	at sample.mobile.automation@1.0-SNAPSHOT/com.example.app.page.StatusPayPage.<init>(StatusPayPage.java:13)
	at sample.mobile.automation@1.0-SNAPSHOT/com.example.steps.StatusPaySteps.<init>(StatusPaySteps.java:14)
	... 61 more
&amp#27;[0m
  &amp#27;[36mAnd &amp#27;[0m&amp#27;[36mclick button bill&amp#27;[0m                                         &amp#27;[90m# com.example.steps.StatusPaySteps.clickButtonBill()&amp#27;[0m
  &amp#27;[36mAnd &amp#27;[0m&amp#27;[36mon the Transaksi page&amp#27;[0m                                     &amp#27;[90m# com.example.steps.StatusPaySteps.onTheTransaksiPage()&amp#27;[0m
  &amp#27;[36mAnd &amp#27;[0m&amp#27;[36msee status Menunggu Konfirmasi&amp#27;[0m                            &amp#27;[90m# com.example.steps.StatusPaySteps.seeStatusMenungguKonfirmasi()&amp#27;[0m
  &amp#27;[36mWhen &amp#27;[0m&amp#27;[36mfiltered status Menunggu Konfirmasi&amp#27;[0m                      &amp#27;[90m# com.example.steps.StatusPaySteps.filteredStatusMenungguKonfirmasi()&amp#27;[0m
  &amp#27;[36mAnd &amp#27;[0m&amp#27;[36mclick status Menunggu Konfirmasi&amp#27;[0m                          &amp#27;[90m# com.example.steps.PayInvoiceBankSteps.clickStatusMenungguKonfirmasi()&amp#27;[0m
  &amp#27;[36mAnd &amp#27;[0m&amp#27;[36mclick button pay now&amp#27;[0m                                      &amp#27;[90m# com.example.steps.PayInvoiceBankSteps.clickButtonPayNow()&amp#27;[0m
  &amp#27;[36mAnd &amp#27;[0m&amp#27;[36mclick button Yakin&amp#27;[0m                                        &amp#27;[90m# com.example.steps.PayInvoiceBankSteps.clickButtonYakin()&amp#27;[0m
  &amp#27;[36mAnd &amp#27;[0m&amp#27;[36mclick button Rekening Bank&amp#27;[0m                                &amp#27;[90m# com.example.steps.PayInvoiceBankSteps.clickButtonRekeningBank()&amp#27;[0m
  &amp#27;[36mAnd &amp#27;[0m&amp#27;[36mclick opsi BCA&amp#27;[0m                                            &amp#27;[90m# com.example.steps.PayInvoiceBankSteps.clickOpsiBCA()&amp#27;[0m
  &amp#27;[36mAnd &amp#27;[0m&amp#27;[36mclick button lanjutkan&amp#27;[0m                                    &amp#27;[90m# com.example.steps.PayInvoiceBankSteps.clickButtonLanjutkan()&amp#27;[0m
  &amp#27;[36mAnd &amp#27;[0m&amp#27;[36mclick kirim bukti bayar&amp#27;[0m                                   &amp#27;[90m# com.example.steps.PayInvoiceBankSteps.clickKirimBuktiBayar(java.lang.String)&amp#27;[0m
  &amp#27;[36mAnd &amp#27;[0m&amp#27;[36mclick button kirim&amp#27;[0m                                        &amp#27;[90m# com.example.steps.PayInvoiceBankSteps.clickButtonKirim()&amp#27;[0m
  &amp#27;[36mThen &amp#27;[0m&amp#27;[36msee Pembayaran Berhasil&amp#27;[0m                                  &amp#27;[90m# com.example.steps.PayInvoiceBankSteps.seePembayaranBerhasil()&amp#27;[0m
  &amp#27;[36mAnd &amp#27;[0m&amp#27;[36mclick download invoice&amp#27;[0m                                    &amp#27;[90m# com.example.steps.PayInvoiceBankSteps.clickDownloadInvoice()&amp#27;[0m
]]></system-out>
    <system-err><![CDATA[[main] INFO io.cucumber.core.plugin.SerenityReporter - Running feature from file:///D:/TIC/Kampus%20Merdeka/Batch%203/Studi%20Independen/Alterra/Capstone/AutoMobile/sample-mobile-automation/src/test/resources/features/math/payInvoiceBank.feature
[main] WARN io.cucumber.core.plugin.SerenityReporter - Feature from file:///D:/TIC/Kampus%20Merdeka/Batch%203/Studi%20Independen/Alterra/Capstone/AutoMobile/sample-mobile-automation/src/test/resources/features/math/payInvoiceBank.feature is not under the 'features' directory. Requirements report will not be correctly generated!
[main] INFO  - 
 _____ _____ ____ _____   ____ _____  _    ____ _____ _____ ____  
|_   _| ____/ ___|_   _| / ___|_   _|/ \  |  _ \_   _| ____|  _ \ 
  | | |  _| \___ \ | |   \___ \ | | / _ \ | |_) || | |  _| | | | |
  | | | |___ ___) || |    ___) || |/ ___ \|  _ < | | | |___| |_| |
  |_| |_____|____/ |_|   |____/ |_/_/   \_\_| \_\|_| |_____|____/ 

Pay transaksi status Menunggu Konfirmasi with Rek BCA(pay-transaksi-with-rek-bank;pay-transaksi-status-menunggu-konfirmasi-with-rek-bca)
-------------------------------------------------------------------
Dec 23, 2022 7:30:23 PM io.appium.java_client.remote.AppiumCommandExecutor$1 lambda$0
INFO: Detected dialect: W3C
[main] ERROR  - 
         __  _____ _____ ____ _____   _____ ____  ____   ___  ____  
 _      / / |_   _| ____/ ___|_   _| | ____|  _ \|  _ \ / _ \|  _ \ 
(_)____| |    | | |  _| \___ \ | |   |  _| | |_) | |_) | | | | |_) |
 |_____| |    | | | |___ ___) || |   | |___|  _ <|  _ <| |_| |  _ < 
(_)    | |    |_| |_____|____/ |_|   |_____|_| \_\_| \_\\___/|_| \_\
        \_\                                                         

Pay transaksi status Menunggu Konfirmasi with Rek BCA
---------------------------------------------------------------------
[main] ERROR  -     Test failed at step: Given i haved login
[main] ERROR  -     
]]></system-err>
  </testcase>
  <testcase name="Pay transaksi status Menunggu Konfirmasi with Rek Mandiri" classname="Pay Transaksi with Rek Bank" time="44.527">
    <error type="io.cucumber.core.exception.CucumberException"><![CDATA[io.cucumber.core.exception.CucumberException: Failed to instantiate class com.example.steps.StatusPaySteps - this class doesn't have an empty or a page enabled constructor"
Caused by: java.lang.reflect.InvocationTargetException
Caused by: java.lang.IllegalArgumentException: Must supply a not empty locator value.
]]></error>
    <system-out><![CDATA[
Scenario: Pay transaksi status Menunggu Konfirmasi with Rek Mandiri &amp#27;[90m# src/test/resources/features/math/payInvoiceBank.feature:57&amp#27;[0m
  &amp#27;[31mGiven &amp#27;[0m&amp#27;[31mi haved login&amp#27;[0m                                               &amp#27;[90m# com.example.steps.StatusPaySteps.iHavedLogin()&amp#27;[0m
      &amp#27;[31mio.cucumber.core.exception.CucumberException: Failed to instantiate class com.example.steps.StatusPaySteps - this class doesn't have an empty or a page enabled constructor"
	at cucumber.runtime.SerenityObjectFactory.newInstance(SerenityObjectFactory.java:73)
	at cucumber.runtime.SerenityObjectFactory.cacheNewInstance(SerenityObjectFactory.java:58)
	at cucumber.runtime.SerenityObjectFactory.getInstance(SerenityObjectFactory.java:48)
	at io.cucumber.java.AbstractGlueDefinition.invokeMethod(AbstractGlueDefinition.java:47)
	at io.cucumber.java.JavaStepDefinition.execute(JavaStepDefinition.java:29)
	at io.cucumber.core.runner.CoreStepDefinition.execute(CoreStepDefinition.java:66)
	at io.cucumber.core.runner.PickleStepDefinitionMatch.runStep(PickleStepDefinitionMatch.java:63)
	at io.cucumber.core.runner.TestStep.executeStep(TestStep.java:92)
	at io.cucumber.core.runner.TestStep.run(TestStep.java:63)
	at io.cucumber.core.runner.PickleStepTestStep.run(PickleStepTestStep.java:49)
	at io.cucumber.core.runner.TestCase.run(TestCase.java:99)
	at io.cucumber.core.runner.Runner.runPickle(Runner.java:71)
	at io.cucumber.junit.PickleRunners$NoStepDescriptions.run(PickleRunners.java:151)
	at io.cucumber.junit.FeatureRunner.runChild(FeatureRunner.java:135)
	at io.cucumber.junit.FeatureRunner.runChild(FeatureRunner.java:27)
	at org.junit.runners.ParentRunner$3.run(ParentRunner.java:290)
	at org.junit.runners.ParentRunner$1.schedule(ParentRunner.java:71)
	at org.junit.runners.ParentRunner.runChildren(ParentRunner.java:288)
	at org.junit.runners.ParentRunner.access$000(ParentRunner.java:58)
	at org.junit.runners.ParentRunner$2.evaluate(ParentRunner.java:268)
	at org.junit.runners.ParentRunner.run(ParentRunner.java:363)
	at io.cucumber.junit.CucumberSerenityRunner.runChild(CucumberSerenityRunner.java:234)
	at io.cucumber.junit.CucumberSerenityRunner.runChild(CucumberSerenityRunner.java:57)
	at org.junit.runners.ParentRunner$3.run(ParentRunner.java:290)
	at org.junit.runners.ParentRunner$1.schedule(ParentRunner.java:71)
	at org.junit.runners.ParentRunner.runChildren(ParentRunner.java:288)
	at org.junit.runners.ParentRunner.access$000(ParentRunner.java:58)
	at org.junit.runners.ParentRunner$2.evaluate(ParentRunner.java:268)
	at io.cucumber.junit.CucumberSerenityRunner$RunCucumber.evaluate(CucumberSerenityRunner.java:262)
	at org.junit.runners.ParentRunner.run(ParentRunner.java:363)
	at org.junit.runner.JUnitCore.run(JUnitCore.java:137)
	at org.junit.runner.JUnitCore.run(JUnitCore.java:115)
	at org.junit.vintage.engine.execution.RunnerExecutor.execute(RunnerExecutor.java:40)
	at java.base/java.util.stream.ForEachOps$ForEachOp$OfRef.accept(ForEachOps.java:183)
	at java.base/java.util.stream.ReferencePipeline$3$1.accept(ReferencePipeline.java:195)
	at java.base/java.util.Iterator.forEachRemaining(Iterator.java:133)
	at java.base/java.util.Spliterators$IteratorSpliterator.forEachRemaining(Spliterators.java:1801)
	at java.base/java.util.stream.AbstractPipeline.copyInto(AbstractPipeline.java:484)
	at java.base/java.util.stream.AbstractPipeline.wrapAndCopyInto(AbstractPipeline.java:474)
	at java.base/java.util.stream.ForEachOps$ForEachOp.evaluateSequential(ForEachOps.java:150)
	at java.base/java.util.stream.ForEachOps$ForEachOp$OfRef.evaluateSequential(ForEachOps.java:173)
	at java.base/java.util.stream.AbstractPipeline.evaluate(AbstractPipeline.java:234)
	at java.base/java.util.stream.ReferencePipeline.forEach(ReferencePipeline.java:497)
	at org.junit.vintage.engine.VintageTestEngine.executeAllChildren(VintageTestEngine.java:80)
	at org.junit.vintage.engine.VintageTestEngine.execute(VintageTestEngine.java:71)
	at org.junit.platform.launcher.core.DefaultLauncher.execute(DefaultLauncher.java:229)
	at org.junit.platform.launcher.core.DefaultLauncher.lambda$execute$6(DefaultLauncher.java:197)
	at org.junit.platform.launcher.core.DefaultLauncher.withInterceptedStreams(DefaultLauncher.java:211)
	at org.junit.platform.launcher.core.DefaultLauncher.execute(DefaultLauncher.java:191)
	at org.junit.platform.launcher.core.DefaultLauncher.execute(DefaultLauncher.java:128)
	at org.apache.maven.surefire.junitplatform.JUnitPlatformProvider.execute(JUnitPlatformProvider.java:188)
	at org.apache.maven.surefire.junitplatform.JUnitPlatformProvider.invokeAllTests(JUnitPlatformProvider.java:154)
	at org.apache.maven.surefire.junitplatform.JUnitPlatformProvider.invoke(JUnitPlatformProvider.java:128)
	at org.apache.maven.surefire.booter.ForkedBooter.runSuitesInProcess(ForkedBooter.java:428)
	at org.apache.maven.surefire.booter.ForkedBooter.execute(ForkedBooter.java:162)
	at org.apache.maven.surefire.booter.ForkedBooter.run(ForkedBooter.java:562)
	at org.apache.maven.surefire.booter.ForkedBooter.main(ForkedBooter.java:548)
Caused by: java.lang.reflect.InvocationTargetException
	at java.base/jdk.internal.reflect.NativeConstructorAccessorImpl.newInstance0(Native Method)
	at java.base/jdk.internal.reflect.NativeConstructorAccessorImpl.newInstance(NativeConstructorAccessorImpl.java:62)
	at java.base/jdk.internal.reflect.DelegatingConstructorAccessorImpl.newInstance(DelegatingConstructorAccessorImpl.java:45)
	at java.base/java.lang.reflect.Constructor.newInstance(Constructor.java:490)
	at cucumber.runtime.SerenityObjectFactory.newInstance(SerenityObjectFactory.java:70)
	... 56 more
Caused by: java.lang.IllegalArgumentException: Must supply a not empty locator value.
	at io.appium.java_client.MobileBy.<init>(MobileBy.java:47)
	at io.appium.java_client.MobileBy$ByAccessibilityId.<init>(MobileBy.java:240)
	at io.appium.java_client.MobileBy.AccessibilityId(MobileBy.java:83)
	at sample.mobile.automation@1.0-SNAPSHOT/com.example.app.page.StatusPayPage.<init>(StatusPayPage.java:13)
	at sample.mobile.automation@1.0-SNAPSHOT/com.example.steps.StatusPaySteps.<init>(StatusPaySteps.java:14)
	... 61 more
&amp#27;[0m
  &amp#27;[36mAnd &amp#27;[0m&amp#27;[36mclick button bill&amp#27;[0m                                             &amp#27;[90m# com.example.steps.StatusPaySteps.clickButtonBill()&amp#27;[0m
  &amp#27;[36mAnd &amp#27;[0m&amp#27;[36mon the Transaksi page&amp#27;[0m                                         &amp#27;[90m# com.example.steps.StatusPaySteps.onTheTransaksiPage()&amp#27;[0m
  &amp#27;[36mAnd &amp#27;[0m&amp#27;[36msee status Menunggu Konfirmasi&amp#27;[0m                                &amp#27;[90m# com.example.steps.StatusPaySteps.seeStatusMenungguKonfirmasi()&amp#27;[0m
  &amp#27;[36mWhen &amp#27;[0m&amp#27;[36mfiltered status Menunggu Konfirmasi&amp#27;[0m                          &amp#27;[90m# com.example.steps.StatusPaySteps.filteredStatusMenungguKonfirmasi()&amp#27;[0m
  &amp#27;[36mAnd &amp#27;[0m&amp#27;[36mclick status Menunggu Konfirmasi&amp#27;[0m                              &amp#27;[90m# com.example.steps.PayInvoiceBankSteps.clickStatusMenungguKonfirmasi()&amp#27;[0m
  &amp#27;[36mAnd &amp#27;[0m&amp#27;[36mclick button pay now&amp#27;[0m                                          &amp#27;[90m# com.example.steps.PayInvoiceBankSteps.clickButtonPayNow()&amp#27;[0m
  &amp#27;[36mAnd &amp#27;[0m&amp#27;[36mclick button Yakin&amp#27;[0m                                            &amp#27;[90m# com.example.steps.PayInvoiceBankSteps.clickButtonYakin()&amp#27;[0m
  &amp#27;[36mAnd &amp#27;[0m&amp#27;[36mclick button Rekening Bank&amp#27;[0m                                    &amp#27;[90m# com.example.steps.PayInvoiceBankSteps.clickButtonRekeningBank()&amp#27;[0m
  &amp#27;[36mAnd &amp#27;[0m&amp#27;[36mclick opsi Mandiri&amp#27;[0m                                            &amp#27;[90m# com.example.steps.PayInvoiceBankSteps.clickOpsiMandiri()&amp#27;[0m
  &amp#27;[36mAnd &amp#27;[0m&amp#27;[36mclick button lanjutkan&amp#27;[0m                                        &amp#27;[90m# com.example.steps.PayInvoiceBankSteps.clickButtonLanjutkan()&amp#27;[0m
  &amp#27;[36mAnd &amp#27;[0m&amp#27;[36mclick kirim bukti bayar&amp#27;[0m                                       &amp#27;[90m# com.example.steps.PayInvoiceBankSteps.clickKirimBuktiBayar(java.lang.String)&amp#27;[0m
  &amp#27;[36mAnd &amp#27;[0m&amp#27;[36mclick button kirim&amp#27;[0m                                            &amp#27;[90m# com.example.steps.PayInvoiceBankSteps.clickButtonKirim()&amp#27;[0m
  &amp#27;[36mThen &amp#27;[0m&amp#27;[36msee Pembayaran Berhasil&amp#27;[0m                                      &amp#27;[90m# com.example.steps.PayInvoiceBankSteps.seePembayaranBerhasil()&amp#27;[0m
  &amp#27;[36mAnd &amp#27;[0m&amp#27;[36mclick download invoice&amp#27;[0m                                        &amp#27;[90m# com.example.steps.PayInvoiceBankSteps.clickDownloadInvoice()&amp#27;[0m
]]></system-out>
    <system-err><![CDATA[[main] INFO io.cucumber.core.plugin.SerenityReporter - Running feature from file:///D:/TIC/Kampus%20Merdeka/Batch%203/Studi%20Independen/Alterra/Capstone/AutoMobile/sample-mobile-automation/src/test/resources/features/math/payInvoiceBank.feature
[main] WARN io.cucumber.core.plugin.SerenityReporter - Feature from file:///D:/TIC/Kampus%20Merdeka/Batch%203/Studi%20Independen/Alterra/Capstone/AutoMobile/sample-mobile-automation/src/test/resources/features/math/payInvoiceBank.feature is not under the 'features' directory. Requirements report will not be correctly generated!
[main] INFO  - 
 _____ _____ ____ _____   ____ _____  _    ____ _____ _____ ____  
|_   _| ____/ ___|_   _| / ___|_   _|/ \  |  _ \_   _| ____|  _ \ 
  | | |  _| \___ \ | |   \___ \ | | / _ \ | |_) || | |  _| | | | |
  | | | |___ ___) || |    ___) || |/ ___ \|  _ < | | | |___| |_| |
  |_| |_____|____/ |_|   |____/ |_/_/   \_\_| \_\|_| |_____|____/ 

Pay transaksi status Menunggu Konfirmasi with Rek Mandiri(pay-transaksi-with-rek-bank;pay-transaksi-status-menunggu-konfirmasi-with-rek-mandiri)
-------------------------------------------------------------------
Dec 23, 2022 7:31:08 PM io.appium.java_client.remote.AppiumCommandExecutor$1 lambda$0
INFO: Detected dialect: W3C
[main] ERROR  - 
         __  _____ _____ ____ _____   _____ ____  ____   ___  ____  
 _      / / |_   _| ____/ ___|_   _| | ____|  _ \|  _ \ / _ \|  _ \ 
(_)____| |    | | |  _| \___ \ | |   |  _| | |_) | |_) | | | | |_) |
 |_____| |    | | | |___ ___) || |   | |___|  _ <|  _ <| |_| |  _ < 
(_)    | |    |_| |_____|____/ |_|   |_____|_| \_\_| \_\\___/|_| \_\
        \_\                                                         

Pay transaksi status Menunggu Konfirmasi with Rek Mandiri
---------------------------------------------------------------------
[main] ERROR  -     Test failed at step: Given i haved login
[main] ERROR  -     
]]></system-err>
  </testcase>
  <testcase name="Pay transaksi status Menunggu Konfirmasi with Rek BSI" classname="Pay Transaksi with Rek Bank" time="49.516">
    <error type="io.cucumber.core.exception.CucumberException"><![CDATA[io.cucumber.core.exception.CucumberException: Failed to instantiate class com.example.steps.StatusPaySteps - this class doesn't have an empty or a page enabled constructor"
Caused by: java.lang.reflect.InvocationTargetException
Caused by: java.lang.IllegalArgumentException: Must supply a not empty locator value.
]]></error>
    <system-out><![CDATA[
Scenario: Pay transaksi status Menunggu Konfirmasi with Rek BSI &amp#27;[90m# src/test/resources/features/math/payInvoiceBank.feature:74&amp#27;[0m
  &amp#27;[31mGiven &amp#27;[0m&amp#27;[31mi haved login&amp#27;[0m                                           &amp#27;[90m# com.example.steps.StatusPaySteps.iHavedLogin()&amp#27;[0m
      &amp#27;[31mio.cucumber.core.exception.CucumberException: Failed to instantiate class com.example.steps.StatusPaySteps - this class doesn't have an empty or a page enabled constructor"
	at cucumber.runtime.SerenityObjectFactory.newInstance(SerenityObjectFactory.java:73)
	at cucumber.runtime.SerenityObjectFactory.cacheNewInstance(SerenityObjectFactory.java:58)
	at cucumber.runtime.SerenityObjectFactory.getInstance(SerenityObjectFactory.java:48)
	at io.cucumber.java.AbstractGlueDefinition.invokeMethod(AbstractGlueDefinition.java:47)
	at io.cucumber.java.JavaStepDefinition.execute(JavaStepDefinition.java:29)
	at io.cucumber.core.runner.CoreStepDefinition.execute(CoreStepDefinition.java:66)
	at io.cucumber.core.runner.PickleStepDefinitionMatch.runStep(PickleStepDefinitionMatch.java:63)
	at io.cucumber.core.runner.TestStep.executeStep(TestStep.java:92)
	at io.cucumber.core.runner.TestStep.run(TestStep.java:63)
	at io.cucumber.core.runner.PickleStepTestStep.run(PickleStepTestStep.java:49)
	at io.cucumber.core.runner.TestCase.run(TestCase.java:99)
	at io.cucumber.core.runner.Runner.runPickle(Runner.java:71)
	at io.cucumber.junit.PickleRunners$NoStepDescriptions.run(PickleRunners.java:151)
	at io.cucumber.junit.FeatureRunner.runChild(FeatureRunner.java:135)
	at io.cucumber.junit.FeatureRunner.runChild(FeatureRunner.java:27)
	at org.junit.runners.ParentRunner$3.run(ParentRunner.java:290)
	at org.junit.runners.ParentRunner$1.schedule(ParentRunner.java:71)
	at org.junit.runners.ParentRunner.runChildren(ParentRunner.java:288)
	at org.junit.runners.ParentRunner.access$000(ParentRunner.java:58)
	at org.junit.runners.ParentRunner$2.evaluate(ParentRunner.java:268)
	at org.junit.runners.ParentRunner.run(ParentRunner.java:363)
	at io.cucumber.junit.CucumberSerenityRunner.runChild(CucumberSerenityRunner.java:234)
	at io.cucumber.junit.CucumberSerenityRunner.runChild(CucumberSerenityRunner.java:57)
	at org.junit.runners.ParentRunner$3.run(ParentRunner.java:290)
	at org.junit.runners.ParentRunner$1.schedule(ParentRunner.java:71)
	at org.junit.runners.ParentRunner.runChildren(ParentRunner.java:288)
	at org.junit.runners.ParentRunner.access$000(ParentRunner.java:58)
	at org.junit.runners.ParentRunner$2.evaluate(ParentRunner.java:268)
	at io.cucumber.junit.CucumberSerenityRunner$RunCucumber.evaluate(CucumberSerenityRunner.java:262)
	at org.junit.runners.ParentRunner.run(ParentRunner.java:363)
	at org.junit.runner.JUnitCore.run(JUnitCore.java:137)
	at org.junit.runner.JUnitCore.run(JUnitCore.java:115)
	at org.junit.vintage.engine.execution.RunnerExecutor.execute(RunnerExecutor.java:40)
	at java.base/java.util.stream.ForEachOps$ForEachOp$OfRef.accept(ForEachOps.java:183)
	at java.base/java.util.stream.ReferencePipeline$3$1.accept(ReferencePipeline.java:195)
	at java.base/java.util.Iterator.forEachRemaining(Iterator.java:133)
	at java.base/java.util.Spliterators$IteratorSpliterator.forEachRemaining(Spliterators.java:1801)
	at java.base/java.util.stream.AbstractPipeline.copyInto(AbstractPipeline.java:484)
	at java.base/java.util.stream.AbstractPipeline.wrapAndCopyInto(AbstractPipeline.java:474)
	at java.base/java.util.stream.ForEachOps$ForEachOp.evaluateSequential(ForEachOps.java:150)
	at java.base/java.util.stream.ForEachOps$ForEachOp$OfRef.evaluateSequential(ForEachOps.java:173)
	at java.base/java.util.stream.AbstractPipeline.evaluate(AbstractPipeline.java:234)
	at java.base/java.util.stream.ReferencePipeline.forEach(ReferencePipeline.java:497)
	at org.junit.vintage.engine.VintageTestEngine.executeAllChildren(VintageTestEngine.java:80)
	at org.junit.vintage.engine.VintageTestEngine.execute(VintageTestEngine.java:71)
	at org.junit.platform.launcher.core.DefaultLauncher.execute(DefaultLauncher.java:229)
	at org.junit.platform.launcher.core.DefaultLauncher.lambda$execute$6(DefaultLauncher.java:197)
	at org.junit.platform.launcher.core.DefaultLauncher.withInterceptedStreams(DefaultLauncher.java:211)
	at org.junit.platform.launcher.core.DefaultLauncher.execute(DefaultLauncher.java:191)
	at org.junit.platform.launcher.core.DefaultLauncher.execute(DefaultLauncher.java:128)
	at org.apache.maven.surefire.junitplatform.JUnitPlatformProvider.execute(JUnitPlatformProvider.java:188)
	at org.apache.maven.surefire.junitplatform.JUnitPlatformProvider.invokeAllTests(JUnitPlatformProvider.java:154)
	at org.apache.maven.surefire.junitplatform.JUnitPlatformProvider.invoke(JUnitPlatformProvider.java:128)
	at org.apache.maven.surefire.booter.ForkedBooter.runSuitesInProcess(ForkedBooter.java:428)
	at org.apache.maven.surefire.booter.ForkedBooter.execute(ForkedBooter.java:162)
	at org.apache.maven.surefire.booter.ForkedBooter.run(ForkedBooter.java:562)
	at org.apache.maven.surefire.booter.ForkedBooter.main(ForkedBooter.java:548)
Caused by: java.lang.reflect.InvocationTargetException
	at java.base/jdk.internal.reflect.NativeConstructorAccessorImpl.newInstance0(Native Method)
	at java.base/jdk.internal.reflect.NativeConstructorAccessorImpl.newInstance(NativeConstructorAccessorImpl.java:62)
	at java.base/jdk.internal.reflect.DelegatingConstructorAccessorImpl.newInstance(DelegatingConstructorAccessorImpl.java:45)
	at java.base/java.lang.reflect.Constructor.newInstance(Constructor.java:490)
	at cucumber.runtime.SerenityObjectFactory.newInstance(SerenityObjectFactory.java:70)
	... 56 more
Caused by: java.lang.IllegalArgumentException: Must supply a not empty locator value.
	at io.appium.java_client.MobileBy.<init>(MobileBy.java:47)
	at io.appium.java_client.MobileBy$ByAccessibilityId.<init>(MobileBy.java:240)
	at io.appium.java_client.MobileBy.AccessibilityId(MobileBy.java:83)
	at sample.mobile.automation@1.0-SNAPSHOT/com.example.app.page.StatusPayPage.<init>(StatusPayPage.java:13)
	at sample.mobile.automation@1.0-SNAPSHOT/com.example.steps.StatusPaySteps.<init>(StatusPaySteps.java:14)
	... 61 more
&amp#27;[0m
  &amp#27;[36mAnd &amp#27;[0m&amp#27;[36mclick button bill&amp#27;[0m                                         &amp#27;[90m# com.example.steps.StatusPaySteps.clickButtonBill()&amp#27;[0m
  &amp#27;[36mAnd &amp#27;[0m&amp#27;[36mon the Transaksi page&amp#27;[0m                                     &amp#27;[90m# com.example.steps.StatusPaySteps.onTheTransaksiPage()&amp#27;[0m
  &amp#27;[36mAnd &amp#27;[0m&amp#27;[36msee status Menunggu Konfirmasi&amp#27;[0m                            &amp#27;[90m# com.example.steps.StatusPaySteps.seeStatusMenungguKonfirmasi()&amp#27;[0m
  &amp#27;[36mWhen &amp#27;[0m&amp#27;[36mfiltered status Menunggu Konfirmasi&amp#27;[0m                      &amp#27;[90m# com.example.steps.StatusPaySteps.filteredStatusMenungguKonfirmasi()&amp#27;[0m
  &amp#27;[36mAnd &amp#27;[0m&amp#27;[36mclick status Menunggu Konfirmasi&amp#27;[0m                          &amp#27;[90m# com.example.steps.PayInvoiceBankSteps.clickStatusMenungguKonfirmasi()&amp#27;[0m
  &amp#27;[36mAnd &amp#27;[0m&amp#27;[36mclick button pay now&amp#27;[0m                                      &amp#27;[90m# com.example.steps.PayInvoiceBankSteps.clickButtonPayNow()&amp#27;[0m
  &amp#27;[36mAnd &amp#27;[0m&amp#27;[36mclick button Yakin&amp#27;[0m                                        &amp#27;[90m# com.example.steps.PayInvoiceBankSteps.clickButtonYakin()&amp#27;[0m
  &amp#27;[36mAnd &amp#27;[0m&amp#27;[36mclick button Rekening Bank&amp#27;[0m                                &amp#27;[90m# com.example.steps.PayInvoiceBankSteps.clickButtonRekeningBank()&amp#27;[0m
  &amp#27;[36mAnd &amp#27;[0m&amp#27;[36mclick opsi BSI&amp#27;[0m                                            &amp#27;[90m# com.example.steps.PayInvoiceBankSteps.clickOpsiBSI()&amp#27;[0m
  &amp#27;[36mAnd &amp#27;[0m&amp#27;[36mclick button lanjutkan&amp#27;[0m                                    &amp#27;[90m# com.example.steps.PayInvoiceBankSteps.clickButtonLanjutkan()&amp#27;[0m
  &amp#27;[36mAnd &amp#27;[0m&amp#27;[36mclick kirim bukti bayar&amp#27;[0m                                   &amp#27;[90m# com.example.steps.PayInvoiceBankSteps.clickKirimBuktiBayar(java.lang.String)&amp#27;[0m
  &amp#27;[36mAnd &amp#27;[0m&amp#27;[36mclick button kirim&amp#27;[0m                                        &amp#27;[90m# com.example.steps.PayInvoiceBankSteps.clickButtonKirim()&amp#27;[0m
  &amp#27;[36mThen &amp#27;[0m&amp#27;[36msee Pembayaran Berhasil&amp#27;[0m                                  &amp#27;[90m# com.example.steps.PayInvoiceBankSteps.seePembayaranBerhasil()&amp#27;[0m
  &amp#27;[36mAnd &amp#27;[0m&amp#27;[36mclick download invoice&amp#27;[0m                                    &amp#27;[90m# com.example.steps.PayInvoiceBankSteps.clickDownloadInvoice()&amp#27;[0m
]]></system-out>
    <system-err><![CDATA[[main] INFO io.cucumber.core.plugin.SerenityReporter - Running feature from file:///D:/TIC/Kampus%20Merdeka/Batch%203/Studi%20Independen/Alterra/Capstone/AutoMobile/sample-mobile-automation/src/test/resources/features/math/payInvoiceBank.feature
[main] WARN io.cucumber.core.plugin.SerenityReporter - Feature from file:///D:/TIC/Kampus%20Merdeka/Batch%203/Studi%20Independen/Alterra/Capstone/AutoMobile/sample-mobile-automation/src/test/resources/features/math/payInvoiceBank.feature is not under the 'features' directory. Requirements report will not be correctly generated!
[main] INFO  - 
 _____ _____ ____ _____   ____ _____  _    ____ _____ _____ ____  
|_   _| ____/ ___|_   _| / ___|_   _|/ \  |  _ \_   _| ____|  _ \ 
  | | |  _| \___ \ | |   \___ \ | | / _ \ | |_) || | |  _| | | | |
  | | | |___ ___) || |    ___) || |/ ___ \|  _ < | | | |___| |_| |
  |_| |_____|____/ |_|   |____/ |_/_/   \_\_| \_\|_| |_____|____/ 

Pay transaksi status Menunggu Konfirmasi with Rek BSI(pay-transaksi-with-rek-bank;pay-transaksi-status-menunggu-konfirmasi-with-rek-bsi)
-------------------------------------------------------------------
Dec 23, 2022 7:31:54 PM io.appium.java_client.remote.AppiumCommandExecutor$1 lambda$0
INFO: Detected dialect: W3C
[main] ERROR  - 
         __  _____ _____ ____ _____   _____ ____  ____   ___  ____  
 _      / / |_   _| ____/ ___|_   _| | ____|  _ \|  _ \ / _ \|  _ \ 
(_)____| |    | | |  _| \___ \ | |   |  _| | |_) | |_) | | | | |_) |
 |_____| |    | | | |___ ___) || |   | |___|  _ <|  _ <| |_| |  _ < 
(_)    | |    |_| |_____|____/ |_|   |_____|_| \_\_| \_\\___/|_| \_\
        \_\                                                         

Pay transaksi status Menunggu Konfirmasi with Rek BSI
---------------------------------------------------------------------
[main] ERROR  -     Test failed at step: Given i haved login
[main] ERROR  -     
]]></system-err>
  </testcase>
  <testcase name="Pay transaksi status Menunggu Konfirmasi with Rek Jenius" classname="Pay Transaksi with Rek Bank" time="49.201">
    <error type="io.cucumber.core.exception.CucumberException"><![CDATA[io.cucumber.core.exception.CucumberException: Failed to instantiate class com.example.steps.StatusPaySteps - this class doesn't have an empty or a page enabled constructor"
Caused by: java.lang.reflect.InvocationTargetException
Caused by: java.lang.IllegalArgumentException: Must supply a not empty locator value.
]]></error>
    <system-out><![CDATA[
Scenario: Pay transaksi status Menunggu Konfirmasi with Rek Jenius &amp#27;[90m# src/test/resources/features/math/payInvoiceBank.feature:91&amp#27;[0m
  &amp#27;[31mGiven &amp#27;[0m&amp#27;[31mi haved login&amp#27;[0m                                              &amp#27;[90m# com.example.steps.StatusPaySteps.iHavedLogin()&amp#27;[0m
      &amp#27;[31mio.cucumber.core.exception.CucumberException: Failed to instantiate class com.example.steps.StatusPaySteps - this class doesn't have an empty or a page enabled constructor"
	at cucumber.runtime.SerenityObjectFactory.newInstance(SerenityObjectFactory.java:73)
	at cucumber.runtime.SerenityObjectFactory.cacheNewInstance(SerenityObjectFactory.java:58)
	at cucumber.runtime.SerenityObjectFactory.getInstance(SerenityObjectFactory.java:48)
	at io.cucumber.java.AbstractGlueDefinition.invokeMethod(AbstractGlueDefinition.java:47)
	at io.cucumber.java.JavaStepDefinition.execute(JavaStepDefinition.java:29)
	at io.cucumber.core.runner.CoreStepDefinition.execute(CoreStepDefinition.java:66)
	at io.cucumber.core.runner.PickleStepDefinitionMatch.runStep(PickleStepDefinitionMatch.java:63)
	at io.cucumber.core.runner.TestStep.executeStep(TestStep.java:92)
	at io.cucumber.core.runner.TestStep.run(TestStep.java:63)
	at io.cucumber.core.runner.PickleStepTestStep.run(PickleStepTestStep.java:49)
	at io.cucumber.core.runner.TestCase.run(TestCase.java:99)
	at io.cucumber.core.runner.Runner.runPickle(Runner.java:71)
	at io.cucumber.junit.PickleRunners$NoStepDescriptions.run(PickleRunners.java:151)
	at io.cucumber.junit.FeatureRunner.runChild(FeatureRunner.java:135)
	at io.cucumber.junit.FeatureRunner.runChild(FeatureRunner.java:27)
	at org.junit.runners.ParentRunner$3.run(ParentRunner.java:290)
	at org.junit.runners.ParentRunner$1.schedule(ParentRunner.java:71)
	at org.junit.runners.ParentRunner.runChildren(ParentRunner.java:288)
	at org.junit.runners.ParentRunner.access$000(ParentRunner.java:58)
	at org.junit.runners.ParentRunner$2.evaluate(ParentRunner.java:268)
	at org.junit.runners.ParentRunner.run(ParentRunner.java:363)
	at io.cucumber.junit.CucumberSerenityRunner.runChild(CucumberSerenityRunner.java:234)
	at io.cucumber.junit.CucumberSerenityRunner.runChild(CucumberSerenityRunner.java:57)
	at org.junit.runners.ParentRunner$3.run(ParentRunner.java:290)
	at org.junit.runners.ParentRunner$1.schedule(ParentRunner.java:71)
	at org.junit.runners.ParentRunner.runChildren(ParentRunner.java:288)
	at org.junit.runners.ParentRunner.access$000(ParentRunner.java:58)
	at org.junit.runners.ParentRunner$2.evaluate(ParentRunner.java:268)
	at io.cucumber.junit.CucumberSerenityRunner$RunCucumber.evaluate(CucumberSerenityRunner.java:262)
	at org.junit.runners.ParentRunner.run(ParentRunner.java:363)
	at org.junit.runner.JUnitCore.run(JUnitCore.java:137)
	at org.junit.runner.JUnitCore.run(JUnitCore.java:115)
	at org.junit.vintage.engine.execution.RunnerExecutor.execute(RunnerExecutor.java:40)
	at java.base/java.util.stream.ForEachOps$ForEachOp$OfRef.accept(ForEachOps.java:183)
	at java.base/java.util.stream.ReferencePipeline$3$1.accept(ReferencePipeline.java:195)
	at java.base/java.util.Iterator.forEachRemaining(Iterator.java:133)
	at java.base/java.util.Spliterators$IteratorSpliterator.forEachRemaining(Spliterators.java:1801)
	at java.base/java.util.stream.AbstractPipeline.copyInto(AbstractPipeline.java:484)
	at java.base/java.util.stream.AbstractPipeline.wrapAndCopyInto(AbstractPipeline.java:474)
	at java.base/java.util.stream.ForEachOps$ForEachOp.evaluateSequential(ForEachOps.java:150)
	at java.base/java.util.stream.ForEachOps$ForEachOp$OfRef.evaluateSequential(ForEachOps.java:173)
	at java.base/java.util.stream.AbstractPipeline.evaluate(AbstractPipeline.java:234)
	at java.base/java.util.stream.ReferencePipeline.forEach(ReferencePipeline.java:497)
	at org.junit.vintage.engine.VintageTestEngine.executeAllChildren(VintageTestEngine.java:80)
	at org.junit.vintage.engine.VintageTestEngine.execute(VintageTestEngine.java:71)
	at org.junit.platform.launcher.core.DefaultLauncher.execute(DefaultLauncher.java:229)
	at org.junit.platform.launcher.core.DefaultLauncher.lambda$execute$6(DefaultLauncher.java:197)
	at org.junit.platform.launcher.core.DefaultLauncher.withInterceptedStreams(DefaultLauncher.java:211)
	at org.junit.platform.launcher.core.DefaultLauncher.execute(DefaultLauncher.java:191)
	at org.junit.platform.launcher.core.DefaultLauncher.execute(DefaultLauncher.java:128)
	at org.apache.maven.surefire.junitplatform.JUnitPlatformProvider.execute(JUnitPlatformProvider.java:188)
	at org.apache.maven.surefire.junitplatform.JUnitPlatformProvider.invokeAllTests(JUnitPlatformProvider.java:154)
	at org.apache.maven.surefire.junitplatform.JUnitPlatformProvider.invoke(JUnitPlatformProvider.java:128)
	at org.apache.maven.surefire.booter.ForkedBooter.runSuitesInProcess(ForkedBooter.java:428)
	at org.apache.maven.surefire.booter.ForkedBooter.execute(ForkedBooter.java:162)
	at org.apache.maven.surefire.booter.ForkedBooter.run(ForkedBooter.java:562)
	at org.apache.maven.surefire.booter.ForkedBooter.main(ForkedBooter.java:548)
Caused by: java.lang.reflect.InvocationTargetException
	at java.base/jdk.internal.reflect.NativeConstructorAccessorImpl.newInstance0(Native Method)
	at java.base/jdk.internal.reflect.NativeConstructorAccessorImpl.newInstance(NativeConstructorAccessorImpl.java:62)
	at java.base/jdk.internal.reflect.DelegatingConstructorAccessorImpl.newInstance(DelegatingConstructorAccessorImpl.java:45)
	at java.base/java.lang.reflect.Constructor.newInstance(Constructor.java:490)
	at cucumber.runtime.SerenityObjectFactory.newInstance(SerenityObjectFactory.java:70)
	... 56 more
Caused by: java.lang.IllegalArgumentException: Must supply a not empty locator value.
	at io.appium.java_client.MobileBy.<init>(MobileBy.java:47)
	at io.appium.java_client.MobileBy$ByAccessibilityId.<init>(MobileBy.java:240)
	at io.appium.java_client.MobileBy.AccessibilityId(MobileBy.java:83)
	at sample.mobile.automation@1.0-SNAPSHOT/com.example.app.page.StatusPayPage.<init>(StatusPayPage.java:13)
	at sample.mobile.automation@1.0-SNAPSHOT/com.example.steps.StatusPaySteps.<init>(StatusPaySteps.java:14)
	... 61 more
&amp#27;[0m
  &amp#27;[36mAnd &amp#27;[0m&amp#27;[36mclick button bill&amp#27;[0m                                            &amp#27;[90m# com.example.steps.StatusPaySteps.clickButtonBill()&amp#27;[0m
  &amp#27;[36mAnd &amp#27;[0m&amp#27;[36mon the Transaksi page&amp#27;[0m                                        &amp#27;[90m# com.example.steps.StatusPaySteps.onTheTransaksiPage()&amp#27;[0m
  &amp#27;[36mAnd &amp#27;[0m&amp#27;[36msee status Menunggu Konfirmasi&amp#27;[0m                               &amp#27;[90m# com.example.steps.StatusPaySteps.seeStatusMenungguKonfirmasi()&amp#27;[0m
  &amp#27;[36mWhen &amp#27;[0m&amp#27;[36mfiltered status Menunggu Konfirmasi&amp#27;[0m                         &amp#27;[90m# com.example.steps.StatusPaySteps.filteredStatusMenungguKonfirmasi()&amp#27;[0m
  &amp#27;[36mAnd &amp#27;[0m&amp#27;[36mclick status Menunggu Konfirmasi&amp#27;[0m                             &amp#27;[90m# com.example.steps.PayInvoiceBankSteps.clickStatusMenungguKonfirmasi()&amp#27;[0m
  &amp#27;[36mAnd &amp#27;[0m&amp#27;[36mclick button pay now&amp#27;[0m                                         &amp#27;[90m# com.example.steps.PayInvoiceBankSteps.clickButtonPayNow()&amp#27;[0m
  &amp#27;[36mAnd &amp#27;[0m&amp#27;[36mclick button Yakin&amp#27;[0m                                           &amp#27;[90m# com.example.steps.PayInvoiceBankSteps.clickButtonYakin()&amp#27;[0m
  &amp#27;[36mAnd &amp#27;[0m&amp#27;[36mclick button Rekening Bank&amp#27;[0m                                   &amp#27;[90m# com.example.steps.PayInvoiceBankSteps.clickButtonRekeningBank()&amp#27;[0m
  &amp#27;[36mAnd &amp#27;[0m&amp#27;[36mclick opsi Jenius&amp#27;[0m                                            &amp#27;[90m# com.example.steps.PayInvoiceBankSteps.clickOpsiJenius()&amp#27;[0m
  &amp#27;[36mAnd &amp#27;[0m&amp#27;[36mclick button lanjutkan&amp#27;[0m                                       &amp#27;[90m# com.example.steps.PayInvoiceBankSteps.clickButtonLanjutkan()&amp#27;[0m
  &amp#27;[36mAnd &amp#27;[0m&amp#27;[36mclick kirim bukti bayar&amp#27;[0m                                      &amp#27;[90m# com.example.steps.PayInvoiceBankSteps.clickKirimBuktiBayar(java.lang.String)&amp#27;[0m
  &amp#27;[36mAnd &amp#27;[0m&amp#27;[36mclick button kirim&amp#27;[0m                                           &amp#27;[90m# com.example.steps.PayInvoiceBankSteps.clickButtonKirim()&amp#27;[0m
  &amp#27;[36mThen &amp#27;[0m&amp#27;[36msee Pembayaran Berhasil&amp#27;[0m                                     &amp#27;[90m# com.example.steps.PayInvoiceBankSteps.seePembayaranBerhasil()&amp#27;[0m
  &amp#27;[36mAnd &amp#27;[0m&amp#27;[36mclick download invoice&amp#27;[0m                                       &amp#27;[90m# com.example.steps.PayInvoiceBankSteps.clickDownloadInvoice()&amp#27;[0m
]]></system-out>
    <system-err><![CDATA[[main] INFO io.cucumber.core.plugin.SerenityReporter - Running feature from file:///D:/TIC/Kampus%20Merdeka/Batch%203/Studi%20Independen/Alterra/Capstone/AutoMobile/sample-mobile-automation/src/test/resources/features/math/payInvoiceBank.feature
[main] WARN io.cucumber.core.plugin.SerenityReporter - Feature from file:///D:/TIC/Kampus%20Merdeka/Batch%203/Studi%20Independen/Alterra/Capstone/AutoMobile/sample-mobile-automation/src/test/resources/features/math/payInvoiceBank.feature is not under the 'features' directory. Requirements report will not be correctly generated!
[main] INFO  - 
 _____ _____ ____ _____   ____ _____  _    ____ _____ _____ ____  
|_   _| ____/ ___|_   _| / ___|_   _|/ \  |  _ \_   _| ____|  _ \ 
  | | |  _| \___ \ | |   \___ \ | | / _ \ | |_) || | |  _| | | | |
  | | | |___ ___) || |    ___) || |/ ___ \|  _ < | | | |___| |_| |
  |_| |_____|____/ |_|   |____/ |_/_/   \_\_| \_\|_| |_____|____/ 

Pay transaksi status Menunggu Konfirmasi with Rek Jenius(pay-transaksi-with-rek-bank;pay-transaksi-status-menunggu-konfirmasi-with-rek-jenius)
-------------------------------------------------------------------
Dec 23, 2022 7:32:46 PM io.appium.java_client.remote.AppiumCommandExecutor$1 lambda$0
INFO: Detected dialect: W3C
[main] ERROR  - 
         __  _____ _____ ____ _____   _____ ____  ____   ___  ____  
 _      / / |_   _| ____/ ___|_   _| | ____|  _ \|  _ \ / _ \|  _ \ 
(_)____| |    | | |  _| \___ \ | |   |  _| | |_) | |_) | | | | |_) |
 |_____| |    | | | |___ ___) || |   | |___|  _ <|  _ <| |_| |  _ < 
(_)    | |    |_| |_____|____/ |_|   |_____|_| \_\_| \_\\___/|_| \_\
        \_\                                                         

Pay transaksi status Menunggu Konfirmasi with Rek Jenius
---------------------------------------------------------------------
[main] ERROR  -     Test failed at step: Given i haved login
[main] ERROR  -     
]]></system-err>
  </testcase>
  <testcase name="Pay transaksi status Menunggu Konfirmasi with Rek CIMB" classname="Pay Transaksi with Rek Bank" time="41.156">
    <error type="io.cucumber.core.exception.CucumberException"><![CDATA[io.cucumber.core.exception.CucumberException: Failed to instantiate class com.example.steps.StatusPaySteps - this class doesn't have an empty or a page enabled constructor"
Caused by: java.lang.reflect.InvocationTargetException
Caused by: java.lang.IllegalArgumentException: Must supply a not empty locator value.
]]></error>
    <system-out><![CDATA[
Scenario: Pay transaksi status Menunggu Konfirmasi with Rek CIMB &amp#27;[90m# src/test/resources/features/math/payInvoiceBank.feature:108&amp#27;[0m
  &amp#27;[31mGiven &amp#27;[0m&amp#27;[31mi haved login&amp#27;[0m                                            &amp#27;[90m# com.example.steps.StatusPaySteps.iHavedLogin()&amp#27;[0m
      &amp#27;[31mio.cucumber.core.exception.CucumberException: Failed to instantiate class com.example.steps.StatusPaySteps - this class doesn't have an empty or a page enabled constructor"
	at cucumber.runtime.SerenityObjectFactory.newInstance(SerenityObjectFactory.java:73)
	at cucumber.runtime.SerenityObjectFactory.cacheNewInstance(SerenityObjectFactory.java:58)
	at cucumber.runtime.SerenityObjectFactory.getInstance(SerenityObjectFactory.java:48)
	at io.cucumber.java.AbstractGlueDefinition.invokeMethod(AbstractGlueDefinition.java:47)
	at io.cucumber.java.JavaStepDefinition.execute(JavaStepDefinition.java:29)
	at io.cucumber.core.runner.CoreStepDefinition.execute(CoreStepDefinition.java:66)
	at io.cucumber.core.runner.PickleStepDefinitionMatch.runStep(PickleStepDefinitionMatch.java:63)
	at io.cucumber.core.runner.TestStep.executeStep(TestStep.java:92)
	at io.cucumber.core.runner.TestStep.run(TestStep.java:63)
	at io.cucumber.core.runner.PickleStepTestStep.run(PickleStepTestStep.java:49)
	at io.cucumber.core.runner.TestCase.run(TestCase.java:99)
	at io.cucumber.core.runner.Runner.runPickle(Runner.java:71)
	at io.cucumber.junit.PickleRunners$NoStepDescriptions.run(PickleRunners.java:151)
	at io.cucumber.junit.FeatureRunner.runChild(FeatureRunner.java:135)
	at io.cucumber.junit.FeatureRunner.runChild(FeatureRunner.java:27)
	at org.junit.runners.ParentRunner$3.run(ParentRunner.java:290)
	at org.junit.runners.ParentRunner$1.schedule(ParentRunner.java:71)
	at org.junit.runners.ParentRunner.runChildren(ParentRunner.java:288)
	at org.junit.runners.ParentRunner.access$000(ParentRunner.java:58)
	at org.junit.runners.ParentRunner$2.evaluate(ParentRunner.java:268)
	at org.junit.runners.ParentRunner.run(ParentRunner.java:363)
	at io.cucumber.junit.CucumberSerenityRunner.runChild(CucumberSerenityRunner.java:234)
	at io.cucumber.junit.CucumberSerenityRunner.runChild(CucumberSerenityRunner.java:57)
	at org.junit.runners.ParentRunner$3.run(ParentRunner.java:290)
	at org.junit.runners.ParentRunner$1.schedule(ParentRunner.java:71)
	at org.junit.runners.ParentRunner.runChildren(ParentRunner.java:288)
	at org.junit.runners.ParentRunner.access$000(ParentRunner.java:58)
	at org.junit.runners.ParentRunner$2.evaluate(ParentRunner.java:268)
	at io.cucumber.junit.CucumberSerenityRunner$RunCucumber.evaluate(CucumberSerenityRunner.java:262)
	at org.junit.runners.ParentRunner.run(ParentRunner.java:363)
	at org.junit.runner.JUnitCore.run(JUnitCore.java:137)
	at org.junit.runner.JUnitCore.run(JUnitCore.java:115)
	at org.junit.vintage.engine.execution.RunnerExecutor.execute(RunnerExecutor.java:40)
	at java.base/java.util.stream.ForEachOps$ForEachOp$OfRef.accept(ForEachOps.java:183)
	at java.base/java.util.stream.ReferencePipeline$3$1.accept(ReferencePipeline.java:195)
	at java.base/java.util.Iterator.forEachRemaining(Iterator.java:133)
	at java.base/java.util.Spliterators$IteratorSpliterator.forEachRemaining(Spliterators.java:1801)
	at java.base/java.util.stream.AbstractPipeline.copyInto(AbstractPipeline.java:484)
	at java.base/java.util.stream.AbstractPipeline.wrapAndCopyInto(AbstractPipeline.java:474)
	at java.base/java.util.stream.ForEachOps$ForEachOp.evaluateSequential(ForEachOps.java:150)
	at java.base/java.util.stream.ForEachOps$ForEachOp$OfRef.evaluateSequential(ForEachOps.java:173)
	at java.base/java.util.stream.AbstractPipeline.evaluate(AbstractPipeline.java:234)
	at java.base/java.util.stream.ReferencePipeline.forEach(ReferencePipeline.java:497)
	at org.junit.vintage.engine.VintageTestEngine.executeAllChildren(VintageTestEngine.java:80)
	at org.junit.vintage.engine.VintageTestEngine.execute(VintageTestEngine.java:71)
	at org.junit.platform.launcher.core.DefaultLauncher.execute(DefaultLauncher.java:229)
	at org.junit.platform.launcher.core.DefaultLauncher.lambda$execute$6(DefaultLauncher.java:197)
	at org.junit.platform.launcher.core.DefaultLauncher.withInterceptedStreams(DefaultLauncher.java:211)
	at org.junit.platform.launcher.core.DefaultLauncher.execute(DefaultLauncher.java:191)
	at org.junit.platform.launcher.core.DefaultLauncher.execute(DefaultLauncher.java:128)
	at org.apache.maven.surefire.junitplatform.JUnitPlatformProvider.execute(JUnitPlatformProvider.java:188)
	at org.apache.maven.surefire.junitplatform.JUnitPlatformProvider.invokeAllTests(JUnitPlatformProvider.java:154)
	at org.apache.maven.surefire.junitplatform.JUnitPlatformProvider.invoke(JUnitPlatformProvider.java:128)
	at org.apache.maven.surefire.booter.ForkedBooter.runSuitesInProcess(ForkedBooter.java:428)
	at org.apache.maven.surefire.booter.ForkedBooter.execute(ForkedBooter.java:162)
	at org.apache.maven.surefire.booter.ForkedBooter.run(ForkedBooter.java:562)
	at org.apache.maven.surefire.booter.ForkedBooter.main(ForkedBooter.java:548)
Caused by: java.lang.reflect.InvocationTargetException
	at java.base/jdk.internal.reflect.NativeConstructorAccessorImpl.newInstance0(Native Method)
	at java.base/jdk.internal.reflect.NativeConstructorAccessorImpl.newInstance(NativeConstructorAccessorImpl.java:62)
	at java.base/jdk.internal.reflect.DelegatingConstructorAccessorImpl.newInstance(DelegatingConstructorAccessorImpl.java:45)
	at java.base/java.lang.reflect.Constructor.newInstance(Constructor.java:490)
	at cucumber.runtime.SerenityObjectFactory.newInstance(SerenityObjectFactory.java:70)
	... 56 more
Caused by: java.lang.IllegalArgumentException: Must supply a not empty locator value.
	at io.appium.java_client.MobileBy.<init>(MobileBy.java:47)
	at io.appium.java_client.MobileBy$ByAccessibilityId.<init>(MobileBy.java:240)
	at io.appium.java_client.MobileBy.AccessibilityId(MobileBy.java:83)
	at sample.mobile.automation@1.0-SNAPSHOT/com.example.app.page.StatusPayPage.<init>(StatusPayPage.java:13)
	at sample.mobile.automation@1.0-SNAPSHOT/com.example.steps.StatusPaySteps.<init>(StatusPaySteps.java:14)
	... 61 more
&amp#27;[0m
  &amp#27;[36mAnd &amp#27;[0m&amp#27;[36mclick button bill&amp#27;[0m                                          &amp#27;[90m# com.example.steps.StatusPaySteps.clickButtonBill()&amp#27;[0m
  &amp#27;[36mAnd &amp#27;[0m&amp#27;[36mon the Transaksi page&amp#27;[0m                                      &amp#27;[90m# com.example.steps.StatusPaySteps.onTheTransaksiPage()&amp#27;[0m
  &amp#27;[36mAnd &amp#27;[0m&amp#27;[36msee status Menunggu Konfirmasi&amp#27;[0m                             &amp#27;[90m# com.example.steps.StatusPaySteps.seeStatusMenungguKonfirmasi()&amp#27;[0m
  &amp#27;[36mWhen &amp#27;[0m&amp#27;[36mfiltered status Menunggu Konfirmasi&amp#27;[0m                       &amp#27;[90m# com.example.steps.StatusPaySteps.filteredStatusMenungguKonfirmasi()&amp#27;[0m
  &amp#27;[36mAnd &amp#27;[0m&amp#27;[36mclick status Menunggu Konfirmasi&amp#27;[0m                           &amp#27;[90m# com.example.steps.PayInvoiceBankSteps.clickStatusMenungguKonfirmasi()&amp#27;[0m
  &amp#27;[36mAnd &amp#27;[0m&amp#27;[36mclick button pay now&amp#27;[0m                                       &amp#27;[90m# com.example.steps.PayInvoiceBankSteps.clickButtonPayNow()&amp#27;[0m
  &amp#27;[36mAnd &amp#27;[0m&amp#27;[36mclick button Yakin&amp#27;[0m                                         &amp#27;[90m# com.example.steps.PayInvoiceBankSteps.clickButtonYakin()&amp#27;[0m
  &amp#27;[36mAnd &amp#27;[0m&amp#27;[36mclick button Rekening Bank&amp#27;[0m                                 &amp#27;[90m# com.example.steps.PayInvoiceBankSteps.clickButtonRekeningBank()&amp#27;[0m
  &amp#27;[36mAnd &amp#27;[0m&amp#27;[36mclick opsi CIMB&amp#27;[0m                                            &amp#27;[90m# com.example.steps.PayInvoiceBankSteps.clickOpsiCIMB()&amp#27;[0m
  &amp#27;[36mAnd &amp#27;[0m&amp#27;[36mclick button lanjutkan&amp#27;[0m                                     &amp#27;[90m# com.example.steps.PayInvoiceBankSteps.clickButtonLanjutkan()&amp#27;[0m
  &amp#27;[36mAnd &amp#27;[0m&amp#27;[36mclick kirim bukti bayar&amp#27;[0m                                    &amp#27;[90m# com.example.steps.PayInvoiceBankSteps.clickKirimBuktiBayar(java.lang.String)&amp#27;[0m
  &amp#27;[36mAnd &amp#27;[0m&amp#27;[36mclick button kirim&amp#27;[0m                                         &amp#27;[90m# com.example.steps.PayInvoiceBankSteps.clickButtonKirim()&amp#27;[0m
  &amp#27;[36mThen &amp#27;[0m&amp#27;[36msee Pembayaran Berhasil&amp#27;[0m                                   &amp#27;[90m# com.example.steps.PayInvoiceBankSteps.seePembayaranBerhasil()&amp#27;[0m
  &amp#27;[36mAnd &amp#27;[0m&amp#27;[36mclick download invoice&amp#27;[0m                                     &amp#27;[90m# com.example.steps.PayInvoiceBankSteps.clickDownloadInvoice()&amp#27;[0m
]]></system-out>
    <system-err><![CDATA[[main] INFO io.cucumber.core.plugin.SerenityReporter - Running feature from file:///D:/TIC/Kampus%20Merdeka/Batch%203/Studi%20Independen/Alterra/Capstone/AutoMobile/sample-mobile-automation/src/test/resources/features/math/payInvoiceBank.feature
[main] WARN io.cucumber.core.plugin.SerenityReporter - Feature from file:///D:/TIC/Kampus%20Merdeka/Batch%203/Studi%20Independen/Alterra/Capstone/AutoMobile/sample-mobile-automation/src/test/resources/features/math/payInvoiceBank.feature is not under the 'features' directory. Requirements report will not be correctly generated!
[main] INFO  - 
 _____ _____ ____ _____   ____ _____  _    ____ _____ _____ ____  
|_   _| ____/ ___|_   _| / ___|_   _|/ \  |  _ \_   _| ____|  _ \ 
  | | |  _| \___ \ | |   \___ \ | | / _ \ | |_) || | |  _| | | | |
  | | | |___ ___) || |    ___) || |/ ___ \|  _ < | | | |___| |_| |
  |_| |_____|____/ |_|   |____/ |_/_/   \_\_| \_\|_| |_____|____/ 

Pay transaksi status Menunggu Konfirmasi with Rek CIMB(pay-transaksi-with-rek-bank;pay-transaksi-status-menunggu-konfirmasi-with-rek-cimb)
-------------------------------------------------------------------
Dec 23, 2022 7:33:28 PM io.appium.java_client.remote.AppiumCommandExecutor$1 lambda$0
INFO: Detected dialect: W3C
[main] ERROR  - 
         __  _____ _____ ____ _____   _____ ____  ____   ___  ____  
 _      / / |_   _| ____/ ___|_   _| | ____|  _ \|  _ \ / _ \|  _ \ 
(_)____| |    | | |  _| \___ \ | |   |  _| | |_) | |_) | | | | |_) |
 |_____| |    | | | |___ ___) || |   | |___|  _ <|  _ <| |_| |  _ < 
(_)    | |    |_| |_____|____/ |_|   |_____|_| \_\_| \_\\___/|_| \_\
        \_\                                                         

Pay transaksi status Menunggu Konfirmasi with Rek CIMB
---------------------------------------------------------------------
[main] ERROR  -     Test failed at step: Given i haved login
[main] ERROR  -     
]]></system-err>
  </testcase>
  <testcase name="Pay transaksi status Menunggu Konfirmasi with BNI VA" classname="Pay Transaksi with Virtual Akun" time="30.091">
    <error type="io.cucumber.core.exception.CucumberException"><![CDATA[io.cucumber.core.exception.CucumberException: Failed to instantiate class com.example.steps.StatusPaySteps - this class doesn't have an empty or a page enabled constructor"
Caused by: java.lang.reflect.InvocationTargetException
Caused by: java.lang.IllegalArgumentException: Must supply a not empty locator value.
]]></error>
    <system-out><![CDATA[
Scenario: Pay transaksi status Menunggu Konfirmasi with BNI VA &amp#27;[90m# src/test/resources/features/math/payInvoiceVA.feature:6&amp#27;[0m
  &amp#27;[31mGiven &amp#27;[0m&amp#27;[31mi haved login&amp#27;[0m                                          &amp#27;[90m# com.example.steps.StatusPaySteps.iHavedLogin()&amp#27;[0m
      &amp#27;[31mio.cucumber.core.exception.CucumberException: Failed to instantiate class com.example.steps.StatusPaySteps - this class doesn't have an empty or a page enabled constructor"
	at cucumber.runtime.SerenityObjectFactory.newInstance(SerenityObjectFactory.java:73)
	at cucumber.runtime.SerenityObjectFactory.cacheNewInstance(SerenityObjectFactory.java:58)
	at cucumber.runtime.SerenityObjectFactory.getInstance(SerenityObjectFactory.java:48)
	at io.cucumber.java.AbstractGlueDefinition.invokeMethod(AbstractGlueDefinition.java:47)
	at io.cucumber.java.JavaStepDefinition.execute(JavaStepDefinition.java:29)
	at io.cucumber.core.runner.CoreStepDefinition.execute(CoreStepDefinition.java:66)
	at io.cucumber.core.runner.PickleStepDefinitionMatch.runStep(PickleStepDefinitionMatch.java:63)
	at io.cucumber.core.runner.TestStep.executeStep(TestStep.java:92)
	at io.cucumber.core.runner.TestStep.run(TestStep.java:63)
	at io.cucumber.core.runner.PickleStepTestStep.run(PickleStepTestStep.java:49)
	at io.cucumber.core.runner.TestCase.run(TestCase.java:99)
	at io.cucumber.core.runner.Runner.runPickle(Runner.java:71)
	at io.cucumber.junit.PickleRunners$NoStepDescriptions.run(PickleRunners.java:151)
	at io.cucumber.junit.FeatureRunner.runChild(FeatureRunner.java:135)
	at io.cucumber.junit.FeatureRunner.runChild(FeatureRunner.java:27)
	at org.junit.runners.ParentRunner$3.run(ParentRunner.java:290)
	at org.junit.runners.ParentRunner$1.schedule(ParentRunner.java:71)
	at org.junit.runners.ParentRunner.runChildren(ParentRunner.java:288)
	at org.junit.runners.ParentRunner.access$000(ParentRunner.java:58)
	at org.junit.runners.ParentRunner$2.evaluate(ParentRunner.java:268)
	at org.junit.runners.ParentRunner.run(ParentRunner.java:363)
	at io.cucumber.junit.CucumberSerenityRunner.runChild(CucumberSerenityRunner.java:234)
	at io.cucumber.junit.CucumberSerenityRunner.runChild(CucumberSerenityRunner.java:57)
	at org.junit.runners.ParentRunner$3.run(ParentRunner.java:290)
	at org.junit.runners.ParentRunner$1.schedule(ParentRunner.java:71)
	at org.junit.runners.ParentRunner.runChildren(ParentRunner.java:288)
	at org.junit.runners.ParentRunner.access$000(ParentRunner.java:58)
	at org.junit.runners.ParentRunner$2.evaluate(ParentRunner.java:268)
	at io.cucumber.junit.CucumberSerenityRunner$RunCucumber.evaluate(CucumberSerenityRunner.java:262)
	at org.junit.runners.ParentRunner.run(ParentRunner.java:363)
	at org.junit.runner.JUnitCore.run(JUnitCore.java:137)
	at org.junit.runner.JUnitCore.run(JUnitCore.java:115)
	at org.junit.vintage.engine.execution.RunnerExecutor.execute(RunnerExecutor.java:40)
	at java.base/java.util.stream.ForEachOps$ForEachOp$OfRef.accept(ForEachOps.java:183)
	at java.base/java.util.stream.ReferencePipeline$3$1.accept(ReferencePipeline.java:195)
	at java.base/java.util.Iterator.forEachRemaining(Iterator.java:133)
	at java.base/java.util.Spliterators$IteratorSpliterator.forEachRemaining(Spliterators.java:1801)
	at java.base/java.util.stream.AbstractPipeline.copyInto(AbstractPipeline.java:484)
	at java.base/java.util.stream.AbstractPipeline.wrapAndCopyInto(AbstractPipeline.java:474)
	at java.base/java.util.stream.ForEachOps$ForEachOp.evaluateSequential(ForEachOps.java:150)
	at java.base/java.util.stream.ForEachOps$ForEachOp$OfRef.evaluateSequential(ForEachOps.java:173)
	at java.base/java.util.stream.AbstractPipeline.evaluate(AbstractPipeline.java:234)
	at java.base/java.util.stream.ReferencePipeline.forEach(ReferencePipeline.java:497)
	at org.junit.vintage.engine.VintageTestEngine.executeAllChildren(VintageTestEngine.java:80)
	at org.junit.vintage.engine.VintageTestEngine.execute(VintageTestEngine.java:71)
	at org.junit.platform.launcher.core.DefaultLauncher.execute(DefaultLauncher.java:229)
	at org.junit.platform.launcher.core.DefaultLauncher.lambda$execute$6(DefaultLauncher.java:197)
	at org.junit.platform.launcher.core.DefaultLauncher.withInterceptedStreams(DefaultLauncher.java:211)
	at org.junit.platform.launcher.core.DefaultLauncher.execute(DefaultLauncher.java:191)
	at org.junit.platform.launcher.core.DefaultLauncher.execute(DefaultLauncher.java:128)
	at org.apache.maven.surefire.junitplatform.JUnitPlatformProvider.execute(JUnitPlatformProvider.java:188)
	at org.apache.maven.surefire.junitplatform.JUnitPlatformProvider.invokeAllTests(JUnitPlatformProvider.java:154)
	at org.apache.maven.surefire.junitplatform.JUnitPlatformProvider.invoke(JUnitPlatformProvider.java:128)
	at org.apache.maven.surefire.booter.ForkedBooter.runSuitesInProcess(ForkedBooter.java:428)
	at org.apache.maven.surefire.booter.ForkedBooter.execute(ForkedBooter.java:162)
	at org.apache.maven.surefire.booter.ForkedBooter.run(ForkedBooter.java:562)
	at org.apache.maven.surefire.booter.ForkedBooter.main(ForkedBooter.java:548)
Caused by: java.lang.reflect.InvocationTargetException
	at java.base/jdk.internal.reflect.NativeConstructorAccessorImpl.newInstance0(Native Method)
	at java.base/jdk.internal.reflect.NativeConstructorAccessorImpl.newInstance(NativeConstructorAccessorImpl.java:62)
	at java.base/jdk.internal.reflect.DelegatingConstructorAccessorImpl.newInstance(DelegatingConstructorAccessorImpl.java:45)
	at java.base/java.lang.reflect.Constructor.newInstance(Constructor.java:490)
	at cucumber.runtime.SerenityObjectFactory.newInstance(SerenityObjectFactory.java:70)
	... 56 more
Caused by: java.lang.IllegalArgumentException: Must supply a not empty locator value.
	at io.appium.java_client.MobileBy.<init>(MobileBy.java:47)
	at io.appium.java_client.MobileBy$ByAccessibilityId.<init>(MobileBy.java:240)
	at io.appium.java_client.MobileBy.AccessibilityId(MobileBy.java:83)
	at sample.mobile.automation@1.0-SNAPSHOT/com.example.app.page.StatusPayPage.<init>(StatusPayPage.java:13)
	at sample.mobile.automation@1.0-SNAPSHOT/com.example.steps.StatusPaySteps.<init>(StatusPaySteps.java:14)
	... 61 more
&amp#27;[0m
  &amp#27;[36mAnd &amp#27;[0m&amp#27;[36mclick button bill&amp#27;[0m                                        &amp#27;[90m# com.example.steps.StatusPaySteps.clickButtonBill()&amp#27;[0m
  &amp#27;[36mAnd &amp#27;[0m&amp#27;[36mon the Transaksi page&amp#27;[0m                                    &amp#27;[90m# com.example.steps.StatusPaySteps.onTheTransaksiPage()&amp#27;[0m
  &amp#27;[36mAnd &amp#27;[0m&amp#27;[36msee status Menunggu Konfirmasi&amp#27;[0m                           &amp#27;[90m# com.example.steps.StatusPaySteps.seeStatusMenungguKonfirmasi()&amp#27;[0m
  &amp#27;[36mWhen &amp#27;[0m&amp#27;[36mclick status Menunggu Konfirmasi&amp#27;[0m                        &amp#27;[90m# com.example.steps.PayInvoiceBankSteps.clickStatusMenungguKonfirmasi()&amp#27;[0m
  &amp#27;[36mAnd &amp#27;[0m&amp#27;[36mclick button pay now&amp#27;[0m                                     &amp#27;[90m# com.example.steps.PayInvoiceBankSteps.clickButtonPayNow()&amp#27;[0m
  &amp#27;[36mAnd &amp#27;[0m&amp#27;[36mclick button Yakin&amp#27;[0m                                       &amp#27;[90m# com.example.steps.PayInvoiceBankSteps.clickButtonYakin()&amp#27;[0m
  &amp#27;[36mAnd &amp#27;[0m&amp#27;[36mclick button Virtual Akun&amp#27;[0m                                &amp#27;[90m# com.example.steps.PayInvoiceVaSteps.clickButtonVirtualAkun()&amp#27;[0m
  &amp#27;[36mAnd &amp#27;[0m&amp#27;[36mclick opsi BNI VA&amp#27;[0m                                        &amp#27;[90m# com.example.steps.PayInvoiceVaSteps.clickOpsiBNIVA()&amp#27;[0m
  &amp#27;[36mAnd &amp#27;[0m&amp#27;[36mclick button lanjutkan&amp#27;[0m                                   &amp#27;[90m# com.example.steps.PayInvoiceBankSteps.clickButtonLanjutkan()&amp#27;[0m
  &amp#27;[36mAnd &amp#27;[0m&amp#27;[36mclick kirim bukti bayar&amp#27;[0m                                  &amp#27;[90m# com.example.steps.PayInvoiceBankSteps.clickKirimBuktiBayar(java.lang.String)&amp#27;[0m
  &amp#27;[36mAnd &amp#27;[0m&amp#27;[36mclick button kirim&amp#27;[0m                                       &amp#27;[90m# com.example.steps.PayInvoiceBankSteps.clickButtonKirim()&amp#27;[0m
  &amp#27;[36mThen &amp#27;[0m&amp#27;[36msee Pembayaran Berhasil&amp#27;[0m                                 &amp#27;[90m# com.example.steps.PayInvoiceBankSteps.seePembayaranBerhasil()&amp#27;[0m
  &amp#27;[36mAnd &amp#27;[0m&amp#27;[36mclick download invoice&amp#27;[0m                                   &amp#27;[90m# com.example.steps.PayInvoiceBankSteps.clickDownloadInvoice()&amp#27;[0m
]]></system-out>
    <system-err><![CDATA[[main] INFO io.cucumber.core.plugin.SerenityReporter - Running feature from file:///D:/TIC/Kampus%20Merdeka/Batch%203/Studi%20Independen/Alterra/Capstone/AutoMobile/sample-mobile-automation/src/test/resources/features/math/payInvoiceVA.feature
[main] WARN io.cucumber.core.plugin.SerenityReporter - Feature from file:///D:/TIC/Kampus%20Merdeka/Batch%203/Studi%20Independen/Alterra/Capstone/AutoMobile/sample-mobile-automation/src/test/resources/features/math/payInvoiceVA.feature is not under the 'features' directory. Requirements report will not be correctly generated!
[main] INFO  - 
 _____ _____ ____ _____   ____ _____  _    ____ _____ _____ ____  
|_   _| ____/ ___|_   _| / ___|_   _|/ \  |  _ \_   _| ____|  _ \ 
  | | |  _| \___ \ | |   \___ \ | | / _ \ | |_) || | |  _| | | | |
  | | | |___ ___) || |    ___) || |/ ___ \|  _ < | | | |___| |_| |
  |_| |_____|____/ |_|   |____/ |_/_/   \_\_| \_\|_| |_____|____/ 

Pay transaksi status Menunggu Konfirmasi with BNI VA(pay-transaksi-with-virtual-akun;pay-transaksi-status-menunggu-konfirmasi-with-bni-va)
-------------------------------------------------------------------
Dec 23, 2022 7:33:58 PM io.appium.java_client.remote.AppiumCommandExecutor$1 lambda$0
INFO: Detected dialect: W3C
[main] ERROR  - 
         __  _____ _____ ____ _____   _____ ____  ____   ___  ____  
 _      / / |_   _| ____/ ___|_   _| | ____|  _ \|  _ \ / _ \|  _ \ 
(_)____| |    | | |  _| \___ \ | |   |  _| | |_) | |_) | | | | |_) |
 |_____| |    | | | |___ ___) || |   | |___|  _ <|  _ <| |_| |  _ < 
(_)    | |    |_| |_____|____/ |_|   |_____|_| \_\_| \_\\___/|_| \_\
        \_\                                                         

Pay transaksi status Menunggu Konfirmasi with BNI VA
---------------------------------------------------------------------
[main] ERROR  -     Test failed at step: Given i haved login
[main] ERROR  -     
]]></system-err>
  </testcase>
  <testcase name="Pay transaksi status Menunggu Konfirmasi with BCA VA" classname="Pay Transaksi with Virtual Akun" time="28.808">
    <error type="io.cucumber.core.exception.CucumberException"><![CDATA[io.cucumber.core.exception.CucumberException: Failed to instantiate class com.example.steps.StatusPaySteps - this class doesn't have an empty or a page enabled constructor"
Caused by: java.lang.reflect.InvocationTargetException
Caused by: java.lang.IllegalArgumentException: Must supply a not empty locator value.
]]></error>
    <system-out><![CDATA[
Scenario: Pay transaksi status Menunggu Konfirmasi with BCA VA &amp#27;[90m# src/test/resources/features/math/payInvoiceVA.feature:22&amp#27;[0m
  &amp#27;[31mGiven &amp#27;[0m&amp#27;[31mi haved login&amp#27;[0m                                          &amp#27;[90m# com.example.steps.StatusPaySteps.iHavedLogin()&amp#27;[0m
      &amp#27;[31mio.cucumber.core.exception.CucumberException: Failed to instantiate class com.example.steps.StatusPaySteps - this class doesn't have an empty or a page enabled constructor"
	at cucumber.runtime.SerenityObjectFactory.newInstance(SerenityObjectFactory.java:73)
	at cucumber.runtime.SerenityObjectFactory.cacheNewInstance(SerenityObjectFactory.java:58)
	at cucumber.runtime.SerenityObjectFactory.getInstance(SerenityObjectFactory.java:48)
	at io.cucumber.java.AbstractGlueDefinition.invokeMethod(AbstractGlueDefinition.java:47)
	at io.cucumber.java.JavaStepDefinition.execute(JavaStepDefinition.java:29)
	at io.cucumber.core.runner.CoreStepDefinition.execute(CoreStepDefinition.java:66)
	at io.cucumber.core.runner.PickleStepDefinitionMatch.runStep(PickleStepDefinitionMatch.java:63)
	at io.cucumber.core.runner.TestStep.executeStep(TestStep.java:92)
	at io.cucumber.core.runner.TestStep.run(TestStep.java:63)
	at io.cucumber.core.runner.PickleStepTestStep.run(PickleStepTestStep.java:49)
	at io.cucumber.core.runner.TestCase.run(TestCase.java:99)
	at io.cucumber.core.runner.Runner.runPickle(Runner.java:71)
	at io.cucumber.junit.PickleRunners$NoStepDescriptions.run(PickleRunners.java:151)
	at io.cucumber.junit.FeatureRunner.runChild(FeatureRunner.java:135)
	at io.cucumber.junit.FeatureRunner.runChild(FeatureRunner.java:27)
	at org.junit.runners.ParentRunner$3.run(ParentRunner.java:290)
	at org.junit.runners.ParentRunner$1.schedule(ParentRunner.java:71)
	at org.junit.runners.ParentRunner.runChildren(ParentRunner.java:288)
	at org.junit.runners.ParentRunner.access$000(ParentRunner.java:58)
	at org.junit.runners.ParentRunner$2.evaluate(ParentRunner.java:268)
	at org.junit.runners.ParentRunner.run(ParentRunner.java:363)
	at io.cucumber.junit.CucumberSerenityRunner.runChild(CucumberSerenityRunner.java:234)
	at io.cucumber.junit.CucumberSerenityRunner.runChild(CucumberSerenityRunner.java:57)
	at org.junit.runners.ParentRunner$3.run(ParentRunner.java:290)
	at org.junit.runners.ParentRunner$1.schedule(ParentRunner.java:71)
	at org.junit.runners.ParentRunner.runChildren(ParentRunner.java:288)
	at org.junit.runners.ParentRunner.access$000(ParentRunner.java:58)
	at org.junit.runners.ParentRunner$2.evaluate(ParentRunner.java:268)
	at io.cucumber.junit.CucumberSerenityRunner$RunCucumber.evaluate(CucumberSerenityRunner.java:262)
	at org.junit.runners.ParentRunner.run(ParentRunner.java:363)
	at org.junit.runner.JUnitCore.run(JUnitCore.java:137)
	at org.junit.runner.JUnitCore.run(JUnitCore.java:115)
	at org.junit.vintage.engine.execution.RunnerExecutor.execute(RunnerExecutor.java:40)
	at java.base/java.util.stream.ForEachOps$ForEachOp$OfRef.accept(ForEachOps.java:183)
	at java.base/java.util.stream.ReferencePipeline$3$1.accept(ReferencePipeline.java:195)
	at java.base/java.util.Iterator.forEachRemaining(Iterator.java:133)
	at java.base/java.util.Spliterators$IteratorSpliterator.forEachRemaining(Spliterators.java:1801)
	at java.base/java.util.stream.AbstractPipeline.copyInto(AbstractPipeline.java:484)
	at java.base/java.util.stream.AbstractPipeline.wrapAndCopyInto(AbstractPipeline.java:474)
	at java.base/java.util.stream.ForEachOps$ForEachOp.evaluateSequential(ForEachOps.java:150)
	at java.base/java.util.stream.ForEachOps$ForEachOp$OfRef.evaluateSequential(ForEachOps.java:173)
	at java.base/java.util.stream.AbstractPipeline.evaluate(AbstractPipeline.java:234)
	at java.base/java.util.stream.ReferencePipeline.forEach(ReferencePipeline.java:497)
	at org.junit.vintage.engine.VintageTestEngine.executeAllChildren(VintageTestEngine.java:80)
	at org.junit.vintage.engine.VintageTestEngine.execute(VintageTestEngine.java:71)
	at org.junit.platform.launcher.core.DefaultLauncher.execute(DefaultLauncher.java:229)
	at org.junit.platform.launcher.core.DefaultLauncher.lambda$execute$6(DefaultLauncher.java:197)
	at org.junit.platform.launcher.core.DefaultLauncher.withInterceptedStreams(DefaultLauncher.java:211)
	at org.junit.platform.launcher.core.DefaultLauncher.execute(DefaultLauncher.java:191)
	at org.junit.platform.launcher.core.DefaultLauncher.execute(DefaultLauncher.java:128)
	at org.apache.maven.surefire.junitplatform.JUnitPlatformProvider.execute(JUnitPlatformProvider.java:188)
	at org.apache.maven.surefire.junitplatform.JUnitPlatformProvider.invokeAllTests(JUnitPlatformProvider.java:154)
	at org.apache.maven.surefire.junitplatform.JUnitPlatformProvider.invoke(JUnitPlatformProvider.java:128)
	at org.apache.maven.surefire.booter.ForkedBooter.runSuitesInProcess(ForkedBooter.java:428)
	at org.apache.maven.surefire.booter.ForkedBooter.execute(ForkedBooter.java:162)
	at org.apache.maven.surefire.booter.ForkedBooter.run(ForkedBooter.java:562)
	at org.apache.maven.surefire.booter.ForkedBooter.main(ForkedBooter.java:548)
Caused by: java.lang.reflect.InvocationTargetException
	at java.base/jdk.internal.reflect.NativeConstructorAccessorImpl.newInstance0(Native Method)
	at java.base/jdk.internal.reflect.NativeConstructorAccessorImpl.newInstance(NativeConstructorAccessorImpl.java:62)
	at java.base/jdk.internal.reflect.DelegatingConstructorAccessorImpl.newInstance(DelegatingConstructorAccessorImpl.java:45)
	at java.base/java.lang.reflect.Constructor.newInstance(Constructor.java:490)
	at cucumber.runtime.SerenityObjectFactory.newInstance(SerenityObjectFactory.java:70)
	... 56 more
Caused by: java.lang.IllegalArgumentException: Must supply a not empty locator value.
	at io.appium.java_client.MobileBy.<init>(MobileBy.java:47)
	at io.appium.java_client.MobileBy$ByAccessibilityId.<init>(MobileBy.java:240)
	at io.appium.java_client.MobileBy.AccessibilityId(MobileBy.java:83)
	at sample.mobile.automation@1.0-SNAPSHOT/com.example.app.page.StatusPayPage.<init>(StatusPayPage.java:13)
	at sample.mobile.automation@1.0-SNAPSHOT/com.example.steps.StatusPaySteps.<init>(StatusPaySteps.java:14)
	... 61 more
&amp#27;[0m
  &amp#27;[36mAnd &amp#27;[0m&amp#27;[36mclick button bill&amp#27;[0m                                        &amp#27;[90m# com.example.steps.StatusPaySteps.clickButtonBill()&amp#27;[0m
  &amp#27;[36mAnd &amp#27;[0m&amp#27;[36mon the Transaksi page&amp#27;[0m                                    &amp#27;[90m# com.example.steps.StatusPaySteps.onTheTransaksiPage()&amp#27;[0m
  &amp#27;[36mAnd &amp#27;[0m&amp#27;[36msee status Menunggu Konfirmasi&amp#27;[0m                           &amp#27;[90m# com.example.steps.StatusPaySteps.seeStatusMenungguKonfirmasi()&amp#27;[0m
  &amp#27;[36mWhen &amp#27;[0m&amp#27;[36mclick status Menunggu Konfirmasi&amp#27;[0m                        &amp#27;[90m# com.example.steps.PayInvoiceBankSteps.clickStatusMenungguKonfirmasi()&amp#27;[0m
  &amp#27;[36mAnd &amp#27;[0m&amp#27;[36mclick button pay now&amp#27;[0m                                     &amp#27;[90m# com.example.steps.PayInvoiceBankSteps.clickButtonPayNow()&amp#27;[0m
  &amp#27;[36mAnd &amp#27;[0m&amp#27;[36mclick button Yakin&amp#27;[0m                                       &amp#27;[90m# com.example.steps.PayInvoiceBankSteps.clickButtonYakin()&amp#27;[0m
  &amp#27;[36mAnd &amp#27;[0m&amp#27;[36mclick button Virtual Akun&amp#27;[0m                                &amp#27;[90m# com.example.steps.PayInvoiceVaSteps.clickButtonVirtualAkun()&amp#27;[0m
  &amp#27;[36mAnd &amp#27;[0m&amp#27;[36mclick opsi BCA VA&amp#27;[0m                                        &amp#27;[90m# com.example.steps.PayInvoiceVaSteps.clickOpsiBCAVA()&amp#27;[0m
  &amp#27;[36mAnd &amp#27;[0m&amp#27;[36mclick button lanjutkan&amp#27;[0m                                   &amp#27;[90m# com.example.steps.PayInvoiceBankSteps.clickButtonLanjutkan()&amp#27;[0m
  &amp#27;[36mAnd &amp#27;[0m&amp#27;[36mclick kirim bukti bayar&amp#27;[0m                                  &amp#27;[90m# com.example.steps.PayInvoiceBankSteps.clickKirimBuktiBayar(java.lang.String)&amp#27;[0m
  &amp#27;[36mAnd &amp#27;[0m&amp#27;[36mclick button kirim&amp#27;[0m                                       &amp#27;[90m# com.example.steps.PayInvoiceBankSteps.clickButtonKirim()&amp#27;[0m
  &amp#27;[36mThen &amp#27;[0m&amp#27;[36msee Pembayaran Berhasil&amp#27;[0m                                 &amp#27;[90m# com.example.steps.PayInvoiceBankSteps.seePembayaranBerhasil()&amp#27;[0m
  &amp#27;[36mAnd &amp#27;[0m&amp#27;[36mclick download invoice&amp#27;[0m                                   &amp#27;[90m# com.example.steps.PayInvoiceBankSteps.clickDownloadInvoice()&amp#27;[0m
]]></system-out>
    <system-err><![CDATA[[main] INFO io.cucumber.core.plugin.SerenityReporter - Running feature from file:///D:/TIC/Kampus%20Merdeka/Batch%203/Studi%20Independen/Alterra/Capstone/AutoMobile/sample-mobile-automation/src/test/resources/features/math/payInvoiceVA.feature
[main] WARN io.cucumber.core.plugin.SerenityReporter - Feature from file:///D:/TIC/Kampus%20Merdeka/Batch%203/Studi%20Independen/Alterra/Capstone/AutoMobile/sample-mobile-automation/src/test/resources/features/math/payInvoiceVA.feature is not under the 'features' directory. Requirements report will not be correctly generated!
[main] INFO  - 
 _____ _____ ____ _____   ____ _____  _    ____ _____ _____ ____  
|_   _| ____/ ___|_   _| / ___|_   _|/ \  |  _ \_   _| ____|  _ \ 
  | | |  _| \___ \ | |   \___ \ | | / _ \ | |_) || | |  _| | | | |
  | | | |___ ___) || |    ___) || |/ ___ \|  _ < | | | |___| |_| |
  |_| |_____|____/ |_|   |____/ |_/_/   \_\_| \_\|_| |_____|____/ 

Pay transaksi status Menunggu Konfirmasi with BCA VA(pay-transaksi-with-virtual-akun;pay-transaksi-status-menunggu-konfirmasi-with-bca-va)
-------------------------------------------------------------------
Dec 23, 2022 7:34:27 PM io.appium.java_client.remote.AppiumCommandExecutor$1 lambda$0
INFO: Detected dialect: W3C
[main] ERROR  - 
         __  _____ _____ ____ _____   _____ ____  ____   ___  ____  
 _      / / |_   _| ____/ ___|_   _| | ____|  _ \|  _ \ / _ \|  _ \ 
(_)____| |    | | |  _| \___ \ | |   |  _| | |_) | |_) | | | | |_) |
 |_____| |    | | | |___ ___) || |   | |___|  _ <|  _ <| |_| |  _ < 
(_)    | |    |_| |_____|____/ |_|   |_____|_| \_\_| \_\\___/|_| \_\
        \_\                                                         

Pay transaksi status Menunggu Konfirmasi with BCA VA
---------------------------------------------------------------------
[main] ERROR  -     Test failed at step: Given i haved login
[main] ERROR  -     
]]></system-err>
  </testcase>
  <testcase name="Pay transaksi status Menunggu Konfirmasi with BRI VA" classname="Pay Transaksi with Virtual Akun" time="27.936">
    <error type="io.cucumber.core.exception.CucumberException"><![CDATA[io.cucumber.core.exception.CucumberException: Failed to instantiate class com.example.steps.StatusPaySteps - this class doesn't have an empty or a page enabled constructor"
Caused by: java.lang.reflect.InvocationTargetException
Caused by: java.lang.IllegalArgumentException: Must supply a not empty locator value.
]]></error>
    <system-out><![CDATA[
Scenario: Pay transaksi status Menunggu Konfirmasi with BRI VA &amp#27;[90m# src/test/resources/features/math/payInvoiceVA.feature:38&amp#27;[0m
  &amp#27;[31mGiven &amp#27;[0m&amp#27;[31mi haved login&amp#27;[0m                                          &amp#27;[90m# com.example.steps.StatusPaySteps.iHavedLogin()&amp#27;[0m
      &amp#27;[31mio.cucumber.core.exception.CucumberException: Failed to instantiate class com.example.steps.StatusPaySteps - this class doesn't have an empty or a page enabled constructor"
	at cucumber.runtime.SerenityObjectFactory.newInstance(SerenityObjectFactory.java:73)
	at cucumber.runtime.SerenityObjectFactory.cacheNewInstance(SerenityObjectFactory.java:58)
	at cucumber.runtime.SerenityObjectFactory.getInstance(SerenityObjectFactory.java:48)
	at io.cucumber.java.AbstractGlueDefinition.invokeMethod(AbstractGlueDefinition.java:47)
	at io.cucumber.java.JavaStepDefinition.execute(JavaStepDefinition.java:29)
	at io.cucumber.core.runner.CoreStepDefinition.execute(CoreStepDefinition.java:66)
	at io.cucumber.core.runner.PickleStepDefinitionMatch.runStep(PickleStepDefinitionMatch.java:63)
	at io.cucumber.core.runner.TestStep.executeStep(TestStep.java:92)
	at io.cucumber.core.runner.TestStep.run(TestStep.java:63)
	at io.cucumber.core.runner.PickleStepTestStep.run(PickleStepTestStep.java:49)
	at io.cucumber.core.runner.TestCase.run(TestCase.java:99)
	at io.cucumber.core.runner.Runner.runPickle(Runner.java:71)
	at io.cucumber.junit.PickleRunners$NoStepDescriptions.run(PickleRunners.java:151)
	at io.cucumber.junit.FeatureRunner.runChild(FeatureRunner.java:135)
	at io.cucumber.junit.FeatureRunner.runChild(FeatureRunner.java:27)
	at org.junit.runners.ParentRunner$3.run(ParentRunner.java:290)
	at org.junit.runners.ParentRunner$1.schedule(ParentRunner.java:71)
	at org.junit.runners.ParentRunner.runChildren(ParentRunner.java:288)
	at org.junit.runners.ParentRunner.access$000(ParentRunner.java:58)
	at org.junit.runners.ParentRunner$2.evaluate(ParentRunner.java:268)
	at org.junit.runners.ParentRunner.run(ParentRunner.java:363)
	at io.cucumber.junit.CucumberSerenityRunner.runChild(CucumberSerenityRunner.java:234)
	at io.cucumber.junit.CucumberSerenityRunner.runChild(CucumberSerenityRunner.java:57)
	at org.junit.runners.ParentRunner$3.run(ParentRunner.java:290)
	at org.junit.runners.ParentRunner$1.schedule(ParentRunner.java:71)
	at org.junit.runners.ParentRunner.runChildren(ParentRunner.java:288)
	at org.junit.runners.ParentRunner.access$000(ParentRunner.java:58)
	at org.junit.runners.ParentRunner$2.evaluate(ParentRunner.java:268)
	at io.cucumber.junit.CucumberSerenityRunner$RunCucumber.evaluate(CucumberSerenityRunner.java:262)
	at org.junit.runners.ParentRunner.run(ParentRunner.java:363)
	at org.junit.runner.JUnitCore.run(JUnitCore.java:137)
	at org.junit.runner.JUnitCore.run(JUnitCore.java:115)
	at org.junit.vintage.engine.execution.RunnerExecutor.execute(RunnerExecutor.java:40)
	at java.base/java.util.stream.ForEachOps$ForEachOp$OfRef.accept(ForEachOps.java:183)
	at java.base/java.util.stream.ReferencePipeline$3$1.accept(ReferencePipeline.java:195)
	at java.base/java.util.Iterator.forEachRemaining(Iterator.java:133)
	at java.base/java.util.Spliterators$IteratorSpliterator.forEachRemaining(Spliterators.java:1801)
	at java.base/java.util.stream.AbstractPipeline.copyInto(AbstractPipeline.java:484)
	at java.base/java.util.stream.AbstractPipeline.wrapAndCopyInto(AbstractPipeline.java:474)
	at java.base/java.util.stream.ForEachOps$ForEachOp.evaluateSequential(ForEachOps.java:150)
	at java.base/java.util.stream.ForEachOps$ForEachOp$OfRef.evaluateSequential(ForEachOps.java:173)
	at java.base/java.util.stream.AbstractPipeline.evaluate(AbstractPipeline.java:234)
	at java.base/java.util.stream.ReferencePipeline.forEach(ReferencePipeline.java:497)
	at org.junit.vintage.engine.VintageTestEngine.executeAllChildren(VintageTestEngine.java:80)
	at org.junit.vintage.engine.VintageTestEngine.execute(VintageTestEngine.java:71)
	at org.junit.platform.launcher.core.DefaultLauncher.execute(DefaultLauncher.java:229)
	at org.junit.platform.launcher.core.DefaultLauncher.lambda$execute$6(DefaultLauncher.java:197)
	at org.junit.platform.launcher.core.DefaultLauncher.withInterceptedStreams(DefaultLauncher.java:211)
	at org.junit.platform.launcher.core.DefaultLauncher.execute(DefaultLauncher.java:191)
	at org.junit.platform.launcher.core.DefaultLauncher.execute(DefaultLauncher.java:128)
	at org.apache.maven.surefire.junitplatform.JUnitPlatformProvider.execute(JUnitPlatformProvider.java:188)
	at org.apache.maven.surefire.junitplatform.JUnitPlatformProvider.invokeAllTests(JUnitPlatformProvider.java:154)
	at org.apache.maven.surefire.junitplatform.JUnitPlatformProvider.invoke(JUnitPlatformProvider.java:128)
	at org.apache.maven.surefire.booter.ForkedBooter.runSuitesInProcess(ForkedBooter.java:428)
	at org.apache.maven.surefire.booter.ForkedBooter.execute(ForkedBooter.java:162)
	at org.apache.maven.surefire.booter.ForkedBooter.run(ForkedBooter.java:562)
	at org.apache.maven.surefire.booter.ForkedBooter.main(ForkedBooter.java:548)
Caused by: java.lang.reflect.InvocationTargetException
	at java.base/jdk.internal.reflect.NativeConstructorAccessorImpl.newInstance0(Native Method)
	at java.base/jdk.internal.reflect.NativeConstructorAccessorImpl.newInstance(NativeConstructorAccessorImpl.java:62)
	at java.base/jdk.internal.reflect.DelegatingConstructorAccessorImpl.newInstance(DelegatingConstructorAccessorImpl.java:45)
	at java.base/java.lang.reflect.Constructor.newInstance(Constructor.java:490)
	at cucumber.runtime.SerenityObjectFactory.newInstance(SerenityObjectFactory.java:70)
	... 56 more
Caused by: java.lang.IllegalArgumentException: Must supply a not empty locator value.
	at io.appium.java_client.MobileBy.<init>(MobileBy.java:47)
	at io.appium.java_client.MobileBy$ByAccessibilityId.<init>(MobileBy.java:240)
	at io.appium.java_client.MobileBy.AccessibilityId(MobileBy.java:83)
	at sample.mobile.automation@1.0-SNAPSHOT/com.example.app.page.StatusPayPage.<init>(StatusPayPage.java:13)
	at sample.mobile.automation@1.0-SNAPSHOT/com.example.steps.StatusPaySteps.<init>(StatusPaySteps.java:14)
	... 61 more
&amp#27;[0m
  &amp#27;[36mAnd &amp#27;[0m&amp#27;[36mclick button bill&amp#27;[0m                                        &amp#27;[90m# com.example.steps.StatusPaySteps.clickButtonBill()&amp#27;[0m
  &amp#27;[36mAnd &amp#27;[0m&amp#27;[36mon the Transaksi page&amp#27;[0m                                    &amp#27;[90m# com.example.steps.StatusPaySteps.onTheTransaksiPage()&amp#27;[0m
  &amp#27;[36mAnd &amp#27;[0m&amp#27;[36msee status Menunggu Konfirmasi&amp#27;[0m                           &amp#27;[90m# com.example.steps.StatusPaySteps.seeStatusMenungguKonfirmasi()&amp#27;[0m
  &amp#27;[36mWhen &amp#27;[0m&amp#27;[36mclick status Menunggu Konfirmasi&amp#27;[0m                        &amp#27;[90m# com.example.steps.PayInvoiceBankSteps.clickStatusMenungguKonfirmasi()&amp#27;[0m
  &amp#27;[36mAnd &amp#27;[0m&amp#27;[36mclick button pay now&amp#27;[0m                                     &amp#27;[90m# com.example.steps.PayInvoiceBankSteps.clickButtonPayNow()&amp#27;[0m
  &amp#27;[36mAnd &amp#27;[0m&amp#27;[36mclick button Yakin&amp#27;[0m                                       &amp#27;[90m# com.example.steps.PayInvoiceBankSteps.clickButtonYakin()&amp#27;[0m
  &amp#27;[36mAnd &amp#27;[0m&amp#27;[36mclick button Virtual Akun&amp#27;[0m                                &amp#27;[90m# com.example.steps.PayInvoiceVaSteps.clickButtonVirtualAkun()&amp#27;[0m
  &amp#27;[36mAnd &amp#27;[0m&amp#27;[36mclick opsi BRI VA&amp#27;[0m                                        &amp#27;[90m# com.example.steps.PayInvoiceVaSteps.clickOpsiBRIVA()&amp#27;[0m
  &amp#27;[36mAnd &amp#27;[0m&amp#27;[36mclick button lanjutkan&amp#27;[0m                                   &amp#27;[90m# com.example.steps.PayInvoiceBankSteps.clickButtonLanjutkan()&amp#27;[0m
  &amp#27;[36mAnd &amp#27;[0m&amp#27;[36mclick kirim bukti bayar&amp#27;[0m                                  &amp#27;[90m# com.example.steps.PayInvoiceBankSteps.clickKirimBuktiBayar(java.lang.String)&amp#27;[0m
  &amp#27;[36mAnd &amp#27;[0m&amp#27;[36mclick button kirim&amp#27;[0m                                       &amp#27;[90m# com.example.steps.PayInvoiceBankSteps.clickButtonKirim()&amp#27;[0m
  &amp#27;[36mThen &amp#27;[0m&amp#27;[36msee Pembayaran Berhasil&amp#27;[0m                                 &amp#27;[90m# com.example.steps.PayInvoiceBankSteps.seePembayaranBerhasil()&amp#27;[0m
  &amp#27;[36mAnd &amp#27;[0m&amp#27;[36mclick download invoice&amp#27;[0m                                   &amp#27;[90m# com.example.steps.PayInvoiceBankSteps.clickDownloadInvoice()&amp#27;[0m
]]></system-out>
    <system-err><![CDATA[[main] INFO io.cucumber.core.plugin.SerenityReporter - Running feature from file:///D:/TIC/Kampus%20Merdeka/Batch%203/Studi%20Independen/Alterra/Capstone/AutoMobile/sample-mobile-automation/src/test/resources/features/math/payInvoiceVA.feature
[main] WARN io.cucumber.core.plugin.SerenityReporter - Feature from file:///D:/TIC/Kampus%20Merdeka/Batch%203/Studi%20Independen/Alterra/Capstone/AutoMobile/sample-mobile-automation/src/test/resources/features/math/payInvoiceVA.feature is not under the 'features' directory. Requirements report will not be correctly generated!
[main] INFO  - 
 _____ _____ ____ _____   ____ _____  _    ____ _____ _____ ____  
|_   _| ____/ ___|_   _| / ___|_   _|/ \  |  _ \_   _| ____|  _ \ 
  | | |  _| \___ \ | |   \___ \ | | / _ \ | |_) || | |  _| | | | |
  | | | |___ ___) || |    ___) || |/ ___ \|  _ < | | | |___| |_| |
  |_| |_____|____/ |_|   |____/ |_/_/   \_\_| \_\|_| |_____|____/ 

Pay transaksi status Menunggu Konfirmasi with BRI VA(pay-transaksi-with-virtual-akun;pay-transaksi-status-menunggu-konfirmasi-with-bri-va)
-------------------------------------------------------------------
Dec 23, 2022 7:34:55 PM io.appium.java_client.remote.AppiumCommandExecutor$1 lambda$0
INFO: Detected dialect: W3C
[main] ERROR  - 
         __  _____ _____ ____ _____   _____ ____  ____   ___  ____  
 _      / / |_   _| ____/ ___|_   _| | ____|  _ \|  _ \ / _ \|  _ \ 
(_)____| |    | | |  _| \___ \ | |   |  _| | |_) | |_) | | | | |_) |
 |_____| |    | | | |___ ___) || |   | |___|  _ <|  _ <| |_| |  _ < 
(_)    | |    |_| |_____|____/ |_|   |_____|_| \_\_| \_\\___/|_| \_\
        \_\                                                         

Pay transaksi status Menunggu Konfirmasi with BRI VA
---------------------------------------------------------------------
[main] ERROR  -     Test failed at step: Given i haved login
[main] ERROR  -     
]]></system-err>
  </testcase>
  <testcase name="Pay transaksi status Menunggu Konfirmasi with Mandiri VA" classname="Pay Transaksi with Virtual Akun" time="28.535">
    <error type="io.cucumber.core.exception.CucumberException"><![CDATA[io.cucumber.core.exception.CucumberException: Failed to instantiate class com.example.steps.StatusPaySteps - this class doesn't have an empty or a page enabled constructor"
Caused by: java.lang.reflect.InvocationTargetException
Caused by: java.lang.IllegalArgumentException: Must supply a not empty locator value.
]]></error>
    <system-out><![CDATA[
Scenario: Pay transaksi status Menunggu Konfirmasi with Mandiri VA &amp#27;[90m# src/test/resources/features/math/payInvoiceVA.feature:54&amp#27;[0m
  &amp#27;[31mGiven &amp#27;[0m&amp#27;[31mi haved login&amp#27;[0m                                              &amp#27;[90m# com.example.steps.StatusPaySteps.iHavedLogin()&amp#27;[0m
      &amp#27;[31mio.cucumber.core.exception.CucumberException: Failed to instantiate class com.example.steps.StatusPaySteps - this class doesn't have an empty or a page enabled constructor"
	at cucumber.runtime.SerenityObjectFactory.newInstance(SerenityObjectFactory.java:73)
	at cucumber.runtime.SerenityObjectFactory.cacheNewInstance(SerenityObjectFactory.java:58)
	at cucumber.runtime.SerenityObjectFactory.getInstance(SerenityObjectFactory.java:48)
	at io.cucumber.java.AbstractGlueDefinition.invokeMethod(AbstractGlueDefinition.java:47)
	at io.cucumber.java.JavaStepDefinition.execute(JavaStepDefinition.java:29)
	at io.cucumber.core.runner.CoreStepDefinition.execute(CoreStepDefinition.java:66)
	at io.cucumber.core.runner.PickleStepDefinitionMatch.runStep(PickleStepDefinitionMatch.java:63)
	at io.cucumber.core.runner.TestStep.executeStep(TestStep.java:92)
	at io.cucumber.core.runner.TestStep.run(TestStep.java:63)
	at io.cucumber.core.runner.PickleStepTestStep.run(PickleStepTestStep.java:49)
	at io.cucumber.core.runner.TestCase.run(TestCase.java:99)
	at io.cucumber.core.runner.Runner.runPickle(Runner.java:71)
	at io.cucumber.junit.PickleRunners$NoStepDescriptions.run(PickleRunners.java:151)
	at io.cucumber.junit.FeatureRunner.runChild(FeatureRunner.java:135)
	at io.cucumber.junit.FeatureRunner.runChild(FeatureRunner.java:27)
	at org.junit.runners.ParentRunner$3.run(ParentRunner.java:290)
	at org.junit.runners.ParentRunner$1.schedule(ParentRunner.java:71)
	at org.junit.runners.ParentRunner.runChildren(ParentRunner.java:288)
	at org.junit.runners.ParentRunner.access$000(ParentRunner.java:58)
	at org.junit.runners.ParentRunner$2.evaluate(ParentRunner.java:268)
	at org.junit.runners.ParentRunner.run(ParentRunner.java:363)
	at io.cucumber.junit.CucumberSerenityRunner.runChild(CucumberSerenityRunner.java:234)
	at io.cucumber.junit.CucumberSerenityRunner.runChild(CucumberSerenityRunner.java:57)
	at org.junit.runners.ParentRunner$3.run(ParentRunner.java:290)
	at org.junit.runners.ParentRunner$1.schedule(ParentRunner.java:71)
	at org.junit.runners.ParentRunner.runChildren(ParentRunner.java:288)
	at org.junit.runners.ParentRunner.access$000(ParentRunner.java:58)
	at org.junit.runners.ParentRunner$2.evaluate(ParentRunner.java:268)
	at io.cucumber.junit.CucumberSerenityRunner$RunCucumber.evaluate(CucumberSerenityRunner.java:262)
	at org.junit.runners.ParentRunner.run(ParentRunner.java:363)
	at org.junit.runner.JUnitCore.run(JUnitCore.java:137)
	at org.junit.runner.JUnitCore.run(JUnitCore.java:115)
	at org.junit.vintage.engine.execution.RunnerExecutor.execute(RunnerExecutor.java:40)
	at java.base/java.util.stream.ForEachOps$ForEachOp$OfRef.accept(ForEachOps.java:183)
	at java.base/java.util.stream.ReferencePipeline$3$1.accept(ReferencePipeline.java:195)
	at java.base/java.util.Iterator.forEachRemaining(Iterator.java:133)
	at java.base/java.util.Spliterators$IteratorSpliterator.forEachRemaining(Spliterators.java:1801)
	at java.base/java.util.stream.AbstractPipeline.copyInto(AbstractPipeline.java:484)
	at java.base/java.util.stream.AbstractPipeline.wrapAndCopyInto(AbstractPipeline.java:474)
	at java.base/java.util.stream.ForEachOps$ForEachOp.evaluateSequential(ForEachOps.java:150)
	at java.base/java.util.stream.ForEachOps$ForEachOp$OfRef.evaluateSequential(ForEachOps.java:173)
	at java.base/java.util.stream.AbstractPipeline.evaluate(AbstractPipeline.java:234)
	at java.base/java.util.stream.ReferencePipeline.forEach(ReferencePipeline.java:497)
	at org.junit.vintage.engine.VintageTestEngine.executeAllChildren(VintageTestEngine.java:80)
	at org.junit.vintage.engine.VintageTestEngine.execute(VintageTestEngine.java:71)
	at org.junit.platform.launcher.core.DefaultLauncher.execute(DefaultLauncher.java:229)
	at org.junit.platform.launcher.core.DefaultLauncher.lambda$execute$6(DefaultLauncher.java:197)
	at org.junit.platform.launcher.core.DefaultLauncher.withInterceptedStreams(DefaultLauncher.java:211)
	at org.junit.platform.launcher.core.DefaultLauncher.execute(DefaultLauncher.java:191)
	at org.junit.platform.launcher.core.DefaultLauncher.execute(DefaultLauncher.java:128)
	at org.apache.maven.surefire.junitplatform.JUnitPlatformProvider.execute(JUnitPlatformProvider.java:188)
	at org.apache.maven.surefire.junitplatform.JUnitPlatformProvider.invokeAllTests(JUnitPlatformProvider.java:154)
	at org.apache.maven.surefire.junitplatform.JUnitPlatformProvider.invoke(JUnitPlatformProvider.java:128)
	at org.apache.maven.surefire.booter.ForkedBooter.runSuitesInProcess(ForkedBooter.java:428)
	at org.apache.maven.surefire.booter.ForkedBooter.execute(ForkedBooter.java:162)
	at org.apache.maven.surefire.booter.ForkedBooter.run(ForkedBooter.java:562)
	at org.apache.maven.surefire.booter.ForkedBooter.main(ForkedBooter.java:548)
Caused by: java.lang.reflect.InvocationTargetException
	at java.base/jdk.internal.reflect.NativeConstructorAccessorImpl.newInstance0(Native Method)
	at java.base/jdk.internal.reflect.NativeConstructorAccessorImpl.newInstance(NativeConstructorAccessorImpl.java:62)
	at java.base/jdk.internal.reflect.DelegatingConstructorAccessorImpl.newInstance(DelegatingConstructorAccessorImpl.java:45)
	at java.base/java.lang.reflect.Constructor.newInstance(Constructor.java:490)
	at cucumber.runtime.SerenityObjectFactory.newInstance(SerenityObjectFactory.java:70)
	... 56 more
Caused by: java.lang.IllegalArgumentException: Must supply a not empty locator value.
	at io.appium.java_client.MobileBy.<init>(MobileBy.java:47)
	at io.appium.java_client.MobileBy$ByAccessibilityId.<init>(MobileBy.java:240)
	at io.appium.java_client.MobileBy.AccessibilityId(MobileBy.java:83)
	at sample.mobile.automation@1.0-SNAPSHOT/com.example.app.page.StatusPayPage.<init>(StatusPayPage.java:13)
	at sample.mobile.automation@1.0-SNAPSHOT/com.example.steps.StatusPaySteps.<init>(StatusPaySteps.java:14)
	... 61 more
&amp#27;[0m
  &amp#27;[36mAnd &amp#27;[0m&amp#27;[36mclick button bill&amp#27;[0m                                            &amp#27;[90m# com.example.steps.StatusPaySteps.clickButtonBill()&amp#27;[0m
  &amp#27;[36mAnd &amp#27;[0m&amp#27;[36mon the Transaksi page&amp#27;[0m                                        &amp#27;[90m# com.example.steps.StatusPaySteps.onTheTransaksiPage()&amp#27;[0m
  &amp#27;[36mAnd &amp#27;[0m&amp#27;[36msee status Menunggu Konfirmasi&amp#27;[0m                               &amp#27;[90m# com.example.steps.StatusPaySteps.seeStatusMenungguKonfirmasi()&amp#27;[0m
  &amp#27;[36mWhen &amp#27;[0m&amp#27;[36mclick status Menunggu Konfirmasi&amp#27;[0m                            &amp#27;[90m# com.example.steps.PayInvoiceBankSteps.clickStatusMenungguKonfirmasi()&amp#27;[0m
  &amp#27;[36mAnd &amp#27;[0m&amp#27;[36mclick button pay now&amp#27;[0m                                         &amp#27;[90m# com.example.steps.PayInvoiceBankSteps.clickButtonPayNow()&amp#27;[0m
  &amp#27;[36mAnd &amp#27;[0m&amp#27;[36mclick button Yakin&amp#27;[0m                                           &amp#27;[90m# com.example.steps.PayInvoiceBankSteps.clickButtonYakin()&amp#27;[0m
  &amp#27;[36mAnd &amp#27;[0m&amp#27;[36mclick button Virtual Akun&amp#27;[0m                                    &amp#27;[90m# com.example.steps.PayInvoiceVaSteps.clickButtonVirtualAkun()&amp#27;[0m
  &amp#27;[36mAnd &amp#27;[0m&amp#27;[36mclick opsi Mandiri VA&amp#27;[0m                                        &amp#27;[90m# com.example.steps.PayInvoiceVaSteps.clickOpsiMandiriVA()&amp#27;[0m
  &amp#27;[36mAnd &amp#27;[0m&amp#27;[36mclick button lanjutkan&amp#27;[0m                                       &amp#27;[90m# com.example.steps.PayInvoiceBankSteps.clickButtonLanjutkan()&amp#27;[0m
  &amp#27;[36mAnd &amp#27;[0m&amp#27;[36mclick kirim bukti bayar&amp#27;[0m                                      &amp#27;[90m# com.example.steps.PayInvoiceBankSteps.clickKirimBuktiBayar(java.lang.String)&amp#27;[0m
  &amp#27;[36mAnd &amp#27;[0m&amp#27;[36mclick button kirim&amp#27;[0m                                           &amp#27;[90m# com.example.steps.PayInvoiceBankSteps.clickButtonKirim()&amp#27;[0m
  &amp#27;[36mThen &amp#27;[0m&amp#27;[36msee Pembayaran Berhasil&amp#27;[0m                                     &amp#27;[90m# com.example.steps.PayInvoiceBankSteps.seePembayaranBerhasil()&amp#27;[0m
  &amp#27;[36mAnd &amp#27;[0m&amp#27;[36mclick download invoice&amp#27;[0m                                       &amp#27;[90m# com.example.steps.PayInvoiceBankSteps.clickDownloadInvoice()&amp#27;[0m
]]></system-out>
    <system-err><![CDATA[[main] INFO io.cucumber.core.plugin.SerenityReporter - Running feature from file:///D:/TIC/Kampus%20Merdeka/Batch%203/Studi%20Independen/Alterra/Capstone/AutoMobile/sample-mobile-automation/src/test/resources/features/math/payInvoiceVA.feature
[main] WARN io.cucumber.core.plugin.SerenityReporter - Feature from file:///D:/TIC/Kampus%20Merdeka/Batch%203/Studi%20Independen/Alterra/Capstone/AutoMobile/sample-mobile-automation/src/test/resources/features/math/payInvoiceVA.feature is not under the 'features' directory. Requirements report will not be correctly generated!
[main] INFO  - 
 _____ _____ ____ _____   ____ _____  _    ____ _____ _____ ____  
|_   _| ____/ ___|_   _| / ___|_   _|/ \  |  _ \_   _| ____|  _ \ 
  | | |  _| \___ \ | |   \___ \ | | / _ \ | |_) || | |  _| | | | |
  | | | |___ ___) || |    ___) || |/ ___ \|  _ < | | | |___| |_| |
  |_| |_____|____/ |_|   |____/ |_/_/   \_\_| \_\|_| |_____|____/ 

Pay transaksi status Menunggu Konfirmasi with Mandiri VA(pay-transaksi-with-virtual-akun;pay-transaksi-status-menunggu-konfirmasi-with-mandiri-va)
-------------------------------------------------------------------
Dec 23, 2022 7:35:23 PM io.appium.java_client.remote.AppiumCommandExecutor$1 lambda$0
INFO: Detected dialect: W3C
[main] ERROR  - 
         __  _____ _____ ____ _____   _____ ____  ____   ___  ____  
 _      / / |_   _| ____/ ___|_   _| | ____|  _ \|  _ \ / _ \|  _ \ 
(_)____| |    | | |  _| \___ \ | |   |  _| | |_) | |_) | | | | |_) |
 |_____| |    | | | |___ ___) || |   | |___|  _ <|  _ <| |_| |  _ < 
(_)    | |    |_| |_____|____/ |_|   |_____|_| \_\_| \_\\___/|_| \_\
        \_\                                                         

Pay transaksi status Menunggu Konfirmasi with Mandiri VA
---------------------------------------------------------------------
[main] ERROR  -     Test failed at step: Given i haved login
[main] ERROR  -     
]]></system-err>
  </testcase>
  <testcase name="Pay transaksi status Menunggu Konfirmasi with CIMB VA" classname="Pay Transaksi with Virtual Akun" time="39.348">
    <error type="io.cucumber.core.exception.CucumberException"><![CDATA[io.cucumber.core.exception.CucumberException: Failed to instantiate class com.example.steps.StatusPaySteps - this class doesn't have an empty or a page enabled constructor"
Caused by: java.lang.reflect.InvocationTargetException
Caused by: java.lang.IllegalArgumentException: Must supply a not empty locator value.
]]></error>
    <system-out><![CDATA[
Scenario: Pay transaksi status Menunggu Konfirmasi with CIMB VA &amp#27;[90m# src/test/resources/features/math/payInvoiceVA.feature:70&amp#27;[0m
  &amp#27;[31mGiven &amp#27;[0m&amp#27;[31mi haved login&amp#27;[0m                                           &amp#27;[90m# com.example.steps.StatusPaySteps.iHavedLogin()&amp#27;[0m
      &amp#27;[31mio.cucumber.core.exception.CucumberException: Failed to instantiate class com.example.steps.StatusPaySteps - this class doesn't have an empty or a page enabled constructor"
	at cucumber.runtime.SerenityObjectFactory.newInstance(SerenityObjectFactory.java:73)
	at cucumber.runtime.SerenityObjectFactory.cacheNewInstance(SerenityObjectFactory.java:58)
	at cucumber.runtime.SerenityObjectFactory.getInstance(SerenityObjectFactory.java:48)
	at io.cucumber.java.AbstractGlueDefinition.invokeMethod(AbstractGlueDefinition.java:47)
	at io.cucumber.java.JavaStepDefinition.execute(JavaStepDefinition.java:29)
	at io.cucumber.core.runner.CoreStepDefinition.execute(CoreStepDefinition.java:66)
	at io.cucumber.core.runner.PickleStepDefinitionMatch.runStep(PickleStepDefinitionMatch.java:63)
	at io.cucumber.core.runner.TestStep.executeStep(TestStep.java:92)
	at io.cucumber.core.runner.TestStep.run(TestStep.java:63)
	at io.cucumber.core.runner.PickleStepTestStep.run(PickleStepTestStep.java:49)
	at io.cucumber.core.runner.TestCase.run(TestCase.java:99)
	at io.cucumber.core.runner.Runner.runPickle(Runner.java:71)
	at io.cucumber.junit.PickleRunners$NoStepDescriptions.run(PickleRunners.java:151)
	at io.cucumber.junit.FeatureRunner.runChild(FeatureRunner.java:135)
	at io.cucumber.junit.FeatureRunner.runChild(FeatureRunner.java:27)
	at org.junit.runners.ParentRunner$3.run(ParentRunner.java:290)
	at org.junit.runners.ParentRunner$1.schedule(ParentRunner.java:71)
	at org.junit.runners.ParentRunner.runChildren(ParentRunner.java:288)
	at org.junit.runners.ParentRunner.access$000(ParentRunner.java:58)
	at org.junit.runners.ParentRunner$2.evaluate(ParentRunner.java:268)
	at org.junit.runners.ParentRunner.run(ParentRunner.java:363)
	at io.cucumber.junit.CucumberSerenityRunner.runChild(CucumberSerenityRunner.java:234)
	at io.cucumber.junit.CucumberSerenityRunner.runChild(CucumberSerenityRunner.java:57)
	at org.junit.runners.ParentRunner$3.run(ParentRunner.java:290)
	at org.junit.runners.ParentRunner$1.schedule(ParentRunner.java:71)
	at org.junit.runners.ParentRunner.runChildren(ParentRunner.java:288)
	at org.junit.runners.ParentRunner.access$000(ParentRunner.java:58)
	at org.junit.runners.ParentRunner$2.evaluate(ParentRunner.java:268)
	at io.cucumber.junit.CucumberSerenityRunner$RunCucumber.evaluate(CucumberSerenityRunner.java:262)
	at org.junit.runners.ParentRunner.run(ParentRunner.java:363)
	at org.junit.runner.JUnitCore.run(JUnitCore.java:137)
	at org.junit.runner.JUnitCore.run(JUnitCore.java:115)
	at org.junit.vintage.engine.execution.RunnerExecutor.execute(RunnerExecutor.java:40)
	at java.base/java.util.stream.ForEachOps$ForEachOp$OfRef.accept(ForEachOps.java:183)
	at java.base/java.util.stream.ReferencePipeline$3$1.accept(ReferencePipeline.java:195)
	at java.base/java.util.Iterator.forEachRemaining(Iterator.java:133)
	at java.base/java.util.Spliterators$IteratorSpliterator.forEachRemaining(Spliterators.java:1801)
	at java.base/java.util.stream.AbstractPipeline.copyInto(AbstractPipeline.java:484)
	at java.base/java.util.stream.AbstractPipeline.wrapAndCopyInto(AbstractPipeline.java:474)
	at java.base/java.util.stream.ForEachOps$ForEachOp.evaluateSequential(ForEachOps.java:150)
	at java.base/java.util.stream.ForEachOps$ForEachOp$OfRef.evaluateSequential(ForEachOps.java:173)
	at java.base/java.util.stream.AbstractPipeline.evaluate(AbstractPipeline.java:234)
	at java.base/java.util.stream.ReferencePipeline.forEach(ReferencePipeline.java:497)
	at org.junit.vintage.engine.VintageTestEngine.executeAllChildren(VintageTestEngine.java:80)
	at org.junit.vintage.engine.VintageTestEngine.execute(VintageTestEngine.java:71)
	at org.junit.platform.launcher.core.DefaultLauncher.execute(DefaultLauncher.java:229)
	at org.junit.platform.launcher.core.DefaultLauncher.lambda$execute$6(DefaultLauncher.java:197)
	at org.junit.platform.launcher.core.DefaultLauncher.withInterceptedStreams(DefaultLauncher.java:211)
	at org.junit.platform.launcher.core.DefaultLauncher.execute(DefaultLauncher.java:191)
	at org.junit.platform.launcher.core.DefaultLauncher.execute(DefaultLauncher.java:128)
	at org.apache.maven.surefire.junitplatform.JUnitPlatformProvider.execute(JUnitPlatformProvider.java:188)
	at org.apache.maven.surefire.junitplatform.JUnitPlatformProvider.invokeAllTests(JUnitPlatformProvider.java:154)
	at org.apache.maven.surefire.junitplatform.JUnitPlatformProvider.invoke(JUnitPlatformProvider.java:128)
	at org.apache.maven.surefire.booter.ForkedBooter.runSuitesInProcess(ForkedBooter.java:428)
	at org.apache.maven.surefire.booter.ForkedBooter.execute(ForkedBooter.java:162)
	at org.apache.maven.surefire.booter.ForkedBooter.run(ForkedBooter.java:562)
	at org.apache.maven.surefire.booter.ForkedBooter.main(ForkedBooter.java:548)
Caused by: java.lang.reflect.InvocationTargetException
	at java.base/jdk.internal.reflect.NativeConstructorAccessorImpl.newInstance0(Native Method)
	at java.base/jdk.internal.reflect.NativeConstructorAccessorImpl.newInstance(NativeConstructorAccessorImpl.java:62)
	at java.base/jdk.internal.reflect.DelegatingConstructorAccessorImpl.newInstance(DelegatingConstructorAccessorImpl.java:45)
	at java.base/java.lang.reflect.Constructor.newInstance(Constructor.java:490)
	at cucumber.runtime.SerenityObjectFactory.newInstance(SerenityObjectFactory.java:70)
	... 56 more
Caused by: java.lang.IllegalArgumentException: Must supply a not empty locator value.
	at io.appium.java_client.MobileBy.<init>(MobileBy.java:47)
	at io.appium.java_client.MobileBy$ByAccessibilityId.<init>(MobileBy.java:240)
	at io.appium.java_client.MobileBy.AccessibilityId(MobileBy.java:83)
	at sample.mobile.automation@1.0-SNAPSHOT/com.example.app.page.StatusPayPage.<init>(StatusPayPage.java:13)
	at sample.mobile.automation@1.0-SNAPSHOT/com.example.steps.StatusPaySteps.<init>(StatusPaySteps.java:14)
	... 61 more
&amp#27;[0m
  &amp#27;[36mAnd &amp#27;[0m&amp#27;[36mclick button bill&amp#27;[0m                                         &amp#27;[90m# com.example.steps.StatusPaySteps.clickButtonBill()&amp#27;[0m
  &amp#27;[36mAnd &amp#27;[0m&amp#27;[36mon the Transaksi page&amp#27;[0m                                     &amp#27;[90m# com.example.steps.StatusPaySteps.onTheTransaksiPage()&amp#27;[0m
  &amp#27;[36mAnd &amp#27;[0m&amp#27;[36msee status Menunggu Konfirmasi&amp#27;[0m                            &amp#27;[90m# com.example.steps.StatusPaySteps.seeStatusMenungguKonfirmasi()&amp#27;[0m
  &amp#27;[36mWhen &amp#27;[0m&amp#27;[36mclick status Menunggu Konfirmasi&amp#27;[0m                         &amp#27;[90m# com.example.steps.PayInvoiceBankSteps.clickStatusMenungguKonfirmasi()&amp#27;[0m
  &amp#27;[36mAnd &amp#27;[0m&amp#27;[36mclick button pay now&amp#27;[0m                                      &amp#27;[90m# com.example.steps.PayInvoiceBankSteps.clickButtonPayNow()&amp#27;[0m
  &amp#27;[36mAnd &amp#27;[0m&amp#27;[36mclick button Yakin&amp#27;[0m                                        &amp#27;[90m# com.example.steps.PayInvoiceBankSteps.clickButtonYakin()&amp#27;[0m
  &amp#27;[36mAnd &amp#27;[0m&amp#27;[36mclick button Virtual Akun&amp#27;[0m                                 &amp#27;[90m# com.example.steps.PayInvoiceVaSteps.clickButtonVirtualAkun()&amp#27;[0m
  &amp#27;[36mAnd &amp#27;[0m&amp#27;[36mclick opsi CIMB VA&amp#27;[0m                                        &amp#27;[90m# com.example.steps.PayInvoiceVaSteps.clickOpsiCIMBVA()&amp#27;[0m
  &amp#27;[36mAnd &amp#27;[0m&amp#27;[36mclick button lanjutkan&amp#27;[0m                                    &amp#27;[90m# com.example.steps.PayInvoiceBankSteps.clickButtonLanjutkan()&amp#27;[0m
  &amp#27;[36mAnd &amp#27;[0m&amp#27;[36mclick kirim bukti bayar&amp#27;[0m                                   &amp#27;[90m# com.example.steps.PayInvoiceBankSteps.clickKirimBuktiBayar(java.lang.String)&amp#27;[0m
  &amp#27;[36mAnd &amp#27;[0m&amp#27;[36mclick button kirim&amp#27;[0m                                        &amp#27;[90m# com.example.steps.PayInvoiceBankSteps.clickButtonKirim()&amp#27;[0m
  &amp#27;[36mThen &amp#27;[0m&amp#27;[36msee Pembayaran Berhasil&amp#27;[0m                                  &amp#27;[90m# com.example.steps.PayInvoiceBankSteps.seePembayaranBerhasil()&amp#27;[0m
  &amp#27;[36mAnd &amp#27;[0m&amp#27;[36mclick download invoice&amp#27;[0m                                    &amp#27;[90m# com.example.steps.PayInvoiceBankSteps.clickDownloadInvoice()&amp#27;[0m
]]></system-out>
    <system-err><![CDATA[[main] INFO io.cucumber.core.plugin.SerenityReporter - Running feature from file:///D:/TIC/Kampus%20Merdeka/Batch%203/Studi%20Independen/Alterra/Capstone/AutoMobile/sample-mobile-automation/src/test/resources/features/math/payInvoiceVA.feature
[main] WARN io.cucumber.core.plugin.SerenityReporter - Feature from file:///D:/TIC/Kampus%20Merdeka/Batch%203/Studi%20Independen/Alterra/Capstone/AutoMobile/sample-mobile-automation/src/test/resources/features/math/payInvoiceVA.feature is not under the 'features' directory. Requirements report will not be correctly generated!
[main] INFO  - 
 _____ _____ ____ _____   ____ _____  _    ____ _____ _____ ____  
|_   _| ____/ ___|_   _| / ___|_   _|/ \  |  _ \_   _| ____|  _ \ 
  | | |  _| \___ \ | |   \___ \ | | / _ \ | |_) || | |  _| | | | |
  | | | |___ ___) || |    ___) || |/ ___ \|  _ < | | | |___| |_| |
  |_| |_____|____/ |_|   |____/ |_/_/   \_\_| \_\|_| |_____|____/ 

Pay transaksi status Menunggu Konfirmasi with CIMB VA(pay-transaksi-with-virtual-akun;pay-transaksi-status-menunggu-konfirmasi-with-cimb-va)
-------------------------------------------------------------------
Dec 23, 2022 7:35:57 PM io.appium.java_client.remote.AppiumCommandExecutor$1 lambda$0
INFO: Detected dialect: W3C
[main] ERROR  - 
         __  _____ _____ ____ _____   _____ ____  ____   ___  ____  
 _      / / |_   _| ____/ ___|_   _| | ____|  _ \|  _ \ / _ \|  _ \ 
(_)____| |    | | |  _| \___ \ | |   |  _| | |_) | |_) | | | | |_) |
 |_____| |    | | | |___ ___) || |   | |___|  _ <|  _ <| |_| |  _ < 
(_)    | |    |_| |_____|____/ |_|   |_____|_| \_\_| \_\\___/|_| \_\
        \_\                                                         

Pay transaksi status Menunggu Konfirmasi with CIMB VA
---------------------------------------------------------------------
[main] ERROR  -     Test failed at step: Given i haved login
[main] ERROR  -     
]]></system-err>
  </testcase>
  <testcase name="See all Transaksi" classname="Bill page" time="43.121">
    <error type="io.cucumber.core.exception.CucumberException"><![CDATA[io.cucumber.core.exception.CucumberException: Failed to instantiate class com.example.steps.StatusPaySteps - this class doesn't have an empty or a page enabled constructor"
Caused by: java.lang.reflect.InvocationTargetException
Caused by: java.lang.IllegalArgumentException: Must supply a not empty locator value.
]]></error>
    <system-out><![CDATA[
@aksesInvoice
Scenario: See all Transaksi &amp#27;[90m# src/test/resources/features/math/statusPay.feature:7&amp#27;[0m
  &amp#27;[31mGiven &amp#27;[0m&amp#27;[31mi haved login&amp#27;[0m       &amp#27;[90m# com.example.steps.StatusPaySteps.iHavedLogin()&amp#27;[0m
      &amp#27;[31mio.cucumber.core.exception.CucumberException: Failed to instantiate class com.example.steps.StatusPaySteps - this class doesn't have an empty or a page enabled constructor"
	at cucumber.runtime.SerenityObjectFactory.newInstance(SerenityObjectFactory.java:73)
	at cucumber.runtime.SerenityObjectFactory.cacheNewInstance(SerenityObjectFactory.java:58)
	at cucumber.runtime.SerenityObjectFactory.getInstance(SerenityObjectFactory.java:48)
	at io.cucumber.java.AbstractGlueDefinition.invokeMethod(AbstractGlueDefinition.java:47)
	at io.cucumber.java.JavaStepDefinition.execute(JavaStepDefinition.java:29)
	at io.cucumber.core.runner.CoreStepDefinition.execute(CoreStepDefinition.java:66)
	at io.cucumber.core.runner.PickleStepDefinitionMatch.runStep(PickleStepDefinitionMatch.java:63)
	at io.cucumber.core.runner.TestStep.executeStep(TestStep.java:92)
	at io.cucumber.core.runner.TestStep.run(TestStep.java:63)
	at io.cucumber.core.runner.PickleStepTestStep.run(PickleStepTestStep.java:49)
	at io.cucumber.core.runner.TestCase.run(TestCase.java:99)
	at io.cucumber.core.runner.Runner.runPickle(Runner.java:71)
	at io.cucumber.junit.PickleRunners$NoStepDescriptions.run(PickleRunners.java:151)
	at io.cucumber.junit.FeatureRunner.runChild(FeatureRunner.java:135)
	at io.cucumber.junit.FeatureRunner.runChild(FeatureRunner.java:27)
	at org.junit.runners.ParentRunner$3.run(ParentRunner.java:290)
	at org.junit.runners.ParentRunner$1.schedule(ParentRunner.java:71)
	at org.junit.runners.ParentRunner.runChildren(ParentRunner.java:288)
	at org.junit.runners.ParentRunner.access$000(ParentRunner.java:58)
	at org.junit.runners.ParentRunner$2.evaluate(ParentRunner.java:268)
	at org.junit.runners.ParentRunner.run(ParentRunner.java:363)
	at io.cucumber.junit.CucumberSerenityRunner.runChild(CucumberSerenityRunner.java:234)
	at io.cucumber.junit.CucumberSerenityRunner.runChild(CucumberSerenityRunner.java:57)
	at org.junit.runners.ParentRunner$3.run(ParentRunner.java:290)
	at org.junit.runners.ParentRunner$1.schedule(ParentRunner.java:71)
	at org.junit.runners.ParentRunner.runChildren(ParentRunner.java:288)
	at org.junit.runners.ParentRunner.access$000(ParentRunner.java:58)
	at org.junit.runners.ParentRunner$2.evaluate(ParentRunner.java:268)
	at io.cucumber.junit.CucumberSerenityRunner$RunCucumber.evaluate(CucumberSerenityRunner.java:262)
	at org.junit.runners.ParentRunner.run(ParentRunner.java:363)
	at org.junit.runner.JUnitCore.run(JUnitCore.java:137)
	at org.junit.runner.JUnitCore.run(JUnitCore.java:115)
	at org.junit.vintage.engine.execution.RunnerExecutor.execute(RunnerExecutor.java:40)
	at java.base/java.util.stream.ForEachOps$ForEachOp$OfRef.accept(ForEachOps.java:183)
	at java.base/java.util.stream.ReferencePipeline$3$1.accept(ReferencePipeline.java:195)
	at java.base/java.util.Iterator.forEachRemaining(Iterator.java:133)
	at java.base/java.util.Spliterators$IteratorSpliterator.forEachRemaining(Spliterators.java:1801)
	at java.base/java.util.stream.AbstractPipeline.copyInto(AbstractPipeline.java:484)
	at java.base/java.util.stream.AbstractPipeline.wrapAndCopyInto(AbstractPipeline.java:474)
	at java.base/java.util.stream.ForEachOps$ForEachOp.evaluateSequential(ForEachOps.java:150)
	at java.base/java.util.stream.ForEachOps$ForEachOp$OfRef.evaluateSequential(ForEachOps.java:173)
	at java.base/java.util.stream.AbstractPipeline.evaluate(AbstractPipeline.java:234)
	at java.base/java.util.stream.ReferencePipeline.forEach(ReferencePipeline.java:497)
	at org.junit.vintage.engine.VintageTestEngine.executeAllChildren(VintageTestEngine.java:80)
	at org.junit.vintage.engine.VintageTestEngine.execute(VintageTestEngine.java:71)
	at org.junit.platform.launcher.core.DefaultLauncher.execute(DefaultLauncher.java:229)
	at org.junit.platform.launcher.core.DefaultLauncher.lambda$execute$6(DefaultLauncher.java:197)
	at org.junit.platform.launcher.core.DefaultLauncher.withInterceptedStreams(DefaultLauncher.java:211)
	at org.junit.platform.launcher.core.DefaultLauncher.execute(DefaultLauncher.java:191)
	at org.junit.platform.launcher.core.DefaultLauncher.execute(DefaultLauncher.java:128)
	at org.apache.maven.surefire.junitplatform.JUnitPlatformProvider.execute(JUnitPlatformProvider.java:188)
	at org.apache.maven.surefire.junitplatform.JUnitPlatformProvider.invokeAllTests(JUnitPlatformProvider.java:154)
	at org.apache.maven.surefire.junitplatform.JUnitPlatformProvider.invoke(JUnitPlatformProvider.java:128)
	at org.apache.maven.surefire.booter.ForkedBooter.runSuitesInProcess(ForkedBooter.java:428)
	at org.apache.maven.surefire.booter.ForkedBooter.execute(ForkedBooter.java:162)
	at org.apache.maven.surefire.booter.ForkedBooter.run(ForkedBooter.java:562)
	at org.apache.maven.surefire.booter.ForkedBooter.main(ForkedBooter.java:548)
Caused by: java.lang.reflect.InvocationTargetException
	at java.base/jdk.internal.reflect.NativeConstructorAccessorImpl.newInstance0(Native Method)
	at java.base/jdk.internal.reflect.NativeConstructorAccessorImpl.newInstance(NativeConstructorAccessorImpl.java:62)
	at java.base/jdk.internal.reflect.DelegatingConstructorAccessorImpl.newInstance(DelegatingConstructorAccessorImpl.java:45)
	at java.base/java.lang.reflect.Constructor.newInstance(Constructor.java:490)
	at cucumber.runtime.SerenityObjectFactory.newInstance(SerenityObjectFactory.java:70)
	... 56 more
Caused by: java.lang.IllegalArgumentException: Must supply a not empty locator value.
	at io.appium.java_client.MobileBy.<init>(MobileBy.java:47)
	at io.appium.java_client.MobileBy$ByAccessibilityId.<init>(MobileBy.java:240)
	at io.appium.java_client.MobileBy.AccessibilityId(MobileBy.java:83)
	at sample.mobile.automation@1.0-SNAPSHOT/com.example.app.page.StatusPayPage.<init>(StatusPayPage.java:13)
	at sample.mobile.automation@1.0-SNAPSHOT/com.example.steps.StatusPaySteps.<init>(StatusPaySteps.java:14)
	... 61 more
&amp#27;[0m
  &amp#27;[36mWhen &amp#27;[0m&amp#27;[36mclick button bill&amp#27;[0m    &amp#27;[90m# com.example.steps.StatusPaySteps.clickButtonBill()&amp#27;[0m
  &amp#27;[36mAnd &amp#27;[0m&amp#27;[36mon the Transaksi page&amp#27;[0m &amp#27;[90m# com.example.steps.StatusPaySteps.onTheTransaksiPage()&amp#27;[0m
  &amp#27;[36mThen &amp#27;[0m&amp#27;[36mi see all transaksi&amp#27;[0m  &amp#27;[90m# com.example.steps.StatusPaySteps.iSeeAllTransaksi()&amp#27;[0m
]]></system-out>
    <system-err><![CDATA[[main] INFO io.cucumber.core.plugin.SerenityReporter - Running feature from file:///D:/TIC/Kampus%20Merdeka/Batch%203/Studi%20Independen/Alterra/Capstone/AutoMobile/sample-mobile-automation/src/test/resources/features/math/statusPay.feature
[main] WARN io.cucumber.core.plugin.SerenityReporter - Feature from file:///D:/TIC/Kampus%20Merdeka/Batch%203/Studi%20Independen/Alterra/Capstone/AutoMobile/sample-mobile-automation/src/test/resources/features/math/statusPay.feature is not under the 'features' directory. Requirements report will not be correctly generated!
[main] INFO  - 
 _____ _____ ____ _____   ____ _____  _    ____ _____ _____ ____  
|_   _| ____/ ___|_   _| / ___|_   _|/ \  |  _ \_   _| ____|  _ \ 
  | | |  _| \___ \ | |   \___ \ | | / _ \ | |_) || | |  _| | | | |
  | | | |___ ___) || |    ___) || |/ ___ \|  _ < | | | |___| |_| |
  |_| |_____|____/ |_|   |____/ |_/_/   \_\_| \_\|_| |_____|____/ 

See all Transaksi(bill-page;see-all-transaksi)
-------------------------------------------------------------------
Dec 23, 2022 7:36:45 PM io.appium.java_client.remote.AppiumCommandExecutor$1 lambda$0
INFO: Detected dialect: W3C
[main] ERROR  - 
         __  _____ _____ ____ _____   _____ ____  ____   ___  ____  
 _      / / |_   _| ____/ ___|_   _| | ____|  _ \|  _ \ / _ \|  _ \ 
(_)____| |    | | |  _| \___ \ | |   |  _| | |_) | |_) | | | | |_) |
 |_____| |    | | | |___ ___) || |   | |___|  _ <|  _ <| |_| |  _ < 
(_)    | |    |_| |_____|____/ |_|   |_____|_| \_\_| \_\\___/|_| \_\
        \_\                                                         

See all Transaksi
---------------------------------------------------------------------
[main] ERROR  -     Test failed at step: Given i haved login
[main] ERROR  -     
]]></system-err>
  </testcase>
  <testcase name="See transaksi status Gagal" classname="Bill page" time="31.668">
    <error type="io.cucumber.core.exception.CucumberException"><![CDATA[io.cucumber.core.exception.CucumberException: Failed to instantiate class com.example.steps.StatusPaySteps - this class doesn't have an empty or a page enabled constructor"
Caused by: java.lang.reflect.InvocationTargetException
Caused by: java.lang.IllegalArgumentException: Must supply a not empty locator value.
]]></error>
    <system-out><![CDATA[
@aksesInvoice
Scenario: See transaksi status Gagal &amp#27;[90m# src/test/resources/features/math/statusPay.feature:13&amp#27;[0m
  &amp#27;[31mGiven &amp#27;[0m&amp#27;[31mi haved login&amp#27;[0m                &amp#27;[90m# com.example.steps.StatusPaySteps.iHavedLogin()&amp#27;[0m
      &amp#27;[31mio.cucumber.core.exception.CucumberException: Failed to instantiate class com.example.steps.StatusPaySteps - this class doesn't have an empty or a page enabled constructor"
	at cucumber.runtime.SerenityObjectFactory.newInstance(SerenityObjectFactory.java:73)
	at cucumber.runtime.SerenityObjectFactory.cacheNewInstance(SerenityObjectFactory.java:58)
	at cucumber.runtime.SerenityObjectFactory.getInstance(SerenityObjectFactory.java:48)
	at io.cucumber.java.AbstractGlueDefinition.invokeMethod(AbstractGlueDefinition.java:47)
	at io.cucumber.java.JavaStepDefinition.execute(JavaStepDefinition.java:29)
	at io.cucumber.core.runner.CoreStepDefinition.execute(CoreStepDefinition.java:66)
	at io.cucumber.core.runner.PickleStepDefinitionMatch.runStep(PickleStepDefinitionMatch.java:63)
	at io.cucumber.core.runner.TestStep.executeStep(TestStep.java:92)
	at io.cucumber.core.runner.TestStep.run(TestStep.java:63)
	at io.cucumber.core.runner.PickleStepTestStep.run(PickleStepTestStep.java:49)
	at io.cucumber.core.runner.TestCase.run(TestCase.java:99)
	at io.cucumber.core.runner.Runner.runPickle(Runner.java:71)
	at io.cucumber.junit.PickleRunners$NoStepDescriptions.run(PickleRunners.java:151)
	at io.cucumber.junit.FeatureRunner.runChild(FeatureRunner.java:135)
	at io.cucumber.junit.FeatureRunner.runChild(FeatureRunner.java:27)
	at org.junit.runners.ParentRunner$3.run(ParentRunner.java:290)
	at org.junit.runners.ParentRunner$1.schedule(ParentRunner.java:71)
	at org.junit.runners.ParentRunner.runChildren(ParentRunner.java:288)
	at org.junit.runners.ParentRunner.access$000(ParentRunner.java:58)
	at org.junit.runners.ParentRunner$2.evaluate(ParentRunner.java:268)
	at org.junit.runners.ParentRunner.run(ParentRunner.java:363)
	at io.cucumber.junit.CucumberSerenityRunner.runChild(CucumberSerenityRunner.java:234)
	at io.cucumber.junit.CucumberSerenityRunner.runChild(CucumberSerenityRunner.java:57)
	at org.junit.runners.ParentRunner$3.run(ParentRunner.java:290)
	at org.junit.runners.ParentRunner$1.schedule(ParentRunner.java:71)
	at org.junit.runners.ParentRunner.runChildren(ParentRunner.java:288)
	at org.junit.runners.ParentRunner.access$000(ParentRunner.java:58)
	at org.junit.runners.ParentRunner$2.evaluate(ParentRunner.java:268)
	at io.cucumber.junit.CucumberSerenityRunner$RunCucumber.evaluate(CucumberSerenityRunner.java:262)
	at org.junit.runners.ParentRunner.run(ParentRunner.java:363)
	at org.junit.runner.JUnitCore.run(JUnitCore.java:137)
	at org.junit.runner.JUnitCore.run(JUnitCore.java:115)
	at org.junit.vintage.engine.execution.RunnerExecutor.execute(RunnerExecutor.java:40)
	at java.base/java.util.stream.ForEachOps$ForEachOp$OfRef.accept(ForEachOps.java:183)
	at java.base/java.util.stream.ReferencePipeline$3$1.accept(ReferencePipeline.java:195)
	at java.base/java.util.Iterator.forEachRemaining(Iterator.java:133)
	at java.base/java.util.Spliterators$IteratorSpliterator.forEachRemaining(Spliterators.java:1801)
	at java.base/java.util.stream.AbstractPipeline.copyInto(AbstractPipeline.java:484)
	at java.base/java.util.stream.AbstractPipeline.wrapAndCopyInto(AbstractPipeline.java:474)
	at java.base/java.util.stream.ForEachOps$ForEachOp.evaluateSequential(ForEachOps.java:150)
	at java.base/java.util.stream.ForEachOps$ForEachOp$OfRef.evaluateSequential(ForEachOps.java:173)
	at java.base/java.util.stream.AbstractPipeline.evaluate(AbstractPipeline.java:234)
	at java.base/java.util.stream.ReferencePipeline.forEach(ReferencePipeline.java:497)
	at org.junit.vintage.engine.VintageTestEngine.executeAllChildren(VintageTestEngine.java:80)
	at org.junit.vintage.engine.VintageTestEngine.execute(VintageTestEngine.java:71)
	at org.junit.platform.launcher.core.DefaultLauncher.execute(DefaultLauncher.java:229)
	at org.junit.platform.launcher.core.DefaultLauncher.lambda$execute$6(DefaultLauncher.java:197)
	at org.junit.platform.launcher.core.DefaultLauncher.withInterceptedStreams(DefaultLauncher.java:211)
	at org.junit.platform.launcher.core.DefaultLauncher.execute(DefaultLauncher.java:191)
	at org.junit.platform.launcher.core.DefaultLauncher.execute(DefaultLauncher.java:128)
	at org.apache.maven.surefire.junitplatform.JUnitPlatformProvider.execute(JUnitPlatformProvider.java:188)
	at org.apache.maven.surefire.junitplatform.JUnitPlatformProvider.invokeAllTests(JUnitPlatformProvider.java:154)
	at org.apache.maven.surefire.junitplatform.JUnitPlatformProvider.invoke(JUnitPlatformProvider.java:128)
	at org.apache.maven.surefire.booter.ForkedBooter.runSuitesInProcess(ForkedBooter.java:428)
	at org.apache.maven.surefire.booter.ForkedBooter.execute(ForkedBooter.java:162)
	at org.apache.maven.surefire.booter.ForkedBooter.run(ForkedBooter.java:562)
	at org.apache.maven.surefire.booter.ForkedBooter.main(ForkedBooter.java:548)
Caused by: java.lang.reflect.InvocationTargetException
	at java.base/jdk.internal.reflect.NativeConstructorAccessorImpl.newInstance0(Native Method)
	at java.base/jdk.internal.reflect.NativeConstructorAccessorImpl.newInstance(NativeConstructorAccessorImpl.java:62)
	at java.base/jdk.internal.reflect.DelegatingConstructorAccessorImpl.newInstance(DelegatingConstructorAccessorImpl.java:45)
	at java.base/java.lang.reflect.Constructor.newInstance(Constructor.java:490)
	at cucumber.runtime.SerenityObjectFactory.newInstance(SerenityObjectFactory.java:70)
	... 56 more
Caused by: java.lang.IllegalArgumentException: Must supply a not empty locator value.
	at io.appium.java_client.MobileBy.<init>(MobileBy.java:47)
	at io.appium.java_client.MobileBy$ByAccessibilityId.<init>(MobileBy.java:240)
	at io.appium.java_client.MobileBy.AccessibilityId(MobileBy.java:83)
	at sample.mobile.automation@1.0-SNAPSHOT/com.example.app.page.StatusPayPage.<init>(StatusPayPage.java:13)
	at sample.mobile.automation@1.0-SNAPSHOT/com.example.steps.StatusPaySteps.<init>(StatusPaySteps.java:14)
	... 61 more
&amp#27;[0m
  &amp#27;[36mWhen &amp#27;[0m&amp#27;[36mclick button bill&amp#27;[0m             &amp#27;[90m# com.example.steps.StatusPaySteps.clickButtonBill()&amp#27;[0m
  &amp#27;[36mAnd &amp#27;[0m&amp#27;[36mon the Transaksi page&amp#27;[0m          &amp#27;[90m# com.example.steps.StatusPaySteps.onTheTransaksiPage()&amp#27;[0m
  &amp#27;[36mAnd &amp#27;[0m&amp#27;[36mfiltered status Gagal&amp#27;[0m          &amp#27;[90m# com.example.steps.StatusPaySteps.filteredStatusGagal()&amp#27;[0m
  &amp#27;[36mThen &amp#27;[0m&amp#27;[36msee status Gagal&amp#27;[0m              &amp#27;[90m# com.example.steps.StatusPaySteps.seeStatusGagal()&amp#27;[0m
]]></system-out>
    <system-err><![CDATA[[main] INFO io.cucumber.core.plugin.SerenityReporter - Running feature from file:///D:/TIC/Kampus%20Merdeka/Batch%203/Studi%20Independen/Alterra/Capstone/AutoMobile/sample-mobile-automation/src/test/resources/features/math/statusPay.feature
[main] WARN io.cucumber.core.plugin.SerenityReporter - Feature from file:///D:/TIC/Kampus%20Merdeka/Batch%203/Studi%20Independen/Alterra/Capstone/AutoMobile/sample-mobile-automation/src/test/resources/features/math/statusPay.feature is not under the 'features' directory. Requirements report will not be correctly generated!
[main] INFO  - 
 _____ _____ ____ _____   ____ _____  _    ____ _____ _____ ____  
|_   _| ____/ ___|_   _| / ___|_   _|/ \  |  _ \_   _| ____|  _ \ 
  | | |  _| \___ \ | |   \___ \ | | / _ \ | |_) || | |  _| | | | |
  | | | |___ ___) || |    ___) || |/ ___ \|  _ < | | | |___| |_| |
  |_| |_____|____/ |_|   |____/ |_/_/   \_\_| \_\|_| |_____|____/ 

See transaksi status Gagal(bill-page;see-transaksi-status-gagal)
-------------------------------------------------------------------
Dec 23, 2022 7:37:17 PM io.appium.java_client.remote.AppiumCommandExecutor$1 lambda$0
INFO: Detected dialect: W3C
[main] ERROR  - 
         __  _____ _____ ____ _____   _____ ____  ____   ___  ____  
 _      / / |_   _| ____/ ___|_   _| | ____|  _ \|  _ \ / _ \|  _ \ 
(_)____| |    | | |  _| \___ \ | |   |  _| | |_) | |_) | | | | |_) |
 |_____| |    | | | |___ ___) || |   | |___|  _ <|  _ <| |_| |  _ < 
(_)    | |    |_| |_____|____/ |_|   |_____|_| \_\_| \_\\___/|_| \_\
        \_\                                                         

See transaksi status Gagal
---------------------------------------------------------------------
[main] ERROR  -     Test failed at step: Given i haved login
[main] ERROR  -     
]]></system-err>
  </testcase>
  <testcase name="See transaksi status Dalam Proses" classname="Bill page" time="30.736">
    <error type="io.cucumber.core.exception.CucumberException"><![CDATA[io.cucumber.core.exception.CucumberException: Failed to instantiate class com.example.steps.StatusPaySteps - this class doesn't have an empty or a page enabled constructor"
Caused by: java.lang.reflect.InvocationTargetException
Caused by: java.lang.IllegalArgumentException: Must supply a not empty locator value.
]]></error>
    <system-out><![CDATA[
@aksesInvoice
Scenario: See transaksi status Dalam Proses &amp#27;[90m# src/test/resources/features/math/statusPay.feature:20&amp#27;[0m
  &amp#27;[31mGiven &amp#27;[0m&amp#27;[31mi haved login&amp#27;[0m                       &amp#27;[90m# com.example.steps.StatusPaySteps.iHavedLogin()&amp#27;[0m
      &amp#27;[31mio.cucumber.core.exception.CucumberException: Failed to instantiate class com.example.steps.StatusPaySteps - this class doesn't have an empty or a page enabled constructor"
	at cucumber.runtime.SerenityObjectFactory.newInstance(SerenityObjectFactory.java:73)
	at cucumber.runtime.SerenityObjectFactory.cacheNewInstance(SerenityObjectFactory.java:58)
	at cucumber.runtime.SerenityObjectFactory.getInstance(SerenityObjectFactory.java:48)
	at io.cucumber.java.AbstractGlueDefinition.invokeMethod(AbstractGlueDefinition.java:47)
	at io.cucumber.java.JavaStepDefinition.execute(JavaStepDefinition.java:29)
	at io.cucumber.core.runner.CoreStepDefinition.execute(CoreStepDefinition.java:66)
	at io.cucumber.core.runner.PickleStepDefinitionMatch.runStep(PickleStepDefinitionMatch.java:63)
	at io.cucumber.core.runner.TestStep.executeStep(TestStep.java:92)
	at io.cucumber.core.runner.TestStep.run(TestStep.java:63)
	at io.cucumber.core.runner.PickleStepTestStep.run(PickleStepTestStep.java:49)
	at io.cucumber.core.runner.TestCase.run(TestCase.java:99)
	at io.cucumber.core.runner.Runner.runPickle(Runner.java:71)
	at io.cucumber.junit.PickleRunners$NoStepDescriptions.run(PickleRunners.java:151)
	at io.cucumber.junit.FeatureRunner.runChild(FeatureRunner.java:135)
	at io.cucumber.junit.FeatureRunner.runChild(FeatureRunner.java:27)
	at org.junit.runners.ParentRunner$3.run(ParentRunner.java:290)
	at org.junit.runners.ParentRunner$1.schedule(ParentRunner.java:71)
	at org.junit.runners.ParentRunner.runChildren(ParentRunner.java:288)
	at org.junit.runners.ParentRunner.access$000(ParentRunner.java:58)
	at org.junit.runners.ParentRunner$2.evaluate(ParentRunner.java:268)
	at org.junit.runners.ParentRunner.run(ParentRunner.java:363)
	at io.cucumber.junit.CucumberSerenityRunner.runChild(CucumberSerenityRunner.java:234)
	at io.cucumber.junit.CucumberSerenityRunner.runChild(CucumberSerenityRunner.java:57)
	at org.junit.runners.ParentRunner$3.run(ParentRunner.java:290)
	at org.junit.runners.ParentRunner$1.schedule(ParentRunner.java:71)
	at org.junit.runners.ParentRunner.runChildren(ParentRunner.java:288)
	at org.junit.runners.ParentRunner.access$000(ParentRunner.java:58)
	at org.junit.runners.ParentRunner$2.evaluate(ParentRunner.java:268)
	at io.cucumber.junit.CucumberSerenityRunner$RunCucumber.evaluate(CucumberSerenityRunner.java:262)
	at org.junit.runners.ParentRunner.run(ParentRunner.java:363)
	at org.junit.runner.JUnitCore.run(JUnitCore.java:137)
	at org.junit.runner.JUnitCore.run(JUnitCore.java:115)
	at org.junit.vintage.engine.execution.RunnerExecutor.execute(RunnerExecutor.java:40)
	at java.base/java.util.stream.ForEachOps$ForEachOp$OfRef.accept(ForEachOps.java:183)
	at java.base/java.util.stream.ReferencePipeline$3$1.accept(ReferencePipeline.java:195)
	at java.base/java.util.Iterator.forEachRemaining(Iterator.java:133)
	at java.base/java.util.Spliterators$IteratorSpliterator.forEachRemaining(Spliterators.java:1801)
	at java.base/java.util.stream.AbstractPipeline.copyInto(AbstractPipeline.java:484)
	at java.base/java.util.stream.AbstractPipeline.wrapAndCopyInto(AbstractPipeline.java:474)
	at java.base/java.util.stream.ForEachOps$ForEachOp.evaluateSequential(ForEachOps.java:150)
	at java.base/java.util.stream.ForEachOps$ForEachOp$OfRef.evaluateSequential(ForEachOps.java:173)
	at java.base/java.util.stream.AbstractPipeline.evaluate(AbstractPipeline.java:234)
	at java.base/java.util.stream.ReferencePipeline.forEach(ReferencePipeline.java:497)
	at org.junit.vintage.engine.VintageTestEngine.executeAllChildren(VintageTestEngine.java:80)
	at org.junit.vintage.engine.VintageTestEngine.execute(VintageTestEngine.java:71)
	at org.junit.platform.launcher.core.DefaultLauncher.execute(DefaultLauncher.java:229)
	at org.junit.platform.launcher.core.DefaultLauncher.lambda$execute$6(DefaultLauncher.java:197)
	at org.junit.platform.launcher.core.DefaultLauncher.withInterceptedStreams(DefaultLauncher.java:211)
	at org.junit.platform.launcher.core.DefaultLauncher.execute(DefaultLauncher.java:191)
	at org.junit.platform.launcher.core.DefaultLauncher.execute(DefaultLauncher.java:128)
	at org.apache.maven.surefire.junitplatform.JUnitPlatformProvider.execute(JUnitPlatformProvider.java:188)
	at org.apache.maven.surefire.junitplatform.JUnitPlatformProvider.invokeAllTests(JUnitPlatformProvider.java:154)
	at org.apache.maven.surefire.junitplatform.JUnitPlatformProvider.invoke(JUnitPlatformProvider.java:128)
	at org.apache.maven.surefire.booter.ForkedBooter.runSuitesInProcess(ForkedBooter.java:428)
	at org.apache.maven.surefire.booter.ForkedBooter.execute(ForkedBooter.java:162)
	at org.apache.maven.surefire.booter.ForkedBooter.run(ForkedBooter.java:562)
	at org.apache.maven.surefire.booter.ForkedBooter.main(ForkedBooter.java:548)
Caused by: java.lang.reflect.InvocationTargetException
	at java.base/jdk.internal.reflect.NativeConstructorAccessorImpl.newInstance0(Native Method)
	at java.base/jdk.internal.reflect.NativeConstructorAccessorImpl.newInstance(NativeConstructorAccessorImpl.java:62)
	at java.base/jdk.internal.reflect.DelegatingConstructorAccessorImpl.newInstance(DelegatingConstructorAccessorImpl.java:45)
	at java.base/java.lang.reflect.Constructor.newInstance(Constructor.java:490)
	at cucumber.runtime.SerenityObjectFactory.newInstance(SerenityObjectFactory.java:70)
	... 56 more
Caused by: java.lang.IllegalArgumentException: Must supply a not empty locator value.
	at io.appium.java_client.MobileBy.<init>(MobileBy.java:47)
	at io.appium.java_client.MobileBy$ByAccessibilityId.<init>(MobileBy.java:240)
	at io.appium.java_client.MobileBy.AccessibilityId(MobileBy.java:83)
	at sample.mobile.automation@1.0-SNAPSHOT/com.example.app.page.StatusPayPage.<init>(StatusPayPage.java:13)
	at sample.mobile.automation@1.0-SNAPSHOT/com.example.steps.StatusPaySteps.<init>(StatusPaySteps.java:14)
	... 61 more
&amp#27;[0m
  &amp#27;[36mWhen &amp#27;[0m&amp#27;[36mclick button bill&amp#27;[0m                    &amp#27;[90m# com.example.steps.StatusPaySteps.clickButtonBill()&amp#27;[0m
  &amp#27;[36mAnd &amp#27;[0m&amp#27;[36mon the Transaksi page&amp#27;[0m                 &amp#27;[90m# com.example.steps.StatusPaySteps.onTheTransaksiPage()&amp#27;[0m
  &amp#27;[36mAnd &amp#27;[0m&amp#27;[36mfiltered status Dalam Proses&amp#27;[0m          &amp#27;[90m# com.example.steps.StatusPaySteps.filteredStatusDalamProses()&amp#27;[0m
  &amp#27;[36mThen &amp#27;[0m&amp#27;[36msee status Dalam Proses&amp#27;[0m              &amp#27;[90m# com.example.steps.StatusPaySteps.seeStatusDalamProses()&amp#27;[0m
]]></system-out>
    <system-err><![CDATA[[main] INFO io.cucumber.core.plugin.SerenityReporter - Running feature from file:///D:/TIC/Kampus%20Merdeka/Batch%203/Studi%20Independen/Alterra/Capstone/AutoMobile/sample-mobile-automation/src/test/resources/features/math/statusPay.feature
[main] WARN io.cucumber.core.plugin.SerenityReporter - Feature from file:///D:/TIC/Kampus%20Merdeka/Batch%203/Studi%20Independen/Alterra/Capstone/AutoMobile/sample-mobile-automation/src/test/resources/features/math/statusPay.feature is not under the 'features' directory. Requirements report will not be correctly generated!
[main] INFO  - 
 _____ _____ ____ _____   ____ _____  _    ____ _____ _____ ____  
|_   _| ____/ ___|_   _| / ___|_   _|/ \  |  _ \_   _| ____|  _ \ 
  | | |  _| \___ \ | |   \___ \ | | / _ \ | |_) || | |  _| | | | |
  | | | |___ ___) || |    ___) || |/ ___ \|  _ < | | | |___| |_| |
  |_| |_____|____/ |_|   |____/ |_/_/   \_\_| \_\|_| |_____|____/ 

See transaksi status Dalam Proses(bill-page;see-transaksi-status-dalam-proses)
-------------------------------------------------------------------
Dec 23, 2022 7:37:48 PM io.appium.java_client.remote.AppiumCommandExecutor$1 lambda$0
INFO: Detected dialect: W3C
[main] ERROR  - 
         __  _____ _____ ____ _____   _____ ____  ____   ___  ____  
 _      / / |_   _| ____/ ___|_   _| | ____|  _ \|  _ \ / _ \|  _ \ 
(_)____| |    | | |  _| \___ \ | |   |  _| | |_) | |_) | | | | |_) |
 |_____| |    | | | |___ ___) || |   | |___|  _ <|  _ <| |_| |  _ < 
(_)    | |    |_| |_____|____/ |_|   |_____|_| \_\_| \_\\___/|_| \_\
        \_\                                                         

See transaksi status Dalam Proses
---------------------------------------------------------------------
[main] ERROR  -     Test failed at step: Given i haved login
[main] ERROR  -     
]]></system-err>
  </testcase>
  <testcase name="See transaksi status Menunggu Konfirmasi" classname="Bill page" time="26.345">
    <error type="io.cucumber.core.exception.CucumberException"><![CDATA[io.cucumber.core.exception.CucumberException: Failed to instantiate class com.example.steps.StatusPaySteps - this class doesn't have an empty or a page enabled constructor"
Caused by: java.lang.reflect.InvocationTargetException
Caused by: java.lang.IllegalArgumentException: Must supply a not empty locator value.
]]></error>
    <system-out><![CDATA[
@aksesInvoice
Scenario: See transaksi status Menunggu Konfirmasi &amp#27;[90m# src/test/resources/features/math/statusPay.feature:27&amp#27;[0m
  &amp#27;[31mGiven &amp#27;[0m&amp#27;[31mi haved login&amp#27;[0m                              &amp#27;[90m# com.example.steps.StatusPaySteps.iHavedLogin()&amp#27;[0m
      &amp#27;[31mio.cucumber.core.exception.CucumberException: Failed to instantiate class com.example.steps.StatusPaySteps - this class doesn't have an empty or a page enabled constructor"
	at cucumber.runtime.SerenityObjectFactory.newInstance(SerenityObjectFactory.java:73)
	at cucumber.runtime.SerenityObjectFactory.cacheNewInstance(SerenityObjectFactory.java:58)
	at cucumber.runtime.SerenityObjectFactory.getInstance(SerenityObjectFactory.java:48)
	at io.cucumber.java.AbstractGlueDefinition.invokeMethod(AbstractGlueDefinition.java:47)
	at io.cucumber.java.JavaStepDefinition.execute(JavaStepDefinition.java:29)
	at io.cucumber.core.runner.CoreStepDefinition.execute(CoreStepDefinition.java:66)
	at io.cucumber.core.runner.PickleStepDefinitionMatch.runStep(PickleStepDefinitionMatch.java:63)
	at io.cucumber.core.runner.TestStep.executeStep(TestStep.java:92)
	at io.cucumber.core.runner.TestStep.run(TestStep.java:63)
	at io.cucumber.core.runner.PickleStepTestStep.run(PickleStepTestStep.java:49)
	at io.cucumber.core.runner.TestCase.run(TestCase.java:99)
	at io.cucumber.core.runner.Runner.runPickle(Runner.java:71)
	at io.cucumber.junit.PickleRunners$NoStepDescriptions.run(PickleRunners.java:151)
	at io.cucumber.junit.FeatureRunner.runChild(FeatureRunner.java:135)
	at io.cucumber.junit.FeatureRunner.runChild(FeatureRunner.java:27)
	at org.junit.runners.ParentRunner$3.run(ParentRunner.java:290)
	at org.junit.runners.ParentRunner$1.schedule(ParentRunner.java:71)
	at org.junit.runners.ParentRunner.runChildren(ParentRunner.java:288)
	at org.junit.runners.ParentRunner.access$000(ParentRunner.java:58)
	at org.junit.runners.ParentRunner$2.evaluate(ParentRunner.java:268)
	at org.junit.runners.ParentRunner.run(ParentRunner.java:363)
	at io.cucumber.junit.CucumberSerenityRunner.runChild(CucumberSerenityRunner.java:234)
	at io.cucumber.junit.CucumberSerenityRunner.runChild(CucumberSerenityRunner.java:57)
	at org.junit.runners.ParentRunner$3.run(ParentRunner.java:290)
	at org.junit.runners.ParentRunner$1.schedule(ParentRunner.java:71)
	at org.junit.runners.ParentRunner.runChildren(ParentRunner.java:288)
	at org.junit.runners.ParentRunner.access$000(ParentRunner.java:58)
	at org.junit.runners.ParentRunner$2.evaluate(ParentRunner.java:268)
	at io.cucumber.junit.CucumberSerenityRunner$RunCucumber.evaluate(CucumberSerenityRunner.java:262)
	at org.junit.runners.ParentRunner.run(ParentRunner.java:363)
	at org.junit.runner.JUnitCore.run(JUnitCore.java:137)
	at org.junit.runner.JUnitCore.run(JUnitCore.java:115)
	at org.junit.vintage.engine.execution.RunnerExecutor.execute(RunnerExecutor.java:40)
	at java.base/java.util.stream.ForEachOps$ForEachOp$OfRef.accept(ForEachOps.java:183)
	at java.base/java.util.stream.ReferencePipeline$3$1.accept(ReferencePipeline.java:195)
	at java.base/java.util.Iterator.forEachRemaining(Iterator.java:133)
	at java.base/java.util.Spliterators$IteratorSpliterator.forEachRemaining(Spliterators.java:1801)
	at java.base/java.util.stream.AbstractPipeline.copyInto(AbstractPipeline.java:484)
	at java.base/java.util.stream.AbstractPipeline.wrapAndCopyInto(AbstractPipeline.java:474)
	at java.base/java.util.stream.ForEachOps$ForEachOp.evaluateSequential(ForEachOps.java:150)
	at java.base/java.util.stream.ForEachOps$ForEachOp$OfRef.evaluateSequential(ForEachOps.java:173)
	at java.base/java.util.stream.AbstractPipeline.evaluate(AbstractPipeline.java:234)
	at java.base/java.util.stream.ReferencePipeline.forEach(ReferencePipeline.java:497)
	at org.junit.vintage.engine.VintageTestEngine.executeAllChildren(VintageTestEngine.java:80)
	at org.junit.vintage.engine.VintageTestEngine.execute(VintageTestEngine.java:71)
	at org.junit.platform.launcher.core.DefaultLauncher.execute(DefaultLauncher.java:229)
	at org.junit.platform.launcher.core.DefaultLauncher.lambda$execute$6(DefaultLauncher.java:197)
	at org.junit.platform.launcher.core.DefaultLauncher.withInterceptedStreams(DefaultLauncher.java:211)
	at org.junit.platform.launcher.core.DefaultLauncher.execute(DefaultLauncher.java:191)
	at org.junit.platform.launcher.core.DefaultLauncher.execute(DefaultLauncher.java:128)
	at org.apache.maven.surefire.junitplatform.JUnitPlatformProvider.execute(JUnitPlatformProvider.java:188)
	at org.apache.maven.surefire.junitplatform.JUnitPlatformProvider.invokeAllTests(JUnitPlatformProvider.java:154)
	at org.apache.maven.surefire.junitplatform.JUnitPlatformProvider.invoke(JUnitPlatformProvider.java:128)
	at org.apache.maven.surefire.booter.ForkedBooter.runSuitesInProcess(ForkedBooter.java:428)
	at org.apache.maven.surefire.booter.ForkedBooter.execute(ForkedBooter.java:162)
	at org.apache.maven.surefire.booter.ForkedBooter.run(ForkedBooter.java:562)
	at org.apache.maven.surefire.booter.ForkedBooter.main(ForkedBooter.java:548)
Caused by: java.lang.reflect.InvocationTargetException
	at java.base/jdk.internal.reflect.NativeConstructorAccessorImpl.newInstance0(Native Method)
	at java.base/jdk.internal.reflect.NativeConstructorAccessorImpl.newInstance(NativeConstructorAccessorImpl.java:62)
	at java.base/jdk.internal.reflect.DelegatingConstructorAccessorImpl.newInstance(DelegatingConstructorAccessorImpl.java:45)
	at java.base/java.lang.reflect.Constructor.newInstance(Constructor.java:490)
	at cucumber.runtime.SerenityObjectFactory.newInstance(SerenityObjectFactory.java:70)
	... 56 more
Caused by: java.lang.IllegalArgumentException: Must supply a not empty locator value.
	at io.appium.java_client.MobileBy.<init>(MobileBy.java:47)
	at io.appium.java_client.MobileBy$ByAccessibilityId.<init>(MobileBy.java:240)
	at io.appium.java_client.MobileBy.AccessibilityId(MobileBy.java:83)
	at sample.mobile.automation@1.0-SNAPSHOT/com.example.app.page.StatusPayPage.<init>(StatusPayPage.java:13)
	at sample.mobile.automation@1.0-SNAPSHOT/com.example.steps.StatusPaySteps.<init>(StatusPaySteps.java:14)
	... 61 more
&amp#27;[0m
  &amp#27;[36mWhen &amp#27;[0m&amp#27;[36mclick button bill&amp#27;[0m                           &amp#27;[90m# com.example.steps.StatusPaySteps.clickButtonBill()&amp#27;[0m
  &amp#27;[36mAnd &amp#27;[0m&amp#27;[36mon the Transaksi page&amp#27;[0m                        &amp#27;[90m# com.example.steps.StatusPaySteps.onTheTransaksiPage()&amp#27;[0m
  &amp#27;[36mAnd &amp#27;[0m&amp#27;[36mfiltered status Menunggu Konfirmasi&amp#27;[0m          &amp#27;[90m# com.example.steps.StatusPaySteps.filteredStatusMenungguKonfirmasi()&amp#27;[0m
  &amp#27;[36mThen &amp#27;[0m&amp#27;[36msee status Menunggu Konfirmasi&amp#27;[0m              &amp#27;[90m# com.example.steps.StatusPaySteps.seeStatusMenungguKonfirmasi()&amp#27;[0m
]]></system-out>
    <system-err><![CDATA[[main] INFO io.cucumber.core.plugin.SerenityReporter - Running feature from file:///D:/TIC/Kampus%20Merdeka/Batch%203/Studi%20Independen/Alterra/Capstone/AutoMobile/sample-mobile-automation/src/test/resources/features/math/statusPay.feature
[main] WARN io.cucumber.core.plugin.SerenityReporter - Feature from file:///D:/TIC/Kampus%20Merdeka/Batch%203/Studi%20Independen/Alterra/Capstone/AutoMobile/sample-mobile-automation/src/test/resources/features/math/statusPay.feature is not under the 'features' directory. Requirements report will not be correctly generated!
[main] INFO  - 
 _____ _____ ____ _____   ____ _____  _    ____ _____ _____ ____  
|_   _| ____/ ___|_   _| / ___|_   _|/ \  |  _ \_   _| ____|  _ \ 
  | | |  _| \___ \ | |   \___ \ | | / _ \ | |_) || | |  _| | | | |
  | | | |___ ___) || |    ___) || |/ ___ \|  _ < | | | |___| |_| |
  |_| |_____|____/ |_|   |____/ |_/_/   \_\_| \_\|_| |_____|____/ 

See transaksi status Menunggu Konfirmasi(bill-page;see-transaksi-status-menunggu-konfirmasi)
-------------------------------------------------------------------
Dec 23, 2022 7:38:15 PM io.appium.java_client.remote.AppiumCommandExecutor$1 lambda$0
INFO: Detected dialect: W3C
[main] ERROR  - 
         __  _____ _____ ____ _____   _____ ____  ____   ___  ____  
 _      / / |_   _| ____/ ___|_   _| | ____|  _ \|  _ \ / _ \|  _ \ 
(_)____| |    | | |  _| \___ \ | |   |  _| | |_) | |_) | | | | |_) |
 |_____| |    | | | |___ ___) || |   | |___|  _ <|  _ <| |_| |  _ < 
(_)    | |    |_| |_____|____/ |_|   |_____|_| \_\_| \_\\___/|_| \_\
        \_\                                                         

See transaksi status Menunggu Konfirmasi
---------------------------------------------------------------------
[main] ERROR  -     Test failed at step: Given i haved login
[main] ERROR  -     
]]></system-err>
  </testcase>
  <testcase name="See all Selesai" classname="Bill page" time="28.126">
    <error type="io.cucumber.core.exception.CucumberException"><![CDATA[io.cucumber.core.exception.CucumberException: Failed to instantiate class com.example.steps.StatusPaySteps - this class doesn't have an empty or a page enabled constructor"
Caused by: java.lang.reflect.InvocationTargetException
Caused by: java.lang.IllegalArgumentException: Must supply a not empty locator value.
]]></error>
    <system-out><![CDATA[
@aksesInvoice
Scenario: See all Selesai         &amp#27;[90m# src/test/resources/features/math/statusPay.feature:34&amp#27;[0m
  &amp#27;[31mGiven &amp#27;[0m&amp#27;[31mi haved login&amp#27;[0m             &amp#27;[90m# com.example.steps.StatusPaySteps.iHavedLogin()&amp#27;[0m
      &amp#27;[31mio.cucumber.core.exception.CucumberException: Failed to instantiate class com.example.steps.StatusPaySteps - this class doesn't have an empty or a page enabled constructor"
	at cucumber.runtime.SerenityObjectFactory.newInstance(SerenityObjectFactory.java:73)
	at cucumber.runtime.SerenityObjectFactory.cacheNewInstance(SerenityObjectFactory.java:58)
	at cucumber.runtime.SerenityObjectFactory.getInstance(SerenityObjectFactory.java:48)
	at io.cucumber.java.AbstractGlueDefinition.invokeMethod(AbstractGlueDefinition.java:47)
	at io.cucumber.java.JavaStepDefinition.execute(JavaStepDefinition.java:29)
	at io.cucumber.core.runner.CoreStepDefinition.execute(CoreStepDefinition.java:66)
	at io.cucumber.core.runner.PickleStepDefinitionMatch.runStep(PickleStepDefinitionMatch.java:63)
	at io.cucumber.core.runner.TestStep.executeStep(TestStep.java:92)
	at io.cucumber.core.runner.TestStep.run(TestStep.java:63)
	at io.cucumber.core.runner.PickleStepTestStep.run(PickleStepTestStep.java:49)
	at io.cucumber.core.runner.TestCase.run(TestCase.java:99)
	at io.cucumber.core.runner.Runner.runPickle(Runner.java:71)
	at io.cucumber.junit.PickleRunners$NoStepDescriptions.run(PickleRunners.java:151)
	at io.cucumber.junit.FeatureRunner.runChild(FeatureRunner.java:135)
	at io.cucumber.junit.FeatureRunner.runChild(FeatureRunner.java:27)
	at org.junit.runners.ParentRunner$3.run(ParentRunner.java:290)
	at org.junit.runners.ParentRunner$1.schedule(ParentRunner.java:71)
	at org.junit.runners.ParentRunner.runChildren(ParentRunner.java:288)
	at org.junit.runners.ParentRunner.access$000(ParentRunner.java:58)
	at org.junit.runners.ParentRunner$2.evaluate(ParentRunner.java:268)
	at org.junit.runners.ParentRunner.run(ParentRunner.java:363)
	at io.cucumber.junit.CucumberSerenityRunner.runChild(CucumberSerenityRunner.java:234)
	at io.cucumber.junit.CucumberSerenityRunner.runChild(CucumberSerenityRunner.java:57)
	at org.junit.runners.ParentRunner$3.run(ParentRunner.java:290)
	at org.junit.runners.ParentRunner$1.schedule(ParentRunner.java:71)
	at org.junit.runners.ParentRunner.runChildren(ParentRunner.java:288)
	at org.junit.runners.ParentRunner.access$000(ParentRunner.java:58)
	at org.junit.runners.ParentRunner$2.evaluate(ParentRunner.java:268)
	at io.cucumber.junit.CucumberSerenityRunner$RunCucumber.evaluate(CucumberSerenityRunner.java:262)
	at org.junit.runners.ParentRunner.run(ParentRunner.java:363)
	at org.junit.runner.JUnitCore.run(JUnitCore.java:137)
	at org.junit.runner.JUnitCore.run(JUnitCore.java:115)
	at org.junit.vintage.engine.execution.RunnerExecutor.execute(RunnerExecutor.java:40)
	at java.base/java.util.stream.ForEachOps$ForEachOp$OfRef.accept(ForEachOps.java:183)
	at java.base/java.util.stream.ReferencePipeline$3$1.accept(ReferencePipeline.java:195)
	at java.base/java.util.Iterator.forEachRemaining(Iterator.java:133)
	at java.base/java.util.Spliterators$IteratorSpliterator.forEachRemaining(Spliterators.java:1801)
	at java.base/java.util.stream.AbstractPipeline.copyInto(AbstractPipeline.java:484)
	at java.base/java.util.stream.AbstractPipeline.wrapAndCopyInto(AbstractPipeline.java:474)
	at java.base/java.util.stream.ForEachOps$ForEachOp.evaluateSequential(ForEachOps.java:150)
	at java.base/java.util.stream.ForEachOps$ForEachOp$OfRef.evaluateSequential(ForEachOps.java:173)
	at java.base/java.util.stream.AbstractPipeline.evaluate(AbstractPipeline.java:234)
	at java.base/java.util.stream.ReferencePipeline.forEach(ReferencePipeline.java:497)
	at org.junit.vintage.engine.VintageTestEngine.executeAllChildren(VintageTestEngine.java:80)
	at org.junit.vintage.engine.VintageTestEngine.execute(VintageTestEngine.java:71)
	at org.junit.platform.launcher.core.DefaultLauncher.execute(DefaultLauncher.java:229)
	at org.junit.platform.launcher.core.DefaultLauncher.lambda$execute$6(DefaultLauncher.java:197)
	at org.junit.platform.launcher.core.DefaultLauncher.withInterceptedStreams(DefaultLauncher.java:211)
	at org.junit.platform.launcher.core.DefaultLauncher.execute(DefaultLauncher.java:191)
	at org.junit.platform.launcher.core.DefaultLauncher.execute(DefaultLauncher.java:128)
	at org.apache.maven.surefire.junitplatform.JUnitPlatformProvider.execute(JUnitPlatformProvider.java:188)
	at org.apache.maven.surefire.junitplatform.JUnitPlatformProvider.invokeAllTests(JUnitPlatformProvider.java:154)
	at org.apache.maven.surefire.junitplatform.JUnitPlatformProvider.invoke(JUnitPlatformProvider.java:128)
	at org.apache.maven.surefire.booter.ForkedBooter.runSuitesInProcess(ForkedBooter.java:428)
	at org.apache.maven.surefire.booter.ForkedBooter.execute(ForkedBooter.java:162)
	at org.apache.maven.surefire.booter.ForkedBooter.run(ForkedBooter.java:562)
	at org.apache.maven.surefire.booter.ForkedBooter.main(ForkedBooter.java:548)
Caused by: java.lang.reflect.InvocationTargetException
	at jdk.internal.reflect.GeneratedConstructorAccessor19.newInstance(Unknown Source)
	at java.base/jdk.internal.reflect.DelegatingConstructorAccessorImpl.newInstance(DelegatingConstructorAccessorImpl.java:45)
	at java.base/java.lang.reflect.Constructor.newInstance(Constructor.java:490)
	at cucumber.runtime.SerenityObjectFactory.newInstance(SerenityObjectFactory.java:70)
	... 56 more
Caused by: java.lang.IllegalArgumentException: Must supply a not empty locator value.
	at io.appium.java_client.MobileBy.<init>(MobileBy.java:47)
	at io.appium.java_client.MobileBy$ByAccessibilityId.<init>(MobileBy.java:240)
	at io.appium.java_client.MobileBy.AccessibilityId(MobileBy.java:83)
	at sample.mobile.automation@1.0-SNAPSHOT/com.example.app.page.StatusPayPage.<init>(StatusPayPage.java:13)
	at sample.mobile.automation@1.0-SNAPSHOT/com.example.steps.StatusPaySteps.<init>(StatusPaySteps.java:14)
	... 60 more
&amp#27;[0m
  &amp#27;[36mWhen &amp#27;[0m&amp#27;[36mclick button bill&amp#27;[0m          &amp#27;[90m# com.example.steps.StatusPaySteps.clickButtonBill()&amp#27;[0m
  &amp#27;[36mAnd &amp#27;[0m&amp#27;[36mon the Selesai page&amp#27;[0m         &amp#27;[90m# com.example.steps.StatusPaySteps.onTheSelesaiPage()&amp#27;[0m
  &amp#27;[36mThen &amp#27;[0m&amp#27;[36msee all transaksi Berhasil&amp#27;[0m &amp#27;[90m# com.example.steps.StatusPaySteps.seeAllTransaksiBerhasil()&amp#27;[0m
]]></system-out>
    <system-err><![CDATA[[main] INFO io.cucumber.core.plugin.SerenityReporter - Running feature from file:///D:/TIC/Kampus%20Merdeka/Batch%203/Studi%20Independen/Alterra/Capstone/AutoMobile/sample-mobile-automation/src/test/resources/features/math/statusPay.feature
[main] WARN io.cucumber.core.plugin.SerenityReporter - Feature from file:///D:/TIC/Kampus%20Merdeka/Batch%203/Studi%20Independen/Alterra/Capstone/AutoMobile/sample-mobile-automation/src/test/resources/features/math/statusPay.feature is not under the 'features' directory. Requirements report will not be correctly generated!
[main] INFO  - 
 _____ _____ ____ _____   ____ _____  _    ____ _____ _____ ____  
|_   _| ____/ ___|_   _| / ___|_   _|/ \  |  _ \_   _| ____|  _ \ 
  | | |  _| \___ \ | |   \___ \ | | / _ \ | |_) || | |  _| | | | |
  | | | |___ ___) || |    ___) || |/ ___ \|  _ < | | | |___| |_| |
  |_| |_____|____/ |_|   |____/ |_/_/   \_\_| \_\|_| |_____|____/ 

See all Selesai(bill-page;see-all-selesai)
-------------------------------------------------------------------
Dec 23, 2022 7:38:43 PM io.appium.java_client.remote.AppiumCommandExecutor$1 lambda$0
INFO: Detected dialect: W3C
[main] ERROR  - 
         __  _____ _____ ____ _____   _____ ____  ____   ___  ____  
 _      / / |_   _| ____/ ___|_   _| | ____|  _ \|  _ \ / _ \|  _ \ 
(_)____| |    | | |  _| \___ \ | |   |  _| | |_) | |_) | | | | |_) |
 |_____| |    | | | |___ ___) || |   | |___|  _ <|  _ <| |_| |  _ < 
(_)    | |    |_| |_____|____/ |_|   |_____|_| \_\_| \_\\___/|_| \_\
        \_\                                                         

See all Selesai
---------------------------------------------------------------------
[main] ERROR  -     Test failed at step: Given i haved login
[main] ERROR  -     
]]></system-err>
  </testcase>
</testsuite>